[Name: exp0_intraexe Thread: 2]
[Blocking] [PID: 3437640] [s: 1] [us: 993143]
[INFO] [Timer_callback1]: [PID: 3437651] [Bgn] [s: 1] [us: 993699]
[INFO] [Timer_callback1]: [PID: 3437651] [End] [s: 2] [us: 94918]
[INFO] [Regular_callback11]: [PID: 3437640] [Bgn] [s: 2] [us: 95833]
[INFO] [Regular_callback11]: [PID: 3437640] [End] [s: 2] [us: 547907]
[Blocking] [PID: 3437651] [s: 1] [us: 445139]
[INFO] [Timer_callback1]: [PID: 3437640] [Bgn] [s: 3] [us: 993469]
[INFO] [Timer_callback1]: [PID: 3437640] [End] [s: 4] [us: 94591]
[INFO] [Regular_callback11]: [PID: 3437651] [Bgn] [s: 4] [us: 95165]
[INFO] [Regular_callback11]: [PID: 3437651] [End] [s: 4] [us: 547108]
[Blocking] [PID: 3437651] [s: 1] [us: 446267]
[INFO] [Timer_callback1]: [PID: 3437640] [Bgn] [s: 5] [us: 993439]
[INFO] [Timer_callback1]: [PID: 3437640] [End] [s: 6] [us: 94568]
[INFO] [Regular_callback11]: [PID: 3437651] [Bgn] [s: 6] [us: 95265]
[INFO] [Regular_callback11]: [PID: 3437651] [End] [s: 6] [us: 547328]
[Blocking] [PID: 3437651] [s: 1] [us: 446072]
[INFO] [Timer_callback1]: [PID: 3437640] [Bgn] [s: 7] [us: 993462]
[INFO] [Timer_callback1]: [PID: 3437640] [End] [s: 8] [us: 94581]
[INFO] [Regular_callback11]: [PID: 3437651] [Bgn] [s: 8] [us: 95258]
[INFO] [Regular_callback11]: [PID: 3437651] [End] [s: 8] [us: 547323]
[Blocking] [PID: 3437640] [s: 1] [us: 445843]
[INFO] [Timer_callback1]: [PID: 3437651] [Bgn] [s: 9] [us: 993449]
[INFO] [Timer_callback1]: [PID: 3437651] [End] [s: 10] [us: 94567]
[INFO] [Regular_callback11]: [PID: 3437651] [Bgn] [s: 10] [us: 95265]
[INFO] [Regular_callback11]: [PID: 3437651] [End] [s: 10] [us: 547154]
[Blocking] [PID: 3437640] [s: 1] [us: 445981]
[INFO] [Timer_callback1]: [PID: 3437651] [Bgn] [s: 11] [us: 993429]
[INFO] [Timer_callback1]: [PID: 3437651] [End] [s: 12] [us: 94511]
[INFO] [Regular_callback11]: [PID: 3437640] [Bgn] [s: 12] [us: 95066]
[INFO] [Regular_callback11]: [PID: 3437640] [End] [s: 12] [us: 547061]
[Blocking] [PID: 3437651] [s: 1] [us: 445981]
[INFO] [Timer_callback1]: [PID: 3437640] [Bgn] [s: 13] [us: 993424]
[INFO] [Timer_callback1]: [PID: 3437640] [End] [s: 14] [us: 94493]
[INFO] [Regular_callback11]: [PID: 3437651] [Bgn] [s: 14] [us: 95109]
[INFO] [Regular_callback11]: [PID: 3437651] [End] [s: 14] [us: 547175]
[Blocking] [PID: 3437651] [s: 1] [us: 446116]
[INFO] [Timer_callback1]: [PID: 3437640] [Bgn] [s: 15] [us: 993437]
[INFO] [Timer_callback1]: [PID: 3437640] [End] [s: 16] [us: 94520]
[INFO] [Regular_callback11]: [PID: 3437651] [Bgn] [s: 16] [us: 95152]
[INFO] [Regular_callback11]: [PID: 3437651] [End] [s: 16] [us: 546747]
[Blocking] [PID: 3437640] [s: 1] [us: 446611]
[INFO] [Timer_callback1]: [PID: 3437651] [Bgn] [s: 17] [us: 993455]
[INFO] [Timer_callback1]: [PID: 3437651] [End] [s: 18] [us: 94561]
[INFO] [Regular_callback11]: [PID: 3437640] [Bgn] [s: 18] [us: 95102]
[INFO] [Regular_callback11]: [PID: 3437640] [End] [s: 18] [us: 547176]
[Blocking] [PID: 3437640] [s: 1] [us: 446224]
[INFO] [Timer_callback1]: [PID: 3437651] [Bgn] [s: 19] [us: 993459]
[INFO] [Timer_callback1]: [PID: 3437651] [End] [s: 20] [us: 94588]
[INFO] [Regular_callback11]: [PID: 3437640] [Bgn] [s: 20] [us: 95160]
[INFO] [Regular_callback11]: [PID: 3437640] [End] [s: 20] [us: 547139]
^C[INFO] [rclcpp]: signal_handler(signal_value=2)
[Blocking] [PID: 3437651] [s: 0] [us: 559725]
[~ExecutorNodelet]
hongyi@cxhpc:~/ros2_ws/experiment/demo_ws$ ./build/exp/exp0_intraexe 
[Hello RoboSpike] [Thread 3437798] Use ExecutorNodelet
[Hello RoboSpike] [Thread 3437809] Use ExecutorNodelet
[Blocking] [PID: 3437809] [s: 1] [us: 993520]
[INFO] [Timer_callback1]: [PID: 3437798] [Bgn] [s: 1] [us: 993677]
[INFO] [Timer_callback1]: [PID: 3437798] [End] [s: 2] [us: 94807]
[INFO] [Regular_callback11]: [PID: 3437809] [Bgn] [s: 2] [us: 95769]
[INFO] [Regular_callback11]: [PID: 3437809] [End] [s: 2] [us: 547818]
[Blocking] [PID: 3437798] [s: 1] [us: 445511]
[INFO] [Timer_callback1]: [PID: 3437809] [Bgn] [s: 3] [us: 993559]
[INFO] [Timer_callback1]: [PID: 3437809] [End] [s: 4] [us: 94673]
[INFO] [Regular_callback11]: [PID: 3437809] [Bgn] [s: 4] [us: 95439]
[INFO] [Regular_callback11]: [PID: 3437809] [End] [s: 4] [us: 547478]
[Blocking] [PID: 3437798] [s: 1] [us: 445788]
[INFO] [Timer_callback1]: [PID: 3437809] [Bgn] [s: 5] [us: 993515]
[INFO] [Timer_callback1]: [PID: 3437809] [End] [s: 6] [us: 94630]
[INFO] [Regular_callback11]: [PID: 3437798] [Bgn] [s: 6] [us: 95278]
[INFO] [Regular_callback11]: [PID: 3437798] [End] [s: 6] [us: 547363]
[Blocking] [PID: 3437809] [s: 1] [us: 445985]
[INFO] [Timer_callback1]: [PID: 3437798] [Bgn] [s: 7] [us: 993542]
[INFO] [Timer_callback1]: [PID: 3437798] [End] [s: 8] [us: 94654]
[INFO] [Regular_callback11]: [PID: 3437809] [Bgn] [s: 8] [us: 95431]
[INFO] [Regular_callback11]: [PID: 3437809] [End] [s: 8] [us: 547506]
[Blocking] [PID: 3437798] [s: 1] [us: 445821]
[INFO] [Timer_callback1]: [PID: 3437809] [Bgn] [s: 9] [us: 993552]
[INFO] [Timer_callback1]: [PID: 3437809] [End] [s: 10] [us: 94669]
[INFO] [Regular_callback11]: [PID: 3437798] [Bgn] [s: 10] [us: 95270]
[INFO] [Regular_callback11]: [PID: 3437798] [End] [s: 10] [us: 547350]
[Blocking] [PID: 3437809] [s: 1] [us: 445871]
[INFO] [Timer_callback1]: [PID: 3437798] [Bgn] [s: 11] [us: 993544]
[INFO] [Timer_callback1]: [PID: 3437798] [End] [s: 12] [us: 94653]
[INFO] [Regular_callback11]: [PID: 3437809] [Bgn] [s: 12] [us: 95447]
[INFO] [Regular_callback11]: [PID: 3437809] [End] [s: 12] [us: 547455]
[Blocking] [PID: 3437798] [s: 1] [us: 445808]
[INFO] [Timer_callback1]: [PID: 3437809] [Bgn] [s: 13] [us: 993557]
[INFO] [Timer_callback1]: [PID: 3437809] [End] [s: 14] [us: 94670]
[INFO] [Regular_callback11]: [PID: 3437798] [Bgn] [s: 14] [us: 95410]
[INFO] [Regular_callback11]: [PID: 3437798] [End] [s: 14] [us: 547458]
[Blocking] [PID: 3437809] [s: 1] [us: 445767]
[INFO] [Timer_callback1]: [PID: 3437798] [Bgn] [s: 15] [us: 993545]
[INFO] [Timer_callback1]: [PID: 3437798] [End] [s: 16] [us: 94647]
[INFO] [Regular_callback11]: [PID: 3437798] [Bgn] [s: 16] [us: 95425]
[INFO] [Regular_callback11]: [PID: 3437798] [End] [s: 16] [us: 547503]
[Blocking] [PID: 3437809] [s: 1] [us: 445737]
[INFO] [Timer_callback1]: [PID: 3437798] [Bgn] [s: 17] [us: 993540]
[INFO] [Timer_callback1]: [PID: 3437798] [End] [s: 18] [us: 94650]
[INFO] [Regular_callback11]: [PID: 3437809] [Bgn] [s: 18] [us: 95407]
[INFO] [Regular_callback11]: [PID: 3437809] [End] [s: 18] [us: 547480]
[Blocking] [PID: 3437798] [s: 1] [us: 445765]
[INFO] [Timer_callback1]: [PID: 3437809] [Bgn] [s: 19] [us: 993560]
[INFO] [Timer_callback1]: [PID: 3437809] [End] [s: 20] [us: 94672]
[INFO] [Regular_callback11]: [PID: 3437798] [Bgn] [s: 20] [us: 95428]
[INFO] [Regular_callback11]: [PID: 3437798] [End] [s: 20] [us: 547515]
[Blocking] [PID: 3437809] [s: 1] [us: 445688]
[INFO] [Timer_callback1]: [PID: 3437798] [Bgn] [s: 21] [us: 993544]
[INFO] [Timer_callback1]: [PID: 3437798] [End] [s: 22] [us: 94654]
[INFO] [Regular_callback11]: [PID: 3437798] [Bgn] [s: 22] [us: 95495]
[INFO] [Regular_callback11]: [PID: 3437798] [End] [s: 22] [us: 547583]
[Blocking] [PID: 3437809] [s: 1] [us: 445739]
[INFO] [Timer_callback1]: [PID: 3437798] [Bgn] [s: 23] [us: 993556]
[INFO] [Timer_callback1]: [PID: 3437798] [End] [s: 24] [us: 94670]
[INFO] [Regular_callback11]: [PID: 3437809] [Bgn] [s: 24] [us: 95357]
[INFO] [Regular_callback11]: [PID: 3437809] [End] [s: 24] [us: 547416]
[Blocking] [PID: 3437809] [s: 1] [us: 446043]
[INFO] [Timer_callback1]: [PID: 3437798] [Bgn] [s: 25] [us: 993538]
[INFO] [Timer_callback1]: [PID: 3437798] [End] [s: 26] [us: 94645]
[INFO] [Regular_callback11]: [PID: 3437798] [Bgn] [s: 26] [us: 95386]
[INFO] [Regular_callback11]: [PID: 3437798] [End] [s: 26] [us: 547374]
[Blocking] [PID: 3437809] [s: 1] [us: 445940]
[INFO] [Timer_callback1]: [PID: 3437798] [Bgn] [s: 27] [us: 993524]
[INFO] [Timer_callback1]: [PID: 3437798] [End] [s: 28] [us: 94618]
[INFO] [Regular_callback11]: [PID: 3437809] [Bgn] [s: 28] [us: 95351]
[INFO] [Regular_callback11]: [PID: 3437809] [End] [s: 28] [us: 547337]
[Blocking] [PID: 3437798] [s: 1] [us: 445753]
[INFO] [Timer_callback1]: [PID: 3437809] [Bgn] [s: 29] [us: 993520]
[INFO] [Timer_callback1]: [PID: 3437809] [End] [s: 30] [us: 94616]
[INFO] [Regular_callback11]: [PID: 3437798] [Bgn] [s: 30] [us: 95347]
[INFO] [Regular_callback11]: [PID: 3437798] [End] [s: 30] [us: 547258]
[Blocking] [PID: 3437798] [s: 1] [us: 446192]
[INFO] [Timer_callback1]: [PID: 3437809] [Bgn] [s: 31] [us: 993507]
[INFO] [Timer_callback1]: [PID: 3437809] [End] [s: 32] [us: 94582]
[INFO] [Regular_callback11]: [PID: 3437798] [Bgn] [s: 32] [us: 95243]
[INFO] [Regular_callback11]: [PID: 3437798] [End] [s: 32] [us: 547294]
[Blocking] [PID: 3437798] [s: 1] [us: 446143]
[INFO] [Timer_callback1]: [PID: 3437809] [Bgn] [s: 33] [us: 993511]
[INFO] [Timer_callback1]: [PID: 3437809] [End] [s: 34] [us: 94584]
[INFO] [Regular_callback11]: [PID: 3437809] [Bgn] [s: 34] [us: 95250]
[INFO] [Regular_callback11]: [PID: 3437809] [End] [s: 34] [us: 547279]
[Blocking] [PID: 3437798] [s: 1] [us: 445929]
[INFO] [Timer_callback1]: [PID: 3437809] [Bgn] [s: 35] [us: 993516]
[INFO] [Timer_callback1]: [PID: 3437809] [End] [s: 36] [us: 94630]
[INFO] [Regular_callback11]: [PID: 3437809] [Bgn] [s: 36] [us: 95267]
[INFO] [Regular_callback11]: [PID: 3437809] [End] [s: 36] [us: 547211]
[Blocking] [PID: 3437798] [s: 1] [us: 446035]
[INFO] [Timer_callback1]: [PID: 3437809] [Bgn] [s: 37] [us: 993539]
[INFO] [Timer_callback1]: [PID: 3437809] [End] [s: 38] [us: 94657]
[INFO] [Regular_callback11]: [PID: 3437809] [Bgn] [s: 38] [us: 95335]
[INFO] [Regular_callback11]: [PID: 3437809] [End] [s: 38] [us: 547398]
[Blocking] [PID: 3437798] [s: 1] [us: 445823]
[INFO] [Timer_callback1]: [PID: 3437809] [Bgn] [s: 39] [us: 993554]
[INFO] [Timer_callback1]: [PID: 3437809] [End] [s: 40] [us: 94669]
[INFO] [Regular_callback11]: [PID: 3437798] [Bgn] [s: 40] [us: 95330]
[INFO] [Regular_callback11]: [PID: 3437798] [End] [s: 40] [us: 547400]
[Blocking] [PID: 3437798] [s: 1] [us: 446071]