[INFO] [Timer_callback1]: [PID: 3440835] [Bgn] [s: 1] [us: 946006]
[INFO] [Timer_callback1]: [PID: 3440835] [End] [s: 2] [us: 47171]
[Blocking] [PID: 3440870] [s: 2] [us: 47211]
[Blocking] [PID: 3440871] [s: 2] [us: 47212]
[INFO] [Regular_callback12]: [PID: 3440872] [Bgn] [s: 2] [us: 48036]
[INFO] [Regular_callback13]: [PID: 3440870] [Bgn] [s: 2] [us: 48073]
[INFO] [Regular_callback11]: [PID: 3440835] [Bgn] [s: 2] [us: 48039]
[INFO] [Regular_callback15]: [PID: 3440873] [Bgn] [s: 2] [us: 48038]
[INFO] [Regular_callback16]: [PID: 3440871] [Bgn] [s: 2] [us: 48073]
[INFO] [Regular_callback12]: [PID: 3440872] [End] [s: 2] [us: 500059]
[INFO] [Regular_callback13]: [PID: 3440870] [End] [s: 2] [us: 500070]
[INFO] [Regular_callback11]: [PID: 3440835] [End] [s: 2] [us: 500085]
[INFO] [Regular_callback15]: [PID: 3440873] [End] [s: 2] [us: 500122]
[INFO] [Regular_callback16]: [PID: 3440871] [End] [s: 2] [us: 500141]
[INFO] [Regular_callback17]: [PID: 3440871] [Bgn] [s: 2] [us: 500364]
[INFO] [Regular_callback14]: [PID: 3440872] [Bgn] [s: 2] [us: 500351]
[INFO] [Regular_callback17]: [PID: 3440871] [End] [s: 2] [us: 952445]
[INFO] [Regular_callback14]: [PID: 3440872] [End] [s: 2] [us: 952447]
[INFO] [Timer_callback1]: [PID: 3440835] [Bgn] [s: 3] [us: 945839]
[INFO] [Timer_callback1]: [PID: 3440835] [End] [s: 4] [us: 46909]
[Blocking] [PID: 3440872] [s: 1] [us: 94980]
[Blocking] [PID: 3440871] [s: 1] [us: 95080]
[INFO] [Regular_callback13]: [PID: 3440870] [Bgn] [s: 4] [us: 47501]
[INFO] [Regular_callback13]: [PID: 3440870] [End] [s: 4] [us: 499356]
[INFO] [Regular_callback16]: [PID: 3440871] [Bgn] [s: 4] [us: 47760]
[INFO] [Regular_callback16]: [PID: 3440871] [End] [s: 4] [us: 499507]
[INFO] [Regular_callback11]: [PID: 3440835] [Bgn] [s: 4] [us: 47637]
[INFO] [Regular_callback11]: [PID: 3440835] [End] [s: 4] [us: 499682]
[INFO] [Regular_callback15]: [PID: 3440873] [Bgn] [s: 4] [us: 47727]
[INFO] [Regular_callback15]: [PID: 3440873] [End] [s: 4] [us: 499770]
[INFO] [Regular_callback12]: [PID: 3440872] [Bgn] [s: 4] [us: 47876]
[INFO] [Regular_callback12]: [PID: 3440872] [End] [s: 4] [us: 499909]
[INFO] [Regular_callback14]: [PID: 3440870] [Bgn] [s: 4] [us: 499606]
[INFO] [Regular_callback14]: [PID: 3440870] [End] [s: 4] [us: 951600]
[INFO] [Regular_callback17]: [PID: 3440871] [Bgn] [s: 4] [us: 499746]
[INFO] [Regular_callback17]: [PID: 3440871] [End] [s: 4] [us: 951826]
[INFO] [Timer_callback1]: [PID: 3440835] [Bgn] [s: 5] [us: 945840]
[INFO] [Timer_callback1]: [PID: 3440835] [End] [s: 6] [us: 46951]
[Blocking] [PID: 3440871] [s: 1] [us: 95821]
[Blocking] [PID: 3440872] [s: 1] [us: 95840]
[INFO] [Regular_callback12]: [PID: 3440870] [Bgn] [s: 6] [us: 47732]
[INFO] [Regular_callback11]: [PID: 3440835] [Bgn] [s: 6] [us: 47678]
[INFO] [Regular_callback12]: [PID: 3440870] [End] [s: 6] [us: 499744]
[INFO] [Regular_callback11]: [PID: 3440835] [End] [s: 6] [us: 499746]
[INFO] [Regular_callback15]: [PID: 3440873] [Bgn] [s: 6] [us: 47825]
[INFO] [Regular_callback16]: [PID: 3440871] [Bgn] [s: 6] [us: 47896]
[INFO] [Regular_callback15]: [PID: 3440873] [End] [s: 6] [us: 499865]
[INFO] [Regular_callback16]: [PID: 3440871] [End] [s: 6] [us: 499887]
[INFO] [Regular_callback14]: [PID: 3440872] [Bgn] [s: 6] [us: 47962]
[INFO] [Regular_callback14]: [PID: 3440872] [End] [s: 6] [us: 500042]
[INFO] [Regular_callback13]: [PID: 3440870] [Bgn] [s: 6] [us: 500113]
[INFO] [Regular_callback17]: [PID: 3440871] [Bgn] [s: 6] [us: 500098]
[INFO] [Regular_callback13]: [PID: 3440870] [End] [s: 6] [us: 952124]
[INFO] [Regular_callback17]: [PID: 3440871] [End] [s: 6] [us: 952139]
[INFO] [Timer_callback1]: [PID: 3440835] [Bgn] [s: 7] [us: 945823]
[INFO] [Timer_callback1]: [PID: 3440835] [End] [s: 8] [us: 46821]
[Blocking] [PID: 3440871] [s: 1] [us: 95338]
[Blocking] [PID: 3440872] [s: 1] [us: 95265]
[INFO] [Regular_callback11]: [PID: 3440835] [Bgn] [s: 8] [us: 47513]
[INFO] [Regular_callback11]: [PID: 3440835] [End] [s: 8] [us: 499480]
[INFO] [Regular_callback12]: [PID: 3440870] [Bgn] [s: 8] [us: 47606]
[INFO] [Regular_callback12]: [PID: 3440870] [End] [s: 8] [us: 499612]
[INFO] [Regular_callback15]: [PID: 3440873] [Bgn] [s: 8] [us: 47657]
[INFO] [Regular_callback16]: [PID: 3440871] [Bgn] [s: 8] [us: 47728]
[INFO] [Regular_callback15]: [PID: 3440873] [End] [s: 8] [us: 499752]
[INFO] [Regular_callback16]: [PID: 3440871] [End] [s: 8] [us: 499793]
[INFO] [Regular_callback13]: [PID: 3440872] [Bgn] [s: 8] [us: 47819]
[INFO] [Regular_callback13]: [PID: 3440872] [End] [s: 8] [us: 499861]
[INFO] [Regular_callback14]: [PID: 3440870] [Bgn] [s: 8] [us: 499974]
[INFO] [Regular_callback14]: [PID: 3440870] [End] [s: 8] [us: 952004]
[INFO] [Regular_callback17]: [PID: 3440873] [Bgn] [s: 8] [us: 499996]
[INFO] [Regular_callback17]: [PID: 3440873] [End] [s: 8] [us: 952071]
[INFO] [Timer_callback1]: [PID: 3440835] [Bgn] [s: 9] [us: 945832]
[INFO] [Timer_callback1]: [PID: 3440835] [End] [s: 10] [us: 46941]
[Blocking] [PID: 3440873] [s: 1] [us: 95452]
[Blocking] [PID: 3440872] [s: 1] [us: 95455]
[INFO] [Regular_callback16]: [PID: 3440871] [Bgn] [s: 10] [us: 47694]
[INFO] [Regular_callback11]: [PID: 3440835] [Bgn] [s: 10] [us: 47694]
[INFO] [Regular_callback11]: [PID: 3440835] [End] [s: 10] [us: 499413]
[INFO] [Regular_callback16]: [PID: 3440871] [End] [s: 10] [us: 499424]
[INFO] [Regular_callback12]: [PID: 3440870] [Bgn] [s: 10] [us: 47735]
[INFO] [Regular_callback12]: [PID: 3440870] [End] [s: 10] [us: 499788]
[INFO] [Regular_callback17]: [PID: 3440873] [Bgn] [s: 10] [us: 47833]
[INFO] [Regular_callback17]: [PID: 3440873] [End] [s: 10] [us: 499924]
[INFO] [Regular_callback14]: [PID: 3440872] [Bgn] [s: 10] [us: 47996]
[INFO] [Regular_callback14]: [PID: 3440872] [End] [s: 10] [us: 500093]
[INFO] [Regular_callback15]: [PID: 3440871] [Bgn] [s: 10] [us: 499916]
[INFO] [Regular_callback15]: [PID: 3440871] [End] [s: 10] [us: 951970]
[INFO] [Regular_callback13]: [PID: 3440870] [Bgn] [s: 10] [us: 500159]
[INFO] [Regular_callback13]: [PID: 3440870] [End] [s: 10] [us: 952170]
[INFO] [Timer_callback1]: [PID: 3440835] [Bgn] [s: 11] [us: 945839]
[INFO] [Timer_callback1]: [PID: 3440835] [End] [s: 12] [us: 46949]
[Blocking] [PID: 3440873] [s: 1] [us: 95455]
[Blocking] [PID: 3440872] [s: 1] [us: 95235]
[INFO] [Regular_callback15]: [PID: 3440871] [Bgn] [s: 12] [us: 47638]
[INFO] [Regular_callback11]: [PID: 3440835] [Bgn] [s: 12] [us: 47706]
[INFO] [Regular_callback15]: [PID: 3440871] [End] [s: 12] [us: 499407]
[INFO] [Regular_callback11]: [PID: 3440835] [End] [s: 12] [us: 499491]
[INFO] [Regular_callback14]: [PID: 3440870] [Bgn] [s: 12] [us: 47697]
[INFO] [Regular_callback14]: [PID: 3440870] [End] [s: 12] [us: 499615]
[INFO] [Regular_callback16]: [PID: 3440873] [Bgn] [s: 12] [us: 47855]
[INFO] [Regular_callback16]: [PID: 3440873] [End] [s: 12] [us: 499910]
[INFO] [Regular_callback12]: [PID: 3440872] [Bgn] [s: 12] [us: 48068]
[INFO] [Regular_callback12]: [PID: 3440872] [End] [s: 12] [us: 500102]
[INFO] [Regular_callback13]: [PID: 3440870] [Bgn] [s: 12] [us: 499825]
[INFO] [Regular_callback13]: [PID: 3440870] [End] [s: 12] [us: 951731]
[INFO] [Regular_callback17]: [PID: 3440871] [Bgn] [s: 12] [us: 499867]
[INFO] [Regular_callback17]: [PID: 3440871] [End] [s: 12] [us: 951934]
[INFO] [Timer_callback1]: [PID: 3440835] [Bgn] [s: 13] [us: 945838]
[INFO] [Timer_callback1]: [PID: 3440835] [End] [s: 14] [us: 46947]
[Blocking] [PID: 3440872] [s: 1] [us: 95543]
[Blocking] [PID: 3440871] [s: 1] [us: 95692]
[INFO] [Regular_callback13]: [PID: 3440870] [Bgn] [s: 14] [us: 47563]
[INFO] [Regular_callback13]: [PID: 3440870] [End] [s: 14] [us: 498180]
[INFO] [Regular_callback11]: [PID: 3440835] [Bgn] [s: 14] [us: 47632]
[INFO] [Regular_callback11]: [PID: 3440835] [End] [s: 14] [us: 499469]
[INFO] [Regular_callback16]: [PID: 3440871] [Bgn] [s: 14] [us: 47876]
[INFO] [Regular_callback16]: [PID: 3440871] [End] [s: 14] [us: 499708]
[INFO] [Regular_callback15]: [PID: 3440873] [Bgn] [s: 14] [us: 47772]
[INFO] [Regular_callback14]: [PID: 3440872] [Bgn] [s: 14] [us: 47800]
[INFO] [Regular_callback15]: [PID: 3440873] [End] [s: 14] [us: 499839]
[INFO] [Regular_callback14]: [PID: 3440872] [End] [s: 14] [us: 499868]
[INFO] [Regular_callback12]: [PID: 3440870] [Bgn] [s: 14] [us: 498398]
[INFO] [Regular_callback12]: [PID: 3440870] [End] [s: 14] [us: 949016]
[INFO] [Regular_callback17]: [PID: 3440871] [Bgn] [s: 14] [us: 499910]
[INFO] [Regular_callback17]: [PID: 3440871] [End] [s: 14] [us: 951926]
[INFO] [Timer_callback1]: [PID: 3440835] [Bgn] [s: 15] [us: 945844]
[INFO] [Timer_callback1]: [PID: 3440835] [End] [s: 16] [us: 46940]
[Blocking] [PID: 3440872] [s: 1] [us: 98159]
[Blocking] [PID: 3440871] [s: 1] [us: 95713]
[INFO] [Regular_callback12]: [PID: 3440870] [Bgn] [s: 16] [us: 47552]
[INFO] [Regular_callback12]: [PID: 3440870] [End] [s: 16] [us: 498174]
[INFO] [Regular_callback16]: [PID: 3440871] [Bgn] [s: 16] [us: 47902]
[INFO] [Regular_callback11]: [PID: 3440835] [Bgn] [s: 16] [us: 47902]
[INFO] [Regular_callback11]: [PID: 3440835] [End] [s: 16] [us: 499683]
[INFO] [Regular_callback16]: [PID: 3440871] [End] [s: 16] [us: 499683]
[INFO] [Regular_callback13]: [PID: 3440872] [Bgn] [s: 16] [us: 47835]
[INFO] [Regular_callback15]: [PID: 3440873] [Bgn] [s: 16] [us: 47785]
[INFO] [Regular_callback13]: [PID: 3440872] [End] [s: 16] [us: 499831]
[INFO] [Regular_callback15]: [PID: 3440873] [End] [s: 16] [us: 499869]
[INFO] [Regular_callback14]: [PID: 3440870] [Bgn] [s: 16] [us: 498317]
[INFO] [Regular_callback14]: [PID: 3440870] [End] [s: 16] [us: 948933]
[INFO] [Regular_callback17]: [PID: 3440871] [Bgn] [s: 16] [us: 499990]
[INFO] [Regular_callback17]: [PID: 3440871] [End] [s: 16] [us: 952000]
[INFO] [Timer_callback1]: [PID: 3440835] [Bgn] [s: 17] [us: 945826]
[INFO] [Timer_callback1]: [PID: 3440835] [End] [s: 18] [us: 46926]
[Blocking] [PID: 3440872] [s: 1] [us: 98387]
[Blocking] [PID: 3440871] [s: 1] [us: 95555]
[INFO] [Regular_callback12]: [PID: 3440870] [Bgn] [s: 18] [us: 47511]
[INFO] [Regular_callback12]: [PID: 3440870] [End] [s: 18] [us: 498120]
[INFO] [Regular_callback11]: [PID: 3440835] [Bgn] [s: 18] [us: 47612]
[INFO] [Regular_callback11]: [PID: 3440835] [End] [s: 18] [us: 499430]
[INFO] [Regular_callback16]: [PID: 3440871] [Bgn] [s: 18] [us: 47801]
[INFO] [Regular_callback16]: [PID: 3440871] [End] [s: 18] [us: 499587]
[INFO] [Regular_callback13]: [PID: 3440872] [Bgn] [s: 18] [us: 47610]
[INFO] [Regular_callback13]: [PID: 3440872] [End] [s: 18] [us: 499624]
[INFO] [Regular_callback15]: [PID: 3440873] [Bgn] [s: 18] [us: 47719]
[INFO] [Regular_callback15]: [PID: 3440873] [End] [s: 18] [us: 499788]
[INFO] [Regular_callback14]: [PID: 3440870] [Bgn] [s: 18] [us: 498347]
[INFO] [Regular_callback14]: [PID: 3440870] [End] [s: 18] [us: 948967]
[INFO] [Regular_callback17]: [PID: 3440871] [Bgn] [s: 18] [us: 499786]
[INFO] [Regular_callback17]: [PID: 3440871] [End] [s: 18] [us: 951778]
[INFO] [Timer_callback1]: [PID: 3440835] [Bgn] [s: 19] [us: 945828]
[INFO] [Timer_callback1]: [PID: 3440835] [End] [s: 20] [us: 46923]
[Blocking] [PID: 3440872] [s: 1] [us: 98354]
[Blocking] [PID: 3440871] [s: 1] [us: 95789]
[INFO] [Regular_callback12]: [PID: 3440870] [Bgn] [s: 20] [us: 47521]
[INFO] [Regular_callback12]: [PID: 3440870] [End] [s: 20] [us: 498138]
[INFO] [Regular_callback11]: [PID: 3440835] [Bgn] [s: 20] [us: 47620]
[INFO] [Regular_callback11]: [PID: 3440835] [End] [s: 20] [us: 499440]
[INFO] [Regular_callback16]: [PID: 3440871] [Bgn] [s: 20] [us: 47809]
[INFO] [Regular_callback13]: [PID: 3440872] [Bgn] [s: 20] [us: 47631]
[INFO] [Regular_callback16]: [PID: 3440871] [End] [s: 20] [us: 499622]
[INFO] [Regular_callback15]: [PID: 3440873] [Bgn] [s: 20] [us: 47726]
[INFO] [Regular_callback13]: [PID: 3440872] [End] [s: 20] [us: 499643]
[INFO] [Regular_callback15]: [PID: 3440873] [End] [s: 20] [us: 499655]
[INFO] [Regular_callback14]: [PID: 3440870] [Bgn] [s: 20] [us: 498368]
[INFO] [Regular_callback14]: [PID: 3440870] [End] [s: 20] [us: 948975]
[INFO] [Regular_callback17]: [PID: 3440871] [Bgn] [s: 20] [us: 499823]
[INFO] [Regular_callback17]: [PID: 3440871] [End] [s: 20] [us: 951843]
[INFO] [Timer_callback1]: [PID: 3440835] [Bgn] [s: 21] [us: 945843]
[INFO] [Timer_callback1]: [PID: 3440835] [End] [s: 22] [us: 46926]
[Blocking] [PID: 3440872] [s: 1] [us: 98285]
[Blocking] [PID: 3440871] [s: 1] [us: 95464]
[INFO] [Regular_callback13]: [PID: 3440870] [Bgn] [s: 22] [us: 47454]
[INFO] [Regular_callback13]: [PID: 3440870] [End] [s: 22] [us: 498077]
[INFO] [Regular_callback11]: [PID: 3440835] [Bgn] [s: 22] [us: 47499]
[INFO] [Regular_callback11]: [PID: 3440835] [End] [s: 22] [us: 499297]
[INFO] [Regular_callback16]: [PID: 3440871] [Bgn] [s: 22] [us: 47770]
[INFO] [Regular_callback16]: [PID: 3440871] [End] [s: 22] [us: 499546]
[INFO] [Regular_callback15]: [PID: 3440873] [Bgn] [s: 22] [us: 47535]
[INFO] [Regular_callback15]: [PID: 3440873] [End] [s: 22] [us: 499614]
[INFO] [Regular_callback12]: [PID: 3440872] [Bgn] [s: 22] [us: 47713]
[INFO] [Regular_callback12]: [PID: 3440872] [End] [s: 22] [us: 499742]
[INFO] [Regular_callback14]: [PID: 3440870] [Bgn] [s: 22] [us: 498242]
[INFO] [Regular_callback14]: [PID: 3440870] [End] [s: 22] [us: 948859]
[INFO] [Regular_callback17]: [PID: 3440871] [Bgn] [s: 22] [us: 499750]
[INFO] [Regular_callback17]: [PID: 3440871] [End] [s: 22] [us: 951760]
[INFO] [Timer_callback1]: [PID: 3440835] [Bgn] [s: 23] [us: 945844]
[INFO] [Timer_callback1]: [PID: 3440835] [End] [s: 24] [us: 46955]
[Blocking] [PID: 3440872] [s: 1] [us: 98629]
[Blocking] [PID: 3440871] [s: 1] [us: 95923]
[INFO] [Regular_callback12]: [PID: 3440870] [Bgn] [s: 24] [us: 47674]
[INFO] [Regular_callback12]: [PID: 3440870] [End] [s: 24] [us: 498285]
[INFO] [Regular_callback14]: [PID: 3440872] [Bgn] [s: 24] [us: 47801]
[INFO] [Regular_callback11]: [PID: 3440835] [Bgn] [s: 24] [us: 47792]
[INFO] [Regular_callback14]: [PID: 3440872] [End] [s: 24] [us: 499816]
[INFO] [Regular_callback11]: [PID: 3440835] [End] [s: 24] [us: 499818]
[INFO] [Regular_callback15]: [PID: 3440873] [Bgn] [s: 24] [us: 47827]
[INFO] [Regular_callback16]: [PID: 3440871] [Bgn] [s: 24] [us: 47911]
[INFO] [Regular_callback15]: [PID: 3440873] [End] [s: 24] [us: 499897]
[INFO] [Regular_callback16]: [PID: 3440871] [End] [s: 24] [us: 499929]
[INFO] [Regular_callback13]: [PID: 3440870] [Bgn] [s: 24] [us: 498496]
[INFO] [Regular_callback13]: [PID: 3440870] [End] [s: 24] [us: 949119]
[INFO] [Regular_callback17]: [PID: 3440873] [Bgn] [s: 24] [us: 500137]
[INFO] [Regular_callback17]: [PID: 3440873] [End] [s: 24] [us: 952194]
[INFO] [Timer_callback1]: [PID: 3440835] [Bgn] [s: 25] [us: 945840]
[INFO] [Timer_callback1]: [PID: 3440835] [End] [s: 26] [us: 46882]
[Blocking] [PID: 3440872] [s: 1] [us: 98248]
[Blocking] [PID: 3440873] [s: 1] [us: 95411]
[INFO] [Regular_callback12]: [PID: 3440870] [Bgn] [s: 26] [us: 47586]
[INFO] [Regular_callback12]: [PID: 3440870] [End] [s: 26] [us: 498203]
[INFO] [Regular_callback11]: [PID: 3440835] [Bgn] [s: 26] [us: 47587]
[INFO] [Regular_callback11]: [PID: 3440835] [End] [s: 26] [us: 499537]
[INFO] [Regular_callback15]: [PID: 3440871] [Bgn] [s: 26] [us: 47635]
[INFO] [Regular_callback13]: [PID: 3440872] [Bgn] [s: 26] [us: 47706]
[INFO] [Regular_callback15]: [PID: 3440871] [End] [s: 26] [us: 499684]
[INFO] [Regular_callback13]: [PID: 3440872] [End] [s: 26] [us: 499713]
[INFO] [Regular_callback17]: [PID: 3440873] [Bgn] [s: 26] [us: 47883]
[INFO] [Regular_callback17]: [PID: 3440873] [End] [s: 26] [us: 499964]
[INFO] [Regular_callback14]: [PID: 3440870] [Bgn] [s: 26] [us: 498344]
[INFO] [Regular_callback14]: [PID: 3440870] [End] [s: 26] [us: 948952]
[INFO] [Regular_callback16]: [PID: 3440871] [Bgn] [s: 26] [us: 500020]
[INFO] [Regular_callback16]: [PID: 3440871] [End] [s: 26] [us: 952064]
[INFO] [Timer_callback1]: [PID: 3440835] [Bgn] [s: 27] [us: 945838]
[INFO] [Timer_callback1]: [PID: 3440835] [End] [s: 28] [us: 46950]
[Blocking] [PID: 3440872] [s: 1] [us: 98419]
[Blocking] [PID: 3440871] [s: 1] [us: 95538]
[INFO] [Regular_callback14]: [PID: 3440870] [Bgn] [s: 28] [us: 47568]
[INFO] [Regular_callback14]: [PID: 3440870] [End] [s: 28] [us: 498190]
[INFO] [Regular_callback11]: [PID: 3440835] [Bgn] [s: 28] [us: 47614]
[INFO] [Regular_callback11]: [PID: 3440835] [End] [s: 28] [us: 499678]
[INFO] [Regular_callback12]: [PID: 3440872] [Bgn] [s: 28] [us: 47811]
[INFO] [Regular_callback15]: [PID: 3440873] [Bgn] [s: 28] [us: 47774]
[INFO] [Regular_callback12]: [PID: 3440872] [End] [s: 28] [us: 499816]
[INFO] [Regular_callback15]: [PID: 3440873] [End] [s: 28] [us: 499815]
[INFO] [Regular_callback16]: [PID: 3440871] [Bgn] [s: 28] [us: 47847]
[INFO] [Regular_callback16]: [PID: 3440871] [End] [s: 28] [us: 499912]
[INFO] [Regular_callback13]: [PID: 3440870] [Bgn] [s: 28] [us: 498327]
[INFO] [Regular_callback13]: [PID: 3440870] [End] [s: 28] [us: 948929]
[INFO] [Regular_callback17]: [PID: 3440873] [Bgn] [s: 28] [us: 500055]
[INFO] [Regular_callback17]: [PID: 3440873] [End] [s: 28] [us: 952119]
[INFO] [Timer_callback1]: [PID: 3440835] [Bgn] [s: 29] [us: 945862]
[INFO] [Timer_callback1]: [PID: 3440835] [End] [s: 30] [us: 46978]
[Blocking] [PID: 3440872] [s: 1] [us: 98525]
[Blocking] [PID: 3440873] [s: 1] [us: 95583]
[INFO] [Regular_callback12]: [PID: 3440870] [Bgn] [s: 30] [us: 47676]
[INFO] [Regular_callback12]: [PID: 3440870] [End] [s: 30] [us: 498293]
[INFO] [Regular_callback11]: [PID: 3440835] [Bgn] [s: 30] [us: 47718]
[INFO] [Regular_callback15]: [PID: 3440871] [Bgn] [s: 30] [us: 47745]
[INFO] [Regular_callback11]: [PID: 3440835] [End] [s: 30] [us: 499672]
[INFO] [Regular_callback15]: [PID: 3440871] [End] [s: 30] [us: 499682]
[INFO] [Regular_callback14]: [PID: 3440872] [Bgn] [s: 30] [us: 47815]
[INFO] [Regular_callback14]: [PID: 3440872] [End] [s: 30] [us: 499750]
[INFO] [Regular_callback17]: [PID: 3440873] [Bgn] [s: 30] [us: 47994]
[INFO] [Regular_callback17]: [PID: 3440873] [End] [s: 30] [us: 500067]
[INFO] [Regular_callback13]: [PID: 3440870] [Bgn] [s: 30] [us: 498515]
[INFO] [Regular_callback13]: [PID: 3440870] [End] [s: 30] [us: 949130]
[INFO] [Regular_callback16]: [PID: 3440871] [Bgn] [s: 30] [us: 500007]
[INFO] [Regular_callback16]: [PID: 3440871] [End] [s: 30] [us: 952049]
[INFO] [Timer_callback1]: [PID: 3440835] [Bgn] [s: 31] [us: 945834]
[INFO] [Timer_callback1]: [PID: 3440835] [End] [s: 32] [us: 46943]
[Blocking] [PID: 3440872] [s: 1] [us: 98152]
[Blocking] [PID: 3440871] [s: 1] [us: 95570]
[INFO] [Regular_callback12]: [PID: 3440870] [Bgn] [s: 32] [us: 47512]
[INFO] [Regular_callback12]: [PID: 3440870] [End] [s: 32] [us: 498132]
[INFO] [Regular_callback11]: [PID: 3440835] [Bgn] [s: 32] [us: 47634]
[INFO] [Regular_callback11]: [PID: 3440835] [End] [s: 32] [us: 499688]
[INFO] [Regular_callback13]: [PID: 3440872] [Bgn] [s: 32] [us: 47761]
[INFO] [Regular_callback15]: [PID: 3440873] [Bgn] [s: 32] [us: 47767]
[INFO] [Regular_callback13]: [PID: 3440872] [End] [s: 32] [us: 499786]
[INFO] [Regular_callback15]: [PID: 3440873] [End] [s: 32] [us: 499824]
[INFO] [Regular_callback16]: [PID: 3440871] [Bgn] [s: 32] [us: 47868]
[INFO] [Regular_callback16]: [PID: 3440871] [End] [s: 32] [us: 499908]
[INFO] [Regular_callback14]: [PID: 3440870] [Bgn] [s: 32] [us: 498271]
[INFO] [Regular_callback14]: [PID: 3440870] [End] [s: 32] [us: 948877]
[INFO] [Regular_callback17]: [PID: 3440873] [Bgn] [s: 32] [us: 500062]
[INFO] [Regular_callback17]: [PID: 3440873] [End] [s: 32] [us: 952115]
[INFO] [Timer_callback1]: [PID: 3440835] [Bgn] [s: 33] [us: 945834]
[INFO] [Timer_callback1]: [PID: 3440835] [End] [s: 34] [us: 46946]
[Blocking] [PID: 3440872] [s: 1] [us: 98543]
[Blocking] [PID: 3440873] [s: 1] [us: 95528]
[INFO] [Regular_callback14]: [PID: 3440870] [Bgn] [s: 34] [us: 47602]
[INFO] [Regular_callback14]: [PID: 3440870] [End] [s: 34] [us: 498222]
[INFO] [Regular_callback11]: [PID: 3440835] [Bgn] [s: 34] [us: 47660]
[INFO] [Regular_callback11]: [PID: 3440835] [End] [s: 34] [us: 499582]
[INFO] [Regular_callback15]: [PID: 3440871] [Bgn] [s: 34] [us: 47691]
[INFO] [Regular_callback15]: [PID: 3440871] [End] [s: 34] [us: 499763]
[INFO] [Regular_callback12]: [PID: 3440872] [Bgn] [s: 34] [us: 47848]
[INFO] [Regular_callback17]: [PID: 3440873] [Bgn] [s: 34] [us: 47922]
[INFO] [Regular_callback12]: [PID: 3440872] [End] [s: 34] [us: 499879]
[INFO] [Regular_callback17]: [PID: 3440873] [End] [s: 34] [us: 499888]
[INFO] [Regular_callback13]: [PID: 3440870] [Bgn] [s: 34] [us: 498363]
[INFO] [Regular_callback13]: [PID: 3440870] [End] [s: 34] [us: 948967]
[INFO] [Regular_callback16]: [PID: 3440871] [Bgn] [s: 34] [us: 500093]
[INFO] [Regular_callback16]: [PID: 3440871] [End] [s: 34] [us: 952155]
[INFO] [Timer_callback1]: [PID: 3440835] [Bgn] [s: 35] [us: 945851]
[INFO] [Timer_callback1]: [PID: 3440835] [End] [s: 36] [us: 46963]
[Blocking] [PID: 3440872] [s: 1] [us: 98445]
[Blocking] [PID: 3440871] [s: 1] [us: 95532]
[INFO] [Regular_callback14]: [PID: 3440870] [Bgn] [s: 36] [us: 47633]
[INFO] [Regular_callback14]: [PID: 3440870] [End] [s: 36] [us: 498249]
[INFO] [Regular_callback11]: [PID: 3440835] [Bgn] [s: 36] [us: 47681]
[INFO] [Regular_callback11]: [PID: 3440835] [End] [s: 36] [us: 499717]
[INFO] [Regular_callback15]: [PID: 3440873] [Bgn] [s: 36] [us: 47839]
[INFO] [Regular_callback16]: [PID: 3440871] [Bgn] [s: 36] [us: 47935]
[INFO] [Regular_callback12]: [PID: 3440872] [Bgn] [s: 36] [us: 47915]
[INFO] [Regular_callback15]: [PID: 3440873] [End] [s: 36] [us: 499915]
[INFO] [Regular_callback16]: [PID: 3440871] [End] [s: 36] [us: 499946]
[INFO] [Regular_callback12]: [PID: 3440872] [End] [s: 36] [us: 499958]
[INFO] [Regular_callback13]: [PID: 3440870] [Bgn] [s: 36] [us: 498389]
[INFO] [Regular_callback13]: [PID: 3440870] [End] [s: 36] [us: 949004]
[INFO] [Regular_callback17]: [PID: 3440873] [Bgn] [s: 36] [us: 500168]
[INFO] [Regular_callback17]: [PID: 3440873] [End] [s: 36] [us: 952246]
[INFO] [Timer_callback1]: [PID: 3440835] [Bgn] [s: 37] [us: 945833]
[INFO] [Timer_callback1]: [PID: 3440835] [End] [s: 38] [us: 46945]
[Blocking] [PID: 3440872] [s: 1] [us: 98411]
[Blocking] [PID: 3440873] [s: 1] [us: 95398]
[INFO] [Regular_callback14]: [PID: 3440870] [Bgn] [s: 38] [us: 47602]
[INFO] [Regular_callback14]: [PID: 3440870] [End] [s: 38] [us: 498217]
[INFO] [Regular_callback11]: [PID: 3440835] [Bgn] [s: 38] [us: 47646]
[INFO] [Regular_callback15]: [PID: 3440871] [Bgn] [s: 38] [us: 47708]
[INFO] [Regular_callback11]: [PID: 3440835] [End] [s: 38] [us: 499704]
[INFO] [Regular_callback15]: [PID: 3440871] [End] [s: 38] [us: 499744]
[INFO] [Regular_callback12]: [PID: 3440872] [Bgn] [s: 38] [us: 47851]
[INFO] [Regular_callback12]: [PID: 3440872] [End] [s: 38] [us: 499841]
[INFO] [Regular_callback16]: [PID: 3440873] [Bgn] [s: 38] [us: 47927]
[INFO] [Regular_callback16]: [PID: 3440873] [End] [s: 38] [us: 499987]
[INFO] [Regular_callback13]: [PID: 3440870] [Bgn] [s: 38] [us: 498355]
[INFO] [Regular_callback13]: [PID: 3440870] [End] [s: 38] [us: 948962]
[INFO] [Regular_callback17]: [PID: 3440871] [Bgn] [s: 38] [us: 499951]
[INFO] [Regular_callback17]: [PID: 3440871] [End] [s: 38] [us: 952037]
[INFO] [Timer_callback1]: [PID: 3440835] [Bgn] [s: 39] [us: 945801]
[INFO] [Timer_callback1]: [PID: 3440835] [End] [s: 40] [us: 46870]
[Blocking] [PID: 3440872] [s: 1] [us: 98329]
[Blocking] [PID: 3440871] [s: 1] [us: 95453]
[INFO] [Regular_callback14]: [PID: 3440870] [Bgn] [s: 40] [us: 47504]
[INFO] [Regular_callback14]: [PID: 3440870] [End] [s: 40] [us: 498117]
[INFO] [Regular_callback11]: [PID: 3440835] [Bgn] [s: 40] [us: 47563]
[INFO] [Regular_callback11]: [PID: 3440835] [End] [s: 40] [us: 499568]
[INFO] [Regular_callback15]: [PID: 3440873] [Bgn] [s: 40] [us: 47642]
[INFO] [Regular_callback12]: [PID: 3440872] [Bgn] [s: 40] [us: 47744]
[INFO] [Regular_callback15]: [PID: 3440873] [End] [s: 40] [us: 499698]
[INFO] [Regular_callback17]: [PID: 3440871] [Bgn] [s: 40] [us: 47738]
[INFO] [Regular_callback12]: [PID: 3440872] [End] [s: 40] [us: 499765]
[INFO] [Regular_callback17]: [PID: 3440871] [End] [s: 40] [us: 499775]
[INFO] [Regular_callback13]: [PID: 3440870] [Bgn] [s: 40] [us: 498254]
[INFO] [Regular_callback13]: [PID: 3440870] [End] [s: 40] [us: 948860]
[INFO] [Regular_callback16]: [PID: 3440873] [Bgn] [s: 40] [us: 500103]
[INFO] [Regular_callback16]: [PID: 3440873] [End] [s: 40] [us: 952180]