[Blocking] [PID: 3441650] [s: 1] [us: 947763]
[INFO] [Timer_callback1]: [PID: 3441651] [Bgn] [s: 1] [us: 947931]
[INFO] [Timer_callback1]: [PID: 3441651] [End] [s: 2] [us: 49089]
[Blocking] [PID: 3441652] [s: 2] [us: 49569]
[Blocking] [PID: 3441653] [s: 2] [us: 49684]
[Blocking] [PID: 3441615] [s: 2] [us: 49393]
[INFO] [Regular_callback14]: [PID: 3441653] [Bgn] [s: 2] [us: 50098]
[INFO] [Regular_callback11]: [PID: 3441650] [Bgn] [s: 2] [us: 49960]
[INFO] [Regular_callback11]: [PID: 3441650] [End] [s: 2] [us: 501963]
[INFO] [Regular_callback14]: [PID: 3441653] [End] [s: 2] [us: 501939]
[INFO] [Regular_callback12]: [PID: 3441652] [Bgn] [s: 2] [us: 50062]
[INFO] [Regular_callback12]: [PID: 3441652] [End] [s: 2] [us: 502159]
[INFO] [Regular_callback15]: [PID: 3441615] [Bgn] [s: 2] [us: 50330]
[INFO] [Regular_callback15]: [PID: 3441615] [End] [s: 2] [us: 502460]
[INFO] [Regular_callback16]: [PID: 3441651] [Bgn] [s: 2] [us: 50520]
[INFO] [Regular_callback16]: [PID: 3441651] [End] [s: 2] [us: 502605]
[INFO] [Regular_callback13]: [PID: 3441653] [Bgn] [s: 2] [us: 502540]
[INFO] [Regular_callback13]: [PID: 3441653] [End] [s: 2] [us: 954313]
[INFO] [Regular_callback17]: [PID: 3441650] [Bgn] [s: 2] [us: 502642]
[INFO] [Regular_callback17]: [PID: 3441650] [End] [s: 2] [us: 954717]
[Blocking] [PID: 3441653] [s: 0] [us: 993279]
[INFO] [Timer_callback1]: [PID: 3441615] [Bgn] [s: 3] [us: 947781]
[INFO] [Timer_callback1]: [PID: 3441615] [End] [s: 4] [us: 48894]
[Blocking] [PID: 3441651] [s: 1] [us: 546888]
[Blocking] [PID: 3441652] [s: 1] [us: 547567]
[Blocking] [PID: 3441650] [s: 1] [us: 95170]
[INFO] [Regular_callback11]: [PID: 3441653] [Bgn] [s: 4] [us: 49676]
[INFO] [Regular_callback12]: [PID: 3441651] [Bgn] [s: 4] [us: 49788]
[INFO] [Regular_callback11]: [PID: 3441653] [End] [s: 4] [us: 501715]
[INFO] [Regular_callback12]: [PID: 3441651] [End] [s: 4] [us: 501779]
[INFO] [Regular_callback13]: [PID: 3441652] [Bgn] [s: 4] [us: 50038]
[INFO] [Regular_callback13]: [PID: 3441652] [End] [s: 4] [us: 502128]
[INFO] [Regular_callback14]: [PID: 3441650] [Bgn] [s: 4] [us: 50162]
[INFO] [Regular_callback14]: [PID: 3441650] [End] [s: 4] [us: 502235]
[INFO] [Regular_callback16]: [PID: 3441615] [Bgn] [s: 4] [us: 50257]
[INFO] [Regular_callback16]: [PID: 3441615] [End] [s: 4] [us: 502364]
[INFO] [Regular_callback15]: [PID: 3441653] [Bgn] [s: 4] [us: 502250]
[INFO] [Regular_callback15]: [PID: 3441653] [End] [s: 4] [us: 954344]
[INFO] [Regular_callback17]: [PID: 3441651] [Bgn] [s: 4] [us: 502360]
[INFO] [Regular_callback17]: [PID: 3441651] [End] [s: 4] [us: 954473]
[Blocking] [PID: 3441650] [s: 1] [us: 445569]
[INFO] [Timer_callback1]: [PID: 3441652] [Bgn] [s: 5] [us: 947816]
[INFO] [Timer_callback1]: [PID: 3441652] [End] [s: 6] [us: 48927]
[Blocking] [PID: 3441651] [s: 1] [us: 95179]
[Blocking] [PID: 3441615] [s: 1] [us: 547411]
[Blocking] [PID: 3441653] [s: 1] [us: 95546]
[INFO] [Regular_callback11]: [PID: 3441650] [Bgn] [s: 6] [us: 49843]
[INFO] [Regular_callback11]: [PID: 3441650] [End] [s: 6] [us: 501912]
[INFO] [Regular_callback12]: [PID: 3441651] [Bgn] [s: 6] [us: 49966]
[INFO] [Regular_callback12]: [PID: 3441651] [End] [s: 6] [us: 501989]
[INFO] [Regular_callback13]: [PID: 3441615] [Bgn] [s: 6] [us: 50093]
[INFO] [Regular_callback13]: [PID: 3441615] [End] [s: 6] [us: 502131]
[INFO] [Regular_callback14]: [PID: 3441653] [Bgn] [s: 6] [us: 50237]
[INFO] [Regular_callback14]: [PID: 3441653] [End] [s: 6] [us: 502302]
[INFO] [Regular_callback15]: [PID: 3441652] [Bgn] [s: 6] [us: 50306]
[INFO] [Regular_callback15]: [PID: 3441652] [End] [s: 6] [us: 502475]
[INFO] [Regular_callback16]: [PID: 3441650] [Bgn] [s: 6] [us: 502211]
[INFO] [Regular_callback16]: [PID: 3441650] [End] [s: 6] [us: 954291]
[INFO] [Regular_callback17]: [PID: 3441651] [Bgn] [s: 6] [us: 502310]
[INFO] [Regular_callback17]: [PID: 3441651] [End] [s: 6] [us: 954444]
[Blocking] [PID: 3441650] [s: 0] [us: 993415]
[INFO] [Timer_callback1]: [PID: 3441615] [Bgn] [s: 7] [us: 947785]
[INFO] [Timer_callback1]: [PID: 3441615] [End] [s: 8] [us: 48896]
[Blocking] [PID: 3441651] [s: 1] [us: 94799]
[Blocking] [PID: 3441652] [s: 1] [us: 547385]
[Blocking] [PID: 3441653] [s: 1] [us: 547674]
[INFO] [Regular_callback11]: [PID: 3441651] [Bgn] [s: 8] [us: 49893]
[INFO] [Regular_callback11]: [PID: 3441651] [End] [s: 8] [us: 501972]
[INFO] [Regular_callback12]: [PID: 3441652] [Bgn] [s: 8] [us: 50152]
[INFO] [Regular_callback13]: [PID: 3441653] [Bgn] [s: 8] [us: 50258]
[INFO] [Regular_callback12]: [PID: 3441652] [End] [s: 8] [us: 502188]
[INFO] [Regular_callback13]: [PID: 3441653] [End] [s: 8] [us: 502267]
[INFO] [Regular_callback14]: [PID: 3441650] [Bgn] [s: 8] [us: 50380]
[INFO] [Regular_callback14]: [PID: 3441650] [End] [s: 8] [us: 502482]
[INFO] [Regular_callback15]: [PID: 3441615] [Bgn] [s: 8] [us: 50473]
[INFO] [Regular_callback15]: [PID: 3441615] [End] [s: 8] [us: 502553]
[INFO] [Regular_callback16]: [PID: 3441651] [Bgn] [s: 8] [us: 502242]
[INFO] [Regular_callback16]: [PID: 3441651] [End] [s: 8] [us: 954327]
[INFO] [Regular_callback17]: [PID: 3441652] [Bgn] [s: 8] [us: 502562]
[INFO] [Regular_callback17]: [PID: 3441652] [End] [s: 8] [us: 954597]
[Blocking] [PID: 3441651] [s: 0] [us: 993361]
[INFO] [Timer_callback1]: [PID: 3441653] [Bgn] [s: 9] [us: 947828]
[INFO] [Timer_callback1]: [PID: 3441653] [End] [s: 10] [us: 48945]
[Blocking] [PID: 3441615] [s: 1] [us: 547157]
[Blocking] [PID: 3441650] [s: 1] [us: 547440]
[Blocking] [PID: 3441652] [s: 1] [us: 95457]
[INFO] [Regular_callback11]: [PID: 3441651] [Bgn] [s: 10] [us: 49847]
[INFO] [Regular_callback11]: [PID: 3441651] [End] [s: 10] [us: 501825]
[INFO] [Regular_callback12]: [PID: 3441615] [Bgn] [s: 10] [us: 49999]
[INFO] [Regular_callback12]: [PID: 3441615] [End] [s: 10] [us: 502069]
[INFO] [Regular_callback13]: [PID: 3441650] [Bgn] [s: 10] [us: 50241]
[INFO] [Regular_callback13]: [PID: 3441650] [End] [s: 10] [us: 502324]
[INFO] [Regular_callback14]: [PID: 3441652] [Bgn] [s: 10] [us: 50374]
[INFO] [Regular_callback15]: [PID: 3441653] [Bgn] [s: 10] [us: 50471]
[INFO] [Regular_callback14]: [PID: 3441652] [End] [s: 10] [us: 502395]
[INFO] [Regular_callback15]: [PID: 3441653] [End] [s: 10] [us: 502477]
[INFO] [Regular_callback16]: [PID: 3441651] [Bgn] [s: 10] [us: 502106]
[INFO] [Regular_callback16]: [PID: 3441651] [End] [s: 10] [us: 954198]
[INFO] [Regular_callback17]: [PID: 3441615] [Bgn] [s: 10] [us: 502341]
[INFO] [Regular_callback17]: [PID: 3441615] [End] [s: 10] [us: 954331]
[Blocking] [PID: 3441653] [s: 1] [us: 445326]
[INFO] [Timer_callback1]: [PID: 3441650] [Bgn] [s: 11] [us: 947814]
[INFO] [Timer_callback1]: [PID: 3441650] [End] [s: 12] [us: 48930]
[Blocking] [PID: 3441615] [s: 1] [us: 95298]
[Blocking] [PID: 3441652] [s: 1] [us: 547373]
[Blocking] [PID: 3441651] [s: 1] [us: 95757]
[INFO] [Regular_callback11]: [PID: 3441653] [Bgn] [s: 12] [us: 49815]
[INFO] [Regular_callback12]: [PID: 3441615] [Bgn] [s: 12] [us: 49958]
[INFO] [Regular_callback11]: [PID: 3441653] [End] [s: 12] [us: 501920]
[INFO] [Regular_callback12]: [PID: 3441615] [End] [s: 12] [us: 502002]
[INFO] [Regular_callback13]: [PID: 3441652] [Bgn] [s: 12] [us: 50096]
[INFO] [Regular_callback13]: [PID: 3441652] [End] [s: 12] [us: 502103]
[INFO] [Regular_callback14]: [PID: 3441651] [Bgn] [s: 12] [us: 50262]
[INFO] [Regular_callback14]: [PID: 3441651] [End] [s: 12] [us: 502308]
[INFO] [Regular_callback15]: [PID: 3441650] [Bgn] [s: 12] [us: 50347]
[INFO] [Regular_callback15]: [PID: 3441650] [End] [s: 12] [us: 502434]
[INFO] [Regular_callback16]: [PID: 3441653] [Bgn] [s: 12] [us: 502297]
[INFO] [Regular_callback16]: [PID: 3441653] [End] [s: 12] [us: 954336]
[INFO] [Regular_callback17]: [PID: 3441615] [Bgn] [s: 12] [us: 502421]
[INFO] [Regular_callback17]: [PID: 3441615] [End] [s: 12] [us: 954522]
[Blocking] [PID: 3441653] [s: 0] [us: 993313]
[INFO] [Timer_callback1]: [PID: 3441652] [Bgn] [s: 13] [us: 947803]
[INFO] [Timer_callback1]: [PID: 3441652] [End] [s: 14] [us: 48892]
[Blocking] [PID: 3441650] [s: 1] [us: 547230]
[Blocking] [PID: 3441651] [s: 1] [us: 547545]
[Blocking] [PID: 3441615] [s: 1] [us: 95500]
[INFO] [Regular_callback11]: [PID: 3441653] [Bgn] [s: 14] [us: 49725]
[INFO] [Regular_callback11]: [PID: 3441653] [End] [s: 14] [us: 501792]
[INFO] [Regular_callback12]: [PID: 3441650] [Bgn] [s: 14] [us: 49966]
[INFO] [Regular_callback12]: [PID: 3441650] [End] [s: 14] [us: 502048]
[INFO] [Regular_callback13]: [PID: 3441651] [Bgn] [s: 14] [us: 50166]
[INFO] [Regular_callback13]: [PID: 3441651] [End] [s: 14] [us: 502167]
[INFO] [Regular_callback14]: [PID: 3441615] [Bgn] [s: 14] [us: 50321]
[INFO] [Regular_callback15]: [PID: 3441652] [Bgn] [s: 14] [us: 50453]
[INFO] [Regular_callback14]: [PID: 3441615] [End] [s: 14] [us: 502441]
[INFO] [Regular_callback15]: [PID: 3441652] [End] [s: 14] [us: 502489]
[INFO] [Regular_callback16]: [PID: 3441653] [Bgn] [s: 14] [us: 502194]
[INFO] [Regular_callback16]: [PID: 3441653] [End] [s: 14] [us: 954231]
[INFO] [Regular_callback17]: [PID: 3441650] [Bgn] [s: 14] [us: 502336]
[INFO] [Regular_callback17]: [PID: 3441650] [End] [s: 14] [us: 954387]
[Blocking] [PID: 3441615] [s: 1] [us: 445299]
[INFO] [Timer_callback1]: [PID: 3441651] [Bgn] [s: 15] [us: 947766]
[INFO] [Timer_callback1]: [PID: 3441651] [End] [s: 16] [us: 48843]
[Blocking] [PID: 3441650] [s: 1] [us: 95269]
[Blocking] [PID: 3441652] [s: 1] [us: 547364]
[Blocking] [PID: 3441653] [s: 1] [us: 95804]
[INFO] [Regular_callback11]: [PID: 3441615] [Bgn] [s: 16] [us: 49738]
[INFO] [Regular_callback11]: [PID: 3441615] [End] [s: 16] [us: 501851]
[INFO] [Regular_callback12]: [PID: 3441650] [Bgn] [s: 16] [us: 50014]
[INFO] [Regular_callback13]: [PID: 3441652] [Bgn] [s: 16] [us: 50148]
[INFO] [Regular_callback12]: [PID: 3441650] [End] [s: 16] [us: 502107]
[INFO] [Regular_callback13]: [PID: 3441652] [End] [s: 16] [us: 502171]
[INFO] [Regular_callback14]: [PID: 3441651] [Bgn] [s: 16] [us: 50240]
[INFO] [Regular_callback15]: [PID: 3441653] [Bgn] [s: 16] [us: 50370]
[INFO] [Regular_callback15]: [PID: 3441653] [End] [s: 16] [us: 502381]
[INFO] [Regular_callback14]: [PID: 3441651] [End] [s: 16] [us: 502326]
[INFO] [Regular_callback16]: [PID: 3441615] [Bgn] [s: 16] [us: 502127]
[INFO] [Regular_callback16]: [PID: 3441615] [End] [s: 16] [us: 954239]
[INFO] [Regular_callback17]: [PID: 3441650] [Bgn] [s: 16] [us: 502451]
[INFO] [Regular_callback17]: [PID: 3441650] [End] [s: 16] [us: 954541]
[Blocking] [PID: 3441615] [s: 0] [us: 993536]
[INFO] [Timer_callback1]: [PID: 3441652] [Bgn] [s: 17] [us: 947812]
[INFO] [Timer_callback1]: [PID: 3441652] [End] [s: 18] [us: 48928]
[Blocking] [PID: 3441651] [s: 1] [us: 547311]
[Blocking] [PID: 3441653] [s: 1] [us: 547474]
[Blocking] [PID: 3441650] [s: 1] [us: 95427]
[INFO] [Regular_callback11]: [PID: 3441615] [Bgn] [s: 18] [us: 49864]
[INFO] [Regular_callback11]: [PID: 3441615] [End] [s: 18] [us: 501895]
[INFO] [Regular_callback12]: [PID: 3441651] [Bgn] [s: 18] [us: 49987]
[INFO] [Regular_callback12]: [PID: 3441651] [End] [s: 18] [us: 502043]
[INFO] [Regular_callback13]: [PID: 3441653] [Bgn] [s: 18] [us: 50123]
[INFO] [Regular_callback13]: [PID: 3441653] [End] [s: 18] [us: 502145]
[INFO] [Regular_callback14]: [PID: 3441650] [Bgn] [s: 18] [us: 50279]
[INFO] [Regular_callback15]: [PID: 3441652] [Bgn] [s: 18] [us: 50373]
[INFO] [Regular_callback15]: [PID: 3441652] [End] [s: 18] [us: 502386]
[INFO] [Regular_callback14]: [PID: 3441650] [End] [s: 18] [us: 502363]
[INFO] [Regular_callback16]: [PID: 3441615] [Bgn] [s: 18] [us: 502166]
[INFO] [Regular_callback16]: [PID: 3441615] [End] [s: 18] [us: 954260]
[INFO] [Regular_callback17]: [PID: 3441651] [Bgn] [s: 18] [us: 502297]
[INFO] [Regular_callback17]: [PID: 3441651] [End] [s: 18] [us: 954365]
[Blocking] [PID: 3441652] [s: 1] [us: 445328]
[INFO] [Timer_callback1]: [PID: 3441653] [Bgn] [s: 19] [us: 947813]
[INFO] [Timer_callback1]: [PID: 3441653] [End] [s: 20] [us: 48892]
[Blocking] [PID: 3441651] [s: 1] [us: 95120]
[Blocking] [PID: 3441650] [s: 1] [us: 547237]
[Blocking] [PID: 3441615] [s: 1] [us: 95482]
[INFO] [Regular_callback14]: [PID: 3441615] [Bgn] [s: 20] [us: 50013]
[INFO] [Regular_callback14]: [PID: 3441615] [End] [s: 20] [us: 500615]
[INFO] [Regular_callback11]: [PID: 3441652] [Bgn] [s: 20] [us: 49667]
[INFO] [Regular_callback11]: [PID: 3441652] [End] [s: 20] [us: 501778]
[INFO] [Regular_callback12]: [PID: 3441651] [Bgn] [s: 20] [us: 49798]
[INFO] [Regular_callback13]: [PID: 3441650] [Bgn] [s: 20] [us: 49917]
[INFO] [Regular_callback12]: [PID: 3441651] [End] [s: 20] [us: 501951]
[INFO] [Regular_callback13]: [PID: 3441650] [End] [s: 20] [us: 501964]
[INFO] [Regular_callback15]: [PID: 3441653] [Bgn] [s: 20] [us: 50135]
[INFO] [Regular_callback15]: [PID: 3441653] [End] [s: 20] [us: 502148]
[INFO] [Regular_callback16]: [PID: 3441615] [Bgn] [s: 20] [us: 500832]
[INFO] [Regular_callback16]: [PID: 3441615] [End] [s: 20] [us: 951447]
[INFO] [Regular_callback17]: [PID: 3441652] [Bgn] [s: 20] [us: 502160]
[INFO] [Regular_callback17]: [PID: 3441652] [End] [s: 20] [us: 954211]
[Blocking] [PID: 3441615] [s: 0] [us: 996235]
[INFO] [Timer_callback1]: [PID: 3441651] [Bgn] [s: 21] [us: 947760]
[INFO] [Timer_callback1]: [PID: 3441651] [End] [s: 22] [us: 48833]
[Blocking] [PID: 3441652] [s: 1] [us: 95057]
[Blocking] [PID: 3441650] [s: 1] [us: 547464]
[Blocking] [PID: 3441653] [s: 1] [us: 547753]
[INFO] [Regular_callback12]: [PID: 3441615] [Bgn] [s: 22] [us: 49412]
[INFO] [Regular_callback12]: [PID: 3441615] [End] [s: 22] [us: 500023]
[INFO] [Regular_callback14]: [PID: 3441652] [Bgn] [s: 22] [us: 49606]
[INFO] [Regular_callback14]: [PID: 3441652] [End] [s: 22] [us: 501691]
[INFO] [Regular_callback17]: [PID: 3441650] [Bgn] [s: 22] [us: 49754]
[INFO] [Regular_callback17]: [PID: 3441650] [End] [s: 22] [us: 501812]
[INFO] [Regular_callback11]: [PID: 3441651] [Bgn] [s: 22] [us: 50029]
[INFO] [Regular_callback13]: [PID: 3441653] [Bgn] [s: 22] [us: 50148]
[INFO] [Regular_callback11]: [PID: 3441651] [End] [s: 22] [us: 502113]
[INFO] [Regular_callback13]: [PID: 3441653] [End] [s: 22] [us: 502172]
[INFO] [Regular_callback15]: [PID: 3441615] [Bgn] [s: 22] [us: 500177]
[INFO] [Regular_callback15]: [PID: 3441615] [End] [s: 22] [us: 950793]
[INFO] [Regular_callback16]: [PID: 3441652] [Bgn] [s: 22] [us: 502067]
[INFO] [Regular_callback16]: [PID: 3441652] [End] [s: 22] [us: 954143]
[Blocking] [PID: 3441615] [s: 0] [us: 996931]
[INFO] [Timer_callback1]: [PID: 3441650] [Bgn] [s: 23] [us: 947815]
[INFO] [Timer_callback1]: [PID: 3441650] [End] [s: 24] [us: 48929]
[Blocking] [PID: 3441652] [s: 1] [us: 95356]
[Blocking] [PID: 3441653] [s: 1] [us: 547510]
[Blocking] [PID: 3441651] [s: 1] [us: 548050]
[INFO] [Regular_callback12]: [PID: 3441615] [Bgn] [s: 24] [us: 49549]
[INFO] [Regular_callback12]: [PID: 3441615] [End] [s: 24] [us: 500162]
[INFO] [Regular_callback14]: [PID: 3441652] [Bgn] [s: 24] [us: 49814]
[INFO] [Regular_callback14]: [PID: 3441652] [End] [s: 24] [us: 501838]
[INFO] [Regular_callback11]: [PID: 3441653] [Bgn] [s: 24] [us: 50289]
[INFO] [Regular_callback11]: [PID: 3441653] [End] [s: 24] [us: 502313]
[INFO] [Regular_callback13]: [PID: 3441651] [Bgn] [s: 24] [us: 50489]
[INFO] [Regular_callback15]: [PID: 3441650] [Bgn] [s: 24] [us: 50536]
[INFO] [Regular_callback13]: [PID: 3441651] [End] [s: 24] [us: 502589]
[INFO] [Regular_callback15]: [PID: 3441650] [End] [s: 24] [us: 502629]
[INFO] [Regular_callback16]: [PID: 3441615] [Bgn] [s: 24] [us: 500322]
[INFO] [Regular_callback16]: [PID: 3441615] [End] [s: 24] [us: 950938]
[INFO] [Regular_callback17]: [PID: 3441652] [Bgn] [s: 24] [us: 502209]
[INFO] [Regular_callback17]: [PID: 3441652] [End] [s: 24] [us: 954166]
[Blocking] [PID: 3441615] [s: 0] [us: 996789]
[INFO] [Timer_callback1]: [PID: 3441653] [Bgn] [s: 25] [us: 947802]
[INFO] [Timer_callback1]: [PID: 3441653] [End] [s: 26] [us: 48915]
[Blocking] [PID: 3441652] [s: 1] [us: 95237]
[Blocking] [PID: 3441650] [s: 1] [us: 546891]
[Blocking] [PID: 3441651] [s: 1] [us: 547325]
[INFO] [Regular_callback13]: [PID: 3441615] [Bgn] [s: 26] [us: 49535]
[INFO] [Regular_callback13]: [PID: 3441615] [End] [s: 26] [us: 500141]
[INFO] [Regular_callback14]: [PID: 3441652] [Bgn] [s: 26] [us: 49688]
[INFO] [Regular_callback14]: [PID: 3441652] [End] [s: 26] [us: 501741]
[INFO] [Regular_callback11]: [PID: 3441650] [Bgn] [s: 26] [us: 50040]
[INFO] [Regular_callback11]: [PID: 3441650] [End] [s: 26] [us: 502152]
[INFO] [Regular_callback12]: [PID: 3441651] [Bgn] [s: 26] [us: 50177]
[INFO] [Regular_callback15]: [PID: 3441653] [Bgn] [s: 26] [us: 50288]
[INFO] [Regular_callback12]: [PID: 3441651] [End] [s: 26] [us: 502280]
[INFO] [Regular_callback15]: [PID: 3441653] [End] [s: 26] [us: 502326]
[INFO] [Regular_callback16]: [PID: 3441615] [Bgn] [s: 26] [us: 500307]
[INFO] [Regular_callback16]: [PID: 3441615] [End] [s: 26] [us: 950908]
[INFO] [Regular_callback17]: [PID: 3441652] [Bgn] [s: 26] [us: 502179]
[INFO] [Regular_callback17]: [PID: 3441652] [End] [s: 26] [us: 954220]
[Blocking] [PID: 3441615] [s: 0] [us: 996817]
[INFO] [Timer_callback1]: [PID: 3441650] [Bgn] [s: 27] [us: 947796]
[INFO] [Timer_callback1]: [PID: 3441650] [End] [s: 28] [us: 48875]
[Blocking] [PID: 3441652] [s: 1] [us: 95133]
[Blocking] [PID: 3441651] [s: 1] [us: 547205]
[Blocking] [PID: 3441653] [s: 1] [us: 547618]
[INFO] [Regular_callback13]: [PID: 3441615] [Bgn] [s: 28] [us: 49492]
[INFO] [Regular_callback13]: [PID: 3441615] [End] [s: 28] [us: 500106]
[INFO] [Regular_callback14]: [PID: 3441652] [Bgn] [s: 28] [us: 49669]
[INFO] [Regular_callback14]: [PID: 3441652] [End] [s: 28] [us: 501721]
[INFO] [Regular_callback11]: [PID: 3441651] [Bgn] [s: 28] [us: 49987]
[INFO] [Regular_callback11]: [PID: 3441651] [End] [s: 28] [us: 502052]
[INFO] [Regular_callback12]: [PID: 3441650] [Bgn] [s: 28] [us: 50107]
[INFO] [Regular_callback12]: [PID: 3441650] [End] [s: 28] [us: 502187]
[INFO] [Regular_callback15]: [PID: 3441653] [Bgn] [s: 28] [us: 50230]
[INFO] [Regular_callback15]: [PID: 3441653] [End] [s: 28] [us: 502266]
[INFO] [Regular_callback16]: [PID: 3441615] [Bgn] [s: 28] [us: 500272]
[INFO] [Regular_callback16]: [PID: 3441615] [End] [s: 28] [us: 950879]
[INFO] [Regular_callback17]: [PID: 3441652] [Bgn] [s: 28] [us: 502101]
[INFO] [Regular_callback17]: [PID: 3441652] [End] [s: 28] [us: 954141]
[Blocking] [PID: 3441615] [s: 0] [us: 996821]
[INFO] [Timer_callback1]: [PID: 3441651] [Bgn] [s: 29] [us: 947786]
[INFO] [Timer_callback1]: [PID: 3441651] [End] [s: 30] [us: 48896]
[Blocking] [PID: 3441652] [s: 1] [us: 95329]
[Blocking] [PID: 3441653] [s: 1] [us: 547403]
[Blocking] [PID: 3441650] [s: 1] [us: 547601]
[INFO] [Regular_callback11]: [PID: 3441615] [Bgn] [s: 30] [us: 49529]
[INFO] [Regular_callback11]: [PID: 3441615] [End] [s: 30] [us: 500140]
[INFO] [Regular_callback13]: [PID: 3441652] [Bgn] [s: 30] [us: 49807]
[INFO] [Regular_callback14]: [PID: 3441653] [Bgn] [s: 30] [us: 49922]
[INFO] [Regular_callback14]: [PID: 3441653] [End] [s: 30] [us: 501924]
[INFO] [Regular_callback13]: [PID: 3441652] [End] [s: 30] [us: 501878]
[INFO] [Regular_callback15]: [PID: 3441650] [Bgn] [s: 30] [us: 50097]
[INFO] [Regular_callback15]: [PID: 3441650] [End] [s: 30] [us: 502052]
[INFO] [Regular_callback17]: [PID: 3441651] [Bgn] [s: 30] [us: 50168]
[INFO] [Regular_callback17]: [PID: 3441651] [End] [s: 30] [us: 502217]
[INFO] [Regular_callback12]: [PID: 3441615] [Bgn] [s: 30] [us: 500410]
[INFO] [Regular_callback12]: [PID: 3441615] [End] [s: 30] [us: 951030]
[INFO] [Regular_callback16]: [PID: 3441653] [Bgn] [s: 30] [us: 502243]
[INFO] [Regular_callback16]: [PID: 3441653] [End] [s: 30] [us: 954189]
[Blocking] [PID: 3441615] [s: 0] [us: 996699]
[INFO] [Timer_callback1]: [PID: 3441652] [Bgn] [s: 31] [us: 947806]
[INFO] [Timer_callback1]: [PID: 3441652] [End] [s: 32] [us: 48922]
[Blocking] [PID: 3441653] [s: 1] [us: 95176]
[Blocking] [PID: 3441650] [s: 1] [us: 547426]
[Blocking] [PID: 3441651] [s: 1] [us: 547655]
[INFO] [Regular_callback13]: [PID: 3441615] [Bgn] [s: 32] [us: 49487]
[INFO] [Regular_callback13]: [PID: 3441615] [End] [s: 32] [us: 500100]
[INFO] [Regular_callback14]: [PID: 3441653] [Bgn] [s: 32] [us: 49638]
[INFO] [Regular_callback14]: [PID: 3441653] [End] [s: 32] [us: 501681]
[INFO] [Regular_callback11]: [PID: 3441650] [Bgn] [s: 32] [us: 49993]
[INFO] [Regular_callback11]: [PID: 3441650] [End] [s: 32] [us: 502063]
[INFO] [Regular_callback12]: [PID: 3441651] [Bgn] [s: 32] [us: 50127]
[INFO] [Regular_callback12]: [PID: 3441651] [End] [s: 32] [us: 502200]
[INFO] [Regular_callback15]: [PID: 3441652] [Bgn] [s: 32] [us: 50238]
[INFO] [Regular_callback15]: [PID: 3441652] [End] [s: 32] [us: 502301]
[INFO] [Regular_callback16]: [PID: 3441615] [Bgn] [s: 32] [us: 500261]
[INFO] [Regular_callback16]: [PID: 3441615] [End] [s: 32] [us: 950872]
[INFO] [Regular_callback17]: [PID: 3441653] [Bgn] [s: 32] [us: 502048]
[INFO] [Regular_callback17]: [PID: 3441653] [End] [s: 32] [us: 953965]
[Blocking] [PID: 3441615] [s: 0] [us: 996879]
[INFO] [Timer_callback1]: [PID: 3441650] [Bgn] [s: 33] [us: 947837]
[INFO] [Timer_callback1]: [PID: 3441650] [End] [s: 34] [us: 48956]
[Blocking] [PID: 3441653] [s: 1] [us: 95448]
[Blocking] [PID: 3441651] [s: 1] [us: 547613]
[Blocking] [PID: 3441652] [s: 1] [us: 547639]
[INFO] [Regular_callback13]: [PID: 3441615] [Bgn] [s: 34] [us: 49554]
[INFO] [Regular_callback13]: [PID: 3441615] [End] [s: 34] [us: 500165]
[INFO] [Regular_callback11]: [PID: 3441653] [Bgn] [s: 34] [us: 49968]
[INFO] [Regular_callback11]: [PID: 3441653] [End] [s: 34] [us: 502046]
[INFO] [Regular_callback12]: [PID: 3441651] [Bgn] [s: 34] [us: 50073]
[INFO] [Regular_callback12]: [PID: 3441651] [End] [s: 34] [us: 502162]
[INFO] [Regular_callback14]: [PID: 3441652] [Bgn] [s: 34] [us: 50223]
[INFO] [Regular_callback14]: [PID: 3441652] [End] [s: 34] [us: 502288]
[INFO] [Regular_callback15]: [PID: 3441650] [Bgn] [s: 34] [us: 50293]
[INFO] [Regular_callback15]: [PID: 3441650] [End] [s: 34] [us: 502371]
[INFO] [Regular_callback16]: [PID: 3441615] [Bgn] [s: 34] [us: 500334]
[INFO] [Regular_callback16]: [PID: 3441615] [End] [s: 34] [us: 950933]
[INFO] [Regular_callback17]: [PID: 3441653] [Bgn] [s: 34] [us: 502369]
[INFO] [Regular_callback17]: [PID: 3441653] [End] [s: 34] [us: 954391]
[Blocking] [PID: 3441615] [s: 0] [us: 996776]
[INFO] [Timer_callback1]: [PID: 3441651] [Bgn] [s: 35] [us: 947783]
[INFO] [Timer_callback1]: [PID: 3441651] [End] [s: 36] [us: 48889]
[Blocking] [PID: 3441653] [s: 1] [us: 95003]
[Blocking] [PID: 3441652] [s: 1] [us: 547266]
[Blocking] [PID: 3441650] [s: 1] [us: 547344]
[INFO] [Regular_callback11]: [PID: 3441615] [Bgn] [s: 36] [us: 49463]
[INFO] [Regular_callback11]: [PID: 3441615] [End] [s: 36] [us: 500069]
[INFO] [Regular_callback12]: [PID: 3441653] [Bgn] [s: 36] [us: 49728]
[INFO] [Regular_callback12]: [PID: 3441653] [End] [s: 36] [us: 501811]
[INFO] [Regular_callback13]: [PID: 3441652] [Bgn] [s: 36] [us: 49866]
[INFO] [Regular_callback13]: [PID: 3441652] [End] [s: 36] [us: 501950]
[INFO] [Regular_callback14]: [PID: 3441650] [Bgn] [s: 36] [us: 50210]
[INFO] [Regular_callback14]: [PID: 3441650] [End] [s: 36] [us: 502273]
[INFO] [Regular_callback15]: [PID: 3441651] [Bgn] [s: 36] [us: 50292]
[INFO] [Regular_callback15]: [PID: 3441651] [End] [s: 36] [us: 502339]
[INFO] [Regular_callback16]: [PID: 3441615] [Bgn] [s: 36] [us: 500233]
[INFO] [Regular_callback16]: [PID: 3441615] [End] [s: 36] [us: 950854]
[INFO] [Regular_callback17]: [PID: 3441653] [Bgn] [s: 36] [us: 502084]
[INFO] [Regular_callback17]: [PID: 3441653] [End] [s: 36] [us: 954140]
[Blocking] [PID: 3441615] [s: 0] [us: 996880]
[INFO] [Timer_callback1]: [PID: 3441652] [Bgn] [s: 37] [us: 947805]
[INFO] [Timer_callback1]: [PID: 3441652] [End] [s: 38] [us: 48920]
[Blocking] [PID: 3441653] [s: 1] [us: 95351]
[Blocking] [PID: 3441651] [s: 1] [us: 547275]
[Blocking] [PID: 3441650] [s: 1] [us: 547713]
[INFO] [Regular_callback11]: [PID: 3441615] [Bgn] [s: 38] [us: 49535]
[INFO] [Regular_callback11]: [PID: 3441615] [End] [s: 38] [us: 500149]
[INFO] [Regular_callback13]: [PID: 3441653] [Bgn] [s: 38] [us: 49789]
[INFO] [Regular_callback13]: [PID: 3441653] [End] [s: 38] [us: 501870]
[INFO] [Regular_callback12]: [PID: 3441651] [Bgn] [s: 38] [us: 50097]
[INFO] [Regular_callback12]: [PID: 3441651] [End] [s: 38] [us: 502175]
[INFO] [Regular_callback14]: [PID: 3441650] [Bgn] [s: 38] [us: 50253]
[INFO] [Regular_callback15]: [PID: 3441652] [Bgn] [s: 38] [us: 50321]
[INFO] [Regular_callback14]: [PID: 3441650] [End] [s: 38] [us: 502315]
[INFO] [Regular_callback15]: [PID: 3441652] [End] [s: 38] [us: 502355]
[INFO] [Regular_callback16]: [PID: 3441615] [Bgn] [s: 38] [us: 500309]
[INFO] [Regular_callback16]: [PID: 3441615] [End] [s: 38] [us: 950924]
[INFO] [Regular_callback17]: [PID: 3441653] [Bgn] [s: 38] [us: 502140]
[INFO] [Regular_callback17]: [PID: 3441653] [End] [s: 38] [us: 954173]
[Blocking] [PID: 3441615] [s: 0] [us: 996830]
[INFO] [Timer_callback1]: [PID: 3441652] [Bgn] [s: 39] [us: 947830]
[INFO] [Timer_callback1]: [PID: 3441652] [End] [s: 40] [us: 48948]
[Blocking] [PID: 3441653] [s: 1] [us: 95287]
[Blocking] [PID: 3441651] [s: 1] [us: 547174]
[Blocking] [PID: 3441650] [s: 1] [us: 547355]
[INFO] [Regular_callback11]: [PID: 3441615] [Bgn] [s: 40] [us: 49587]
[INFO] [Regular_callback11]: [PID: 3441615] [End] [s: 40] [us: 500205]
[INFO] [Regular_callback13]: [PID: 3441653] [Bgn] [s: 40] [us: 49775]
[INFO] [Regular_callback13]: [PID: 3441653] [End] [s: 40] [us: 501855]
[INFO] [Regular_callback14]: [PID: 3441651] [Bgn] [s: 40] [us: 49878]
[INFO] [Regular_callback14]: [PID: 3441651] [End] [s: 40] [us: 501938]
[INFO] [Regular_callback15]: [PID: 3441650] [Bgn] [s: 40] [us: 50037]
[INFO] [Regular_callback15]: [PID: 3441650] [End] [s: 40] [us: 502109]
[INFO] [Regular_callback17]: [PID: 3441652] [Bgn] [s: 40] [us: 50108]
[INFO] [Regular_callback17]: [PID: 3441652] [End] [s: 40] [us: 502188]
[INFO] [Regular_callback12]: [PID: 3441615] [Bgn] [s: 40] [us: 500475]
[INFO] [Regular_callback12]: [PID: 3441615] [End] [s: 40] [us: 951087]
[INFO] [Regular_callback16]: [PID: 3441653] [Bgn] [s: 40] [us: 502128]
[INFO] [Regular_callback16]: [PID: 3441653] [End] [s: 40] [us: 954210]
[Blocking] [PID: 3441615] [s: 0] [us: 996618]