[Blocking] [PID: 3444829] [s: 1] [us: 682838]
[Blocking] [PID: 3444830] [s: 1] [us: 746275]
[INFO] [Timer_callback1]: [PID: 3444721] [Bgn] [s: 1] [us: 683038]
[INFO] [Timer_callback1]: [PID: 3444721] [End] [s: 1] [us: 784159]
[Blocking] [PID: 3444831] [s: 1] [us: 784726]
[Blocking] [PID: 3444832] [s: 1] [us: 784839]
[Blocking] [PID: 3444833] [s: 1] [us: 784989]
[Blocking] [PID: 3444834] [s: 1] [us: 785093]
[Blocking] [PID: 3444835] [s: 1] [us: 785163]
[Blocking] [PID: 3444836] [s: 1] [us: 785279]
[Blocking] [PID: 3444837] [s: 1] [us: 785387]
[Blocking] [PID: 3444838] [s: 1] [us: 839062]
[INFO] [Timer_callback2]: [PID: 3444829] [Bgn] [s: 1] [us: 746568]
[INFO] [Timer_callback2]: [PID: 3444829] [End] [s: 1] [us: 847666]
[Blocking] [PID: 3444839] [s: 1] [us: 847700]
[Blocking] [PID: 3444827] [s: 1] [us: 848164]
[Blocking] [PID: 3444840] [s: 1] [us: 848002]
[Blocking] [PID: 3444828] [s: 1] [us: 848492]
[INFO] [Timer_callback3]: [PID: 3444837] [Bgn] [s: 1] [us: 839581]
[INFO] [Timer_callback3]: [PID: 3444837] [End] [s: 1] [us: 940582]
[INFO] [Regular_callback11]: [PID: 3444830] [Bgn] [s: 1] [us: 785225]
[INFO] [Regular_callback12]: [PID: 3444831] [Bgn] [s: 1] [us: 785283]
[INFO] [Regular_callback11]: [PID: 3444830] [End] [s: 2] [us: 237295]
[INFO] [Regular_callback12]: [PID: 3444831] [End] [s: 2] [us: 237349]
[INFO] [Regular_callback14]: [PID: 3444833] [Bgn] [s: 1] [us: 785592]
[INFO] [Regular_callback14]: [PID: 3444833] [End] [s: 2] [us: 237464]
[INFO] [Regular_callback13]: [PID: 3444832] [Bgn] [s: 1] [us: 785480]
[INFO] [Regular_callback13]: [PID: 3444832] [End] [s: 2] [us: 237534]
[INFO] [Regular_callback15]: [PID: 3444834] [Bgn] [s: 1] [us: 785696]
[INFO] [Regular_callback15]: [PID: 3444834] [End] [s: 2] [us: 237730]
[INFO] [Regular_callback16]: [PID: 3444835] [Bgn] [s: 1] [us: 785830]
[INFO] [Regular_callback16]: [PID: 3444835] [End] [s: 2] [us: 237884]
[INFO] [Regular_callback17]: [PID: 3444836] [Bgn] [s: 1] [us: 785967]
[INFO] [Regular_callback17]: [PID: 3444836] [End] [s: 2] [us: 238020]
[INFO] [Regular_callback21]: [PID: 3444838] [Bgn] [s: 1] [us: 848303]
[INFO] [Regular_callback21]: [PID: 3444838] [End] [s: 2] [us: 300098]
[INFO] [Regular_callback23]: [PID: 3444839] [Bgn] [s: 1] [us: 848469]
[INFO] [Regular_callback24]: [PID: 3444827] [Bgn] [s: 1] [us: 848663]
[INFO] [Regular_callback23]: [PID: 3444839] [End] [s: 2] [us: 300485]
[INFO] [Regular_callback24]: [PID: 3444827] [End] [s: 2] [us: 300538]
[INFO] [Regular_callback27]: [PID: 3444840] [Bgn] [s: 1] [us: 848857]
[INFO] [Regular_callback27]: [PID: 3444840] [End] [s: 2] [us: 300914]
[INFO] [Regular_callback22]: [PID: 3444828] [Bgn] [s: 1] [us: 849490]
[INFO] [Regular_callback26]: [PID: 3444829] [Bgn] [s: 1] [us: 849795]
[INFO] [Regular_callback22]: [PID: 3444828] [End] [s: 2] [us: 301536]
[INFO] [Regular_callback26]: [PID: 3444829] [End] [s: 2] [us: 301575]
[INFO] [Regular_callback25]: [PID: 3444721] [Bgn] [s: 1] [us: 849678]
[INFO] [Regular_callback25]: [PID: 3444721] [End] [s: 2] [us: 301673]
[INFO] [Regular_callback31]: [PID: 3444837] [Bgn] [s: 1] [us: 941466]
[INFO] [Regular_callback31]: [PID: 3444837] [End] [s: 2] [us: 393505]
[INFO] [Regular_callback32]: [PID: 3444830] [Bgn] [s: 2] [us: 237650]
[INFO] [Regular_callback32]: [PID: 3444830] [End] [s: 2] [us: 689747]
[INFO] [Regular_callback33]: [PID: 3444831] [Bgn] [s: 2] [us: 237822]
[INFO] [Regular_callback33]: [PID: 3444831] [End] [s: 2] [us: 689890]
[INFO] [Regular_callback34]: [PID: 3444833] [Bgn] [s: 2] [us: 237987]
[INFO] [Regular_callback34]: [PID: 3444833] [End] [s: 2] [us: 690047]
[INFO] [Regular_callback35]: [PID: 3444832] [Bgn] [s: 2] [us: 238173]
[INFO] [Regular_callback35]: [PID: 3444832] [End] [s: 2] [us: 690196]
[INFO] [Regular_callback36]: [PID: 3444834] [Bgn] [s: 2] [us: 238353]
[INFO] [Regular_callback36]: [PID: 3444834] [End] [s: 2] [us: 690301]
[INFO] [Regular_callback37]: [PID: 3444835] [Bgn] [s: 2] [us: 238522]
[INFO] [Regular_callback37]: [PID: 3444835] [End] [s: 2] [us: 690645]
[Blocking] [PID: 3444828] [s: 1] [us: 381249]
[Blocking] [PID: 3444827] [s: 1] [us: 445869]
[INFO] [Timer_callback1]: [PID: 3444838] [Bgn] [s: 3] [us: 682898]
[INFO] [Timer_callback1]: [PID: 3444838] [End] [s: 3] [us: 784009]
[Blocking] [PID: 3444840] [s: 1] [us: 484179]
[Blocking] [PID: 3444837] [s: 1] [us: 391712]
[Blocking] [PID: 3444836] [s: 1] [us: 484942]
[Blocking] [PID: 3444830] [s: 1] [us: 95655]
[Blocking] [PID: 3444831] [s: 1] [us: 95756]
[Blocking] [PID: 3444833] [s: 1] [us: 95750]
[Blocking] [PID: 3444839] [s: 1] [us: 485454]
[Blocking] [PID: 3444832] [s: 1] [us: 149260]
[INFO] [Timer_callback2]: [PID: 3444828] [Bgn] [s: 3] [us: 746526]
[INFO] [Timer_callback2]: [PID: 3444828] [End] [s: 3] [us: 847597]
[Blocking] [PID: 3444835] [s: 1] [us: 157729]
[Blocking] [PID: 3444829] [s: 1] [us: 546997]
[Blocking] [PID: 3444721] [s: 1] [us: 547061]
[Blocking] [PID: 3444834] [s: 1] [us: 158944]
[INFO] [Timer_callback3]: [PID: 3444839] [Bgn] [s: 3] [us: 839582]
[INFO] [Timer_callback3]: [PID: 3444839] [End] [s: 3] [us: 940631]
[INFO] [Regular_callback11]: [PID: 3444827] [Bgn] [s: 3] [us: 785237]
[INFO] [Regular_callback11]: [PID: 3444827] [End] [s: 4] [us: 237348]
[INFO] [Regular_callback12]: [PID: 3444840] [Bgn] [s: 3] [us: 785379]
[INFO] [Regular_callback12]: [PID: 3444840] [End] [s: 4] [us: 237422]
[INFO] [Regular_callback13]: [PID: 3444837] [Bgn] [s: 3] [us: 785524]
[INFO] [Regular_callback13]: [PID: 3444837] [End] [s: 4] [us: 237535]
[INFO] [Regular_callback14]: [PID: 3444836] [Bgn] [s: 3] [us: 785674]
[INFO] [Regular_callback14]: [PID: 3444836] [End] [s: 4] [us: 237728]
[INFO] [Regular_callback15]: [PID: 3444830] [Bgn] [s: 3] [us: 785832]
[INFO] [Regular_callback15]: [PID: 3444830] [End] [s: 4] [us: 237846]
[INFO] [Regular_callback16]: [PID: 3444831] [Bgn] [s: 3] [us: 785973]
[INFO] [Regular_callback16]: [PID: 3444831] [End] [s: 4] [us: 237894]
[INFO] [Regular_callback17]: [PID: 3444833] [Bgn] [s: 3] [us: 786108]
[INFO] [Regular_callback17]: [PID: 3444833] [End] [s: 4] [us: 238169]
[INFO] [Regular_callback21]: [PID: 3444832] [Bgn] [s: 3] [us: 848513]
[INFO] [Regular_callback21]: [PID: 3444832] [End] [s: 4] [us: 300358]
[INFO] [Regular_callback23]: [PID: 3444829] [Bgn] [s: 3] [us: 848834]
[INFO] [Regular_callback22]: [PID: 3444835] [Bgn] [s: 3] [us: 848685]
[INFO] [Regular_callback23]: [PID: 3444829] [End] [s: 4] [us: 300491]
[INFO] [Regular_callback22]: [PID: 3444835] [End] [s: 4] [us: 300496]
[INFO] [Regular_callback24]: [PID: 3444721] [Bgn] [s: 3] [us: 849022]
[INFO] [Regular_callback24]: [PID: 3444721] [End] [s: 4] [us: 301078]
[INFO] [Regular_callback25]: [PID: 3444828] [Bgn] [s: 3] [us: 849222]
[INFO] [Regular_callback25]: [PID: 3444828] [End] [s: 4] [us: 301139]
[INFO] [Regular_callback26]: [PID: 3444838] [Bgn] [s: 3] [us: 849377]
[INFO] [Regular_callback26]: [PID: 3444838] [End] [s: 4] [us: 301493]
[INFO] [Regular_callback27]: [PID: 3444834] [Bgn] [s: 3] [us: 849579]
[INFO] [Regular_callback27]: [PID: 3444834] [End] [s: 4] [us: 301673]
[INFO] [Regular_callback31]: [PID: 3444839] [Bgn] [s: 3] [us: 941343]
[INFO] [Regular_callback31]: [PID: 3444839] [End] [s: 4] [us: 393080]
[INFO] [Regular_callback32]: [PID: 3444827] [Bgn] [s: 4] [us: 237692]
[INFO] [Regular_callback32]: [PID: 3444827] [End] [s: 4] [us: 689763]
[INFO] [Regular_callback33]: [PID: 3444840] [Bgn] [s: 4] [us: 237863]
[INFO] [Regular_callback33]: [PID: 3444840] [End] [s: 4] [us: 689930]
[INFO] [Regular_callback34]: [PID: 3444837] [Bgn] [s: 4] [us: 238076]
[INFO] [Regular_callback34]: [PID: 3444837] [End] [s: 4] [us: 690061]
[INFO] [Regular_callback35]: [PID: 3444836] [Bgn] [s: 4] [us: 238242]
[INFO] [Regular_callback35]: [PID: 3444836] [End] [s: 4] [us: 690294]
[INFO] [Regular_callback36]: [PID: 3444830] [Bgn] [s: 4] [us: 238518]
[INFO] [Regular_callback36]: [PID: 3444830] [End] [s: 4] [us: 690538]
[INFO] [Regular_callback37]: [PID: 3444831] [Bgn] [s: 4] [us: 238689]
[INFO] [Regular_callback37]: [PID: 3444831] [End] [s: 4] [us: 690758]
[Blocking] [PID: 3444838] [s: 1] [us: 381379]
[Blocking] [PID: 3444834] [s: 1] [us: 444703]
[INFO] [Timer_callback1]: [PID: 3444833] [Bgn] [s: 5] [us: 682879]
[INFO] [Timer_callback1]: [PID: 3444833] [End] [s: 5] [us: 783990]
[Blocking] [PID: 3444832] [s: 1] [us: 484233]
[Blocking] [PID: 3444839] [s: 1] [us: 391708]
[Blocking] [PID: 3444721] [s: 1] [us: 483906]
[Blocking] [PID: 3444827] [s: 1] [us: 95928]
[Blocking] [PID: 3444840] [s: 1] [us: 95816]
[Blocking] [PID: 3444837] [s: 1] [us: 95872]
[Blocking] [PID: 3444828] [s: 1] [us: 485000]
[Blocking] [PID: 3444836] [s: 1] [us: 149270]
[INFO] [Timer_callback2]: [PID: 3444838] [Bgn] [s: 5] [us: 746519]
[INFO] [Timer_callback2]: [PID: 3444838] [End] [s: 5] [us: 847599]
[Blocking] [PID: 3444830] [s: 1] [us: 157446]
[Blocking] [PID: 3444829] [s: 1] [us: 548094]
[Blocking] [PID: 3444831] [s: 1] [us: 157990]
[Blocking] [PID: 3444835] [s: 1] [us: 548319]
[INFO] [Timer_callback3]: [PID: 3444828] [Bgn] [s: 5] [us: 839591]
[INFO] [Timer_callback3]: [PID: 3444828] [End] [s: 5] [us: 940678]
[INFO] [Regular_callback11]: [PID: 3444834] [Bgn] [s: 5] [us: 784795]
[INFO] [Regular_callback11]: [PID: 3444834] [End] [s: 6] [us: 236731]
[INFO] [Regular_callback13]: [PID: 3444832] [Bgn] [s: 5] [us: 784952]
[INFO] [Regular_callback13]: [PID: 3444832] [End] [s: 6] [us: 237000]
[INFO] [Regular_callback17]: [PID: 3444839] [Bgn] [s: 5] [us: 785130]
[INFO] [Regular_callback17]: [PID: 3444839] [End] [s: 6] [us: 237080]
[INFO] [Regular_callback15]: [PID: 3444840] [Bgn] [s: 5] [us: 786081]
[INFO] [Regular_callback15]: [PID: 3444840] [End] [s: 6] [us: 237784]
[INFO] [Regular_callback12]: [PID: 3444721] [Bgn] [s: 5] [us: 785848]
[INFO] [Regular_callback14]: [PID: 3444827] [Bgn] [s: 5] [us: 785989]
[INFO] [Regular_callback12]: [PID: 3444721] [End] [s: 6] [us: 237849]
[INFO] [Regular_callback14]: [PID: 3444827] [End] [s: 6] [us: 237886]
[INFO] [Regular_callback16]: [PID: 3444837] [Bgn] [s: 5] [us: 786244]
[INFO] [Regular_callback16]: [PID: 3444837] [End] [s: 6] [us: 238191]
[INFO] [Regular_callback21]: [PID: 3444830] [Bgn] [s: 5] [us: 848720]
[INFO] [Regular_callback21]: [PID: 3444830] [End] [s: 6] [us: 300766]
[INFO] [Regular_callback22]: [PID: 3444829] [Bgn] [s: 5] [us: 848889]
[INFO] [Regular_callback24]: [PID: 3444835] [Bgn] [s: 5] [us: 849109]
[INFO] [Regular_callback22]: [PID: 3444829] [End] [s: 6] [us: 300949]
[INFO] [Regular_callback24]: [PID: 3444835] [End] [s: 6] [us: 300949]
[INFO] [Regular_callback23]: [PID: 3444831] [Bgn] [s: 5] [us: 849020]
[INFO] [Regular_callback23]: [PID: 3444831] [End] [s: 6] [us: 301042]
[INFO] [Regular_callback26]: [PID: 3444833] [Bgn] [s: 5] [us: 849569]
[INFO] [Regular_callback25]: [PID: 3444838] [Bgn] [s: 5] [us: 849310]
[INFO] [Regular_callback26]: [PID: 3444833] [End] [s: 6] [us: 301311]
[INFO] [Regular_callback25]: [PID: 3444838] [End] [s: 6] [us: 301330]
[INFO] [Regular_callback27]: [PID: 3444836] [Bgn] [s: 5] [us: 849766]
[INFO] [Regular_callback27]: [PID: 3444836] [End] [s: 6] [us: 301493]
[INFO] [Regular_callback31]: [PID: 3444828] [Bgn] [s: 5] [us: 941570]
[INFO] [Regular_callback31]: [PID: 3444828] [End] [s: 6] [us: 393600]
[INFO] [Regular_callback32]: [PID: 3444834] [Bgn] [s: 6] [us: 237105]
[INFO] [Regular_callback32]: [PID: 3444834] [End] [s: 6] [us: 689213]
[INFO] [Regular_callback33]: [PID: 3444832] [Bgn] [s: 6] [us: 237359]
[INFO] [Regular_callback33]: [PID: 3444832] [End] [s: 6] [us: 689406]
[INFO] [Regular_callback34]: [PID: 3444839] [Bgn] [s: 6] [us: 237532]
[INFO] [Regular_callback34]: [PID: 3444839] [End] [s: 6] [us: 689483]
[INFO] [Regular_callback36]: [PID: 3444721] [Bgn] [s: 6] [us: 238267]
[INFO] [Regular_callback35]: [PID: 3444840] [Bgn] [s: 6] [us: 238099]
[INFO] [Regular_callback36]: [PID: 3444721] [End] [s: 6] [us: 690033]
[INFO] [Regular_callback35]: [PID: 3444840] [End] [s: 6] [us: 690029]
[INFO] [Regular_callback37]: [PID: 3444827] [Bgn] [s: 6] [us: 238410]
[INFO] [Regular_callback37]: [PID: 3444827] [End] [s: 6] [us: 690200]
[Blocking] [PID: 3444835] [s: 1] [us: 381773]
[Blocking] [PID: 3444830] [s: 1] [us: 445598]
[INFO] [Timer_callback1]: [PID: 3444837] [Bgn] [s: 7] [us: 682723]
[INFO] [Timer_callback1]: [PID: 3444837] [End] [s: 7] [us: 783079]
[Blocking] [PID: 3444831] [s: 1] [us: 482924]
[Blocking] [PID: 3444834] [s: 1] [us: 94921]
[Blocking] [PID: 3444832] [s: 1] [us: 94938]
[Blocking] [PID: 3444829] [s: 1] [us: 483613]
[Blocking] [PID: 3444839] [s: 1] [us: 95149]
[Blocking] [PID: 3444833] [s: 1] [us: 483614]
[Blocking] [PID: 3444721] [s: 1] [us: 95001]
[Blocking] [PID: 3444840] [s: 1] [us: 149455]
[INFO] [Timer_callback2]: [PID: 3444835] [Bgn] [s: 7] [us: 746528]
[INFO] [Timer_callback2]: [PID: 3444835] [End] [s: 7] [us: 847637]
[Blocking] [PID: 3444838] [s: 1] [us: 547007]
[Blocking] [PID: 3444836] [s: 1] [us: 547081]
[Blocking] [PID: 3444828] [s: 1] [us: 455278]
[Blocking] [PID: 3444827] [s: 1] [us: 158918]
[INFO] [Timer_callback3]: [PID: 3444721] [Bgn] [s: 7] [us: 839593]
[INFO] [Timer_callback3]: [PID: 3444721] [End] [s: 7] [us: 940718]
[INFO] [Regular_callback11]: [PID: 3444830] [Bgn] [s: 7] [us: 784084]
[INFO] [Regular_callback11]: [PID: 3444830] [End] [s: 8] [us: 236013]
[INFO] [Regular_callback12]: [PID: 3444831] [Bgn] [s: 7] [us: 784216]
[INFO] [Regular_callback12]: [PID: 3444831] [End] [s: 8] [us: 236191]
[INFO] [Regular_callback14]: [PID: 3444832] [Bgn] [s: 7] [us: 784695]
[INFO] [Regular_callback13]: [PID: 3444834] [Bgn] [s: 7] [us: 784500]
[INFO] [Regular_callback14]: [PID: 3444832] [End] [s: 8] [us: 236555]
[INFO] [Regular_callback13]: [PID: 3444834] [End] [s: 8] [us: 236617]
[INFO] [Regular_callback15]: [PID: 3444829] [Bgn] [s: 7] [us: 784835]
[INFO] [Regular_callback15]: [PID: 3444829] [End] [s: 8] [us: 236923]
[INFO] [Regular_callback16]: [PID: 3444839] [Bgn] [s: 7] [us: 785050]
[INFO] [Regular_callback16]: [PID: 3444839] [End] [s: 8] [us: 237030]
[INFO] [Regular_callback17]: [PID: 3444833] [Bgn] [s: 7] [us: 785168]
[INFO] [Regular_callback17]: [PID: 3444833] [End] [s: 8] [us: 237187]
[INFO] [Regular_callback24]: [PID: 3444837] [Bgn] [s: 7] [us: 848883]
[INFO] [Regular_callback24]: [PID: 3444837] [End] [s: 8] [us: 299495]
[INFO] [Regular_callback21]: [PID: 3444840] [Bgn] [s: 7] [us: 848466]
[INFO] [Regular_callback21]: [PID: 3444840] [End] [s: 8] [us: 300282]
[INFO] [Regular_callback23]: [PID: 3444836] [Bgn] [s: 7] [us: 848798]
[INFO] [Regular_callback22]: [PID: 3444838] [Bgn] [s: 7] [us: 848639]
[INFO] [Regular_callback23]: [PID: 3444836] [End] [s: 8] [us: 300662]
[INFO] [Regular_callback22]: [PID: 3444838] [End] [s: 8] [us: 300683]
[INFO] [Regular_callback25]: [PID: 3444835] [Bgn] [s: 7] [us: 849060]
[INFO] [Regular_callback25]: [PID: 3444835] [End] [s: 8] [us: 301160]
[INFO] [Regular_callback26]: [PID: 3444828] [Bgn] [s: 7] [us: 849269]
[INFO] [Regular_callback26]: [PID: 3444828] [End] [s: 8] [us: 301364]
[INFO] [Regular_callback27]: [PID: 3444827] [Bgn] [s: 7] [us: 849496]
[INFO] [Regular_callback27]: [PID: 3444827] [End] [s: 8] [us: 301583]
[INFO] [Regular_callback31]: [PID: 3444721] [Bgn] [s: 7] [us: 941551]
[INFO] [Regular_callback31]: [PID: 3444721] [End] [s: 8] [us: 393625]
[INFO] [Regular_callback32]: [PID: 3444830] [Bgn] [s: 8] [us: 236353]
[INFO] [Regular_callback32]: [PID: 3444830] [End] [s: 8] [us: 688482]
[INFO] [Regular_callback33]: [PID: 3444831] [Bgn] [s: 8] [us: 236677]
[INFO] [Regular_callback33]: [PID: 3444831] [End] [s: 8] [us: 688621]
[INFO] [Regular_callback34]: [PID: 3444832] [Bgn] [s: 8] [us: 236893]
[INFO] [Regular_callback34]: [PID: 3444832] [End] [s: 8] [us: 688846]
[INFO] [Regular_callback35]: [PID: 3444834] [Bgn] [s: 8] [us: 237078]
[INFO] [Regular_callback35]: [PID: 3444834] [End] [s: 8] [us: 689103]
[INFO] [Regular_callback36]: [PID: 3444829] [Bgn] [s: 8] [us: 237234]
[INFO] [Regular_callback36]: [PID: 3444829] [End] [s: 8] [us: 689350]
[INFO] [Regular_callback37]: [PID: 3444839] [Bgn] [s: 8] [us: 237538]
[INFO] [Regular_callback37]: [PID: 3444839] [End] [s: 8] [us: 689569]
[Blocking] [PID: 3444840] [s: 1] [us: 382463]
[Blocking] [PID: 3444721] [s: 1] [us: 352864]
[INFO] [Timer_callback1]: [PID: 3444837] [Bgn] [s: 9] [us: 682744]
[INFO] [Timer_callback1]: [PID: 3444837] [End] [s: 9] [us: 783098]
[Blocking] [PID: 3444833] [s: 1] [us: 483868]
[Blocking] [PID: 3444830] [s: 1] [us: 95403]
[Blocking] [PID: 3444831] [s: 1] [us: 95400]
[Blocking] [PID: 3444835] [s: 1] [us: 483115]
[Blocking] [PID: 3444832] [s: 1] [us: 96097]
[Blocking] [PID: 3444836] [s: 1] [us: 484483]
[Blocking] [PID: 3444834] [s: 1] [us: 96223]
[Blocking] [PID: 3444828] [s: 1] [us: 538249]
[INFO] [Timer_callback2]: [PID: 3444840] [Bgn] [s: 9] [us: 746517]
[INFO] [Timer_callback2]: [PID: 3444840] [End] [s: 9] [us: 847622]
[Blocking] [PID: 3444839] [s: 1] [us: 158773]
[Blocking] [PID: 3444838] [s: 1] [us: 547765]
[Blocking] [PID: 3444827] [s: 1] [us: 547134]
[Blocking] [PID: 3444829] [s: 1] [us: 159535]
[INFO] [Timer_callback3]: [PID: 3444834] [Bgn] [s: 9] [us: 839642]
[INFO] [Timer_callback3]: [PID: 3444834] [End] [s: 9] [us: 940806]
[INFO] [Regular_callback11]: [PID: 3444721] [Bgn] [s: 9] [us: 783800]
[INFO] [Regular_callback13]: [PID: 3444833] [Bgn] [s: 9] [us: 783959]
[INFO] [Regular_callback11]: [PID: 3444721] [End] [s: 10] [us: 235890]
[INFO] [Regular_callback13]: [PID: 3444833] [End] [s: 10] [us: 235896]
[INFO] [Regular_callback16]: [PID: 3444830] [Bgn] [s: 9] [us: 784221]
[INFO] [Regular_callback17]: [PID: 3444831] [Bgn] [s: 9] [us: 784392]
[INFO] [Regular_callback16]: [PID: 3444830] [End] [s: 10] [us: 236279]
[INFO] [Regular_callback17]: [PID: 3444831] [End] [s: 10] [us: 236333]
[INFO] [Regular_callback14]: [PID: 3444832] [Bgn] [s: 9] [us: 785282]
[INFO] [Regular_callback14]: [PID: 3444832] [End] [s: 10] [us: 236728]
[INFO] [Regular_callback12]: [PID: 3444835] [Bgn] [s: 9] [us: 785085]
[INFO] [Regular_callback12]: [PID: 3444835] [End] [s: 10] [us: 237169]
[INFO] [Regular_callback15]: [PID: 3444836] [Bgn] [s: 9] [us: 785407]
[INFO] [Regular_callback15]: [PID: 3444836] [End] [s: 10] [us: 237443]
[INFO] [Regular_callback24]: [PID: 3444827] [Bgn] [s: 9] [us: 848907]
[INFO] [Regular_callback24]: [PID: 3444827] [End] [s: 10] [us: 299521]
[INFO] [Regular_callback25]: [PID: 3444837] [Bgn] [s: 9] [us: 849015]
[INFO] [Regular_callback25]: [PID: 3444837] [End] [s: 10] [us: 299619]
[INFO] [Regular_callback21]: [PID: 3444828] [Bgn] [s: 9] [us: 848467]
[INFO] [Regular_callback21]: [PID: 3444828] [End] [s: 10] [us: 300317]
[INFO] [Regular_callback22]: [PID: 3444839] [Bgn] [s: 9] [us: 848628]
[INFO] [Regular_callback22]: [PID: 3444839] [End] [s: 10] [us: 300535]
[INFO] [Regular_callback23]: [PID: 3444838] [Bgn] [s: 9] [us: 848800]
[INFO] [Regular_callback23]: [PID: 3444838] [End] [s: 10] [us: 300890]
[INFO] [Regular_callback26]: [PID: 3444829] [Bgn] [s: 9] [us: 849230]
[INFO] [Regular_callback26]: [PID: 3444829] [End] [s: 10] [us: 301233]
[INFO] [Regular_callback27]: [PID: 3444840] [Bgn] [s: 9] [us: 849374]
[INFO] [Regular_callback27]: [PID: 3444840] [End] [s: 10] [us: 301346]
[INFO] [Regular_callback31]: [PID: 3444834] [Bgn] [s: 9] [us: 941645]
[INFO] [Regular_callback31]: [PID: 3444834] [End] [s: 10] [us: 393699]
[INFO] [Regular_callback32]: [PID: 3444721] [Bgn] [s: 10] [us: 236243]
[INFO] [Regular_callback35]: [PID: 3444832] [Bgn] [s: 10] [us: 236913]
[INFO] [Regular_callback32]: [PID: 3444721] [End] [s: 10] [us: 688272]
[INFO] [Regular_callback35]: [PID: 3444832] [End] [s: 10] [us: 688294]
[INFO] [Regular_callback33]: [PID: 3444833] [Bgn] [s: 10] [us: 236521]
[INFO] [Regular_callback33]: [PID: 3444833] [End] [s: 10] [us: 688410]
[INFO] [Regular_callback34]: [PID: 3444830] [Bgn] [s: 10] [us: 236839]
[INFO] [Regular_callback34]: [PID: 3444830] [End] [s: 10] [us: 688829]
[INFO] [Regular_callback36]: [PID: 3444831] [Bgn] [s: 10] [us: 237190]
[INFO] [Regular_callback36]: [PID: 3444831] [End] [s: 10] [us: 689085]
[INFO] [Regular_callback37]: [PID: 3444835] [Bgn] [s: 10] [us: 237472]
[INFO] [Regular_callback37]: [PID: 3444835] [End] [s: 10] [us: 689525]
[Blocking] [PID: 3444839] [s: 1] [us: 382205]
[Blocking] [PID: 3444834] [s: 1] [us: 352768]
[INFO] [Timer_callback1]: [PID: 3444827] [Bgn] [s: 11] [us: 682768]
[INFO] [Timer_callback1]: [PID: 3444827] [End] [s: 11] [us: 783127]
[Blocking] [PID: 3444836] [s: 1] [us: 484000]
[Blocking] [PID: 3444721] [s: 1] [us: 95633]
[Blocking] [PID: 3444832] [s: 1] [us: 95793]
[Blocking] [PID: 3444833] [s: 1] [us: 96408]
[Blocking] [PID: 3444838] [s: 1] [us: 484089]
[Blocking] [PID: 3444830] [s: 1] [us: 96248]
[Blocking] [PID: 3444828] [s: 1] [us: 484969]
[Blocking] [PID: 3444831] [s: 1] [us: 150448]
[INFO] [Timer_callback2]: [PID: 3444839] [Bgn] [s: 11] [us: 746518]
[INFO] [Timer_callback2]: [PID: 3444839] [End] [s: 11] [us: 847603]
[Blocking] [PID: 3444837] [s: 1] [us: 548766]
[Blocking] [PID: 3444835] [s: 1] [us: 158936]
[Blocking] [PID: 3444840] [s: 1] [us: 547279]
[Blocking] [PID: 3444829] [s: 1] [us: 547670]
[INFO] [Timer_callback3]: [PID: 3444828] [Bgn] [s: 11] [us: 839614]
[INFO] [Timer_callback3]: [PID: 3444828] [End] [s: 11] [us: 940739]
[INFO] [Regular_callback11]: [PID: 3444834] [Bgn] [s: 11] [us: 783832]
[INFO] [Regular_callback11]: [PID: 3444834] [End] [s: 12] [us: 235749]
[INFO] [Regular_callback13]: [PID: 3444836] [Bgn] [s: 11] [us: 784086]
[INFO] [Regular_callback17]: [PID: 3444721] [Bgn] [s: 11] [us: 784231]
[INFO] [Regular_callback13]: [PID: 3444836] [End] [s: 12] [us: 236132]
[INFO] [Regular_callback17]: [PID: 3444721] [End] [s: 12] [us: 236152]
[INFO] [Regular_callback12]: [PID: 3444832] [Bgn] [s: 11] [us: 784971]
[INFO] [Regular_callback12]: [PID: 3444832] [End] [s: 12] [us: 237006]
[INFO] [Regular_callback14]: [PID: 3444833] [Bgn] [s: 11] [us: 785130]
[INFO] [Regular_callback15]: [PID: 3444838] [Bgn] [s: 11] [us: 785258]
[INFO] [Regular_callback14]: [PID: 3444833] [End] [s: 12] [us: 237143]
[INFO] [Regular_callback15]: [PID: 3444838] [End] [s: 12] [us: 237176]
[INFO] [Regular_callback16]: [PID: 3444830] [Bgn] [s: 11] [us: 785384]
[INFO] [Regular_callback16]: [PID: 3444830] [End] [s: 12] [us: 237336]
[INFO] [Regular_callback22]: [PID: 3444837] [Bgn] [s: 11] [us: 848555]
[INFO] [Regular_callback22]: [PID: 3444837] [End] [s: 12] [us: 299186]
[INFO] [Regular_callback25]: [PID: 3444827] [Bgn] [s: 11] [us: 849004]
[INFO] [Regular_callback25]: [PID: 3444827] [End] [s: 12] [us: 299606]
[INFO] [Regular_callback21]: [PID: 3444831] [Bgn] [s: 11] [us: 848451]
[INFO] [Regular_callback21]: [PID: 3444831] [End] [s: 12] [us: 300198]
[INFO] [Regular_callback23]: [PID: 3444835] [Bgn] [s: 11] [us: 848766]
[INFO] [Regular_callback23]: [PID: 3444835] [End] [s: 12] [us: 300836]
[INFO] [Regular_callback24]: [PID: 3444840] [Bgn] [s: 11] [us: 848916]
[INFO] [Regular_callback24]: [PID: 3444840] [End] [s: 12] [us: 300960]
[INFO] [Regular_callback27]: [PID: 3444839] [Bgn] [s: 11] [us: 849340]
[INFO] [Regular_callback27]: [PID: 3444839] [End] [s: 12] [us: 301185]
[INFO] [Regular_callback26]: [PID: 3444829] [Bgn] [s: 11] [us: 849199]
[INFO] [Regular_callback26]: [PID: 3444829] [End] [s: 12] [us: 301290]
[INFO] [Regular_callback31]: [PID: 3444828] [Bgn] [s: 11] [us: 941604]
[INFO] [Regular_callback31]: [PID: 3444828] [End] [s: 12] [us: 393572]
[INFO] [Regular_callback32]: [PID: 3444834] [Bgn] [s: 12] [us: 236115]
[INFO] [Regular_callback32]: [PID: 3444834] [End] [s: 12] [us: 688209]
[INFO] [Regular_callback33]: [PID: 3444836] [Bgn] [s: 12] [us: 236502]
[INFO] [Regular_callback33]: [PID: 3444836] [End] [s: 12] [us: 688438]
[INFO] [Regular_callback34]: [PID: 3444721] [Bgn] [s: 12] [us: 236659]
[INFO] [Regular_callback34]: [PID: 3444721] [End] [s: 12] [us: 688634]
[INFO] [Regular_callback35]: [PID: 3444832] [Bgn] [s: 12] [us: 237369]
[INFO] [Regular_callback35]: [PID: 3444832] [End] [s: 12] [us: 689424]
[INFO] [Regular_callback36]: [PID: 3444833] [Bgn] [s: 12] [us: 237550]
[INFO] [Regular_callback37]: [PID: 3444838] [Bgn] [s: 12] [us: 237699]
[INFO] [Regular_callback36]: [PID: 3444833] [End] [s: 12] [us: 689620]
[INFO] [Regular_callback37]: [PID: 3444838] [End] [s: 12] [us: 689656]
[Blocking] [PID: 3444827] [s: 1] [us: 383346]
[Blocking] [PID: 3444835] [s: 1] [us: 445418]
[INFO] [Timer_callback1]: [PID: 3444838] [Bgn] [s: 13] [us: 682995]
[INFO] [Timer_callback1]: [PID: 3444838] [End] [s: 13] [us: 784093]
[Blocking] [PID: 3444828] [s: 1] [us: 391052]
[Blocking] [PID: 3444830] [s: 1] [us: 485512]
[Blocking] [PID: 3444834] [s: 1] [us: 96843]
[Blocking] [PID: 3444836] [s: 1] [us: 96787]
[Blocking] [PID: 3444721] [s: 1] [us: 97519]
[Blocking] [PID: 3444840] [s: 1] [us: 485348]
[Blocking] [PID: 3444831] [s: 1] [us: 486246]
[Blocking] [PID: 3444832] [s: 1] [us: 150070]
[INFO] [Timer_callback2]: [PID: 3444827] [Bgn] [s: 13] [us: 746363]
[INFO] [Timer_callback2]: [PID: 3444827] [End] [s: 13] [us: 846708]
[Blocking] [PID: 3444829] [s: 1] [us: 157803]
[Blocking] [PID: 3444839] [s: 1] [us: 546532]
[Blocking] [PID: 3444837] [s: 1] [us: 546515]
[Blocking] [PID: 3444833] [s: 1] [us: 158496]
[INFO] [Timer_callback3]: [PID: 3444831] [Bgn] [s: 13] [us: 839596]
[INFO] [Timer_callback3]: [PID: 3444831] [End] [s: 13] [us: 940712]
[INFO] [Regular_callback12]: [PID: 3444835] [Bgn] [s: 13] [us: 784800]
[INFO] [Regular_callback12]: [PID: 3444835] [End] [s: 14] [us: 236770]
[INFO] [Regular_callback16]: [PID: 3444830] [Bgn] [s: 13] [us: 785138]
[INFO] [Regular_callback14]: [PID: 3444828] [Bgn] [s: 13] [us: 785030]
[INFO] [Regular_callback16]: [PID: 3444830] [End] [s: 14] [us: 237125]
[INFO] [Regular_callback14]: [PID: 3444828] [End] [s: 14] [us: 237131]
[INFO] [Regular_callback17]: [PID: 3444834] [Bgn] [s: 13] [us: 785430]
[INFO] [Regular_callback17]: [PID: 3444834] [End] [s: 14] [us: 237474]
[INFO] [Regular_callback11]: [PID: 3444836] [Bgn] [s: 13] [us: 786312]
[INFO] [Regular_callback11]: [PID: 3444836] [End] [s: 14] [us: 238376]
[INFO] [Regular_callback13]: [PID: 3444721] [Bgn] [s: 13] [us: 786442]
[INFO] [Regular_callback13]: [PID: 3444721] [End] [s: 14] [us: 238477]
[INFO] [Regular_callback15]: [PID: 3444840] [Bgn] [s: 13] [us: 786565]
[INFO] [Regular_callback15]: [PID: 3444840] [End] [s: 14] [us: 238609]
[INFO] [Regular_callback24]: [PID: 3444837] [Bgn] [s: 13] [us: 848056]
[INFO] [Regular_callback24]: [PID: 3444837] [End] [s: 14] [us: 298665]
[INFO] [Regular_callback25]: [PID: 3444827] [Bgn] [s: 13] [us: 848177]
[INFO] [Regular_callback25]: [PID: 3444827] [End] [s: 14] [us: 298781]
[INFO] [Regular_callback21]: [PID: 3444832] [Bgn] [s: 13] [us: 847539]
[INFO] [Regular_callback21]: [PID: 3444832] [End] [s: 14] [us: 299416]
[INFO] [Regular_callback23]: [PID: 3444839] [Bgn] [s: 13] [us: 847956]
[INFO] [Regular_callback23]: [PID: 3444839] [End] [s: 14] [us: 299521]
[INFO] [Regular_callback22]: [PID: 3444829] [Bgn] [s: 13] [us: 847833]
[INFO] [Regular_callback22]: [PID: 3444829] [End] [s: 14] [us: 299908]
[INFO] [Regular_callback26]: [PID: 3444838] [Bgn] [s: 13] [us: 848331]
[INFO] [Regular_callback27]: [PID: 3444833] [Bgn] [s: 13] [us: 848487]
[INFO] [Regular_callback26]: [PID: 3444838] [End] [s: 14] [us: 300401]
[INFO] [Regular_callback27]: [PID: 3444833] [End] [s: 14] [us: 300443]
[INFO] [Regular_callback31]: [PID: 3444831] [Bgn] [s: 13] [us: 941429]
[INFO] [Regular_callback31]: [PID: 3444831] [End] [s: 14] [us: 393161]
[INFO] [Regular_callback32]: [PID: 3444835] [Bgn] [s: 14] [us: 237109]
[INFO] [Regular_callback32]: [PID: 3444835] [End] [s: 14] [us: 689206]
[INFO] [Regular_callback33]: [PID: 3444830] [Bgn] [s: 14] [us: 237509]
[INFO] [Regular_callback33]: [PID: 3444830] [End] [s: 14] [us: 689534]
[INFO] [Regular_callback34]: [PID: 3444828] [Bgn] [s: 14] [us: 237695]
[INFO] [Regular_callback34]: [PID: 3444828] [End] [s: 14] [us: 689776]
[INFO] [Regular_callback35]: [PID: 3444836] [Bgn] [s: 14] [us: 238716]
[INFO] [Regular_callback35]: [PID: 3444836] [End] [s: 14] [us: 690704]
[INFO] [Regular_callback36]: [PID: 3444834] [Bgn] [s: 14] [us: 238978]
[INFO] [Regular_callback36]: [PID: 3444834] [End] [s: 14] [us: 690944]
[INFO] [Regular_callback37]: [PID: 3444721] [Bgn] [s: 14] [us: 239166]
[INFO] [Regular_callback37]: [PID: 3444721] [End] [s: 14] [us: 691224]
[Blocking] [PID: 3444831] [s: 1] [us: 289536]
[Blocking] [PID: 3444827] [s: 1] [us: 447703]
[INFO] [Timer_callback1]: [PID: 3444837] [Bgn] [s: 15] [us: 682734]
[INFO] [Timer_callback1]: [PID: 3444837] [End] [s: 15] [us: 783081]
[Blocking] [PID: 3444829] [s: 1] [us: 483874]
[Blocking] [PID: 3444830] [s: 1] [us: 94413]
[Blocking] [PID: 3444832] [s: 1] [us: 484675]
[Blocking] [PID: 3444828] [s: 1] [us: 94483]
[Blocking] [PID: 3444838] [s: 1] [us: 484085]
[Blocking] [PID: 3444836] [s: 1] [us: 93934]
[Blocking] [PID: 3444833] [s: 1] [us: 484367]
[Blocking] [PID: 3444834] [s: 1] [us: 148669]
[INFO] [Timer_callback2]: [PID: 3444831] [Bgn] [s: 15] [us: 746526]
[INFO] [Timer_callback2]: [PID: 3444831] [End] [s: 15] [us: 847639]
[Blocking] [PID: 3444839] [s: 1] [us: 548456]
[Blocking] [PID: 3444721] [s: 1] [us: 157322]
[Blocking] [PID: 3444840] [s: 1] [us: 549900]
[Blocking] [PID: 3444835] [s: 1] [us: 159812]
[INFO] [Timer_callback3]: [PID: 3444833] [Bgn] [s: 15] [us: 839594]
[INFO] [Timer_callback3]: [PID: 3444833] [End] [s: 15] [us: 940697]
[INFO] [Regular_callback11]: [PID: 3444827] [Bgn] [s: 15] [us: 783817]
[INFO] [Regular_callback11]: [PID: 3444827] [End] [s: 16] [us: 234434]
[INFO] [Regular_callback12]: [PID: 3444829] [Bgn] [s: 15] [us: 784121]
[INFO] [Regular_callback13]: [PID: 3444830] [Bgn] [s: 15] [us: 784234]
[INFO] [Regular_callback12]: [PID: 3444829] [End] [s: 16] [us: 236177]
[INFO] [Regular_callback13]: [PID: 3444830] [End] [s: 16] [us: 236252]
[INFO] [Regular_callback14]: [PID: 3444832] [Bgn] [s: 15] [us: 784413]
[INFO] [Regular_callback14]: [PID: 3444832] [End] [s: 16] [us: 236446]
[INFO] [Regular_callback15]: [PID: 3444828] [Bgn] [s: 15] [us: 784622]
[INFO] [Regular_callback16]: [PID: 3444838] [Bgn] [s: 15] [us: 784758]
[INFO] [Regular_callback15]: [PID: 3444828] [End] [s: 16] [us: 236641]
[INFO] [Regular_callback16]: [PID: 3444838] [End] [s: 16] [us: 236683]
[INFO] [Regular_callback17]: [PID: 3444836] [Bgn] [s: 15] [us: 784964]
[INFO] [Regular_callback17]: [PID: 3444836] [End] [s: 16] [us: 237013]
[INFO] [Regular_callback24]: [PID: 3444837] [Bgn] [s: 15] [us: 849155]
[INFO] [Regular_callback24]: [PID: 3444837] [End] [s: 16] [us: 299772]
[INFO] [Regular_callback21]: [PID: 3444839] [Bgn] [s: 15] [us: 848687]
[INFO] [Regular_callback21]: [PID: 3444839] [End] [s: 16] [us: 300739]
[INFO] [Regular_callback22]: [PID: 3444721] [Bgn] [s: 15] [us: 848862]
[INFO] [Regular_callback22]: [PID: 3444721] [End] [s: 16] [us: 300968]
[INFO] [Regular_callback23]: [PID: 3444840] [Bgn] [s: 15] [us: 849066]
[INFO] [Regular_callback26]: [PID: 3444834] [Bgn] [s: 15] [us: 849465]
[INFO] [Regular_callback23]: [PID: 3444840] [End] [s: 16] [us: 301142]
[INFO] [Regular_callback26]: [PID: 3444834] [End] [s: 16] [us: 301204]
[INFO] [Regular_callback25]: [PID: 3444835] [Bgn] [s: 15] [us: 849355]
[INFO] [Regular_callback25]: [PID: 3444835] [End] [s: 16] [us: 301459]
[INFO] [Regular_callback27]: [PID: 3444831] [Bgn] [s: 15] [us: 849682]
[INFO] [Regular_callback27]: [PID: 3444831] [End] [s: 16] [us: 301688]
[INFO] [Regular_callback31]: [PID: 3444833] [Bgn] [s: 15] [us: 941272]
[INFO] [Regular_callback31]: [PID: 3444833] [End] [s: 16] [us: 393030]
[INFO] [Regular_callback32]: [PID: 3444827] [Bgn] [s: 16] [us: 234675]
[INFO] [Regular_callback32]: [PID: 3444827] [End] [s: 16] [us: 685292]
[INFO] [Regular_callback35]: [PID: 3444829] [Bgn] [s: 16] [us: 236741]
[INFO] [Regular_callback35]: [PID: 3444829] [End] [s: 16] [us: 688827]
[INFO] [Regular_callback33]: [PID: 3444830] [Bgn] [s: 16] [us: 237509]
[INFO] [Regular_callback33]: [PID: 3444830] [End] [s: 16] [us: 689513]
[INFO] [Regular_callback34]: [PID: 3444832] [Bgn] [s: 16] [us: 237693]
[INFO] [Regular_callback34]: [PID: 3444832] [End] [s: 16] [us: 689710]
[INFO] [Regular_callback36]: [PID: 3444828] [Bgn] [s: 16] [us: 237891]
[INFO] [Regular_callback36]: [PID: 3444828] [End] [s: 16] [us: 689930]
[INFO] [Regular_callback37]: [PID: 3444838] [Bgn] [s: 16] [us: 238084]
[INFO] [Regular_callback37]: [PID: 3444838] [End] [s: 16] [us: 690129]
[Blocking] [PID: 3444833] [s: 1] [us: 289589]
[Blocking] [PID: 3444840] [s: 1] [us: 445309]
[INFO] [Timer_callback1]: [PID: 3444837] [Bgn] [s: 17] [us: 682728]
[INFO] [Timer_callback1]: [PID: 3444837] [End] [s: 17] [us: 783082]
[Blocking] [PID: 3444827] [s: 1] [us: 98424]
[Blocking] [PID: 3444834] [s: 1] [us: 482606]
[Blocking] [PID: 3444829] [s: 1] [us: 95152]
[Blocking] [PID: 3444836] [s: 1] [us: 484130]
[Blocking] [PID: 3444830] [s: 1] [us: 94845]
[Blocking] [PID: 3444835] [s: 1] [us: 483069]
[Blocking] [PID: 3444832] [s: 1] [us: 94936]
[Blocking] [PID: 3444828] [s: 1] [us: 149648]
[INFO] [Timer_callback2]: [PID: 3444833] [Bgn] [s: 17] [us: 746468]
[INFO] [Timer_callback2]: [PID: 3444833] [End] [s: 17] [us: 847469]
[Blocking] [PID: 3444838] [s: 1] [us: 158094]
[Blocking] [PID: 3444831] [s: 1] [us: 546828]
[Blocking] [PID: 3444839] [s: 1] [us: 547875]
[Blocking] [PID: 3444721] [s: 1] [us: 547938]
[INFO] [Timer_callback3]: [PID: 3444832] [Bgn] [s: 17] [us: 839555]
[INFO] [Timer_callback3]: [PID: 3444832] [End] [s: 17] [us: 940553]
[INFO] [Regular_callback12]: [PID: 3444827] [Bgn] [s: 17] [us: 783920]
[INFO] [Regular_callback12]: [PID: 3444827] [End] [s: 18] [us: 234535]
[INFO] [Regular_callback11]: [PID: 3444840] [Bgn] [s: 17] [us: 783848]
[INFO] [Regular_callback11]: [PID: 3444840] [End] [s: 18] [us: 235778]
[INFO] [Regular_callback13]: [PID: 3444834] [Bgn] [s: 17] [us: 784057]
[INFO] [Regular_callback13]: [PID: 3444834] [End] [s: 18] [us: 236021]
[INFO] [Regular_callback14]: [PID: 3444829] [Bgn] [s: 17] [us: 784341]
[INFO] [Regular_callback14]: [PID: 3444829] [End] [s: 18] [us: 236426]
[INFO] [Regular_callback15]: [PID: 3444836] [Bgn] [s: 17] [us: 784517]
[INFO] [Regular_callback16]: [PID: 3444830] [Bgn] [s: 17] [us: 784670]
[INFO] [Regular_callback15]: [PID: 3444836] [End] [s: 18] [us: 236527]
[INFO] [Regular_callback16]: [PID: 3444830] [End] [s: 18] [us: 236546]
[INFO] [Regular_callback17]: [PID: 3444835] [Bgn] [s: 17] [us: 784806]
[INFO] [Regular_callback17]: [PID: 3444835] [End] [s: 18] [us: 236833]
[INFO] [Regular_callback25]: [PID: 3444837] [Bgn] [s: 17] [us: 849030]
[INFO] [Regular_callback25]: [PID: 3444837] [End] [s: 18] [us: 299652]
[INFO] [Regular_callback21]: [PID: 3444828] [Bgn] [s: 17] [us: 848409]
[INFO] [Regular_callback21]: [PID: 3444828] [End] [s: 18] [us: 300489]
[INFO] [Regular_callback22]: [PID: 3444838] [Bgn] [s: 17] [us: 848638]
[INFO] [Regular_callback22]: [PID: 3444838] [End] [s: 18] [us: 300639]
[INFO] [Regular_callback23]: [PID: 3444831] [Bgn] [s: 17] [us: 848814]
[INFO] [Regular_callback23]: [PID: 3444831] [End] [s: 18] [us: 300757]
[INFO] [Regular_callback24]: [PID: 3444839] [Bgn] [s: 17] [us: 848948]
[INFO] [Regular_callback24]: [PID: 3444839] [End] [s: 18] [us: 300857]
[INFO] [Regular_callback26]: [PID: 3444721] [Bgn] [s: 17] [us: 849212]
[INFO] [Regular_callback26]: [PID: 3444721] [End] [s: 18] [us: 301213]
[INFO] [Regular_callback27]: [PID: 3444833] [Bgn] [s: 17] [us: 849441]
[INFO] [Regular_callback27]: [PID: 3444833] [End] [s: 18] [us: 301357]
[INFO] [Regular_callback31]: [PID: 3444832] [Bgn] [s: 17] [us: 941190]
[INFO] [Regular_callback31]: [PID: 3444832] [End] [s: 18] [us: 392513]
[INFO] [Regular_callback32]: [PID: 3444827] [Bgn] [s: 18] [us: 234765]
[INFO] [Regular_callback32]: [PID: 3444827] [End] [s: 18] [us: 685382]
[INFO] [Regular_callback33]: [PID: 3444840] [Bgn] [s: 18] [us: 236131]
[INFO] [Regular_callback33]: [PID: 3444840] [End] [s: 18] [us: 688085]
[INFO] [Regular_callback34]: [PID: 3444834] [Bgn] [s: 18] [us: 236510]
[INFO] [Regular_callback34]: [PID: 3444834] [End] [s: 18] [us: 688461]
[INFO] [Regular_callback35]: [PID: 3444829] [Bgn] [s: 18] [us: 236801]
[INFO] [Regular_callback35]: [PID: 3444829] [End] [s: 18] [us: 688908]
[INFO] [Regular_callback37]: [PID: 3444830] [Bgn] [s: 18] [us: 237254]
[INFO] [Regular_callback36]: [PID: 3444836] [Bgn] [s: 18] [us: 237099]
[INFO] [Regular_callback37]: [PID: 3444830] [End] [s: 18] [us: 689121]
[INFO] [Regular_callback36]: [PID: 3444836] [End] [s: 18] [us: 689164]
[Blocking] [PID: 3444831] [s: 1] [us: 381994]
[Blocking] [PID: 3444832] [s: 1] [us: 353841]
[INFO] [Timer_callback1]: [PID: 3444837] [Bgn] [s: 19] [us: 682738]
[INFO] [Timer_callback1]: [PID: 3444837] [End] [s: 19] [us: 783090]
[Blocking] [PID: 3444827] [s: 1] [us: 98651]
[Blocking] [PID: 3444839] [s: 1] [us: 483249]
[Blocking] [PID: 3444840] [s: 1] [us: 96146]
[Blocking] [PID: 3444835] [s: 1] [us: 484588]
[Blocking] [PID: 3444834] [s: 1] [us: 96036]
[Blocking] [PID: 3444721] [s: 1] [us: 483504]
[Blocking] [PID: 3444829] [s: 1] [us: 95908]
[Blocking] [PID: 3444830] [s: 1] [us: 150494]
[INFO] [Timer_callback2]: [PID: 3444831] [Bgn] [s: 19] [us: 746515]
[INFO] [Timer_callback2]: [PID: 3444831] [End] [s: 19] [us: 847582]
[Blocking] [PID: 3444836] [s: 1] [us: 159165]
[Blocking] [PID: 3444833] [s: 1] [us: 547219]
[Blocking] [PID: 3444828] [s: 1] [us: 548386]
[Blocking] [PID: 3444838] [s: 1] [us: 548382]
[INFO] [Timer_callback3]: [PID: 3444829] [Bgn] [s: 19] [us: 839614]
[INFO] [Timer_callback3]: [PID: 3444829] [End] [s: 19] [us: 940706]
[INFO] [Regular_callback12]: [PID: 3444827] [Bgn] [s: 19] [us: 784241]
[INFO] [Regular_callback12]: [PID: 3444827] [End] [s: 20] [us: 234852]
[INFO] [Regular_callback11]: [PID: 3444832] [Bgn] [s: 19] [us: 784154]
[INFO] [Regular_callback11]: [PID: 3444832] [End] [s: 20] [us: 236190]
[INFO] [Regular_callback13]: [PID: 3444839] [Bgn] [s: 19] [us: 784386]
[INFO] [Regular_callback13]: [PID: 3444839] [End] [s: 20] [us: 236466]
[INFO] [Regular_callback14]: [PID: 3444840] [Bgn] [s: 19] [us: 784585]
[INFO] [Regular_callback14]: [PID: 3444840] [End] [s: 20] [us: 236534]
[INFO] [Regular_callback15]: [PID: 3444835] [Bgn] [s: 19] [us: 784725]
[INFO] [Regular_callback15]: [PID: 3444835] [End] [s: 20] [us: 236815]
[INFO] [Regular_callback16]: [PID: 3444834] [Bgn] [s: 19] [us: 784850]
[INFO] [Regular_callback16]: [PID: 3444834] [End] [s: 20] [us: 236918]
[INFO] [Regular_callback17]: [PID: 3444721] [Bgn] [s: 19] [us: 784978]
[INFO] [Regular_callback17]: [PID: 3444721] [End] [s: 20] [us: 237023]
[INFO] [Regular_callback24]: [PID: 3444837] [Bgn] [s: 19] [us: 848897]
[INFO] [Regular_callback24]: [PID: 3444837] [End] [s: 20] [us: 299512]
[INFO] [Regular_callback21]: [PID: 3444830] [Bgn] [s: 19] [us: 848461]
[INFO] [Regular_callback21]: [PID: 3444830] [End] [s: 20] [us: 300344]
[INFO] [Regular_callback22]: [PID: 3444836] [Bgn] [s: 19] [us: 848675]
[INFO] [Regular_callback22]: [PID: 3444836] [End] [s: 20] [us: 300697]
[INFO] [Regular_callback23]: [PID: 3444833] [Bgn] [s: 19] [us: 848819]
[INFO] [Regular_callback23]: [PID: 3444833] [End] [s: 20] [us: 300837]
[INFO] [Regular_callback25]: [PID: 3444831] [Bgn] [s: 19] [us: 849068]
[INFO] [Regular_callback25]: [PID: 3444831] [End] [s: 20] [us: 301155]
[INFO] [Regular_callback26]: [PID: 3444828] [Bgn] [s: 19] [us: 849197]
[INFO] [Regular_callback26]: [PID: 3444828] [End] [s: 20] [us: 301211]
[INFO] [Regular_callback27]: [PID: 3444838] [Bgn] [s: 19] [us: 849431]
[INFO] [Regular_callback27]: [PID: 3444838] [End] [s: 20] [us: 301439]
[INFO] [Regular_callback31]: [PID: 3444829] [Bgn] [s: 19] [us: 941548]
[INFO] [Regular_callback31]: [PID: 3444829] [End] [s: 20] [us: 393624]
[INFO] [Regular_callback32]: [PID: 3444827] [Bgn] [s: 20] [us: 235066]
[INFO] [Regular_callback32]: [PID: 3444827] [End] [s: 20] [us: 685672]
[INFO] [Regular_callback33]: [PID: 3444832] [Bgn] [s: 20] [us: 236496]
[INFO] [Regular_callback33]: [PID: 3444832] [End] [s: 20] [us: 688532]
[INFO] [Regular_callback34]: [PID: 3444839] [Bgn] [s: 20] [us: 236812]
[INFO] [Regular_callback34]: [PID: 3444839] [End] [s: 20] [us: 688780]
[INFO] [Regular_callback35]: [PID: 3444840] [Bgn] [s: 20] [us: 237003]
[INFO] [Regular_callback35]: [PID: 3444840] [End] [s: 20] [us: 689089]
[INFO] [Regular_callback36]: [PID: 3444835] [Bgn] [s: 20] [us: 237183]
[INFO] [Regular_callback36]: [PID: 3444835] [End] [s: 20] [us: 689281]
[INFO] [Regular_callback37]: [PID: 3444834] [Bgn] [s: 20] [us: 237351]
[INFO] [Regular_callback37]: [PID: 3444834] [End] [s: 20] [us: 689407]
[Blocking] [PID: 3444833] [s: 1] [us: 381817]
[Blocking] [PID: 3444829] [s: 1] [us: 352857]
[INFO] [Timer_callback1]: [PID: 3444837] [Bgn] [s: 21] [us: 682768]
[INFO] [Timer_callback1]: [PID: 3444837] [End] [s: 21] [us: 783128]
[Blocking] [PID: 3444721] [s: 1] [us: 483895]
[Blocking] [PID: 3444827] [s: 1] [us: 98195]
[Blocking] [PID: 3444831] [s: 1] [us: 482794]
[Blocking] [PID: 3444832] [s: 1] [us: 95533]
[Blocking] [PID: 3444836] [s: 1] [us: 484125]
[Blocking] [PID: 3444839] [s: 1] [us: 96155]
[Blocking] [PID: 3444840] [s: 1] [us: 96019]
[Blocking] [PID: 3444828] [s: 1] [us: 538315]
[INFO] [Timer_callback2]: [PID: 3444833] [Bgn] [s: 21] [us: 746528]
[INFO] [Timer_callback2]: [PID: 3444833] [End] [s: 21] [us: 847639]
[Blocking] [PID: 3444835] [s: 1] [us: 159154]
[Blocking] [PID: 3444834] [s: 1] [us: 159225]
[Blocking] [PID: 3444830] [s: 1] [us: 548437]
[Blocking] [PID: 3444838] [s: 1] [us: 547648]
[INFO] [Timer_callback3]: [PID: 3444840] [Bgn] [s: 21] [us: 839569]
[INFO] [Timer_callback3]: [PID: 3444840] [End] [s: 21] [us: 940466]
[INFO] [Regular_callback14]: [PID: 3444827] [Bgn] [s: 21] [us: 784053]
[INFO] [Regular_callback14]: [PID: 3444827] [End] [s: 22] [us: 234668]
[INFO] [Regular_callback11]: [PID: 3444829] [Bgn] [s: 21] [us: 783841]
[INFO] [Regular_callback11]: [PID: 3444829] [End] [s: 22] [us: 235829]
[INFO] [Regular_callback13]: [PID: 3444721] [Bgn] [s: 21] [us: 783978]
[INFO] [Regular_callback13]: [PID: 3444721] [End] [s: 22] [us: 236050]
[INFO] [Regular_callback17]: [PID: 3444831] [Bgn] [s: 21] [us: 784228]
[INFO] [Regular_callback17]: [PID: 3444831] [End] [s: 22] [us: 236288]
[INFO] [Regular_callback15]: [PID: 3444836] [Bgn] [s: 21] [us: 785116]
[INFO] [Regular_callback15]: [PID: 3444836] [End] [s: 22] [us: 236731]
[INFO] [Regular_callback16]: [PID: 3444839] [Bgn] [s: 21] [us: 785257]
[INFO] [Regular_callback16]: [PID: 3444839] [End] [s: 22] [us: 236836]
[INFO] [Regular_callback12]: [PID: 3444832] [Bgn] [s: 21] [us: 784941]
[INFO] [Regular_callback12]: [PID: 3444832] [End] [s: 22] [us: 236995]
[INFO] [Regular_callback25]: [PID: 3444837] [Bgn] [s: 21] [us: 849165]
[INFO] [Regular_callback25]: [PID: 3444837] [End] [s: 22] [us: 299772]
[INFO] [Regular_callback24]: [PID: 3444830] [Bgn] [s: 21] [us: 849073]
[INFO] [Regular_callback24]: [PID: 3444830] [End] [s: 22] [us: 300539]
[INFO] [Regular_callback21]: [PID: 3444828] [Bgn] [s: 21] [us: 848588]
[INFO] [Regular_callback21]: [PID: 3444828] [End] [s: 22] [us: 300613]
[INFO] [Regular_callback22]: [PID: 3444835] [Bgn] [s: 21] [us: 848782]
[INFO] [Regular_callback22]: [PID: 3444835] [End] [s: 22] [us: 300865]
[INFO] [Regular_callback23]: [PID: 3444834] [Bgn] [s: 21] [us: 848933]
[INFO] [Regular_callback23]: [PID: 3444834] [End] [s: 22] [us: 300941]
[INFO] [Regular_callback26]: [PID: 3444838] [Bgn] [s: 21] [us: 849344]
[INFO] [Regular_callback26]: [PID: 3444838] [End] [s: 22] [us: 301440]
[INFO] [Regular_callback27]: [PID: 3444833] [Bgn] [s: 21] [us: 849573]
[INFO] [Regular_callback27]: [PID: 3444833] [End] [s: 22] [us: 301636]
[INFO] [Regular_callback31]: [PID: 3444840] [Bgn] [s: 21] [us: 941184]
[INFO] [Regular_callback31]: [PID: 3444840] [End] [s: 22] [us: 393251]
[INFO] [Regular_callback32]: [PID: 3444827] [Bgn] [s: 22] [us: 234879]
[INFO] [Regular_callback32]: [PID: 3444827] [End] [s: 22] [us: 685490]
[INFO] [Regular_callback33]: [PID: 3444829] [Bgn] [s: 22] [us: 236183]
[INFO] [Regular_callback33]: [PID: 3444829] [End] [s: 22] [us: 688260]
[INFO] [Regular_callback34]: [PID: 3444721] [Bgn] [s: 22] [us: 236366]
[INFO] [Regular_callback34]: [PID: 3444721] [End] [s: 22] [us: 688341]
[INFO] [Regular_callback35]: [PID: 3444831] [Bgn] [s: 22] [us: 236619]
[INFO] [Regular_callback35]: [PID: 3444831] [End] [s: 22] [us: 688436]
[INFO] [Regular_callback36]: [PID: 3444836] [Bgn] [s: 22] [us: 237028]
[INFO] [Regular_callback36]: [PID: 3444836] [End] [s: 22] [us: 688760]
[INFO] [Regular_callback37]: [PID: 3444839] [Bgn] [s: 22] [us: 237221]
[INFO] [Regular_callback37]: [PID: 3444839] [End] [s: 22] [us: 688955]
[Blocking] [PID: 3444833] [s: 1] [us: 381050]
[Blocking] [PID: 3444835] [s: 1] [us: 445533]
[INFO] [Timer_callback1]: [PID: 3444837] [Bgn] [s: 23] [us: 682734]
[INFO] [Timer_callback1]: [PID: 3444837] [End] [s: 23] [us: 783085]
[Blocking] [PID: 3444840] [s: 1] [us: 390361]
[Blocking] [PID: 3444834] [s: 1] [us: 482833]
[Blocking] [PID: 3444827] [s: 1] [us: 98489]
[Blocking] [PID: 3444832] [s: 1] [us: 484144]
[Blocking] [PID: 3444829] [s: 1] [us: 96483]
[Blocking] [PID: 3444721] [s: 1] [us: 96543]
[Blocking] [PID: 3444828] [s: 1] [us: 484417]
[Blocking] [PID: 3444831] [s: 1] [us: 151033]
[INFO] [Timer_callback2]: [PID: 3444833] [Bgn] [s: 23] [us: 746494]
[INFO] [Timer_callback2]: [PID: 3444833] [End] [s: 23] [us: 847491]
[Blocking] [PID: 3444836] [s: 1] [us: 159545]
[Blocking] [PID: 3444839] [s: 1] [us: 159628]
[Blocking] [PID: 3444830] [s: 1] [us: 548242]
[Blocking] [PID: 3444838] [s: 1] [us: 547584]
[INFO] [Timer_callback3]: [PID: 3444828] [Bgn] [s: 23] [us: 839528]
[INFO] [Timer_callback3]: [PID: 3444828] [End] [s: 23] [us: 940413]
[INFO] [Regular_callback17]: [PID: 3444827] [Bgn] [s: 23] [us: 784146]
[INFO] [Regular_callback17]: [PID: 3444827] [End] [s: 24] [us: 234769]
[INFO] [Regular_callback11]: [PID: 3444835] [Bgn] [s: 23] [us: 783770]
[INFO] [Regular_callback11]: [PID: 3444835] [End] [s: 24] [us: 235800]
[INFO] [Regular_callback13]: [PID: 3444840] [Bgn] [s: 23] [us: 783978]
[INFO] [Regular_callback13]: [PID: 3444840] [End] [s: 24] [us: 235951]
[INFO] [Regular_callback15]: [PID: 3444834] [Bgn] [s: 23] [us: 784082]
[INFO] [Regular_callback15]: [PID: 3444834] [End] [s: 24] [us: 236116]
[INFO] [Regular_callback14]: [PID: 3444829] [Bgn] [s: 23] [us: 785030]
[INFO] [Regular_callback14]: [PID: 3444829] [End] [s: 24] [us: 236674]
[INFO] [Regular_callback12]: [PID: 3444832] [Bgn] [s: 23] [us: 784931]
[INFO] [Regular_callback12]: [PID: 3444832] [End] [s: 24] [us: 236953]
[INFO] [Regular_callback16]: [PID: 3444721] [Bgn] [s: 23] [us: 785168]
[INFO] [Regular_callback16]: [PID: 3444721] [End] [s: 24] [us: 237184]
[INFO] [Regular_callback25]: [PID: 3444837] [Bgn] [s: 23] [us: 849153]
[INFO] [Regular_callback25]: [PID: 3444837] [End] [s: 24] [us: 299768]
[INFO] [Regular_callback21]: [PID: 3444831] [Bgn] [s: 23] [us: 848461]
[INFO] [Regular_callback21]: [PID: 3444831] [End] [s: 24] [us: 300288]
[INFO] [Regular_callback22]: [PID: 3444836] [Bgn] [s: 23] [us: 848698]
[INFO] [Regular_callback22]: [PID: 3444836] [End] [s: 24] [us: 300538]
[INFO] [Regular_callback24]: [PID: 3444830] [Bgn] [s: 23] [us: 849040]
[INFO] [Regular_callback24]: [PID: 3444830] [End] [s: 24] [us: 300694]
[INFO] [Regular_callback23]: [PID: 3444839] [Bgn] [s: 23] [us: 848883]
[INFO] [Regular_callback23]: [PID: 3444839] [End] [s: 24] [us: 300750]
[INFO] [Regular_callback26]: [PID: 3444838] [Bgn] [s: 23] [us: 849313]
[INFO] [Regular_callback26]: [PID: 3444838] [End] [s: 24] [us: 301074]
[INFO] [Regular_callback27]: [PID: 3444833] [Bgn] [s: 23] [us: 849499]
[INFO] [Regular_callback27]: [PID: 3444833] [End] [s: 24] [us: 301267]
[INFO] [Regular_callback31]: [PID: 3444828] [Bgn] [s: 23] [us: 941375]
[INFO] [Regular_callback31]: [PID: 3444828] [End] [s: 24] [us: 393460]
[INFO] [Regular_callback32]: [PID: 3444827] [Bgn] [s: 24] [us: 234982]
[INFO] [Regular_callback32]: [PID: 3444827] [End] [s: 24] [us: 685595]
[INFO] [Regular_callback33]: [PID: 3444835] [Bgn] [s: 24] [us: 236095]
[INFO] [Regular_callback33]: [PID: 3444835] [End] [s: 24] [us: 688144]
[INFO] [Regular_callback34]: [PID: 3444840] [Bgn] [s: 24] [us: 236315]
[INFO] [Regular_callback34]: [PID: 3444840] [End] [s: 24] [us: 688406]
[INFO] [Regular_callback35]: [PID: 3444834] [Bgn] [s: 24] [us: 236477]
[INFO] [Regular_callback35]: [PID: 3444834] [End] [s: 24] [us: 688512]
[INFO] [Regular_callback36]: [PID: 3444829] [Bgn] [s: 24] [us: 236994]
[INFO] [Regular_callback36]: [PID: 3444829] [End] [s: 24] [us: 688979]
[INFO] [Regular_callback37]: [PID: 3444832] [Bgn] [s: 24] [us: 237289]
[INFO] [Regular_callback37]: [PID: 3444832] [End] [s: 24] [us: 689337]
[Blocking] [PID: 3444828] [s: 1] [us: 289218]
[Blocking] [PID: 3444830] [s: 1] [us: 445799]
[INFO] [Timer_callback1]: [PID: 3444837] [Bgn] [s: 25] [us: 682730]
[INFO] [Timer_callback1]: [PID: 3444837] [End] [s: 25] [us: 783084]
[Blocking] [PID: 3444839] [s: 1] [us: 483309]
[Blocking] [PID: 3444835] [s: 1] [us: 95997]
[Blocking] [PID: 3444721] [s: 1] [us: 484341]
[Blocking] [PID: 3444840] [s: 1] [us: 96084]
[Blocking] [PID: 3444834] [s: 1] [us: 96135]
[Blocking] [PID: 3444838] [s: 1] [us: 483739]
[Blocking] [PID: 3444836] [s: 1] [us: 484367]
[Blocking] [PID: 3444829] [s: 1] [us: 150617]
[INFO] [Timer_callback2]: [PID: 3444828] [Bgn] [s: 25] [us: 746571]
[INFO] [Timer_callback2]: [PID: 3444828] [End] [s: 25] [us: 847510]
[Blocking] [PID: 3444832] [s: 1] [us: 159029]
[Blocking] [PID: 3444831] [s: 1] [us: 548195]
[Blocking] [PID: 3444827] [s: 1] [us: 163434]
[Blocking] [PID: 3444833] [s: 1] [us: 547880]
[INFO] [Timer_callback3]: [PID: 3444836] [Bgn] [s: 25] [us: 839613]
[INFO] [Timer_callback3]: [PID: 3444836] [End] [s: 25] [us: 940736]
[INFO] [Regular_callback11]: [PID: 3444830] [Bgn] [s: 25] [us: 784163]
[INFO] [Regular_callback11]: [PID: 3444830] [End] [s: 26] [us: 235827]
[INFO] [Regular_callback12]: [PID: 3444839] [Bgn] [s: 25] [us: 784308]
[INFO] [Regular_callback13]: [PID: 3444835] [Bgn] [s: 25] [us: 784441]
[INFO] [Regular_callback12]: [PID: 3444839] [End] [s: 26] [us: 236424]
[INFO] [Regular_callback13]: [PID: 3444835] [End] [s: 26] [us: 236470]
[INFO] [Regular_callback14]: [PID: 3444721] [Bgn] [s: 25] [us: 784558]
[INFO] [Regular_callback14]: [PID: 3444721] [End] [s: 26] [us: 236599]
[INFO] [Regular_callback15]: [PID: 3444840] [Bgn] [s: 25] [us: 784821]
[INFO] [Regular_callback15]: [PID: 3444840] [End] [s: 26] [us: 236888]
[INFO] [Regular_callback16]: [PID: 3444834] [Bgn] [s: 25] [us: 784949]
[INFO] [Regular_callback16]: [PID: 3444834] [End] [s: 26] [us: 236981]
[INFO] [Regular_callback17]: [PID: 3444838] [Bgn] [s: 25] [us: 785082]
[INFO] [Regular_callback17]: [PID: 3444838] [End] [s: 26] [us: 237157]
[INFO] [Regular_callback24]: [PID: 3444837] [Bgn] [s: 25] [us: 848923]
[INFO] [Regular_callback24]: [PID: 3444837] [End] [s: 26] [us: 299543]
[INFO] [Regular_callback26]: [PID: 3444827] [Bgn] [s: 25] [us: 849222]
[INFO] [Regular_callback26]: [PID: 3444827] [End] [s: 26] [us: 299836]
[INFO] [Regular_callback21]: [PID: 3444829] [Bgn] [s: 25] [us: 848450]
[INFO] [Regular_callback21]: [PID: 3444829] [End] [s: 26] [us: 300181]
[INFO] [Regular_callback22]: [PID: 3444832] [Bgn] [s: 25] [us: 848607]
[INFO] [Regular_callback22]: [PID: 3444832] [End] [s: 26] [us: 300545]
[INFO] [Regular_callback23]: [PID: 3444831] [Bgn] [s: 25] [us: 848820]
[INFO] [Regular_callback23]: [PID: 3444831] [End] [s: 26] [us: 300775]
[INFO] [Regular_callback25]: [PID: 3444828] [Bgn] [s: 25] [us: 849131]
[INFO] [Regular_callback25]: [PID: 3444828] [End] [s: 26] [us: 300915]
[INFO] [Regular_callback27]: [PID: 3444833] [Bgn] [s: 25] [us: 849438]
[INFO] [Regular_callback27]: [PID: 3444833] [End] [s: 26] [us: 301271]
[INFO] [Regular_callback31]: [PID: 3444836] [Bgn] [s: 25] [us: 941567]
[INFO] [Regular_callback31]: [PID: 3444836] [End] [s: 26] [us: 393552]
[INFO] [Regular_callback32]: [PID: 3444830] [Bgn] [s: 26] [us: 236177]
[INFO] [Regular_callback32]: [PID: 3444830] [End] [s: 26] [us: 688237]
[INFO] [Regular_callback33]: [PID: 3444839] [Bgn] [s: 26] [us: 236837]
[INFO] [Regular_callback33]: [PID: 3444839] [End] [s: 26] [us: 688931]
[INFO] [Regular_callback34]: [PID: 3444835] [Bgn] [s: 26] [us: 237013]
[INFO] [Regular_callback34]: [PID: 3444835] [End] [s: 26] [us: 689120]
[INFO] [Regular_callback36]: [PID: 3444840] [Bgn] [s: 26] [us: 237378]
[INFO] [Regular_callback35]: [PID: 3444721] [Bgn] [s: 26] [us: 237168]
[INFO] [Regular_callback36]: [PID: 3444840] [End] [s: 26] [us: 689263]
[INFO] [Regular_callback35]: [PID: 3444721] [End] [s: 26] [us: 689283]
[INFO] [Regular_callback37]: [PID: 3444834] [Bgn] [s: 26] [us: 237549]
[INFO] [Regular_callback37]: [PID: 3444834] [End] [s: 26] [us: 689602]
[Blocking] [PID: 3444833] [s: 1] [us: 381463]
[Blocking] [PID: 3444832] [s: 1] [us: 445865]
[INFO] [Timer_callback1]: [PID: 3444837] [Bgn] [s: 27] [us: 682730]
[INFO] [Timer_callback1]: [PID: 3444837] [End] [s: 27] [us: 783086]
[Blocking] [PID: 3444827] [s: 1] [us: 484210]
[Blocking] [PID: 3444830] [s: 1] [us: 95922]
[Blocking] [PID: 3444831] [s: 1] [us: 483518]
[Blocking] [PID: 3444839] [s: 1] [us: 95515]
[Blocking] [PID: 3444829] [s: 1] [us: 484405]
[Blocking] [PID: 3444835] [s: 1] [us: 95677]
[Blocking] [PID: 3444840] [s: 1] [us: 95658]
[Blocking] [PID: 3444721] [s: 1] [us: 150333]
[INFO] [Timer_callback2]: [PID: 3444833] [Bgn] [s: 27] [us: 746493]
[INFO] [Timer_callback2]: [PID: 3444833] [End] [s: 27] [us: 847487]
[Blocking] [PID: 3444834] [s: 1] [us: 158602]
[Blocking] [PID: 3444838] [s: 1] [us: 548509]
[Blocking] [PID: 3444828] [s: 1] [us: 547766]
[Blocking] [PID: 3444836] [s: 1] [us: 455255]
[INFO] [Timer_callback3]: [PID: 3444840] [Bgn] [s: 27] [us: 839621]
[INFO] [Timer_callback3]: [PID: 3444840] [End] [s: 27] [us: 940717]
[INFO] [Regular_callback12]: [PID: 3444827] [Bgn] [s: 27] [us: 784256]
[INFO] [Regular_callback12]: [PID: 3444827] [End] [s: 28] [us: 234868]
[INFO] [Regular_callback11]: [PID: 3444832] [Bgn] [s: 27] [us: 784130]
[INFO] [Regular_callback11]: [PID: 3444832] [End] [s: 28] [us: 236149]
[INFO] [Regular_callback13]: [PID: 3444830] [Bgn] [s: 27] [us: 784429]
[INFO] [Regular_callback13]: [PID: 3444830] [End] [s: 28] [us: 236512]
[INFO] [Regular_callback14]: [PID: 3444831] [Bgn] [s: 27] [us: 784596]
[INFO] [Regular_callback14]: [PID: 3444831] [End] [s: 28] [us: 236658]
[INFO] [Regular_callback15]: [PID: 3444839] [Bgn] [s: 27] [us: 784758]
[INFO] [Regular_callback15]: [PID: 3444839] [End] [s: 28] [us: 236738]
[INFO] [Regular_callback16]: [PID: 3444829] [Bgn] [s: 27] [us: 784945]
[INFO] [Regular_callback16]: [PID: 3444829] [End] [s: 28] [us: 237026]
[INFO] [Regular_callback17]: [PID: 3444835] [Bgn] [s: 27] [us: 785078]
[INFO] [Regular_callback17]: [PID: 3444835] [End] [s: 28] [us: 237093]
[INFO] [Regular_callback24]: [PID: 3444837] [Bgn] [s: 27] [us: 848765]
[INFO] [Regular_callback24]: [PID: 3444837] [End] [s: 28] [us: 299386]
[INFO] [Regular_callback22]: [PID: 3444834] [Bgn] [s: 27] [us: 848477]
[INFO] [Regular_callback22]: [PID: 3444834] [End] [s: 28] [us: 300212]
[INFO] [Regular_callback21]: [PID: 3444721] [Bgn] [s: 27] [us: 848360]
[INFO] [Regular_callback21]: [PID: 3444721] [End] [s: 28] [us: 300360]
[INFO] [Regular_callback23]: [PID: 3444838] [Bgn] [s: 27] [us: 848690]
[INFO] [Regular_callback23]: [PID: 3444838] [End] [s: 28] [us: 300745]
[INFO] [Regular_callback25]: [PID: 3444828] [Bgn] [s: 27] [us: 848998]
[INFO] [Regular_callback25]: [PID: 3444828] [End] [s: 28] [us: 301056]
[INFO] [Regular_callback26]: [PID: 3444836] [Bgn] [s: 27] [us: 849155]
[INFO] [Regular_callback27]: [PID: 3444833] [Bgn] [s: 27] [us: 849310]
[INFO] [Regular_callback27]: [PID: 3444833] [End] [s: 28] [us: 301142]
[INFO] [Regular_callback26]: [PID: 3444836] [End] [s: 28] [us: 301130]
[INFO] [Regular_callback31]: [PID: 3444840] [Bgn] [s: 27] [us: 941583]
[INFO] [Regular_callback31]: [PID: 3444840] [End] [s: 28] [us: 393617]
[INFO] [Regular_callback32]: [PID: 3444827] [Bgn] [s: 28] [us: 235083]
[INFO] [Regular_callback32]: [PID: 3444827] [End] [s: 28] [us: 685687]
[INFO] [Regular_callback33]: [PID: 3444832] [Bgn] [s: 28] [us: 236455]
[INFO] [Regular_callback33]: [PID: 3444832] [End] [s: 28] [us: 688495]
[INFO] [Regular_callback34]: [PID: 3444830] [Bgn] [s: 28] [us: 236870]
[INFO] [Regular_callback34]: [PID: 3444830] [End] [s: 28] [us: 688952]
[INFO] [Regular_callback35]: [PID: 3444831] [Bgn] [s: 28] [us: 237039]
[INFO] [Regular_callback35]: [PID: 3444831] [End] [s: 28] [us: 689120]
[INFO] [Regular_callback36]: [PID: 3444839] [Bgn] [s: 28] [us: 237213]
[INFO] [Regular_callback36]: [PID: 3444839] [End] [s: 28] [us: 689293]
[INFO] [Regular_callback37]: [PID: 3444829] [Bgn] [s: 28] [us: 237410]
[INFO] [Regular_callback37]: [PID: 3444829] [End] [s: 28] [us: 689398]
[Blocking] [PID: 3444834] [s: 1] [us: 382491]
[Blocking] [PID: 3444840] [s: 1] [us: 352838]
[INFO] [Timer_callback1]: [PID: 3444837] [Bgn] [s: 29] [us: 682724]
[INFO] [Timer_callback1]: [PID: 3444837] [End] [s: 29] [us: 783080]
[Blocking] [PID: 3444827] [s: 1] [us: 98393]
[Blocking] [PID: 3444835] [s: 1] [us: 484619]
[Blocking] [PID: 3444832] [s: 1] [us: 95853]
[Blocking] [PID: 3444828] [s: 1] [us: 483439]
[Blocking] [PID: 3444830] [s: 1] [us: 95711]
[Blocking] [PID: 3444833] [s: 1] [us: 483737]
[Blocking] [PID: 3444831] [s: 1] [us: 95861]
[Blocking] [PID: 3444839] [s: 1] [us: 150279]
[INFO] [Timer_callback2]: [PID: 3444834] [Bgn] [s: 29] [us: 746500]
[INFO] [Timer_callback2]: [PID: 3444834] [End] [s: 29] [us: 847464]
[Blocking] [PID: 3444836] [s: 1] [us: 546914]
[Blocking] [PID: 3444829] [s: 1] [us: 158957]
[Blocking] [PID: 3444721] [s: 1] [us: 548221]
[Blocking] [PID: 3444838] [s: 1] [us: 548346]
[INFO] [Timer_callback3]: [PID: 3444831] [Bgn] [s: 29] [us: 839558]
[INFO] [Timer_callback3]: [PID: 3444831] [End] [s: 29] [us: 940480]
[INFO] [Regular_callback12]: [PID: 3444827] [Bgn] [s: 29] [us: 784273]
[INFO] [Regular_callback12]: [PID: 3444827] [End] [s: 30] [us: 234896]
[INFO] [Regular_callback11]: [PID: 3444840] [Bgn] [s: 29] [us: 784189]
[INFO] [Regular_callback11]: [PID: 3444840] [End] [s: 30] [us: 236185]
[INFO] [Regular_callback13]: [PID: 3444835] [Bgn] [s: 29] [us: 784502]
[INFO] [Regular_callback13]: [PID: 3444835] [End] [s: 30] [us: 236525]
[INFO] [Regular_callback14]: [PID: 3444832] [Bgn] [s: 29] [us: 784666]
[INFO] [Regular_callback14]: [PID: 3444832] [End] [s: 30] [us: 236686]
[INFO] [Regular_callback15]: [PID: 3444828] [Bgn] [s: 29] [us: 784806]
[INFO] [Regular_callback15]: [PID: 3444828] [End] [s: 30] [us: 236884]
[INFO] [Regular_callback16]: [PID: 3444830] [Bgn] [s: 29] [us: 784969]
[INFO] [Regular_callback17]: [PID: 3444833] [Bgn] [s: 29] [us: 785105]
[INFO] [Regular_callback16]: [PID: 3444830] [End] [s: 30] [us: 236977]
[INFO] [Regular_callback17]: [PID: 3444833] [End] [s: 30] [us: 237000]
[INFO] [Regular_callback21]: [PID: 3444837] [Bgn] [s: 29] [us: 849191]
[INFO] [Regular_callback21]: [PID: 3444837] [End] [s: 30] [us: 299809]
[INFO] [Regular_callback22]: [PID: 3444839] [Bgn] [s: 29] [us: 848160]
[INFO] [Regular_callback22]: [PID: 3444839] [End] [s: 30] [us: 300153]
[INFO] [Regular_callback24]: [PID: 3444836] [Bgn] [s: 29] [us: 848384]
[INFO] [Regular_callback24]: [PID: 3444836] [End] [s: 30] [us: 300380]
[INFO] [Regular_callback26]: [PID: 3444829] [Bgn] [s: 29] [us: 848739]
[INFO] [Regular_callback27]: [PID: 3444721] [Bgn] [s: 29] [us: 848898]
[INFO] [Regular_callback26]: [PID: 3444829] [End] [s: 30] [us: 300833]
[INFO] [Regular_callback27]: [PID: 3444721] [End] [s: 30] [us: 300874]
[INFO] [Regular_callback25]: [PID: 3444834] [Bgn] [s: 29] [us: 849464]
[INFO] [Regular_callback25]: [PID: 3444834] [End] [s: 30] [us: 301240]
[INFO] [Regular_callback23]: [PID: 3444838] [Bgn] [s: 29] [us: 849383]
[INFO] [Regular_callback23]: [PID: 3444838] [End] [s: 30] [us: 301411]
[INFO] [Regular_callback31]: [PID: 3444831] [Bgn] [s: 29] [us: 941311]
[INFO] [Regular_callback31]: [PID: 3444831] [End] [s: 30] [us: 393414]
[INFO] [Regular_callback32]: [PID: 3444827] [Bgn] [s: 30] [us: 235100]
[INFO] [Regular_callback32]: [PID: 3444827] [End] [s: 30] [us: 685708]
[INFO] [Regular_callback33]: [PID: 3444840] [Bgn] [s: 30] [us: 236533]
[INFO] [Regular_callback33]: [PID: 3444840] [End] [s: 30] [us: 688629]
[INFO] [Regular_callback34]: [PID: 3444835] [Bgn] [s: 30] [us: 236845]
[INFO] [Regular_callback34]: [PID: 3444835] [End] [s: 30] [us: 688937]
[INFO] [Regular_callback35]: [PID: 3444832] [Bgn] [s: 30] [us: 237027]
[INFO] [Regular_callback35]: [PID: 3444832] [End] [s: 30] [us: 689079]
[INFO] [Regular_callback37]: [PID: 3444830] [Bgn] [s: 30] [us: 237346]
[INFO] [Regular_callback36]: [PID: 3444828] [Bgn] [s: 30] [us: 237196]
[INFO] [Regular_callback37]: [PID: 3444830] [End] [s: 30] [us: 689238]
[INFO] [Regular_callback36]: [PID: 3444828] [End] [s: 30] [us: 689260]
[Blocking] [PID: 3444838] [s: 1] [us: 381358]
[Blocking] [PID: 3444839] [s: 1] [us: 446280]
[INFO] [Timer_callback1]: [PID: 3444837] [Bgn] [s: 31] [us: 682773]
[INFO] [Timer_callback1]: [PID: 3444837] [End] [s: 31] [us: 783130]
[Blocking] [PID: 3444721] [s: 1] [us: 483234]
[Blocking] [PID: 3444827] [s: 1] [us: 98555]
[Blocking] [PID: 3444829] [s: 1] [us: 483551]
[Blocking] [PID: 3444840] [s: 1] [us: 95928]
[Blocking] [PID: 3444833] [s: 1] [us: 484859]
[Blocking] [PID: 3444835] [s: 1] [us: 96024]
[Blocking] [PID: 3444832] [s: 1] [us: 96065]
[Blocking] [PID: 3444834] [s: 1] [us: 538340]
[INFO] [Timer_callback2]: [PID: 3444838] [Bgn] [s: 31] [us: 746498]
[INFO] [Timer_callback2]: [PID: 3444838] [End] [s: 31] [us: 847498]
[Blocking] [PID: 3444828] [s: 1] [us: 159157]
[Blocking] [PID: 3444836] [s: 1] [us: 548289]
[Blocking] [PID: 3444831] [s: 1] [us: 455618]
[Blocking] [PID: 3444830] [s: 1] [us: 159981]
[INFO] [Timer_callback3]: [PID: 3444832] [Bgn] [s: 31] [us: 839558]
[INFO] [Timer_callback3]: [PID: 3444832] [End] [s: 31] [us: 940632]
[INFO] [Regular_callback13]: [PID: 3444827] [Bgn] [s: 31] [us: 784414]
[INFO] [Regular_callback13]: [PID: 3444827] [End] [s: 32] [us: 235044]
[INFO] [Regular_callback11]: [PID: 3444839] [Bgn] [s: 31] [us: 784236]
[INFO] [Regular_callback11]: [PID: 3444839] [End] [s: 32] [us: 236181]
[INFO] [Regular_callback12]: [PID: 3444721] [Bgn] [s: 31] [us: 784368]
[INFO] [Regular_callback12]: [PID: 3444721] [End] [s: 32] [us: 236443]
[INFO] [Regular_callback14]: [PID: 3444829] [Bgn] [s: 31] [us: 784754]
[INFO] [Regular_callback14]: [PID: 3444829] [End] [s: 32] [us: 236805]
[INFO] [Regular_callback15]: [PID: 3444840] [Bgn] [s: 31] [us: 784966]
[INFO] [Regular_callback15]: [PID: 3444840] [End] [s: 32] [us: 237022]
[INFO] [Regular_callback16]: [PID: 3444833] [Bgn] [s: 31] [us: 785095]
[INFO] [Regular_callback16]: [PID: 3444833] [End] [s: 32] [us: 237184]
[INFO] [Regular_callback17]: [PID: 3444835] [Bgn] [s: 31] [us: 785251]
[INFO] [Regular_callback17]: [PID: 3444835] [End] [s: 32] [us: 237383]
[INFO] [Regular_callback24]: [PID: 3444837] [Bgn] [s: 31] [us: 849036]
[INFO] [Regular_callback24]: [PID: 3444837] [End] [s: 32] [us: 299650]
[INFO] [Regular_callback21]: [PID: 3444834] [Bgn] [s: 31] [us: 848452]
[INFO] [Regular_callback21]: [PID: 3444834] [End] [s: 32] [us: 300347]
[INFO] [Regular_callback22]: [PID: 3444828] [Bgn] [s: 31] [us: 848771]
[INFO] [Regular_callback22]: [PID: 3444828] [End] [s: 32] [us: 300747]
[INFO] [Regular_callback23]: [PID: 3444836] [Bgn] [s: 31] [us: 848941]
[INFO] [Regular_callback23]: [PID: 3444836] [End] [s: 32] [us: 300912]
[INFO] [Regular_callback25]: [PID: 3444838] [Bgn] [s: 31] [us: 849208]
[INFO] [Regular_callback25]: [PID: 3444838] [End] [s: 32] [us: 301143]
[INFO] [Regular_callback26]: [PID: 3444831] [Bgn] [s: 31] [us: 849374]
[INFO] [Regular_callback26]: [PID: 3444831] [End] [s: 32] [us: 301412]
[INFO] [Regular_callback27]: [PID: 3444830] [Bgn] [s: 31] [us: 849567]
[INFO] [Regular_callback27]: [PID: 3444830] [End] [s: 32] [us: 301490]
[INFO] [Regular_callback31]: [PID: 3444832] [Bgn] [s: 31] [us: 941469]
[INFO] [Regular_callback31]: [PID: 3444832] [End] [s: 32] [us: 393486]
[INFO] [Regular_callback32]: [PID: 3444827] [Bgn] [s: 32] [us: 235257]
[INFO] [Regular_callback32]: [PID: 3444827] [End] [s: 32] [us: 685862]
[INFO] [Regular_callback35]: [PID: 3444839] [Bgn] [s: 32] [us: 236488]
[INFO] [Regular_callback35]: [PID: 3444839] [End] [s: 32] [us: 688457]
[INFO] [Regular_callback33]: [PID: 3444721] [Bgn] [s: 32] [us: 237126]
[INFO] [Regular_callback33]: [PID: 3444721] [End] [s: 32] [us: 689211]
[INFO] [Regular_callback36]: [PID: 3444840] [Bgn] [s: 32] [us: 237473]
[INFO] [Regular_callback36]: [PID: 3444840] [End] [s: 32] [us: 689373]
[INFO] [Regular_callback34]: [PID: 3444829] [Bgn] [s: 32] [us: 237324]
[INFO] [Regular_callback34]: [PID: 3444829] [End] [s: 32] [us: 689460]
[INFO] [Regular_callback37]: [PID: 3444833] [Bgn] [s: 32] [us: 237652]
[INFO] [Regular_callback37]: [PID: 3444833] [End] [s: 32] [us: 689669]
[Blocking] [PID: 3444836] [s: 1] [us: 381779]
[Blocking] [PID: 3444832] [s: 1] [us: 352877]
[INFO] [Timer_callback1]: [PID: 3444837] [Bgn] [s: 33] [us: 682735]
[INFO] [Timer_callback1]: [PID: 3444837] [End] [s: 33] [us: 783087]
[Blocking] [PID: 3444827] [s: 1] [us: 98116]
[Blocking] [PID: 3444838] [s: 1] [us: 483001]
[Blocking] [PID: 3444839] [s: 1] [us: 95810]
[Blocking] [PID: 3444828] [s: 1] [us: 483729]
[Blocking] [PID: 3444721] [s: 1] [us: 95426]
[Blocking] [PID: 3444840] [s: 1] [us: 95444]
[Blocking] [PID: 3444831] [s: 1] [us: 483581]
[Blocking] [PID: 3444829] [s: 1] [us: 150092]
[INFO] [Timer_callback2]: [PID: 3444836] [Bgn] [s: 33] [us: 746487]
[INFO] [Timer_callback2]: [PID: 3444836] [End] [s: 33] [us: 847570]
[Blocking] [PID: 3444833] [s: 1] [us: 158675]
[Blocking] [PID: 3444834] [s: 1] [us: 548153]
[Blocking] [PID: 3444835] [s: 1] [us: 549066]
[Blocking] [PID: 3444830] [s: 1] [us: 547649]
[INFO] [Timer_callback3]: [PID: 3444831] [Bgn] [s: 33] [us: 839571]
[INFO] [Timer_callback3]: [PID: 3444831] [End] [s: 33] [us: 940610]
[INFO] [Regular_callback12]: [PID: 3444827] [Bgn] [s: 33] [us: 784166]
[INFO] [Regular_callback12]: [PID: 3444827] [End] [s: 34] [us: 234777]
[INFO] [Regular_callback11]: [PID: 3444832] [Bgn] [s: 33] [us: 784086]
[INFO] [Regular_callback11]: [PID: 3444832] [End] [s: 34] [us: 236068]
[INFO] [Regular_callback14]: [PID: 3444839] [Bgn] [s: 33] [us: 784514]
[INFO] [Regular_callback14]: [PID: 3444839] [End] [s: 34] [us: 236380]
[INFO] [Regular_callback13]: [PID: 3444838] [Bgn] [s: 33] [us: 784421]
[INFO] [Regular_callback13]: [PID: 3444838] [End] [s: 34] [us: 236493]
[INFO] [Regular_callback15]: [PID: 3444828] [Bgn] [s: 33] [us: 784806]
[INFO] [Regular_callback15]: [PID: 3444828] [End] [s: 34] [us: 236907]
[INFO] [Regular_callback16]: [PID: 3444721] [Bgn] [s: 33] [us: 784983]
[INFO] [Regular_callback16]: [PID: 3444721] [End] [s: 34] [us: 237077]
[INFO] [Regular_callback17]: [PID: 3444840] [Bgn] [s: 33] [us: 785135]
[INFO] [Regular_callback17]: [PID: 3444840] [End] [s: 34] [us: 237185]
[INFO] [Regular_callback24]: [PID: 3444837] [Bgn] [s: 33] [us: 848919]
[INFO] [Regular_callback24]: [PID: 3444837] [End] [s: 34] [us: 299542]
[INFO] [Regular_callback21]: [PID: 3444829] [Bgn] [s: 33] [us: 848492]
[INFO] [Regular_callback21]: [PID: 3444829] [End] [s: 34] [us: 300378]
[INFO] [Regular_callback22]: [PID: 3444833] [Bgn] [s: 33] [us: 848655]
[INFO] [Regular_callback23]: [PID: 3444834] [Bgn] [s: 33] [us: 848801]
[INFO] [Regular_callback22]: [PID: 3444833] [End] [s: 34] [us: 300539]
[INFO] [Regular_callback23]: [PID: 3444834] [End] [s: 34] [us: 300699]
[INFO] [Regular_callback25]: [PID: 3444836] [Bgn] [s: 33] [us: 849072]
[INFO] [Regular_callback25]: [PID: 3444836] [End] [s: 34] [us: 300888]
[INFO] [Regular_callback27]: [PID: 3444830] [Bgn] [s: 33] [us: 849362]
[INFO] [Regular_callback27]: [PID: 3444830] [End] [s: 34] [us: 301175]
[INFO] [Regular_callback26]: [PID: 3444835] [Bgn] [s: 33] [us: 849239]
[INFO] [Regular_callback26]: [PID: 3444835] [End] [s: 34] [us: 301293]
[INFO] [Regular_callback35]: [PID: 3444831] [Bgn] [s: 33] [us: 941398]
[INFO] [Regular_callback35]: [PID: 3444831] [End] [s: 34] [us: 393122]
[INFO] [Regular_callback36]: [PID: 3444827] [Bgn] [s: 34] [us: 234986]
[INFO] [Regular_callback36]: [PID: 3444827] [End] [s: 34] [us: 685600]
[INFO] [Regular_callback31]: [PID: 3444832] [Bgn] [s: 34] [us: 236775]
[INFO] [Regular_callback31]: [PID: 3444832] [End] [s: 34] [us: 688794]
[INFO] [Regular_callback32]: [PID: 3444839] [Bgn] [s: 34] [us: 236951]
[INFO] [Regular_callback32]: [PID: 3444839] [End] [s: 34] [us: 689051]
[INFO] [Regular_callback33]: [PID: 3444838] [Bgn] [s: 34] [us: 237122]
[INFO] [Regular_callback33]: [PID: 3444838] [End] [s: 34] [us: 689198]
[INFO] [Regular_callback34]: [PID: 3444828] [Bgn] [s: 34] [us: 237337]
[INFO] [Regular_callback34]: [PID: 3444828] [End] [s: 34] [us: 689380]
[INFO] [Regular_callback37]: [PID: 3444840] [Bgn] [s: 34] [us: 237466]
[INFO] [Regular_callback37]: [PID: 3444840] [End] [s: 34] [us: 689456]
[Blocking] [PID: 3444829] [s: 1] [us: 382334]
[Blocking] [PID: 3444831] [s: 1] [us: 353343]
[INFO] [Timer_callback1]: [PID: 3444837] [Bgn] [s: 35] [us: 682733]
[INFO] [Timer_callback1]: [PID: 3444837] [End] [s: 35] [us: 783087]
[Blocking] [PID: 3444827] [s: 1] [us: 98485]
[Blocking] [PID: 3444721] [s: 1] [us: 484296]
[Blocking] [PID: 3444832] [s: 1] [us: 95456]
[Blocking] [PID: 3444833] [s: 1] [us: 483723]
[Blocking] [PID: 3444839] [s: 1] [us: 95507]
[Blocking] [PID: 3444838] [s: 1] [us: 95525]
[Blocking] [PID: 3444830] [s: 1] [us: 483710]
[Blocking] [PID: 3444828] [s: 1] [us: 150112]
[INFO] [Timer_callback2]: [PID: 3444829] [Bgn] [s: 35] [us: 746570]
[INFO] [Timer_callback2]: [PID: 3444829] [End] [s: 35] [us: 847685]
[Blocking] [PID: 3444840] [s: 1] [us: 158732]
[Blocking] [PID: 3444834] [s: 1] [us: 548147]
[Blocking] [PID: 3444835] [s: 1] [us: 547724]
[Blocking] [PID: 3444836] [s: 1] [us: 548541]
[INFO] [Timer_callback3]: [PID: 3444830] [Bgn] [s: 35] [us: 839588]
[INFO] [Timer_callback3]: [PID: 3444830] [End] [s: 35] [us: 940636]
[INFO] [Regular_callback12]: [PID: 3444827] [Bgn] [s: 35] [us: 784253]
[INFO] [Regular_callback12]: [PID: 3444827] [End] [s: 36] [us: 234864]
[INFO] [Regular_callback11]: [PID: 3444831] [Bgn] [s: 35] [us: 784190]
[INFO] [Regular_callback11]: [PID: 3444831] [End] [s: 36] [us: 236091]
[INFO] [Regular_callback13]: [PID: 3444721] [Bgn] [s: 35] [us: 784389]
[INFO] [Regular_callback13]: [PID: 3444721] [End] [s: 36] [us: 236306]
[INFO] [Regular_callback14]: [PID: 3444832] [Bgn] [s: 35] [us: 784518]
[INFO] [Regular_callback15]: [PID: 3444833] [Bgn] [s: 35] [us: 784713]
[INFO] [Regular_callback14]: [PID: 3444832] [End] [s: 36] [us: 236536]
[INFO] [Regular_callback15]: [PID: 3444833] [End] [s: 36] [us: 236590]
[INFO] [Regular_callback16]: [PID: 3444839] [Bgn] [s: 35] [us: 784849]
[INFO] [Regular_callback16]: [PID: 3444839] [End] [s: 36] [us: 236793]
[INFO] [Regular_callback17]: [PID: 3444838] [Bgn] [s: 35] [us: 785013]
[INFO] [Regular_callback17]: [PID: 3444838] [End] [s: 36] [us: 236935]
[INFO] [Regular_callback24]: [PID: 3444837] [Bgn] [s: 35] [us: 849408]
[INFO] [Regular_callback24]: [PID: 3444837] [End] [s: 36] [us: 300019]
[INFO] [Regular_callback22]: [PID: 3444834] [Bgn] [s: 35] [us: 849142]
[INFO] [Regular_callback22]: [PID: 3444834] [End] [s: 36] [us: 301028]
[INFO] [Regular_callback21]: [PID: 3444840] [Bgn] [s: 35] [us: 848972]
[INFO] [Regular_callback21]: [PID: 3444840] [End] [s: 36] [us: 301077]
[INFO] [Regular_callback23]: [PID: 3444835] [Bgn] [s: 35] [us: 849334]
[INFO] [Regular_callback23]: [PID: 3444835] [End] [s: 36] [us: 301353]
[INFO] [Regular_callback25]: [PID: 3444828] [Bgn] [s: 35] [us: 849563]
[INFO] [Regular_callback26]: [PID: 3444836] [Bgn] [s: 35] [us: 849712]
[INFO] [Regular_callback25]: [PID: 3444828] [End] [s: 36] [us: 301507]
[INFO] [Regular_callback26]: [PID: 3444836] [End] [s: 36] [us: 301562]
[INFO] [Regular_callback27]: [PID: 3444829] [Bgn] [s: 35] [us: 849853]
[INFO] [Regular_callback27]: [PID: 3444829] [End] [s: 36] [us: 301898]
[INFO] [Regular_callback31]: [PID: 3444830] [Bgn] [s: 35] [us: 941425]
[INFO] [Regular_callback31]: [PID: 3444830] [End] [s: 36] [us: 392876]
[INFO] [Regular_callback32]: [PID: 3444827] [Bgn] [s: 36] [us: 235073]
[INFO] [Regular_callback32]: [PID: 3444827] [End] [s: 36] [us: 685688]
[INFO] [Regular_callback33]: [PID: 3444831] [Bgn] [s: 36] [us: 236495]
[INFO] [Regular_callback33]: [PID: 3444831] [End] [s: 36] [us: 688391]
[INFO] [Regular_callback34]: [PID: 3444721] [Bgn] [s: 36] [us: 236644]
[INFO] [Regular_callback34]: [PID: 3444721] [End] [s: 36] [us: 688618]
[INFO] [Regular_callback35]: [PID: 3444832] [Bgn] [s: 36] [us: 236864]
[INFO] [Regular_callback35]: [PID: 3444832] [End] [s: 36] [us: 688922]
[INFO] [Regular_callback36]: [PID: 3444833] [Bgn] [s: 36] [us: 237131]
[INFO] [Regular_callback37]: [PID: 3444839] [Bgn] [s: 36] [us: 237263]
[INFO] [Regular_callback36]: [PID: 3444833] [End] [s: 36] [us: 689069]
[INFO] [Regular_callback37]: [PID: 3444839] [End] [s: 36] [us: 689080]
[Blocking] [PID: 3444834] [s: 1] [us: 381723]
[Blocking] [PID: 3444830] [s: 1] [us: 353551]
[INFO] [Timer_callback1]: [PID: 3444837] [Bgn] [s: 37] [us: 682722]
[INFO] [Timer_callback1]: [PID: 3444837] [End] [s: 37] [us: 783081]
[Blocking] [PID: 3444827] [s: 1] [us: 98329]
[Blocking] [PID: 3444840] [s: 1] [us: 482998]
[Blocking] [PID: 3444831] [s: 1] [us: 95812]
[Blocking] [PID: 3444721] [s: 1] [us: 95787]
[Blocking] [PID: 3444828] [s: 1] [us: 483051]
[Blocking] [PID: 3444832] [s: 1] [us: 95949]
[Blocking] [PID: 3444836] [s: 1] [us: 483419]
[Blocking] [PID: 3444833] [s: 1] [us: 150575]
[INFO] [Timer_callback2]: [PID: 3444834] [Bgn] [s: 37] [us: 746527]
[INFO] [Timer_callback2]: [PID: 3444834] [End] [s: 37] [us: 847544]
[Blocking] [PID: 3444838] [s: 1] [us: 548162]
[Blocking] [PID: 3444829] [s: 1] [us: 546758]
[Blocking] [PID: 3444835] [s: 1] [us: 547813]
[Blocking] [PID: 3444839] [s: 1] [us: 160234]
[INFO] [Timer_callback3]: [PID: 3444836] [Bgn] [s: 37] [us: 839613]
[INFO] [Timer_callback3]: [PID: 3444836] [End] [s: 37] [us: 940743]
[INFO] [Regular_callback12]: [PID: 3444827] [Bgn] [s: 37] [us: 784224]
[INFO] [Regular_callback12]: [PID: 3444827] [End] [s: 38] [us: 234841]
[INFO] [Regular_callback11]: [PID: 3444830] [Bgn] [s: 37] [us: 784141]
[INFO] [Regular_callback11]: [PID: 3444830] [End] [s: 38] [us: 236139]
[INFO] [Regular_callback13]: [PID: 3444840] [Bgn] [s: 37] [us: 784412]
[INFO] [Regular_callback14]: [PID: 3444831] [Bgn] [s: 37] [us: 784579]
[INFO] [Regular_callback13]: [PID: 3444840] [End] [s: 38] [us: 236452]
[INFO] [Regular_callback14]: [PID: 3444831] [End] [s: 38] [us: 236497]
[INFO] [Regular_callback15]: [PID: 3444721] [Bgn] [s: 37] [us: 784704]
[INFO] [Regular_callback15]: [PID: 3444721] [End] [s: 38] [us: 236744]
[INFO] [Regular_callback17]: [PID: 3444832] [Bgn] [s: 37] [us: 785113]
[INFO] [Regular_callback16]: [PID: 3444828] [Bgn] [s: 37] [us: 784885]
[INFO] [Regular_callback17]: [PID: 3444832] [End] [s: 38] [us: 236962]
[INFO] [Regular_callback16]: [PID: 3444828] [End] [s: 38] [us: 236976]
[INFO] [Regular_callback24]: [PID: 3444837] [Bgn] [s: 37] [us: 849094]
[INFO] [Regular_callback24]: [PID: 3444837] [End] [s: 38] [us: 299717]
[INFO] [Regular_callback21]: [PID: 3444833] [Bgn] [s: 37] [us: 848486]
[INFO] [Regular_callback21]: [PID: 3444833] [End] [s: 38] [us: 300304]
[INFO] [Regular_callback22]: [PID: 3444838] [Bgn] [s: 37] [us: 848698]
[INFO] [Regular_callback22]: [PID: 3444838] [End] [s: 38] [us: 300742]
[INFO] [Regular_callback23]: [PID: 3444829] [Bgn] [s: 37] [us: 849004]
[INFO] [Regular_callback23]: [PID: 3444829] [End] [s: 38] [us: 301081]
[INFO] [Regular_callback25]: [PID: 3444834] [Bgn] [s: 37] [us: 849298]
[INFO] [Regular_callback25]: [PID: 3444834] [End] [s: 38] [us: 301286]
[INFO] [Regular_callback26]: [PID: 3444835] [Bgn] [s: 37] [us: 849468]
[INFO] [Regular_callback26]: [PID: 3444835] [End] [s: 38] [us: 301496]
[INFO] [Regular_callback27]: [PID: 3444839] [Bgn] [s: 37] [us: 849614]
[INFO] [Regular_callback27]: [PID: 3444839] [End] [s: 38] [us: 301626]
[INFO] [Regular_callback31]: [PID: 3444836] [Bgn] [s: 37] [us: 941579]
[INFO] [Regular_callback31]: [PID: 3444836] [End] [s: 38] [us: 393601]
[INFO] [Regular_callback33]: [PID: 3444827] [Bgn] [s: 38] [us: 235045]
[INFO] [Regular_callback33]: [PID: 3444827] [End] [s: 38] [us: 685667]
[INFO] [Regular_callback34]: [PID: 3444830] [Bgn] [s: 38] [us: 236471]
[INFO] [Regular_callback34]: [PID: 3444830] [End] [s: 38] [us: 688453]
[INFO] [Regular_callback35]: [PID: 3444840] [Bgn] [s: 38] [us: 236819]
[INFO] [Regular_callback35]: [PID: 3444840] [End] [s: 38] [us: 688888]
[INFO] [Regular_callback32]: [PID: 3444831] [Bgn] [s: 38] [us: 237370]
[INFO] [Regular_callback32]: [PID: 3444831] [End] [s: 38] [us: 689405]
[INFO] [Regular_callback36]: [PID: 3444721] [Bgn] [s: 38] [us: 237545]
[INFO] [Regular_callback36]: [PID: 3444721] [End] [s: 38] [us: 689516]
[INFO] [Regular_callback37]: [PID: 3444832] [Bgn] [s: 38] [us: 237708]
[INFO] [Regular_callback37]: [PID: 3444832] [End] [s: 38] [us: 689689]
[Blocking] [PID: 3444829] [s: 1] [us: 381634]
[Blocking] [PID: 3444836] [s: 1] [us: 352957]
[INFO] [Timer_callback1]: [PID: 3444837] [Bgn] [s: 39] [us: 682729]
[INFO] [Timer_callback1]: [PID: 3444837] [End] [s: 39] [us: 783080]
[Blocking] [PID: 3444827] [s: 1] [us: 98551]
[Blocking] [PID: 3444834] [s: 1] [us: 483113]
[Blocking] [PID: 3444830] [s: 1] [us: 95994]
[Blocking] [PID: 3444838] [s: 1] [us: 483967]
[Blocking] [PID: 3444840] [s: 1] [us: 95902]
[Blocking] [PID: 3444835] [s: 1] [us: 483482]
[Blocking] [PID: 3444831] [s: 1] [us: 95700]
[Blocking] [PID: 3444833] [s: 1] [us: 539254]
[INFO] [Timer_callback2]: [PID: 3444829] [Bgn] [s: 39] [us: 746566]
[INFO] [Timer_callback2]: [PID: 3444829] [End] [s: 39] [us: 847679]
[Blocking] [PID: 3444832] [s: 1] [us: 158821]
[Blocking] [PID: 3444839] [s: 1] [us: 547070]
[Blocking] [PID: 3444721] [s: 1] [us: 159481]
[Blocking] [PID: 3444828] [s: 1] [us: 549108]
[INFO] [Timer_callback3]: [PID: 3444831] [Bgn] [s: 39] [us: 839591]
[INFO] [Timer_callback3]: [PID: 3444831] [End] [s: 39] [us: 940675]
[INFO] [Regular_callback12]: [PID: 3444827] [Bgn] [s: 39] [us: 784391]
[INFO] [Regular_callback12]: [PID: 3444827] [End] [s: 40] [us: 235004]
[INFO] [Regular_callback11]: [PID: 3444836] [Bgn] [s: 39] [us: 784323]
[INFO] [Regular_callback11]: [PID: 3444836] [End] [s: 40] [us: 236374]
[INFO] [Regular_callback13]: [PID: 3444834] [Bgn] [s: 39] [us: 784660]
[INFO] [Regular_callback13]: [PID: 3444834] [End] [s: 40] [us: 236738]
[INFO] [Regular_callback14]: [PID: 3444830] [Bgn] [s: 39] [us: 784820]
[INFO] [Regular_callback14]: [PID: 3444830] [End] [s: 40] [us: 236846]
[INFO] [Regular_callback15]: [PID: 3444838] [Bgn] [s: 39] [us: 784960]
[INFO] [Regular_callback15]: [PID: 3444838] [End] [s: 40] [us: 237051]
[INFO] [Regular_callback16]: [PID: 3444840] [Bgn] [s: 39] [us: 785139]
[INFO] [Regular_callback16]: [PID: 3444840] [End] [s: 40] [us: 237257]
[INFO] [Regular_callback17]: [PID: 3444835] [Bgn] [s: 39] [us: 785262]
[INFO] [Regular_callback17]: [PID: 3444835] [End] [s: 40] [us: 237343]
[INFO] [Regular_callback24]: [PID: 3444837] [Bgn] [s: 39] [us: 849097]
[INFO] [Regular_callback24]: [PID: 3444837] [End] [s: 40] [us: 299712]
[INFO] [Regular_callback22]: [PID: 3444832] [Bgn] [s: 39] [us: 848851]
[INFO] [Regular_callback22]: [PID: 3444832] [End] [s: 40] [us: 300450]
[INFO] [Regular_callback21]: [PID: 3444833] [Bgn] [s: 39] [us: 848653]
[INFO] [Regular_callback21]: [PID: 3444833] [End] [s: 40] [us: 300503]
[INFO] [Regular_callback23]: [PID: 3444839] [Bgn] [s: 39] [us: 849011]
[INFO] [Regular_callback23]: [PID: 3444839] [End] [s: 40] [us: 300990]
[INFO] [Regular_callback25]: [PID: 3444721] [Bgn] [s: 39] [us: 849298]
[INFO] [Regular_callback25]: [PID: 3444721] [End] [s: 40] [us: 301385]
[INFO] [Regular_callback26]: [PID: 3444828] [Bgn] [s: 39] [us: 849482]
[INFO] [Regular_callback26]: [PID: 3444828] [End] [s: 40] [us: 301539]
[INFO] [Regular_callback27]: [PID: 3444829] [Bgn] [s: 39] [us: 849602]
[INFO] [Regular_callback27]: [PID: 3444829] [End] [s: 40] [us: 301599]
[INFO] [Regular_callback31]: [PID: 3444831] [Bgn] [s: 39] [us: 941569]
[INFO] [Regular_callback31]: [PID: 3444831] [End] [s: 40] [us: 393642]
[INFO] [Regular_callback32]: [PID: 3444827] [Bgn] [s: 40] [us: 235208]
[INFO] [Regular_callback32]: [PID: 3444827] [End] [s: 40] [us: 685810]
[INFO] [Regular_callback33]: [PID: 3444836] [Bgn] [s: 40] [us: 236696]
[INFO] [Regular_callback33]: [PID: 3444836] [End] [s: 40] [us: 688794]
[INFO] [Regular_callback34]: [PID: 3444834] [Bgn] [s: 40] [us: 237057]
[INFO] [Regular_callback34]: [PID: 3444834] [End] [s: 40] [us: 689145]
[INFO] [Regular_callback35]: [PID: 3444830] [Bgn] [s: 40] [us: 237297]
[INFO] [Regular_callback35]: [PID: 3444830] [End] [s: 40] [us: 689367]
[INFO] [Regular_callback36]: [PID: 3444838] [Bgn] [s: 40] [us: 237456]
[INFO] [Regular_callback36]: [PID: 3444838] [End] [s: 40] [us: 689524]
[INFO] [Regular_callback37]: [PID: 3444840] [Bgn] [s: 40] [us: 237660]
[INFO] [Regular_callback37]: [PID: 3444840] [End] [s: 40] [us: 689626]
[Blocking] [PID: 3444829] [s: 1] [us: 381301]
[Blocking] [PID: 3444832] [s: 1] [us: 446147]