[Blocking] [PID: 3444553] [s: 1] [us: 695269]
[Blocking] [PID: 3444449] [s: 1] [us: 755906]
[INFO] [Timer_callback1]: [PID: 3444551] [Bgn] [s: 1] [us: 695551]
[INFO] [Timer_callback1]: [PID: 3444551] [End] [s: 1] [us: 796729]
[Blocking] [PID: 3444558] [s: 1] [us: 796925]
[Blocking] [PID: 3444561] [s: 1] [us: 796970]
[Blocking] [PID: 3444557] [s: 1] [us: 797103]
[Blocking] [PID: 3444562] [s: 1] [us: 797009]
[Blocking] [PID: 3444559] [s: 1] [us: 797177]
[Blocking] [PID: 3444552] [s: 1] [us: 797424]
[INFO] [Timer_callback2]: [PID: 3444553] [Bgn] [s: 1] [us: 756903]
[INFO] [Timer_callback2]: [PID: 3444553] [End] [s: 1] [us: 857963]
[Blocking] [PID: 3444560] [s: 1] [us: 857954]
[Blocking] [PID: 3444549] [s: 1] [us: 857987]
[Blocking] [PID: 3444550] [s: 1] [us: 857607]
[Blocking] [PID: 3444555] [s: 1] [us: 858515]
[INFO] [Timer_callback3]: [PID: 3444551] [Bgn] [s: 1] [us: 850247]
[INFO] [Timer_callback3]: [PID: 3444551] [End] [s: 1] [us: 951352]
[INFO] [Regular_callback12]: [PID: 3444554] [Bgn] [s: 1] [us: 797566]
[INFO] [Regular_callback11]: [PID: 3444449] [Bgn] [s: 1] [us: 797565]
[INFO] [Regular_callback15]: [PID: 3444556] [Bgn] [s: 1] [us: 797588]
[INFO] [Regular_callback13]: [PID: 3444558] [Bgn] [s: 1] [us: 797604]
[INFO] [Regular_callback12]: [PID: 3444554] [End] [s: 2] [us: 249556]
[INFO] [Regular_callback15]: [PID: 3444556] [End] [s: 2] [us: 249616]
[INFO] [Regular_callback14]: [PID: 3444561] [Bgn] [s: 1] [us: 797681]
[INFO] [Regular_callback11]: [PID: 3444449] [End] [s: 2] [us: 249603]
[INFO] [Regular_callback13]: [PID: 3444558] [End] [s: 2] [us: 249616]
[INFO] [Regular_callback16]: [PID: 3444557] [Bgn] [s: 1] [us: 797747]
[INFO] [Regular_callback14]: [PID: 3444561] [End] [s: 2] [us: 249687]
[INFO] [Regular_callback16]: [PID: 3444557] [End] [s: 2] [us: 249722]
[INFO] [Regular_callback17]: [PID: 3444559] [Bgn] [s: 1] [us: 797901]
[INFO] [Regular_callback17]: [PID: 3444559] [End] [s: 2] [us: 249887]
[INFO] [Regular_callback24]: [PID: 3444555] [Bgn] [s: 1] [us: 859055]
[INFO] [Regular_callback24]: [PID: 3444555] [End] [s: 2] [us: 309681]
[INFO] [Regular_callback25]: [PID: 3444552] [Bgn] [s: 1] [us: 858550]
[INFO] [Regular_callback25]: [PID: 3444552] [End] [s: 2] [us: 310238]
[INFO] [Regular_callback22]: [PID: 3444562] [Bgn] [s: 1] [us: 858504]
[INFO] [Regular_callback27]: [PID: 3444560] [Bgn] [s: 1] [us: 858695]
[INFO] [Regular_callback22]: [PID: 3444562] [End] [s: 2] [us: 310545]
[INFO] [Regular_callback27]: [PID: 3444560] [End] [s: 2] [us: 310584]
[INFO] [Regular_callback21]: [PID: 3444553] [Bgn] [s: 1] [us: 858605]
[INFO] [Regular_callback21]: [PID: 3444553] [End] [s: 2] [us: 310678]
[INFO] [Regular_callback23]: [PID: 3444549] [Bgn] [s: 1] [us: 858971]
[INFO] [Regular_callback23]: [PID: 3444549] [End] [s: 2] [us: 310825]
[INFO] [Regular_callback26]: [PID: 3444550] [Bgn] [s: 1] [us: 858881]
[INFO] [Regular_callback26]: [PID: 3444550] [End] [s: 2] [us: 310880]
[INFO] [Regular_callback31]: [PID: 3444551] [Bgn] [s: 1] [us: 951899]
[INFO] [Regular_callback31]: [PID: 3444551] [End] [s: 2] [us: 404051]
[INFO] [Regular_callback36]: [PID: 3444557] [Bgn] [s: 2] [us: 250173]
[INFO] [Regular_callback36]: [PID: 3444557] [End] [s: 2] [us: 701743]
[Blocking] [PID: 3444550] [s: 0] [us: 391109]
[INFO] [Regular_callback35]: [PID: 3444556] [Bgn] [s: 2] [us: 250077]
[INFO] [Regular_callback33]: [PID: 3444558] [Bgn] [s: 2] [us: 250283]
[INFO] [Regular_callback37]: [PID: 3444559] [Bgn] [s: 2] [us: 250310]
[INFO] [Regular_callback35]: [PID: 3444556] [End] [s: 2] [us: 702126]
[INFO] [Regular_callback33]: [PID: 3444558] [End] [s: 2] [us: 702226]
[INFO] [Regular_callback37]: [PID: 3444559] [End] [s: 2] [us: 702248]
[INFO] [Regular_callback32]: [PID: 3444554] [Bgn] [s: 2] [us: 250197]
[INFO] [Regular_callback34]: [PID: 3444561] [Bgn] [s: 2] [us: 250372]
[INFO] [Regular_callback32]: [PID: 3444554] [End] [s: 2] [us: 702142]
[INFO] [Regular_callback34]: [PID: 3444561] [End] [s: 2] [us: 702367]
[Blocking] [PID: 3444551] [s: 1] [us: 291324]
[Blocking] [PID: 3444553] [s: 1] [us: 446198]
[INFO] [Timer_callback1]: [PID: 3444449] [Bgn] [s: 3] [us: 695406]
[INFO] [Timer_callback1]: [PID: 3444449] [End] [s: 3] [us: 796489]
[Blocking] [PID: 3444558] [s: 1] [us: 94730]
[Blocking] [PID: 3444552] [s: 1] [us: 95253]
[Blocking] [PID: 3444556] [s: 1] [us: 95146]
[Blocking] [PID: 3444549] [s: 1] [us: 486641]
[Blocking] [PID: 3444559] [s: 1] [us: 95315]
[Blocking] [PID: 3444554] [s: 1] [us: 95229]
[INFO] [Timer_callback2]: [PID: 3444551] [Bgn] [s: 3] [us: 756882]
[INFO] [Timer_callback2]: [PID: 3444551] [End] [s: 3] [us: 857989]
[Blocking] [PID: 3444560] [s: 1] [us: 548029]
[Blocking] [PID: 3444561] [s: 1] [us: 156300]
[Blocking] [PID: 3444562] [s: 1] [us: 548265]
[Blocking] [PID: 3444557] [s: 1] [us: 157074]
[INFO] [Timer_callback3]: [PID: 3444449] [Bgn] [s: 3] [us: 850169]
[INFO] [Timer_callback3]: [PID: 3444449] [End] [s: 3] [us: 951251]
[INFO] [Regular_callback13]: [PID: 3444555] [Bgn] [s: 3] [us: 797096]
[INFO] [Regular_callback13]: [PID: 3444555] [End] [s: 4] [us: 247742]
[INFO] [Regular_callback12]: [PID: 3444558] [Bgn] [s: 3] [us: 797485]
[INFO] [Regular_callback15]: [PID: 3444550] [Bgn] [s: 3] [us: 797356]
[INFO] [Regular_callback12]: [PID: 3444558] [End] [s: 4] [us: 249278]
[INFO] [Regular_callback15]: [PID: 3444550] [End] [s: 4] [us: 249306]
[INFO] [Regular_callback11]: [PID: 3444553] [Bgn] [s: 3] [us: 797387]
[INFO] [Regular_callback16]: [PID: 3444552] [Bgn] [s: 3] [us: 797484]
[INFO] [Regular_callback11]: [PID: 3444553] [End] [s: 4] [us: 249413]
[INFO] [Regular_callback17]: [PID: 3444556] [Bgn] [s: 3] [us: 797601]
[INFO] [Regular_callback16]: [PID: 3444552] [End] [s: 4] [us: 249415]
[INFO] [Regular_callback17]: [PID: 3444556] [End] [s: 4] [us: 249478]
[INFO] [Regular_callback14]: [PID: 3444549] [Bgn] [s: 3] [us: 797688]
[INFO] [Regular_callback14]: [PID: 3444549] [End] [s: 4] [us: 249715]
[INFO] [Regular_callback21]: [PID: 3444551] [Bgn] [s: 3] [us: 858609]
[INFO] [Regular_callback21]: [PID: 3444551] [End] [s: 4] [us: 310454]
[INFO] [Regular_callback26]: [PID: 3444559] [Bgn] [s: 3] [us: 858667]
[INFO] [Regular_callback22]: [PID: 3444554] [Bgn] [s: 3] [us: 858674]
[INFO] [Regular_callback26]: [PID: 3444559] [End] [s: 4] [us: 310556]
[INFO] [Regular_callback22]: [PID: 3444554] [End] [s: 4] [us: 310572]
[INFO] [Regular_callback27]: [PID: 3444560] [Bgn] [s: 3] [us: 858879]
[INFO] [Regular_callback27]: [PID: 3444560] [End] [s: 4] [us: 310815]
[INFO] [Regular_callback24]: [PID: 3444562] [Bgn] [s: 3] [us: 859078]
[INFO] [Regular_callback24]: [PID: 3444562] [End] [s: 4] [us: 310977]
[INFO] [Regular_callback23]: [PID: 3444561] [Bgn] [s: 3] [us: 858923]
[INFO] [Regular_callback23]: [PID: 3444561] [End] [s: 4] [us: 311012]
[INFO] [Regular_callback25]: [PID: 3444557] [Bgn] [s: 3] [us: 859277]
[INFO] [Regular_callback25]: [PID: 3444557] [End] [s: 4] [us: 311376]
[INFO] [Regular_callback31]: [PID: 3444449] [Bgn] [s: 3] [us: 951823]
[INFO] [Regular_callback31]: [PID: 3444449] [End] [s: 4] [us: 403896]
[INFO] [Regular_callback32]: [PID: 3444555] [Bgn] [s: 4] [us: 248018]
[INFO] [Regular_callback32]: [PID: 3444555] [End] [s: 4] [us: 698633]
[INFO] [Regular_callback33]: [PID: 3444558] [Bgn] [s: 4] [us: 249477]
[INFO] [Regular_callback33]: [PID: 3444558] [End] [s: 4] [us: 701348]
[INFO] [Regular_callback35]: [PID: 3444550] [Bgn] [s: 4] [us: 249722]
[INFO] [Regular_callback36]: [PID: 3444552] [Bgn] [s: 4] [us: 249822]
[INFO] [Regular_callback35]: [PID: 3444550] [End] [s: 4] [us: 701762]
[INFO] [Regular_callback37]: [PID: 3444556] [Bgn] [s: 4] [us: 249938]
[INFO] [Regular_callback36]: [PID: 3444552] [End] [s: 4] [us: 701780]
[INFO] [Regular_callback37]: [PID: 3444556] [End] [s: 4] [us: 701926]
[INFO] [Regular_callback34]: [PID: 3444549] [Bgn] [s: 4] [us: 249947]
[INFO] [Regular_callback34]: [PID: 3444549] [End] [s: 4] [us: 702000]
[Blocking] [PID: 3444449] [s: 1] [us: 291341]
[Blocking] [PID: 3444553] [s: 1] [us: 446243]
[INFO] [Timer_callback1]: [PID: 3444551] [Bgn] [s: 5] [us: 695382]
[INFO] [Timer_callback1]: [PID: 3444551] [End] [s: 5] [us: 796552]
[Blocking] [PID: 3444561] [s: 1] [us: 486247]
[Blocking] [PID: 3444550] [s: 1] [us: 95495]
[Blocking] [PID: 3444552] [s: 1] [us: 95554]
[Blocking] [PID: 3444558] [s: 1] [us: 96151]
[Blocking] [PID: 3444556] [s: 1] [us: 95623]
[Blocking] [PID: 3444562] [s: 1] [us: 486709]
[INFO] [Timer_callback2]: [PID: 3444449] [Bgn] [s: 5] [us: 756821]
[INFO] [Timer_callback2]: [PID: 3444449] [End] [s: 5] [us: 857902]
[Blocking] [PID: 3444557] [s: 1] [us: 546980]
[Blocking] [PID: 3444549] [s: 1] [us: 156416]
[Blocking] [PID: 3444560] [s: 1] [us: 547667]
[Blocking] [PID: 3444555] [s: 1] [us: 159944]
[INFO] [Timer_callback3]: [PID: 3444551] [Bgn] [s: 5] [us: 850229]
[INFO] [Timer_callback3]: [PID: 3444551] [End] [s: 5] [us: 951309]
[INFO] [Regular_callback11]: [PID: 3444553] [Bgn] [s: 5] [us: 797212]
[INFO] [Regular_callback11]: [PID: 3444553] [End] [s: 6] [us: 248933]
[INFO] [Regular_callback12]: [PID: 3444554] [Bgn] [s: 5] [us: 797324]
[INFO] [Regular_callback15]: [PID: 3444559] [Bgn] [s: 5] [us: 797324]
[INFO] [Regular_callback12]: [PID: 3444554] [End] [s: 6] [us: 249016]
[INFO] [Regular_callback15]: [PID: 3444559] [End] [s: 6] [us: 249026]
[INFO] [Regular_callback17]: [PID: 3444552] [Bgn] [s: 5] [us: 797668]
[INFO] [Regular_callback17]: [PID: 3444552] [End] [s: 6] [us: 249379]
[INFO] [Regular_callback13]: [PID: 3444561] [Bgn] [s: 5] [us: 797517]
[INFO] [Regular_callback13]: [PID: 3444561] [End] [s: 6] [us: 249469]
[INFO] [Regular_callback16]: [PID: 3444550] [Bgn] [s: 5] [us: 797564]
[INFO] [Regular_callback16]: [PID: 3444550] [End] [s: 6] [us: 249585]
[INFO] [Regular_callback14]: [PID: 3444558] [Bgn] [s: 5] [us: 797759]
[INFO] [Regular_callback14]: [PID: 3444558] [End] [s: 6] [us: 249716]
[INFO] [Regular_callback22]: [PID: 3444555] [Bgn] [s: 5] [us: 858825]
[INFO] [Regular_callback22]: [PID: 3444555] [End] [s: 6] [us: 309448]
[INFO] [Regular_callback26]: [PID: 3444556] [Bgn] [s: 5] [us: 858498]
[INFO] [Regular_callback26]: [PID: 3444556] [End] [s: 6] [us: 310168]
[INFO] [Regular_callback23]: [PID: 3444562] [Bgn] [s: 5] [us: 858598]
[INFO] [Regular_callback27]: [PID: 3444557] [Bgn] [s: 5] [us: 858618]
[INFO] [Regular_callback27]: [PID: 3444557] [End] [s: 6] [us: 310432]
[INFO] [Regular_callback23]: [PID: 3444562] [End] [s: 6] [us: 310416]
[INFO] [Regular_callback21]: [PID: 3444449] [Bgn] [s: 5] [us: 858589]
[INFO] [Regular_callback21]: [PID: 3444449] [End] [s: 6] [us: 310495]
[INFO] [Regular_callback24]: [PID: 3444549] [Bgn] [s: 5] [us: 858682]
[INFO] [Regular_callback24]: [PID: 3444549] [End] [s: 6] [us: 310598]
[INFO] [Regular_callback25]: [PID: 3444560] [Bgn] [s: 5] [us: 858895]
[INFO] [Regular_callback25]: [PID: 3444560] [End] [s: 6] [us: 310798]
[INFO] [Regular_callback31]: [PID: 3444551] [Bgn] [s: 5] [us: 951926]
[INFO] [Regular_callback31]: [PID: 3444551] [End] [s: 6] [us: 403976]
[INFO] [Regular_callback32]: [PID: 3444554] [Bgn] [s: 6] [us: 249508]
[INFO] [Regular_callback35]: [PID: 3444559] [Bgn] [s: 6] [us: 249508]
[INFO] [Regular_callback32]: [PID: 3444554] [End] [s: 6] [us: 701160]
[INFO] [Regular_callback35]: [PID: 3444559] [End] [s: 6] [us: 701160]
[INFO] [Regular_callback33]: [PID: 3444561] [Bgn] [s: 6] [us: 249700]
[INFO] [Regular_callback33]: [PID: 3444561] [End] [s: 6] [us: 701390]
[INFO] [Regular_callback36]: [PID: 3444552] [Bgn] [s: 6] [us: 249606]
[INFO] [Regular_callback36]: [PID: 3444552] [End] [s: 6] [us: 701514]
[INFO] [Regular_callback37]: [PID: 3444550] [Bgn] [s: 6] [us: 249815]
[INFO] [Regular_callback37]: [PID: 3444550] [End] [s: 6] [us: 701888]
[INFO] [Regular_callback34]: [PID: 3444558] [Bgn] [s: 6] [us: 249941]
[INFO] [Regular_callback34]: [PID: 3444558] [End] [s: 6] [us: 702010]
[Blocking] [PID: 3444551] [s: 1] [us: 291386]
[Blocking] [PID: 3444449] [s: 1] [us: 446237]
[INFO] [Timer_callback1]: [PID: 3444553] [Bgn] [s: 7] [us: 695355]
[INFO] [Timer_callback1]: [PID: 3444553] [End] [s: 7] [us: 796466]
[Blocking] [PID: 3444549] [s: 1] [us: 486381]
[Blocking] [PID: 3444552] [s: 1] [us: 95600]
[Blocking] [PID: 3444560] [s: 1] [us: 486439]
[Blocking] [PID: 3444561] [s: 1] [us: 95966]
[Blocking] [PID: 3444557] [s: 1] [us: 487024]
[Blocking] [PID: 3444562] [s: 1] [us: 487091]
[INFO] [Timer_callback2]: [PID: 3444551] [Bgn] [s: 7] [us: 756865]
[INFO] [Timer_callback2]: [PID: 3444551] [End] [s: 7] [us: 857970]
[Blocking] [PID: 3444550] [s: 1] [us: 156664]
[Blocking] [PID: 3444558] [s: 1] [us: 156646]
[Blocking] [PID: 3444559] [s: 1] [us: 157455]
[Blocking] [PID: 3444554] [s: 1] [us: 157511]
[INFO] [Timer_callback3]: [PID: 3444449] [Bgn] [s: 7] [us: 850158]
[INFO] [Timer_callback3]: [PID: 3444449] [End] [s: 7] [us: 951240]
[INFO] [Regular_callback14]: [PID: 3444555] [Bgn] [s: 7] [us: 797011]
[INFO] [Regular_callback14]: [PID: 3444555] [End] [s: 8] [us: 247643]
[INFO] [Regular_callback11]: [PID: 3444553] [Bgn] [s: 7] [us: 797203]
[INFO] [Regular_callback11]: [PID: 3444553] [End] [s: 8] [us: 249051]
[INFO] [Regular_callback15]: [PID: 3444556] [Bgn] [s: 7] [us: 797229]
[INFO] [Regular_callback16]: [PID: 3444552] [Bgn] [s: 7] [us: 797338]
[INFO] [Regular_callback15]: [PID: 3444556] [End] [s: 8] [us: 249177]
[INFO] [Regular_callback16]: [PID: 3444552] [End] [s: 8] [us: 249223]
[INFO] [Regular_callback17]: [PID: 3444560] [Bgn] [s: 7] [us: 797463]
[INFO] [Regular_callback17]: [PID: 3444560] [End] [s: 8] [us: 249341]
[INFO] [Regular_callback13]: [PID: 3444561] [Bgn] [s: 7] [us: 797597]
[INFO] [Regular_callback12]: [PID: 3444549] [Bgn] [s: 7] [us: 797489]
[INFO] [Regular_callback13]: [PID: 3444561] [End] [s: 8] [us: 249489]
[INFO] [Regular_callback12]: [PID: 3444549] [End] [s: 8] [us: 249487]
[INFO] [Regular_callback21]: [PID: 3444551] [Bgn] [s: 7] [us: 858568]
[INFO] [Regular_callback21]: [PID: 3444551] [End] [s: 8] [us: 310368]
[INFO] [Regular_callback23]: [PID: 3444558] [Bgn] [s: 7] [us: 858898]
[INFO] [Regular_callback26]: [PID: 3444557] [Bgn] [s: 7] [us: 858670]
[INFO] [Regular_callback23]: [PID: 3444558] [End] [s: 8] [us: 310678]
[INFO] [Regular_callback22]: [PID: 3444562] [Bgn] [s: 7] [us: 858673]
[INFO] [Regular_callback26]: [PID: 3444557] [End] [s: 8] [us: 310707]
[INFO] [Regular_callback22]: [PID: 3444562] [End] [s: 8] [us: 310707]
[INFO] [Regular_callback27]: [PID: 3444550] [Bgn] [s: 7] [us: 858871]
[INFO] [Regular_callback27]: [PID: 3444550] [End] [s: 8] [us: 310888]
[INFO] [Regular_callback24]: [PID: 3444554] [Bgn] [s: 7] [us: 859050]
[INFO] [Regular_callback24]: [PID: 3444554] [End] [s: 8] [us: 311086]
[INFO] [Regular_callback25]: [PID: 3444559] [Bgn] [s: 7] [us: 859246]
[INFO] [Regular_callback25]: [PID: 3444559] [End] [s: 8] [us: 311286]
[INFO] [Regular_callback31]: [PID: 3444449] [Bgn] [s: 7] [us: 951838]
[INFO] [Regular_callback31]: [PID: 3444449] [End] [s: 8] [us: 403879]
[INFO] [Regular_callback32]: [PID: 3444555] [Bgn] [s: 8] [us: 247919]
[INFO] [Regular_callback32]: [PID: 3444555] [End] [s: 8] [us: 698536]
[INFO] [Regular_callback33]: [PID: 3444561] [Bgn] [s: 8] [us: 249697]
[INFO] [Regular_callback33]: [PID: 3444561] [End] [s: 8] [us: 701585]
[INFO] [Regular_callback35]: [PID: 3444556] [Bgn] [s: 8] [us: 249610]
[INFO] [Regular_callback37]: [PID: 3444560] [Bgn] [s: 8] [us: 249835]
[INFO] [Regular_callback35]: [PID: 3444556] [End] [s: 8] [us: 701677]
[INFO] [Regular_callback37]: [PID: 3444560] [End] [s: 8] [us: 701723]
[INFO] [Regular_callback36]: [PID: 3444552] [Bgn] [s: 8] [us: 249702]
[INFO] [Regular_callback34]: [PID: 3444549] [Bgn] [s: 8] [us: 249784]
[INFO] [Regular_callback36]: [PID: 3444552] [End] [s: 8] [us: 701782]
[INFO] [Regular_callback34]: [PID: 3444549] [End] [s: 8] [us: 701777]
[Blocking] [PID: 3444449] [s: 1] [us: 291346]
[Blocking] [PID: 3444551] [s: 1] [us: 446324]
[INFO] [Timer_callback1]: [PID: 3444553] [Bgn] [s: 9] [us: 695353]
[INFO] [Timer_callback1]: [PID: 3444553] [End] [s: 9] [us: 796497]
[Blocking] [PID: 3444554] [s: 1] [us: 485929]
[Blocking] [PID: 3444561] [s: 1] [us: 95534]
[Blocking] [PID: 3444550] [s: 1] [us: 486306]
[Blocking] [PID: 3444549] [s: 1] [us: 95413]
[Blocking] [PID: 3444556] [s: 1] [us: 95633]
[Blocking] [PID: 3444560] [s: 1] [us: 95720]
[INFO] [Timer_callback2]: [PID: 3444449] [Bgn] [s: 9] [us: 756808]
[INFO] [Timer_callback2]: [PID: 3444449] [End] [s: 9] [us: 857768]
[Blocking] [PID: 3444552] [s: 1] [us: 156539]
[Blocking] [PID: 3444562] [s: 1] [us: 547626]
[Blocking] [PID: 3444559] [s: 1] [us: 547178]
[Blocking] [PID: 3444555] [s: 1] [us: 160002]
[INFO] [Timer_callback3]: [PID: 3444553] [Bgn] [s: 9] [us: 850196]
[INFO] [Timer_callback3]: [PID: 3444553] [End] [s: 9] [us: 951290]
[INFO] [Regular_callback12]: [PID: 3444558] [Bgn] [s: 9] [us: 797183]
[INFO] [Regular_callback11]: [PID: 3444551] [Bgn] [s: 9] [us: 797268]
[INFO] [Regular_callback12]: [PID: 3444558] [End] [s: 10] [us: 249190]
[INFO] [Regular_callback15]: [PID: 3444557] [Bgn] [s: 9] [us: 797305]
[INFO] [Regular_callback11]: [PID: 3444551] [End] [s: 10] [us: 249237]
[INFO] [Regular_callback15]: [PID: 3444557] [End] [s: 10] [us: 249287]
[INFO] [Regular_callback13]: [PID: 3444554] [Bgn] [s: 9] [us: 797293]
[INFO] [Regular_callback14]: [PID: 3444561] [Bgn] [s: 9] [us: 797393]
[INFO] [Regular_callback13]: [PID: 3444554] [End] [s: 10] [us: 249352]
[INFO] [Regular_callback14]: [PID: 3444561] [End] [s: 10] [us: 249394]
[INFO] [Regular_callback16]: [PID: 3444550] [Bgn] [s: 9] [us: 797436]
[INFO] [Regular_callback16]: [PID: 3444550] [End] [s: 10] [us: 249472]
[INFO] [Regular_callback17]: [PID: 3444556] [Bgn] [s: 9] [us: 797561]
[INFO] [Regular_callback17]: [PID: 3444556] [End] [s: 10] [us: 249539]
[INFO] [Regular_callback24]: [PID: 3444555] [Bgn] [s: 9] [us: 858683]
[INFO] [Regular_callback24]: [PID: 3444555] [End] [s: 10] [us: 309298]
[INFO] [Regular_callback27]: [PID: 3444552] [Bgn] [s: 9] [us: 858572]
[INFO] [Regular_callback27]: [PID: 3444552] [End] [s: 10] [us: 310070]
[INFO] [Regular_callback21]: [PID: 3444449] [Bgn] [s: 9] [us: 858348]
[INFO] [Regular_callback26]: [PID: 3444560] [Bgn] [s: 9] [us: 858454]
[INFO] [Regular_callback21]: [PID: 3444449] [End] [s: 10] [us: 310394]
[INFO] [Regular_callback26]: [PID: 3444560] [End] [s: 10] [us: 310437]
[INFO] [Regular_callback22]: [PID: 3444549] [Bgn] [s: 9] [us: 858486]
[INFO] [Regular_callback22]: [PID: 3444549] [End] [s: 10] [us: 310523]
[INFO] [Regular_callback23]: [PID: 3444562] [Bgn] [s: 9] [us: 858636]
[INFO] [Regular_callback23]: [PID: 3444562] [End] [s: 10] [us: 310626]
[INFO] [Regular_callback25]: [PID: 3444559] [Bgn] [s: 9] [us: 858851]
[INFO] [Regular_callback25]: [PID: 3444559] [End] [s: 10] [us: 310904]
[INFO] [Regular_callback31]: [PID: 3444553] [Bgn] [s: 9] [us: 951869]
[INFO] [Regular_callback31]: [PID: 3444553] [End] [s: 10] [us: 403944]
[INFO] [Regular_callback32]: [PID: 3444558] [Bgn] [s: 10] [us: 249650]
[INFO] [Regular_callback32]: [PID: 3444558] [End] [s: 10] [us: 701465]
[INFO] [Regular_callback34]: [PID: 3444561] [Bgn] [s: 10] [us: 249829]
[INFO] [Regular_callback35]: [PID: 3444557] [Bgn] [s: 10] [us: 249723]
[INFO] [Regular_callback33]: [PID: 3444554] [Bgn] [s: 10] [us: 249739]
[INFO] [Regular_callback34]: [PID: 3444561] [End] [s: 10] [us: 701802]
[INFO] [Regular_callback35]: [PID: 3444557] [End] [s: 10] [us: 701810]
[INFO] [Regular_callback33]: [PID: 3444554] [End] [s: 10] [us: 701817]
[INFO] [Regular_callback36]: [PID: 3444550] [Bgn] [s: 10] [us: 249814]
[INFO] [Regular_callback37]: [PID: 3444556] [Bgn] [s: 10] [us: 249915]
[INFO] [Regular_callback36]: [PID: 3444550] [End] [s: 10] [us: 701869]
[INFO] [Regular_callback37]: [PID: 3444556] [End] [s: 10] [us: 701927]
[Blocking] [PID: 3444553] [s: 1] [us: 291321]
[Blocking] [PID: 3444449] [s: 1] [us: 446353]
[INFO] [Timer_callback1]: [PID: 3444551] [Bgn] [s: 11] [us: 695400]
[INFO] [Timer_callback1]: [PID: 3444551] [End] [s: 11] [us: 796533]
[Blocking] [PID: 3444558] [s: 1] [us: 95623]
[Blocking] [PID: 3444557] [s: 1] [us: 95312]
[Blocking] [PID: 3444550] [s: 1] [us: 95359]
[Blocking] [PID: 3444562] [s: 1] [us: 486852]
[Blocking] [PID: 3444556] [s: 1] [us: 95736]
[Blocking] [PID: 3444561] [s: 1] [us: 95875]
[INFO] [Timer_callback2]: [PID: 3444553] [Bgn] [s: 11] [us: 756874]
[INFO] [Timer_callback2]: [PID: 3444553] [End] [s: 11] [us: 857973]
[Blocking] [PID: 3444559] [s: 1] [us: 547465]
[Blocking] [PID: 3444560] [s: 1] [us: 548046]
[Blocking] [PID: 3444554] [s: 1] [us: 156754]
[Blocking] [PID: 3444549] [s: 1] [us: 548319]
[INFO] [Timer_callback3]: [PID: 3444551] [Bgn] [s: 11] [us: 850213]
[INFO] [Timer_callback3]: [PID: 3444551] [End] [s: 11] [us: 951314]
[INFO] [Regular_callback14]: [PID: 3444555] [Bgn] [s: 11] [us: 797101]
[INFO] [Regular_callback14]: [PID: 3444555] [End] [s: 12] [us: 247735]
[INFO] [Regular_callback15]: [PID: 3444552] [Bgn] [s: 11] [us: 797249]
[INFO] [Regular_callback15]: [PID: 3444552] [End] [s: 12] [us: 248941]
[INFO] [Regular_callback11]: [PID: 3444449] [Bgn] [s: 11] [us: 797294]
[INFO] [Regular_callback11]: [PID: 3444449] [End] [s: 12] [us: 249219]
[INFO] [Regular_callback17]: [PID: 3444557] [Bgn] [s: 11] [us: 797375]
[INFO] [Regular_callback17]: [PID: 3444557] [End] [s: 12] [us: 249350]
[INFO] [Regular_callback16]: [PID: 3444550] [Bgn] [s: 11] [us: 797765]
[INFO] [Regular_callback16]: [PID: 3444550] [End] [s: 12] [us: 249514]
[INFO] [Regular_callback12]: [PID: 3444558] [Bgn] [s: 11] [us: 797609]
[INFO] [Regular_callback13]: [PID: 3444562] [Bgn] [s: 11] [us: 797703]
[INFO] [Regular_callback12]: [PID: 3444558] [End] [s: 12] [us: 249634]
[INFO] [Regular_callback13]: [PID: 3444562] [End] [s: 12] [us: 249687]
[INFO] [Regular_callback22]: [PID: 3444561] [Bgn] [s: 11] [us: 858686]
[INFO] [Regular_callback22]: [PID: 3444561] [End] [s: 12] [us: 310422]
[INFO] [Regular_callback21]: [PID: 3444553] [Bgn] [s: 11] [us: 858576]
[INFO] [Regular_callback26]: [PID: 3444556] [Bgn] [s: 11] [us: 858516]
[INFO] [Regular_callback27]: [PID: 3444559] [Bgn] [s: 11] [us: 858623]
[INFO] [Regular_callback21]: [PID: 3444553] [End] [s: 12] [us: 310566]
[INFO] [Regular_callback26]: [PID: 3444556] [End] [s: 12] [us: 310583]
[INFO] [Regular_callback27]: [PID: 3444559] [End] [s: 12] [us: 310613]
[INFO] [Regular_callback25]: [PID: 3444560] [Bgn] [s: 11] [us: 858989]
[INFO] [Regular_callback25]: [PID: 3444560] [End] [s: 12] [us: 310749]
[INFO] [Regular_callback23]: [PID: 3444554] [Bgn] [s: 11] [us: 858828]
[INFO] [Regular_callback23]: [PID: 3444554] [End] [s: 12] [us: 310844]
[INFO] [Regular_callback24]: [PID: 3444549] [Bgn] [s: 11] [us: 859089]
[INFO] [Regular_callback24]: [PID: 3444549] [End] [s: 12] [us: 311108]
[INFO] [Regular_callback31]: [PID: 3444551] [Bgn] [s: 11] [us: 951889]
[INFO] [Regular_callback31]: [PID: 3444551] [End] [s: 12] [us: 403988]
[INFO] [Regular_callback32]: [PID: 3444555] [Bgn] [s: 12] [us: 248010]
[INFO] [Regular_callback32]: [PID: 3444555] [End] [s: 12] [us: 698626]
[INFO] [Regular_callback35]: [PID: 3444552] [Bgn] [s: 12] [us: 249560]
[INFO] [Regular_callback35]: [PID: 3444552] [End] [s: 12] [us: 701411]
[INFO] [Regular_callback37]: [PID: 3444550] [Bgn] [s: 12] [us: 249862]
[INFO] [Regular_callback36]: [PID: 3444557] [Bgn] [s: 12] [us: 249724]
[INFO] [Regular_callback37]: [PID: 3444550] [End] [s: 12] [us: 701711]
[INFO] [Regular_callback36]: [PID: 3444557] [End] [s: 12] [us: 701716]
[INFO] [Regular_callback33]: [PID: 3444558] [Bgn] [s: 12] [us: 249862]
[INFO] [Regular_callback33]: [PID: 3444558] [End] [s: 12] [us: 701907]
[INFO] [Regular_callback34]: [PID: 3444562] [Bgn] [s: 12] [us: 249998]
[INFO] [Regular_callback34]: [PID: 3444562] [End] [s: 12] [us: 702003]
[Blocking] [PID: 3444551] [s: 1] [us: 291342]
[Blocking] [PID: 3444553] [s: 1] [us: 446290]
[INFO] [Timer_callback1]: [PID: 3444449] [Bgn] [s: 13] [us: 695361]
[INFO] [Timer_callback1]: [PID: 3444449] [End] [s: 13] [us: 796443]
[Blocking] [PID: 3444552] [s: 1] [us: 95595]
[Blocking] [PID: 3444549] [s: 1] [us: 486022]
[Blocking] [PID: 3444550] [s: 1] [us: 95516]
[Blocking] [PID: 3444560] [s: 1] [us: 486604]
[Blocking] [PID: 3444558] [s: 1] [us: 95493]
[Blocking] [PID: 3444562] [s: 1] [us: 95554]
[INFO] [Timer_callback2]: [PID: 3444551] [Bgn] [s: 13] [us: 756869]
[INFO] [Timer_callback2]: [PID: 3444551] [End] [s: 13] [us: 857978]
[Blocking] [PID: 3444557] [s: 1] [us: 156719]
[Blocking] [PID: 3444554] [s: 1] [us: 547720]
[Blocking] [PID: 3444559] [s: 1] [us: 548162]
[Blocking] [PID: 3444555] [s: 1] [us: 160257]
[INFO] [Timer_callback3]: [PID: 3444449] [Bgn] [s: 13] [us: 850169]
[INFO] [Timer_callback3]: [PID: 3444449] [End] [s: 13] [us: 951238]
[INFO] [Regular_callback12]: [PID: 3444561] [Bgn] [s: 13] [us: 797152]
[INFO] [Regular_callback15]: [PID: 3444556] [Bgn] [s: 13] [us: 797183]
[INFO] [Regular_callback12]: [PID: 3444561] [End] [s: 14] [us: 249176]
[INFO] [Regular_callback11]: [PID: 3444553] [Bgn] [s: 13] [us: 797312]
[INFO] [Regular_callback15]: [PID: 3444556] [End] [s: 14] [us: 249226]
[INFO] [Regular_callback16]: [PID: 3444552] [Bgn] [s: 13] [us: 797312]
[INFO] [Regular_callback11]: [PID: 3444553] [End] [s: 14] [us: 249276]
[INFO] [Regular_callback16]: [PID: 3444552] [End] [s: 14] [us: 249309]
[INFO] [Regular_callback17]: [PID: 3444550] [Bgn] [s: 13] [us: 797436]
[INFO] [Regular_callback13]: [PID: 3444549] [Bgn] [s: 13] [us: 797436]
[INFO] [Regular_callback13]: [PID: 3444549] [End] [s: 14] [us: 249435]
[INFO] [Regular_callback17]: [PID: 3444550] [End] [s: 14] [us: 249434]
[INFO] [Regular_callback14]: [PID: 3444558] [Bgn] [s: 13] [us: 797642]
[INFO] [Regular_callback14]: [PID: 3444558] [End] [s: 14] [us: 249709]
[INFO] [Regular_callback23]: [PID: 3444555] [Bgn] [s: 13] [us: 859025]
[INFO] [Regular_callback23]: [PID: 3444555] [End] [s: 14] [us: 309647]
[INFO] [Regular_callback21]: [PID: 3444551] [Bgn] [s: 13] [us: 858543]
[INFO] [Regular_callback21]: [PID: 3444551] [End] [s: 14] [us: 310101]
[INFO] [Regular_callback27]: [PID: 3444560] [Bgn] [s: 13] [us: 858515]
[INFO] [Regular_callback27]: [PID: 3444560] [End] [s: 14] [us: 310450]
[INFO] [Regular_callback24]: [PID: 3444562] [Bgn] [s: 13] [us: 858566]
[INFO] [Regular_callback24]: [PID: 3444562] [End] [s: 14] [us: 310621]
[INFO] [Regular_callback25]: [PID: 3444557] [Bgn] [s: 13] [us: 858921]
[INFO] [Regular_callback25]: [PID: 3444557] [End] [s: 14] [us: 310774]
[INFO] [Regular_callback26]: [PID: 3444559] [Bgn] [s: 13] [us: 859052]
[INFO] [Regular_callback22]: [PID: 3444554] [Bgn] [s: 13] [us: 858994]
[INFO] [Regular_callback26]: [PID: 3444559] [End] [s: 14] [us: 310957]
[INFO] [Regular_callback22]: [PID: 3444554] [End] [s: 14] [us: 310957]
[INFO] [Regular_callback31]: [PID: 3444449] [Bgn] [s: 13] [us: 951865]
[INFO] [Regular_callback31]: [PID: 3444449] [End] [s: 14] [us: 403935]
[INFO] [Regular_callback32]: [PID: 3444561] [Bgn] [s: 14] [us: 249637]
[INFO] [Regular_callback33]: [PID: 3444549] [Bgn] [s: 14] [us: 249722]
[INFO] [Regular_callback35]: [PID: 3444556] [Bgn] [s: 14] [us: 249690]
[INFO] [Regular_callback32]: [PID: 3444561] [End] [s: 14] [us: 701680]
[INFO] [Regular_callback33]: [PID: 3444549] [End] [s: 14] [us: 701690]
[INFO] [Regular_callback35]: [PID: 3444556] [End] [s: 14] [us: 701740]
[INFO] [Regular_callback36]: [PID: 3444552] [Bgn] [s: 14] [us: 249828]
[INFO] [Regular_callback36]: [PID: 3444552] [End] [s: 14] [us: 701832]
[INFO] [Regular_callback37]: [PID: 3444550] [Bgn] [s: 14] [us: 249956]
[INFO] [Regular_callback34]: [PID: 3444558] [Bgn] [s: 14] [us: 249934]
[INFO] [Regular_callback37]: [PID: 3444550] [End] [s: 14] [us: 701957]
[INFO] [Regular_callback34]: [PID: 3444558] [End] [s: 14] [us: 701971]
[Blocking] [PID: 3444449] [s: 1] [us: 291279]
[Blocking] [PID: 3444551] [s: 1] [us: 446752]
[INFO] [Timer_callback1]: [PID: 3444553] [Bgn] [s: 15] [us: 695354]
[INFO] [Timer_callback1]: [PID: 3444553] [End] [s: 15] [us: 796479]
[Blocking] [PID: 3444561] [s: 1] [us: 95153]
[Blocking] [PID: 3444556] [s: 1] [us: 95361]
[Blocking] [PID: 3444552] [s: 1] [us: 95370]
[Blocking] [PID: 3444550] [s: 1] [us: 95483]
[Blocking] [PID: 3444549] [s: 1] [us: 95656]
[Blocking] [PID: 3444554] [s: 1] [us: 486708]
[INFO] [Timer_callback2]: [PID: 3444449] [Bgn] [s: 15] [us: 756816]
[INFO] [Timer_callback2]: [PID: 3444449] [End] [s: 15] [us: 857880]
[Blocking] [PID: 3444559] [s: 1] [us: 547353]
[Blocking] [PID: 3444558] [s: 1] [us: 156587]
[Blocking] [PID: 3444557] [s: 1] [us: 547851]
[Blocking] [PID: 3444562] [s: 1] [us: 548101]
[INFO] [Timer_callback3]: [PID: 3444553] [Bgn] [s: 15] [us: 850175]
[INFO] [Timer_callback3]: [PID: 3444553] [End] [s: 15] [us: 951156]
[INFO] [Regular_callback14]: [PID: 3444555] [Bgn] [s: 15] [us: 796969]
[INFO] [Regular_callback14]: [PID: 3444555] [End] [s: 16] [us: 247614]
[INFO] [Regular_callback11]: [PID: 3444551] [Bgn] [s: 15] [us: 797026]
[INFO] [Regular_callback11]: [PID: 3444551] [End] [s: 16] [us: 249033]
[INFO] [Regular_callback16]: [PID: 3444556] [Bgn] [s: 15] [us: 797315]
[INFO] [Regular_callback15]: [PID: 3444560] [Bgn] [s: 15] [us: 797221]
[INFO] [Regular_callback16]: [PID: 3444556] [End] [s: 16] [us: 249181]
[INFO] [Regular_callback15]: [PID: 3444560] [End] [s: 16] [us: 249213]
[INFO] [Regular_callback17]: [PID: 3444552] [Bgn] [s: 15] [us: 797434]
[INFO] [Regular_callback17]: [PID: 3444552] [End] [s: 16] [us: 249308]
[INFO] [Regular_callback12]: [PID: 3444561] [Bgn] [s: 15] [us: 797485]
[INFO] [Regular_callback12]: [PID: 3444561] [End] [s: 16] [us: 249487]
[INFO] [Regular_callback13]: [PID: 3444549] [Bgn] [s: 15] [us: 797730]
[INFO] [Regular_callback13]: [PID: 3444549] [End] [s: 16] [us: 249622]
[INFO] [Regular_callback23]: [PID: 3444558] [Bgn] [s: 15] [us: 858837]
[INFO] [Regular_callback26]: [PID: 3444550] [Bgn] [s: 15] [us: 858459]
[INFO] [Regular_callback21]: [PID: 3444449] [Bgn] [s: 15] [us: 858461]
[INFO] [Regular_callback23]: [PID: 3444558] [End] [s: 16] [us: 310532]
[INFO] [Regular_callback26]: [PID: 3444550] [End] [s: 16] [us: 310533]
[INFO] [Regular_callback21]: [PID: 3444449] [End] [s: 16] [us: 310531]
[INFO] [Regular_callback22]: [PID: 3444554] [Bgn] [s: 15] [us: 858622]
[INFO] [Regular_callback27]: [PID: 3444559] [Bgn] [s: 15] [us: 858622]
[INFO] [Regular_callback27]: [PID: 3444559] [End] [s: 16] [us: 310646]
[INFO] [Regular_callback22]: [PID: 3444554] [End] [s: 16] [us: 310628]
[INFO] [Regular_callback24]: [PID: 3444562] [Bgn] [s: 15] [us: 858990]
[INFO] [Regular_callback24]: [PID: 3444562] [End] [s: 16] [us: 310921]
[INFO] [Regular_callback25]: [PID: 3444557] [Bgn] [s: 15] [us: 859131]
[INFO] [Regular_callback25]: [PID: 3444557] [End] [s: 16] [us: 311039]
[INFO] [Regular_callback31]: [PID: 3444553] [Bgn] [s: 15] [us: 951765]
[INFO] [Regular_callback31]: [PID: 3444553] [End] [s: 16] [us: 403513]
[Blocking] [PID: 3444449] [s: 0] [us: 93114]
[INFO] [Regular_callback32]: [PID: 3444555] [Bgn] [s: 16] [us: 247933]
[INFO] [Regular_callback32]: [PID: 3444555] [End] [s: 16] [us: 698554]
[INFO] [Regular_callback35]: [PID: 3444556] [Bgn] [s: 16] [us: 249693]
[INFO] [Regular_callback33]: [PID: 3444561] [Bgn] [s: 16] [us: 249685]
[INFO] [Regular_callback35]: [PID: 3444556] [End] [s: 16] [us: 701587]
[INFO] [Regular_callback33]: [PID: 3444561] [End] [s: 16] [us: 701649]
[INFO] [Regular_callback34]: [PID: 3444549] [Bgn] [s: 16] [us: 249828]
[INFO] [Regular_callback36]: [PID: 3444560] [Bgn] [s: 16] [us: 249831]
[INFO] [Regular_callback37]: [PID: 3444552] [Bgn] [s: 16] [us: 249953]
[INFO] [Regular_callback34]: [PID: 3444549] [End] [s: 16] [us: 701780]
[INFO] [Regular_callback36]: [PID: 3444560] [End] [s: 16] [us: 701829]
[INFO] [Regular_callback37]: [PID: 3444552] [End] [s: 16] [us: 701846]
[Blocking] [PID: 3444553] [s: 1] [us: 291747]
[Blocking] [PID: 3444551] [s: 1] [us: 353150]
[INFO] [Timer_callback1]: [PID: 3444449] [Bgn] [s: 17] [us: 695380]
[INFO] [Timer_callback1]: [PID: 3444449] [End] [s: 17] [us: 796477]
[Blocking] [PID: 3444555] [s: 1] [us: 98391]
[Blocking] [PID: 3444556] [s: 1] [us: 95287]
[Blocking] [PID: 3444562] [s: 1] [us: 486022]
[Blocking] [PID: 3444560] [s: 1] [us: 95461]
[Blocking] [PID: 3444561] [s: 1] [us: 95621]
[Blocking] [PID: 3444552] [s: 1] [us: 95556]
[INFO] [Timer_callback2]: [PID: 3444553] [Bgn] [s: 17] [us: 756841]
[INFO] [Timer_callback2]: [PID: 3444553] [End] [s: 17] [us: 857685]
[Blocking] [PID: 3444557] [s: 1] [us: 547142]
[Blocking] [PID: 3444549] [s: 1] [us: 156434]
[Blocking] [PID: 3444554] [s: 1] [us: 547686]
[Blocking] [PID: 3444559] [s: 1] [us: 547751]
[INFO] [Timer_callback3]: [PID: 3444551] [Bgn] [s: 17] [us: 850191]
[INFO] [Timer_callback3]: [PID: 3444551] [End] [s: 17] [us: 951269]
[INFO] [Regular_callback14]: [PID: 3444555] [Bgn] [s: 17] [us: 797108]
[INFO] [Regular_callback14]: [PID: 3444555] [End] [s: 18] [us: 247738]
[INFO] [Regular_callback17]: [PID: 3444550] [Bgn] [s: 17] [us: 797053]
[INFO] [Regular_callback17]: [PID: 3444550] [End] [s: 18] [us: 248422]
[INFO] [Regular_callback12]: [PID: 3444558] [Bgn] [s: 17] [us: 797065]
[INFO] [Regular_callback12]: [PID: 3444558] [End] [s: 18] [us: 249099]
[INFO] [Regular_callback15]: [PID: 3444556] [Bgn] [s: 17] [us: 797396]
[INFO] [Regular_callback15]: [PID: 3444556] [End] [s: 18] [us: 249250]
[INFO] [Regular_callback11]: [PID: 3444449] [Bgn] [s: 17] [us: 797300]
[INFO] [Regular_callback13]: [PID: 3444562] [Bgn] [s: 17] [us: 797419]
[INFO] [Regular_callback13]: [PID: 3444562] [End] [s: 18] [us: 249342]
[INFO] [Regular_callback11]: [PID: 3444449] [End] [s: 18] [us: 249336]
[INFO] [Regular_callback16]: [PID: 3444560] [Bgn] [s: 17] [us: 797519]
[INFO] [Regular_callback16]: [PID: 3444560] [End] [s: 18] [us: 249552]
[INFO] [Regular_callback21]: [PID: 3444553] [Bgn] [s: 17] [us: 858333]
[INFO] [Regular_callback26]: [PID: 3444552] [Bgn] [s: 17] [us: 858297]
[INFO] [Regular_callback22]: [PID: 3444561] [Bgn] [s: 17] [us: 858389]
[INFO] [Regular_callback21]: [PID: 3444553] [End] [s: 18] [us: 310318]
[INFO] [Regular_callback26]: [PID: 3444552] [End] [s: 18] [us: 310309]
[INFO] [Regular_callback27]: [PID: 3444557] [Bgn] [s: 17] [us: 858422]
[INFO] [Regular_callback22]: [PID: 3444561] [End] [s: 18] [us: 310378]
[INFO] [Regular_callback23]: [PID: 3444549] [Bgn] [s: 17] [us: 858484]
[INFO] [Regular_callback27]: [PID: 3444557] [End] [s: 18] [us: 310425]
[INFO] [Regular_callback23]: [PID: 3444549] [End] [s: 18] [us: 310472]
[INFO] [Regular_callback24]: [PID: 3444554] [Bgn] [s: 17] [us: 858602]
[INFO] [Regular_callback24]: [PID: 3444554] [End] [s: 18] [us: 310610]
[INFO] [Regular_callback25]: [PID: 3444559] [Bgn] [s: 17] [us: 858829]
[INFO] [Regular_callback25]: [PID: 3444559] [End] [s: 18] [us: 310905]
[INFO] [Regular_callback31]: [PID: 3444551] [Bgn] [s: 17] [us: 951781]
[INFO] [Regular_callback31]: [PID: 3444551] [End] [s: 18] [us: 403761]
[INFO] [Regular_callback32]: [PID: 3444555] [Bgn] [s: 18] [us: 248018]
[INFO] [Regular_callback32]: [PID: 3444555] [End] [s: 18] [us: 698640]
[INFO] [Regular_callback35]: [PID: 3444550] [Bgn] [s: 18] [us: 248804]
[INFO] [Regular_callback35]: [PID: 3444550] [End] [s: 18] [us: 700725]
[INFO] [Regular_callback33]: [PID: 3444558] [Bgn] [s: 18] [us: 249329]
[INFO] [Regular_callback33]: [PID: 3444558] [End] [s: 18] [us: 701414]
[INFO] [Regular_callback36]: [PID: 3444556] [Bgn] [s: 18] [us: 249478]
[INFO] [Regular_callback36]: [PID: 3444556] [End] [s: 18] [us: 701545]
[INFO] [Regular_callback34]: [PID: 3444562] [Bgn] [s: 18] [us: 249572]
[INFO] [Regular_callback34]: [PID: 3444562] [End] [s: 18] [us: 701595]
[INFO] [Regular_callback37]: [PID: 3444560] [Bgn] [s: 18] [us: 249778]
[INFO] [Regular_callback37]: [PID: 3444560] [End] [s: 18] [us: 701810]
[Blocking] [PID: 3444551] [s: 1] [us: 291490]
[Blocking] [PID: 3444553] [s: 1] [us: 446495]
[INFO] [Timer_callback1]: [PID: 3444449] [Bgn] [s: 19] [us: 695364]
[INFO] [Timer_callback1]: [PID: 3444449] [End] [s: 19] [us: 796439]
[Blocking] [PID: 3444559] [s: 1] [us: 486052]
[Blocking] [PID: 3444556] [s: 1] [us: 95514]
[Blocking] [PID: 3444554] [s: 1] [us: 486485]
[Blocking] [PID: 3444558] [s: 1] [us: 95788]
[Blocking] [PID: 3444562] [s: 1] [us: 95746]
[Blocking] [PID: 3444557] [s: 1] [us: 487030]
[INFO] [Timer_callback2]: [PID: 3444551] [Bgn] [s: 19] [us: 756861]
[INFO] [Timer_callback2]: [PID: 3444551] [End] [s: 19] [us: 857956]
[Blocking] [PID: 3444560] [s: 1] [us: 156566]
[Blocking] [PID: 3444549] [s: 1] [us: 547984]
[Blocking] [PID: 3444555] [s: 1] [us: 160010]
[Blocking] [PID: 3444550] [s: 1] [us: 158107]
[INFO] [Timer_callback3]: [PID: 3444553] [Bgn] [s: 19] [us: 850206]
[INFO] [Timer_callback3]: [PID: 3444553] [End] [s: 19] [us: 951275]
[INFO] [Regular_callback16]: [PID: 3444552] [Bgn] [s: 19] [us: 797100]
[INFO] [Regular_callback11]: [PID: 3444449] [Bgn] [s: 19] [us: 797225]
[INFO] [Regular_callback16]: [PID: 3444552] [End] [s: 20] [us: 249073]
[INFO] [Regular_callback11]: [PID: 3444449] [End] [s: 20] [us: 249128]
[INFO] [Regular_callback17]: [PID: 3444559] [Bgn] [s: 19] [us: 797199]
[INFO] [Regular_callback12]: [PID: 3444561] [Bgn] [s: 19] [us: 797196]
[INFO] [Regular_callback17]: [PID: 3444559] [End] [s: 20] [us: 249203]
[INFO] [Regular_callback12]: [PID: 3444561] [End] [s: 20] [us: 249249]
[INFO] [Regular_callback13]: [PID: 3444554] [Bgn] [s: 19] [us: 797332]
[INFO] [Regular_callback13]: [PID: 3444554] [End] [s: 20] [us: 249301]
[INFO] [Regular_callback14]: [PID: 3444558] [Bgn] [s: 19] [us: 797452]
[INFO] [Regular_callback14]: [PID: 3444558] [End] [s: 20] [us: 249447]
[INFO] [Regular_callback15]: [PID: 3444556] [Bgn] [s: 19] [us: 797622]
[INFO] [Regular_callback15]: [PID: 3444556] [End] [s: 20] [us: 249603]
[INFO] [Regular_callback24]: [PID: 3444555] [Bgn] [s: 19] [us: 858886]
[INFO] [Regular_callback24]: [PID: 3444555] [End] [s: 20] [us: 309502]
[INFO] [Regular_callback27]: [PID: 3444557] [Bgn] [s: 19] [us: 858531]
[INFO] [Regular_callback27]: [PID: 3444557] [End] [s: 20] [us: 310181]
[INFO] [Regular_callback23]: [PID: 3444549] [Bgn] [s: 19] [us: 858760]
[INFO] [Regular_callback23]: [PID: 3444549] [End] [s: 20] [us: 310348]
[INFO] [Regular_callback22]: [PID: 3444562] [Bgn] [s: 19] [us: 858541]
[INFO] [Regular_callback25]: [PID: 3444560] [Bgn] [s: 19] [us: 858957]
[INFO] [Regular_callback22]: [PID: 3444562] [End] [s: 20] [us: 310465]
[INFO] [Regular_callback25]: [PID: 3444560] [End] [s: 20] [us: 310540]
[INFO] [Regular_callback21]: [PID: 3444551] [Bgn] [s: 19] [us: 858594]
[INFO] [Regular_callback21]: [PID: 3444551] [End] [s: 20] [us: 310647]
[INFO] [Regular_callback26]: [PID: 3444550] [Bgn] [s: 19] [us: 859100]
[INFO] [Regular_callback26]: [PID: 3444550] [End] [s: 20] [us: 311065]
[INFO] [Regular_callback31]: [PID: 3444553] [Bgn] [s: 19] [us: 951844]
[INFO] [Regular_callback31]: [PID: 3444553] [End] [s: 20] [us: 403842]
[INFO] [Regular_callback32]: [PID: 3444561] [Bgn] [s: 20] [us: 249682]
[INFO] [Regular_callback33]: [PID: 3444554] [Bgn] [s: 20] [us: 249766]
[INFO] [Regular_callback35]: [PID: 3444552] [Bgn] [s: 20] [us: 249755]
[INFO] [Regular_callback32]: [PID: 3444561] [End] [s: 20] [us: 701717]
[INFO] [Regular_callback33]: [PID: 3444554] [End] [s: 20] [us: 701724]
[INFO] [Regular_callback36]: [PID: 3444556] [Bgn] [s: 20] [us: 249847]
[INFO] [Regular_callback35]: [PID: 3444552] [End] [s: 20] [us: 701774]
[INFO] [Regular_callback36]: [PID: 3444556] [End] [s: 20] [us: 701823]
[INFO] [Regular_callback34]: [PID: 3444558] [Bgn] [s: 20] [us: 249865]
[INFO] [Regular_callback34]: [PID: 3444558] [End] [s: 20] [us: 701858]
[INFO] [Regular_callback37]: [PID: 3444559] [Bgn] [s: 20] [us: 249976]
[INFO] [Regular_callback37]: [PID: 3444559] [End] [s: 20] [us: 701966]
[Blocking] [PID: 3444553] [s: 1] [us: 291519]
[Blocking] [PID: 3444551] [s: 1] [us: 446224]
[INFO] [Timer_callback1]: [PID: 3444449] [Bgn] [s: 21] [us: 695388]
[INFO] [Timer_callback1]: [PID: 3444449] [End] [s: 21] [us: 796476]
[Blocking] [PID: 3444552] [s: 1] [us: 95220]
[Blocking] [PID: 3444561] [s: 1] [us: 95379]
[Blocking] [PID: 3444556] [s: 1] [us: 95343]
[Blocking] [PID: 3444554] [s: 1] [us: 95532]
[Blocking] [PID: 3444558] [s: 1] [us: 95567]
[Blocking] [PID: 3444560] [s: 1] [us: 95727]
[INFO] [Timer_callback2]: [PID: 3444553] [Bgn] [s: 21] [us: 756882]
[INFO] [Timer_callback2]: [PID: 3444553] [End] [s: 21] [us: 858002]
[Blocking] [PID: 3444562] [s: 1] [us: 548065]
[Blocking] [PID: 3444550] [s: 1] [us: 547648]
[Blocking] [PID: 3444549] [s: 1] [us: 548343]
[Blocking] [PID: 3444557] [s: 1] [us: 548104]
[INFO] [Timer_callback3]: [PID: 3444449] [Bgn] [s: 21] [us: 850174]
[INFO] [Timer_callback3]: [PID: 3444449] [End] [s: 21] [us: 951238]
[INFO] [Regular_callback12]: [PID: 3444555] [Bgn] [s: 21] [us: 797166]
[INFO] [Regular_callback12]: [PID: 3444555] [End] [s: 22] [us: 247811]
[INFO] [Regular_callback15]: [PID: 3444559] [Bgn] [s: 21] [us: 797173]
[INFO] [Regular_callback15]: [PID: 3444559] [End] [s: 22] [us: 249160]
[INFO] [Regular_callback17]: [PID: 3444552] [Bgn] [s: 21] [us: 797276]
[INFO] [Regular_callback13]: [PID: 3444561] [Bgn] [s: 21] [us: 797369]
[INFO] [Regular_callback17]: [PID: 3444552] [End] [s: 22] [us: 249239]
[INFO] [Regular_callback13]: [PID: 3444561] [End] [s: 22] [us: 249283]
[INFO] [Regular_callback11]: [PID: 3444551] [Bgn] [s: 21] [us: 797355]
[INFO] [Regular_callback11]: [PID: 3444551] [End] [s: 22] [us: 249375]
[INFO] [Regular_callback14]: [PID: 3444554] [Bgn] [s: 21] [us: 797568]
[INFO] [Regular_callback14]: [PID: 3444554] [End] [s: 22] [us: 249578]
[INFO] [Regular_callback16]: [PID: 3444556] [Bgn] [s: 21] [us: 797787]
[INFO] [Regular_callback16]: [PID: 3444556] [End] [s: 22] [us: 249777]
[INFO] [Regular_callback25]: [PID: 3444560] [Bgn] [s: 21] [us: 858716]
[INFO] [Regular_callback26]: [PID: 3444550] [Bgn] [s: 21] [us: 858942]
[INFO] [Regular_callback25]: [PID: 3444560] [End] [s: 22] [us: 310398]
[INFO] [Regular_callback26]: [PID: 3444550] [End] [s: 22] [us: 310393]
[INFO] [Regular_callback21]: [PID: 3444553] [Bgn] [s: 21] [us: 858569]
[INFO] [Regular_callback21]: [PID: 3444553] [End] [s: 22] [us: 310557]
[INFO] [Regular_callback27]: [PID: 3444557] [Bgn] [s: 21] [us: 859075]
[INFO] [Regular_callback27]: [PID: 3444557] [End] [s: 22] [us: 310619]
[INFO] [Regular_callback24]: [PID: 3444549] [Bgn] [s: 21] [us: 858972]
[INFO] [Regular_callback24]: [PID: 3444549] [End] [s: 22] [us: 310682]
[INFO] [Regular_callback22]: [PID: 3444558] [Bgn] [s: 21] [us: 858694]
[INFO] [Regular_callback22]: [PID: 3444558] [End] [s: 22] [us: 310755]
[INFO] [Regular_callback23]: [PID: 3444562] [Bgn] [s: 21] [us: 858822]
[INFO] [Regular_callback23]: [PID: 3444562] [End] [s: 22] [us: 310824]
[INFO] [Regular_callback31]: [PID: 3444449] [Bgn] [s: 21] [us: 951970]
[INFO] [Regular_callback31]: [PID: 3444449] [End] [s: 22] [us: 404029]
[INFO] [Regular_callback32]: [PID: 3444555] [Bgn] [s: 22] [us: 248095]
[INFO] [Regular_callback32]: [PID: 3444555] [End] [s: 22] [us: 698713]
[INFO] [Regular_callback35]: [PID: 3444559] [Bgn] [s: 22] [us: 249546]
[INFO] [Regular_callback35]: [PID: 3444559] [End] [s: 22] [us: 701464]
[INFO] [Regular_callback33]: [PID: 3444561] [Bgn] [s: 22] [us: 249510]
[INFO] [Regular_callback36]: [PID: 3444552] [Bgn] [s: 22] [us: 249704]
[INFO] [Regular_callback33]: [PID: 3444561] [End] [s: 22] [us: 701539]
[INFO] [Regular_callback36]: [PID: 3444552] [End] [s: 22] [us: 701557]
[INFO] [Regular_callback34]: [PID: 3444554] [Bgn] [s: 22] [us: 249808]
[INFO] [Regular_callback37]: [PID: 3444556] [Bgn] [s: 22] [us: 250007]
[INFO] [Regular_callback34]: [PID: 3444554] [End] [s: 22] [us: 701892]
[INFO] [Regular_callback37]: [PID: 3444556] [End] [s: 22] [us: 701937]
[Blocking] [PID: 3444449] [s: 1] [us: 291205]
[Blocking] [PID: 3444553] [s: 1] [us: 446263]
[INFO] [Timer_callback1]: [PID: 3444551] [Bgn] [s: 23] [us: 695380]
[INFO] [Timer_callback1]: [PID: 3444551] [End] [s: 23] [us: 796486]
[Blocking] [PID: 3444562] [s: 1] [us: 486272]
[Blocking] [PID: 3444552] [s: 1] [us: 95509]
[Blocking] [PID: 3444557] [s: 1] [us: 486635]
[Blocking] [PID: 3444550] [s: 1] [us: 486877]
[Blocking] [PID: 3444561] [s: 1] [us: 96025]
[Blocking] [PID: 3444558] [s: 1] [us: 486913]
[INFO] [Timer_callback2]: [PID: 3444449] [Bgn] [s: 23] [us: 756824]
[INFO] [Timer_callback2]: [PID: 3444449] [End] [s: 23] [us: 857895]
[Blocking] [PID: 3444554] [s: 1] [us: 156585]
[Blocking] [PID: 3444556] [s: 1] [us: 156755]
[Blocking] [PID: 3444555] [s: 1] [us: 160076]
[Blocking] [PID: 3444559] [s: 1] [us: 157302]
[INFO] [Timer_callback3]: [PID: 3444551] [Bgn] [s: 23] [us: 850225]
[INFO] [Timer_callback3]: [PID: 3444551] [End] [s: 23] [us: 951318]
[INFO] [Regular_callback12]: [PID: 3444549] [Bgn] [s: 23] [us: 797205]
[INFO] [Regular_callback11]: [PID: 3444553] [Bgn] [s: 23] [us: 797293]
[INFO] [Regular_callback16]: [PID: 3444552] [Bgn] [s: 23] [us: 797352]
[INFO] [Regular_callback15]: [PID: 3444560] [Bgn] [s: 23] [us: 797241]
[INFO] [Regular_callback12]: [PID: 3444549] [End] [s: 24] [us: 249253]
[INFO] [Regular_callback15]: [PID: 3444560] [End] [s: 24] [us: 249306]
[INFO] [Regular_callback17]: [PID: 3444557] [Bgn] [s: 23] [us: 797461]
[INFO] [Regular_callback16]: [PID: 3444552] [End] [s: 24] [us: 249342]
[INFO] [Regular_callback11]: [PID: 3444553] [End] [s: 24] [us: 249252]
[INFO] [Regular_callback17]: [PID: 3444557] [End] [s: 24] [us: 249426]
[INFO] [Regular_callback13]: [PID: 3444562] [Bgn] [s: 23] [us: 797700]
[INFO] [Regular_callback13]: [PID: 3444562] [End] [s: 24] [us: 249690]
[INFO] [Regular_callback14]: [PID: 3444561] [Bgn] [s: 23] [us: 797806]
[INFO] [Regular_callback14]: [PID: 3444561] [End] [s: 24] [us: 249858]
[INFO] [Regular_callback24]: [PID: 3444555] [Bgn] [s: 23] [us: 858937]
[INFO] [Regular_callback24]: [PID: 3444555] [End] [s: 24] [us: 309545]
[INFO] [Regular_callback22]: [PID: 3444558] [Bgn] [s: 23] [us: 858511]
[INFO] [Regular_callback22]: [PID: 3444558] [End] [s: 24] [us: 310277]
[INFO] [Regular_callback21]: [PID: 3444449] [Bgn] [s: 23] [us: 858542]
[INFO] [Regular_callback21]: [PID: 3444449] [End] [s: 24] [us: 310455]
[INFO] [Regular_callback26]: [PID: 3444556] [Bgn] [s: 23] [us: 858908]
[INFO] [Regular_callback23]: [PID: 3444554] [Bgn] [s: 23] [us: 858894]
[INFO] [Regular_callback26]: [PID: 3444556] [End] [s: 24] [us: 310634]
[INFO] [Regular_callback23]: [PID: 3444554] [End] [s: 24] [us: 310677]
[INFO] [Regular_callback27]: [PID: 3444559] [Bgn] [s: 23] [us: 858998]
[INFO] [Regular_callback27]: [PID: 3444559] [End] [s: 24] [us: 310713]
[INFO] [Regular_callback25]: [PID: 3444550] [Bgn] [s: 23] [us: 858706]
[INFO] [Regular_callback25]: [PID: 3444550] [End] [s: 24] [us: 310761]
[INFO] [Regular_callback31]: [PID: 3444551] [Bgn] [s: 23] [us: 951843]
[INFO] [Regular_callback31]: [PID: 3444551] [End] [s: 24] [us: 403533]
[Blocking] [PID: 3444449] [s: 0] [us: 93361]
[INFO] [Regular_callback35]: [PID: 3444560] [Bgn] [s: 24] [us: 249841]
[INFO] [Regular_callback32]: [PID: 3444549] [Bgn] [s: 24] [us: 249848]
[INFO] [Regular_callback36]: [PID: 3444552] [Bgn] [s: 24] [us: 249937]
[INFO] [Regular_callback35]: [PID: 3444560] [End] [s: 24] [us: 701895]
[INFO] [Regular_callback32]: [PID: 3444549] [End] [s: 24] [us: 701900]
[INFO] [Regular_callback36]: [PID: 3444552] [End] [s: 24] [us: 701903]
[INFO] [Regular_callback34]: [PID: 3444561] [Bgn] [s: 24] [us: 250081]
[INFO] [Regular_callback34]: [PID: 3444561] [End] [s: 24] [us: 702000]
[INFO] [Regular_callback33]: [PID: 3444562] [Bgn] [s: 24] [us: 249988]
[INFO] [Regular_callback37]: [PID: 3444557] [Bgn] [s: 24] [us: 250054]
[INFO] [Regular_callback33]: [PID: 3444562] [End] [s: 24] [us: 702047]
[INFO] [Regular_callback37]: [PID: 3444557] [End] [s: 24] [us: 702068]
[Blocking] [PID: 3444551] [s: 1] [us: 291823]
[Blocking] [PID: 3444553] [s: 1] [us: 353064]
[INFO] [Timer_callback1]: [PID: 3444449] [Bgn] [s: 25] [us: 695374]
[INFO] [Timer_callback1]: [PID: 3444449] [End] [s: 25] [us: 796458]
[Blocking] [PID: 3444549] [s: 1] [us: 95046]
[Blocking] [PID: 3444560] [s: 1] [us: 95185]
[Blocking] [PID: 3444552] [s: 1] [us: 95380]
[Blocking] [PID: 3444561] [s: 1] [us: 95365]
[Blocking] [PID: 3444554] [s: 1] [us: 486826]
[Blocking] [PID: 3444557] [s: 1] [us: 95640]
[INFO] [Timer_callback2]: [PID: 3444551] [Bgn] [s: 25] [us: 756872]
[INFO] [Timer_callback2]: [PID: 3444551] [End] [s: 25] [us: 857987]
[Blocking] [PID: 3444562] [s: 1] [us: 156556]
[Blocking] [PID: 3444550] [s: 1] [us: 547925]
[Blocking] [PID: 3444558] [s: 1] [us: 548414]
[Blocking] [PID: 3444559] [s: 1] [us: 548157]
[INFO] [Timer_callback3]: [PID: 3444449] [Bgn] [s: 25] [us: 850162]
[INFO] [Timer_callback3]: [PID: 3444449] [End] [s: 25] [us: 951232]
[INFO] [Regular_callback12]: [PID: 3444555] [Bgn] [s: 25] [us: 797090]
[INFO] [Regular_callback12]: [PID: 3444555] [End] [s: 26] [us: 247721]
[INFO] [Regular_callback11]: [PID: 3444553] [Bgn] [s: 25] [us: 797071]
[INFO] [Regular_callback15]: [PID: 3444556] [Bgn] [s: 25] [us: 797128]
[INFO] [Regular_callback11]: [PID: 3444553] [End] [s: 26] [us: 249023]
[INFO] [Regular_callback15]: [PID: 3444556] [End] [s: 26] [us: 249060]
[INFO] [Regular_callback17]: [PID: 3444560] [Bgn] [s: 25] [us: 797357]
[INFO] [Regular_callback17]: [PID: 3444560] [End] [s: 26] [us: 249348]
[INFO] [Regular_callback13]: [PID: 3444549] [Bgn] [s: 25] [us: 797460]
[INFO] [Regular_callback13]: [PID: 3444549] [End] [s: 26] [us: 249487]
[INFO] [Regular_callback14]: [PID: 3444561] [Bgn] [s: 25] [us: 797580]
[INFO] [Regular_callback14]: [PID: 3444561] [End] [s: 26] [us: 249617]
[INFO] [Regular_callback16]: [PID: 3444552] [Bgn] [s: 25] [us: 797802]
[INFO] [Regular_callback16]: [PID: 3444552] [End] [s: 26] [us: 249802]
[INFO] [Regular_callback21]: [PID: 3444551] [Bgn] [s: 25] [us: 858599]
[INFO] [Regular_callback21]: [PID: 3444551] [End] [s: 26] [us: 310486]
[INFO] [Regular_callback26]: [PID: 3444550] [Bgn] [s: 25] [us: 858953]
[INFO] [Regular_callback24]: [PID: 3444558] [Bgn] [s: 25] [us: 858962]
[INFO] [Regular_callback26]: [PID: 3444550] [End] [s: 26] [us: 310603]
[INFO] [Regular_callback24]: [PID: 3444558] [End] [s: 26] [us: 310596]
[INFO] [Regular_callback25]: [PID: 3444557] [Bgn] [s: 25] [us: 858702]
[INFO] [Regular_callback25]: [PID: 3444557] [End] [s: 26] [us: 310709]
[INFO] [Regular_callback22]: [PID: 3444554] [Bgn] [s: 25] [us: 858743]
[INFO] [Regular_callback23]: [PID: 3444562] [Bgn] [s: 25] [us: 858846]
[INFO] [Regular_callback22]: [PID: 3444554] [End] [s: 26] [us: 310775]
[INFO] [Regular_callback23]: [PID: 3444562] [End] [s: 26] [us: 310810]
[INFO] [Regular_callback27]: [PID: 3444559] [Bgn] [s: 25] [us: 859082]
[INFO] [Regular_callback27]: [PID: 3444559] [End] [s: 26] [us: 310916]
[INFO] [Regular_callback31]: [PID: 3444449] [Bgn] [s: 25] [us: 951839]
[INFO] [Regular_callback31]: [PID: 3444449] [End] [s: 26] [us: 403798]
[INFO] [Regular_callback32]: [PID: 3444555] [Bgn] [s: 26] [us: 248029]
[INFO] [Regular_callback32]: [PID: 3444555] [End] [s: 26] [us: 698665]
[INFO] [Regular_callback35]: [PID: 3444556] [Bgn] [s: 26] [us: 249522]
[INFO] [Regular_callback35]: [PID: 3444556] [End] [s: 26] [us: 701542]
[INFO] [Regular_callback36]: [PID: 3444560] [Bgn] [s: 26] [us: 249611]
[INFO] [Regular_callback36]: [PID: 3444560] [End] [s: 26] [us: 701655]
[INFO] [Regular_callback33]: [PID: 3444549] [Bgn] [s: 26] [us: 249718]
[INFO] [Regular_callback33]: [PID: 3444549] [End] [s: 26] [us: 701761]
[INFO] [Regular_callback34]: [PID: 3444561] [Bgn] [s: 26] [us: 249842]
[INFO] [Regular_callback34]: [PID: 3444561] [End] [s: 26] [us: 701851]
[INFO] [Regular_callback37]: [PID: 3444552] [Bgn] [s: 26] [us: 250026]
[INFO] [Regular_callback37]: [PID: 3444552] [End] [s: 26] [us: 701955]
[Blocking] [PID: 3444449] [s: 1] [us: 291471]
[Blocking] [PID: 3444551] [s: 1] [us: 446291]
[INFO] [Timer_callback1]: [PID: 3444553] [Bgn] [s: 27] [us: 695394]
[INFO] [Timer_callback1]: [PID: 3444553] [End] [s: 27] [us: 796514]
[Blocking] [PID: 3444556] [s: 1] [us: 95579]
[Blocking] [PID: 3444562] [s: 1] [us: 486347]
[Blocking] [PID: 3444549] [s: 1] [us: 95520]
[Blocking] [PID: 3444560] [s: 1] [us: 95688]
[Blocking] [PID: 3444561] [s: 1] [us: 95541]
[Blocking] [PID: 3444557] [s: 1] [us: 486745]
[INFO] [Timer_callback2]: [PID: 3444449] [Bgn] [s: 27] [us: 756830]
[INFO] [Timer_callback2]: [PID: 3444449] [End] [s: 27] [us: 857915]
[Blocking] [PID: 3444554] [s: 1] [us: 547604]
[Blocking] [PID: 3444552] [s: 1] [us: 156549]
[Blocking] [PID: 3444555] [s: 1] [us: 160143]
[Blocking] [PID: 3444559] [s: 1] [us: 547973]
[INFO] [Timer_callback3]: [PID: 3444553] [Bgn] [s: 27] [us: 850193]
[INFO] [Timer_callback3]: [PID: 3444553] [End] [s: 27] [us: 951274]
[INFO] [Regular_callback15]: [PID: 3444550] [Bgn] [s: 27] [us: 797302]
[INFO] [Regular_callback12]: [PID: 3444558] [Bgn] [s: 27] [us: 797302]
[INFO] [Regular_callback15]: [PID: 3444550] [End] [s: 28] [us: 249109]
[INFO] [Regular_callback12]: [PID: 3444558] [End] [s: 28] [us: 249101]
[INFO] [Regular_callback11]: [PID: 3444551] [Bgn] [s: 27] [us: 797206]
[INFO] [Regular_callback13]: [PID: 3444562] [Bgn] [s: 27] [us: 797404]
[INFO] [Regular_callback13]: [PID: 3444562] [End] [s: 28] [us: 249318]
[INFO] [Regular_callback11]: [PID: 3444551] [End] [s: 28] [us: 249286]
[INFO] [Regular_callback16]: [PID: 3444556] [Bgn] [s: 27] [us: 797392]
[INFO] [Regular_callback16]: [PID: 3444556] [End] [s: 28] [us: 249419]
[INFO] [Regular_callback14]: [PID: 3444549] [Bgn] [s: 27] [us: 797525]
[INFO] [Regular_callback14]: [PID: 3444549] [End] [s: 28] [us: 249585]
[INFO] [Regular_callback17]: [PID: 3444560] [Bgn] [s: 27] [us: 797597]
[INFO] [Regular_callback17]: [PID: 3444560] [End] [s: 28] [us: 249679]
[INFO] [Regular_callback26]: [PID: 3444557] [Bgn] [s: 27] [us: 858529]
[INFO] [Regular_callback26]: [PID: 3444557] [End] [s: 28] [us: 309147]
[INFO] [Regular_callback24]: [PID: 3444555] [Bgn] [s: 27] [us: 858945]
[INFO] [Regular_callback24]: [PID: 3444555] [End] [s: 28] [us: 310356]
[INFO] [Regular_callback22]: [PID: 3444561] [Bgn] [s: 27] [us: 858556]
[INFO] [Regular_callback22]: [PID: 3444561] [End] [s: 28] [us: 310462]
[INFO] [Regular_callback21]: [PID: 3444449] [Bgn] [s: 27] [us: 858661]
[INFO] [Regular_callback21]: [PID: 3444449] [End] [s: 28] [us: 310646]
[INFO] [Regular_callback25]: [PID: 3444552] [Bgn] [s: 27] [us: 858885]
[INFO] [Regular_callback25]: [PID: 3444552] [End] [s: 28] [us: 310950]
[INFO] [Regular_callback23]: [PID: 3444554] [Bgn] [s: 27] [us: 858932]
[INFO] [Regular_callback23]: [PID: 3444554] [End] [s: 28] [us: 311025]
[INFO] [Regular_callback27]: [PID: 3444559] [Bgn] [s: 27] [us: 859091]
[INFO] [Regular_callback27]: [PID: 3444559] [End] [s: 28] [us: 311145]
[INFO] [Regular_callback31]: [PID: 3444553] [Bgn] [s: 27] [us: 951869]
[INFO] [Regular_callback31]: [PID: 3444553] [End] [s: 28] [us: 403865]
[INFO] [Regular_callback35]: [PID: 3444550] [Bgn] [s: 28] [us: 249756]
[INFO] [Regular_callback32]: [PID: 3444558] [Bgn] [s: 28] [us: 249756]
[INFO] [Regular_callback35]: [PID: 3444550] [End] [s: 28] [us: 701423]
[INFO] [Regular_callback32]: [PID: 3444558] [End] [s: 28] [us: 701454]
[INFO] [Regular_callback33]: [PID: 3444562] [Bgn] [s: 28] [us: 249840]
[INFO] [Regular_callback36]: [PID: 3444556] [Bgn] [s: 28] [us: 249840]
[INFO] [Regular_callback34]: [PID: 3444549] [Bgn] [s: 28] [us: 249930]
[INFO] [Regular_callback33]: [PID: 3444562] [End] [s: 28] [us: 701879]
[INFO] [Regular_callback36]: [PID: 3444556] [End] [s: 28] [us: 701914]
[INFO] [Regular_callback34]: [PID: 3444549] [End] [s: 28] [us: 701937]
[INFO] [Regular_callback37]: [PID: 3444560] [Bgn] [s: 28] [us: 249934]
[INFO] [Regular_callback37]: [PID: 3444560] [End] [s: 28] [us: 702005]
[Blocking] [PID: 3444553] [s: 1] [us: 291500]
[Blocking] [PID: 3444551] [s: 1] [us: 446008]
[INFO] [Timer_callback1]: [PID: 3444449] [Bgn] [s: 29] [us: 695388]
[INFO] [Timer_callback1]: [PID: 3444449] [End] [s: 29] [us: 796468]
[Blocking] [PID: 3444559] [s: 1] [us: 485993]
[Blocking] [PID: 3444556] [s: 1] [us: 95301]
[Blocking] [PID: 3444558] [s: 1] [us: 95834]
[Blocking] [PID: 3444554] [s: 1] [us: 486344]
[Blocking] [PID: 3444552] [s: 1] [us: 486519]
[Blocking] [PID: 3444562] [s: 1] [us: 95743]
[INFO] [Timer_callback2]: [PID: 3444553] [Bgn] [s: 29] [us: 756881]
[INFO] [Timer_callback2]: [PID: 3444553] [End] [s: 29] [us: 857998]
[Blocking] [PID: 3444560] [s: 1] [us: 156496]
[Blocking] [PID: 3444549] [s: 1] [us: 156617]
[Blocking] [PID: 3444550] [s: 1] [us: 157513]
[Blocking] [PID: 3444561] [s: 1] [us: 548506]
[INFO] [Timer_callback3]: [PID: 3444551] [Bgn] [s: 29] [us: 850216]
[INFO] [Timer_callback3]: [PID: 3444551] [End] [s: 29] [us: 951334]
[INFO] [Regular_callback15]: [PID: 3444557] [Bgn] [s: 29] [us: 797271]
[INFO] [Regular_callback11]: [PID: 3444449] [Bgn] [s: 29] [us: 797391]
[INFO] [Regular_callback12]: [PID: 3444555] [Bgn] [s: 29] [us: 797332]
[INFO] [Regular_callback11]: [PID: 3444449] [End] [s: 30] [us: 249295]
[INFO] [Regular_callback16]: [PID: 3444559] [Bgn] [s: 29] [us: 797368]
[INFO] [Regular_callback15]: [PID: 3444557] [End] [s: 30] [us: 249277]
[INFO] [Regular_callback16]: [PID: 3444559] [End] [s: 30] [us: 249357]
[INFO] [Regular_callback12]: [PID: 3444555] [End] [s: 30] [us: 249332]
[INFO] [Regular_callback17]: [PID: 3444556] [Bgn] [s: 29] [us: 797499]
[INFO] [Regular_callback17]: [PID: 3444556] [End] [s: 30] [us: 249468]
[INFO] [Regular_callback13]: [PID: 3444558] [Bgn] [s: 29] [us: 797531]
[INFO] [Regular_callback14]: [PID: 3444554] [Bgn] [s: 29] [us: 797680]
[INFO] [Regular_callback13]: [PID: 3444558] [End] [s: 30] [us: 249574]
[INFO] [Regular_callback14]: [PID: 3444554] [End] [s: 30] [us: 249604]
[INFO] [Regular_callback26]: [PID: 3444552] [Bgn] [s: 29] [us: 858626]
[INFO] [Regular_callback26]: [PID: 3444552] [End] [s: 30] [us: 310394]
[INFO] [Regular_callback22]: [PID: 3444562] [Bgn] [s: 29] [us: 858678]
[INFO] [Regular_callback21]: [PID: 3444553] [Bgn] [s: 29] [us: 858780]
[INFO] [Regular_callback22]: [PID: 3444562] [End] [s: 30] [us: 310660]
[INFO] [Regular_callback25]: [PID: 3444560] [Bgn] [s: 29] [us: 859013]
[INFO] [Regular_callback21]: [PID: 3444553] [End] [s: 30] [us: 310739]
[INFO] [Regular_callback25]: [PID: 3444560] [End] [s: 30] [us: 310750]
[INFO] [Regular_callback24]: [PID: 3444561] [Bgn] [s: 29] [us: 859254]
[INFO] [Regular_callback27]: [PID: 3444550] [Bgn] [s: 29] [us: 859254]
[INFO] [Regular_callback24]: [PID: 3444561] [End] [s: 30] [us: 310918]
[INFO] [Regular_callback27]: [PID: 3444550] [End] [s: 30] [us: 310956]
[INFO] [Regular_callback23]: [PID: 3444549] [Bgn] [s: 29] [us: 858999]
[INFO] [Regular_callback23]: [PID: 3444549] [End] [s: 30] [us: 311057]
[INFO] [Regular_callback31]: [PID: 3444551] [Bgn] [s: 29] [us: 951899]
[INFO] [Regular_callback31]: [PID: 3444551] [End] [s: 30] [us: 403808]
[INFO] [Regular_callback35]: [PID: 3444557] [Bgn] [s: 30] [us: 249815]
[INFO] [Regular_callback36]: [PID: 3444559] [Bgn] [s: 30] [us: 249933]
[INFO] [Regular_callback35]: [PID: 3444557] [End] [s: 30] [us: 701822]
[INFO] [Regular_callback32]: [PID: 3444555] [Bgn] [s: 30] [us: 249919]
[INFO] [Regular_callback33]: [PID: 3444558] [Bgn] [s: 30] [us: 250008]
[INFO] [Regular_callback36]: [PID: 3444559] [End] [s: 30] [us: 701920]
[INFO] [Regular_callback33]: [PID: 3444558] [End] [s: 30] [us: 701930]
[INFO] [Regular_callback32]: [PID: 3444555] [End] [s: 30] [us: 701914]
[INFO] [Regular_callback37]: [PID: 3444556] [Bgn] [s: 30] [us: 250076]
[INFO] [Regular_callback34]: [PID: 3444554] [Bgn] [s: 30] [us: 250106]
[INFO] [Regular_callback37]: [PID: 3444556] [End] [s: 30] [us: 702069]
[INFO] [Regular_callback34]: [PID: 3444554] [End] [s: 30] [us: 702080]
[Blocking] [PID: 3444551] [s: 1] [us: 291581]
[Blocking] [PID: 3444553] [s: 1] [us: 446164]
[INFO] [Timer_callback1]: [PID: 3444449] [Bgn] [s: 31] [us: 695394]
[INFO] [Timer_callback1]: [PID: 3444449] [End] [s: 31] [us: 796478]
[Blocking] [PID: 3444549] [s: 1] [us: 486156]
[Blocking] [PID: 3444550] [s: 1] [us: 486308]
[Blocking] [PID: 3444558] [s: 1] [us: 95391]
[Blocking] [PID: 3444557] [s: 1] [us: 95543]
[Blocking] [PID: 3444555] [s: 1] [us: 95510]
[Blocking] [PID: 3444559] [s: 1] [us: 95647]
[INFO] [Timer_callback2]: [PID: 3444551] [Bgn] [s: 31] [us: 756879]
[INFO] [Timer_callback2]: [PID: 3444551] [End] [s: 31] [us: 857985]
[Blocking] [PID: 3444554] [s: 1] [us: 156304]
[Blocking] [PID: 3444556] [s: 1] [us: 156488]
[Blocking] [PID: 3444561] [s: 1] [us: 547726]
[Blocking] [PID: 3444560] [s: 1] [us: 547946]
[INFO] [Timer_callback3]: [PID: 3444449] [Bgn] [s: 31] [us: 850160]
[INFO] [Timer_callback3]: [PID: 3444449] [End] [s: 31] [us: 951224]
[INFO] [Regular_callback11]: [PID: 3444553] [Bgn] [s: 31] [us: 797125]
[INFO] [Regular_callback11]: [PID: 3444553] [End] [s: 32] [us: 249054]
[INFO] [Regular_callback15]: [PID: 3444552] [Bgn] [s: 31] [us: 797273]
[INFO] [Regular_callback15]: [PID: 3444552] [End] [s: 32] [us: 249189]
[INFO] [Regular_callback16]: [PID: 3444550] [Bgn] [s: 31] [us: 797476]
[INFO] [Regular_callback12]: [PID: 3444562] [Bgn] [s: 31] [us: 797342]
[INFO] [Regular_callback14]: [PID: 3444558] [Bgn] [s: 31] [us: 797576]
[INFO] [Regular_callback16]: [PID: 3444550] [End] [s: 32] [us: 249295]
[INFO] [Regular_callback12]: [PID: 3444562] [End] [s: 32] [us: 249332]
[INFO] [Regular_callback14]: [PID: 3444558] [End] [s: 32] [us: 249368]
[INFO] [Regular_callback13]: [PID: 3444549] [Bgn] [s: 31] [us: 797455]
[INFO] [Regular_callback13]: [PID: 3444549] [End] [s: 32] [us: 249480]
[INFO] [Regular_callback17]: [PID: 3444557] [Bgn] [s: 31] [us: 797675]
[INFO] [Regular_callback17]: [PID: 3444557] [End] [s: 32] [us: 249703]
[INFO] [Regular_callback22]: [PID: 3444555] [Bgn] [s: 31] [us: 858561]
[INFO] [Regular_callback22]: [PID: 3444555] [End] [s: 32] [us: 310182]
[INFO] [Regular_callback26]: [PID: 3444556] [Bgn] [s: 31] [us: 858780]
[INFO] [Regular_callback21]: [PID: 3444551] [Bgn] [s: 31] [us: 858603]
[INFO] [Regular_callback26]: [PID: 3444556] [End] [s: 32] [us: 310336]
[INFO] [Regular_callback21]: [PID: 3444551] [End] [s: 32] [us: 310337]
[INFO] [Regular_callback25]: [PID: 3444559] [Bgn] [s: 31] [us: 858642]
[INFO] [Regular_callback25]: [PID: 3444559] [End] [s: 32] [us: 310549]
[INFO] [Regular_callback27]: [PID: 3444560] [Bgn] [s: 31] [us: 858930]
[INFO] [Regular_callback27]: [PID: 3444560] [End] [s: 32] [us: 310673]
[INFO] [Regular_callback23]: [PID: 3444554] [Bgn] [s: 31] [us: 858679]
[INFO] [Regular_callback23]: [PID: 3444554] [End] [s: 32] [us: 310756]
[INFO] [Regular_callback24]: [PID: 3444561] [Bgn] [s: 31] [us: 859071]
[INFO] [Regular_callback24]: [PID: 3444561] [End] [s: 32] [us: 311054]
[INFO] [Regular_callback31]: [PID: 3444449] [Bgn] [s: 31] [us: 951883]
[INFO] [Regular_callback31]: [PID: 3444449] [End] [s: 32] [us: 403946]
[INFO] [Regular_callback36]: [PID: 3444550] [Bgn] [s: 32] [us: 249739]
[INFO] [Regular_callback36]: [PID: 3444550] [End] [s: 32] [us: 701488]
[INFO] [Regular_callback33]: [PID: 3444558] [Bgn] [s: 32] [us: 249866]
[INFO] [Regular_callback33]: [PID: 3444558] [End] [s: 32] [us: 701603]
[INFO] [Regular_callback35]: [PID: 3444552] [Bgn] [s: 32] [us: 249641]
[INFO] [Regular_callback32]: [PID: 3444562] [Bgn] [s: 32] [us: 249737]
[INFO] [Regular_callback35]: [PID: 3444552] [End] [s: 32] [us: 701729]
[INFO] [Regular_callback32]: [PID: 3444562] [End] [s: 32] [us: 701767]
[INFO] [Regular_callback37]: [PID: 3444557] [Bgn] [s: 32] [us: 249927]
[INFO] [Regular_callback34]: [PID: 3444549] [Bgn] [s: 32] [us: 249962]
[INFO] [Regular_callback37]: [PID: 3444557] [End] [s: 32] [us: 702008]
[INFO] [Regular_callback34]: [PID: 3444549] [End] [s: 32] [us: 702020]
[Blocking] [PID: 3444449] [s: 1] [us: 291306]
[Blocking] [PID: 3444551] [s: 1] [us: 446456]
[INFO] [Timer_callback1]: [PID: 3444553] [Bgn] [s: 33] [us: 695385]
[INFO] [Timer_callback1]: [PID: 3444553] [End] [s: 33] [us: 796525]
[Blocking] [PID: 3444555] [s: 1] [us: 95336]
[Blocking] [PID: 3444552] [s: 1] [us: 95393]
[Blocking] [PID: 3444560] [s: 1] [us: 486629]
[Blocking] [PID: 3444561] [s: 1] [us: 486293]
[Blocking] [PID: 3444549] [s: 1] [us: 95406]
[Blocking] [PID: 3444557] [s: 1] [us: 95710]
[INFO] [Timer_callback2]: [PID: 3444449] [Bgn] [s: 33] [us: 756826]
[INFO] [Timer_callback2]: [PID: 3444449] [End] [s: 33] [us: 857889]
[Blocking] [PID: 3444554] [s: 1] [us: 547625]
[Blocking] [PID: 3444559] [s: 1] [us: 547897]
[Blocking] [PID: 3444550] [s: 1] [us: 157114]
[Blocking] [PID: 3444558] [s: 1] [us: 157235]
[INFO] [Timer_callback3]: [PID: 3444553] [Bgn] [s: 33] [us: 850182]
[INFO] [Timer_callback3]: [PID: 3444553] [End] [s: 33] [us: 951161]
[INFO] [Regular_callback15]: [PID: 3444556] [Bgn] [s: 33] [us: 797178]
[INFO] [Regular_callback15]: [PID: 3444556] [End] [s: 34] [us: 249110]
[INFO] [Regular_callback12]: [PID: 3444562] [Bgn] [s: 33] [us: 797258]
[INFO] [Regular_callback11]: [PID: 3444551] [Bgn] [s: 33] [us: 797284]
[INFO] [Regular_callback13]: [PID: 3444555] [Bgn] [s: 33] [us: 797364]
[INFO] [Regular_callback12]: [PID: 3444562] [End] [s: 34] [us: 249266]
[INFO] [Regular_callback11]: [PID: 3444551] [End] [s: 34] [us: 249273]
[INFO] [Regular_callback13]: [PID: 3444555] [End] [s: 34] [us: 249351]
[INFO] [Regular_callback17]: [PID: 3444552] [Bgn] [s: 33] [us: 797374]
[INFO] [Regular_callback17]: [PID: 3444552] [End] [s: 34] [us: 249432]
[INFO] [Regular_callback14]: [PID: 3444561] [Bgn] [s: 33] [us: 797568]
[INFO] [Regular_callback14]: [PID: 3444561] [End] [s: 34] [us: 249634]
[INFO] [Regular_callback16]: [PID: 3444560] [Bgn] [s: 33] [us: 797855]
[INFO] [Regular_callback16]: [PID: 3444560] [End] [s: 34] [us: 249862]
[INFO] [Regular_callback25]: [PID: 3444557] [Bgn] [s: 33] [us: 858470]
[INFO] [Regular_callback25]: [PID: 3444557] [End] [s: 34] [us: 309084]
[INFO] [Regular_callback22]: [PID: 3444549] [Bgn] [s: 33] [us: 858556]
[INFO] [Regular_callback21]: [PID: 3444449] [Bgn] [s: 33] [us: 858533]
[INFO] [Regular_callback22]: [PID: 3444549] [End] [s: 34] [us: 310546]
[INFO] [Regular_callback21]: [PID: 3444449] [End] [s: 34] [us: 310560]
[INFO] [Regular_callback26]: [PID: 3444559] [Bgn] [s: 33] [us: 858696]
[INFO] [Regular_callback26]: [PID: 3444559] [End] [s: 34] [us: 310791]
[INFO] [Regular_callback24]: [PID: 3444558] [Bgn] [s: 33] [us: 859076]
[INFO] [Regular_callback27]: [PID: 3444550] [Bgn] [s: 33] [us: 859144]
[INFO] [Regular_callback24]: [PID: 3444558] [End] [s: 34] [us: 310881]
[INFO] [Regular_callback27]: [PID: 3444550] [End] [s: 34] [us: 310944]
[INFO] [Regular_callback23]: [PID: 3444554] [Bgn] [s: 33] [us: 858917]
[INFO] [Regular_callback23]: [PID: 3444554] [End] [s: 34] [us: 311014]
[INFO] [Regular_callback31]: [PID: 3444553] [Bgn] [s: 33] [us: 951732]
[INFO] [Regular_callback31]: [PID: 3444553] [End] [s: 34] [us: 403816]
[Blocking] [PID: 3444449] [s: 0] [us: 93526]
[INFO] [Regular_callback35]: [PID: 3444556] [Bgn] [s: 34] [us: 249570]
[INFO] [Regular_callback35]: [PID: 3444556] [End] [s: 34] [us: 701614]
[INFO] [Regular_callback36]: [PID: 3444552] [Bgn] [s: 34] [us: 249666]
[INFO] [Regular_callback32]: [PID: 3444562] [Bgn] [s: 34] [us: 249787]
[INFO] [Regular_callback36]: [PID: 3444552] [End] [s: 34] [us: 701738]
[INFO] [Regular_callback32]: [PID: 3444562] [End] [s: 34] [us: 701763]
[INFO] [Regular_callback33]: [PID: 3444555] [Bgn] [s: 34] [us: 249911]
[INFO] [Regular_callback33]: [PID: 3444555] [End] [s: 34] [us: 701906]
[INFO] [Regular_callback34]: [PID: 3444561] [Bgn] [s: 34] [us: 250008]
[INFO] [Regular_callback37]: [PID: 3444560] [Bgn] [s: 34] [us: 250067]
[INFO] [Regular_callback34]: [PID: 3444561] [End] [s: 34] [us: 702097]
[INFO] [Regular_callback37]: [PID: 3444560] [End] [s: 34] [us: 702110]
[Blocking] [PID: 3444553] [s: 1] [us: 291513]
[Blocking] [PID: 3444551] [s: 1] [us: 352759]
[INFO] [Timer_callback1]: [PID: 3444449] [Bgn] [s: 35] [us: 695369]
[INFO] [Timer_callback1]: [PID: 3444449] [End] [s: 35] [us: 796448]
[Blocking] [PID: 3444562] [s: 1] [us: 95277]
[Blocking] [PID: 3444552] [s: 1] [us: 95378]
[Blocking] [PID: 3444550] [s: 1] [us: 486318]
[Blocking] [PID: 3444555] [s: 1] [us: 95575]
[Blocking] [PID: 3444554] [s: 1] [us: 486623]
[Blocking] [PID: 3444559] [s: 1] [us: 486953]
[INFO] [Timer_callback2]: [PID: 3444553] [Bgn] [s: 35] [us: 756856]
[INFO] [Timer_callback2]: [PID: 3444553] [End] [s: 35] [us: 857924]
[Blocking] [PID: 3444561] [s: 1] [us: 156484]
[Blocking] [PID: 3444560] [s: 1] [us: 156505]
[Blocking] [PID: 3444558] [s: 1] [us: 547814]
[Blocking] [PID: 3444556] [s: 1] [us: 157114]
[INFO] [Timer_callback3]: [PID: 3444449] [Bgn] [s: 35] [us: 850151]
[INFO] [Timer_callback3]: [PID: 3444449] [End] [s: 35] [us: 951121]
[INFO] [Regular_callback12]: [PID: 3444549] [Bgn] [s: 35] [us: 797131]
[INFO] [Regular_callback12]: [PID: 3444549] [End] [s: 36] [us: 249069]
[INFO] [Regular_callback15]: [PID: 3444557] [Bgn] [s: 35] [us: 797133]
[INFO] [Regular_callback15]: [PID: 3444557] [End] [s: 36] [us: 249168]
[INFO] [Regular_callback17]: [PID: 3444552] [Bgn] [s: 35] [us: 797373]
[INFO] [Regular_callback11]: [PID: 3444551] [Bgn] [s: 35] [us: 797276]
[INFO] [Regular_callback17]: [PID: 3444552] [End] [s: 36] [us: 249270]
[INFO] [Regular_callback11]: [PID: 3444551] [End] [s: 36] [us: 249331]
[INFO] [Regular_callback13]: [PID: 3444562] [Bgn] [s: 35] [us: 797584]
[INFO] [Regular_callback13]: [PID: 3444562] [End] [s: 36] [us: 249578]
[INFO] [Regular_callback14]: [PID: 3444555] [Bgn] [s: 35] [us: 797698]
[INFO] [Regular_callback14]: [PID: 3444555] [End] [s: 36] [us: 249684]
[INFO] [Regular_callback16]: [PID: 3444550] [Bgn] [s: 35] [us: 797861]
[INFO] [Regular_callback16]: [PID: 3444550] [End] [s: 36] [us: 249773]
[INFO] [Regular_callback22]: [PID: 3444554] [Bgn] [s: 35] [us: 858617]
[INFO] [Regular_callback22]: [PID: 3444554] [End] [s: 36] [us: 310337]
[INFO] [Regular_callback25]: [PID: 3444559] [Bgn] [s: 35] [us: 858623]
[INFO] [Regular_callback21]: [PID: 3444553] [Bgn] [s: 35] [us: 858545]
[INFO] [Regular_callback25]: [PID: 3444559] [End] [s: 36] [us: 310519]
[INFO] [Regular_callback21]: [PID: 3444553] [End] [s: 36] [us: 310559]
[INFO] [Regular_callback23]: [PID: 3444561] [Bgn] [s: 35] [us: 858842]
[INFO] [Regular_callback24]: [PID: 3444558] [Bgn] [s: 35] [us: 858977]
[INFO] [Regular_callback23]: [PID: 3444561] [End] [s: 36] [us: 310819]
[INFO] [Regular_callback24]: [PID: 3444558] [End] [s: 36] [us: 310840]
[INFO] [Regular_callback26]: [PID: 3444560] [Bgn] [s: 35] [us: 858866]
[INFO] [Regular_callback26]: [PID: 3444560] [End] [s: 36] [us: 310920]
[INFO] [Regular_callback27]: [PID: 3444556] [Bgn] [s: 35] [us: 859024]
[INFO] [Regular_callback27]: [PID: 3444556] [End] [s: 36] [us: 311089]
[INFO] [Regular_callback31]: [PID: 3444449] [Bgn] [s: 35] [us: 951776]
[INFO] [Regular_callback31]: [PID: 3444449] [End] [s: 36] [us: 403830]
[INFO] [Regular_callback32]: [PID: 3444549] [Bgn] [s: 36] [us: 249521]
[INFO] [Regular_callback36]: [PID: 3444552] [Bgn] [s: 36] [us: 249766]
[INFO] [Regular_callback35]: [PID: 3444557] [Bgn] [s: 36] [us: 249617]
[INFO] [Regular_callback32]: [PID: 3444549] [End] [s: 36] [us: 701523]
[INFO] [Regular_callback36]: [PID: 3444552] [End] [s: 36] [us: 701515]
[INFO] [Regular_callback35]: [PID: 3444557] [End] [s: 36] [us: 701660]
[INFO] [Regular_callback33]: [PID: 3444562] [Bgn] [s: 36] [us: 249877]
[INFO] [Regular_callback37]: [PID: 3444550] [Bgn] [s: 36] [us: 250107]
[INFO] [Regular_callback33]: [PID: 3444562] [End] [s: 36] [us: 701856]
[INFO] [Regular_callback37]: [PID: 3444550] [End] [s: 36] [us: 701911]
[INFO] [Regular_callback34]: [PID: 3444555] [Bgn] [s: 36] [us: 249997]
[INFO] [Regular_callback34]: [PID: 3444555] [End] [s: 36] [us: 701980]
[Blocking] [PID: 3444449] [s: 1] [us: 291418]
[Blocking] [PID: 3444553] [s: 1] [us: 446217]
[INFO] [Timer_callback1]: [PID: 3444551] [Bgn] [s: 37] [us: 695384]
[INFO] [Timer_callback1]: [PID: 3444551] [End] [s: 37] [us: 796503]
[Blocking] [PID: 3444557] [s: 1] [us: 95347]
[Blocking] [PID: 3444549] [s: 1] [us: 95438]
[Blocking] [PID: 3444552] [s: 1] [us: 95546]
[Blocking] [PID: 3444558] [s: 1] [us: 486635]
[Blocking] [PID: 3444550] [s: 1] [us: 95702]
[Blocking] [PID: 3444562] [s: 1] [us: 95707]
[INFO] [Timer_callback2]: [PID: 3444449] [Bgn] [s: 37] [us: 756843]
[INFO] [Timer_callback2]: [PID: 3444449] [End] [s: 37] [us: 857843]
[Blocking] [PID: 3444555] [s: 1] [us: 156507]
[Blocking] [PID: 3444556] [s: 1] [us: 547416]
[Blocking] [PID: 3444561] [s: 1] [us: 547801]
[Blocking] [PID: 3444560] [s: 1] [us: 547746]
[INFO] [Timer_callback3]: [PID: 3444553] [Bgn] [s: 37] [us: 850184]
[INFO] [Timer_callback3]: [PID: 3444553] [End] [s: 37] [us: 951259]
[INFO] [Regular_callback12]: [PID: 3444554] [Bgn] [s: 37] [us: 797201]
[INFO] [Regular_callback12]: [PID: 3444554] [End] [s: 38] [us: 249108]
[INFO] [Regular_callback15]: [PID: 3444559] [Bgn] [s: 37] [us: 797159]
[INFO] [Regular_callback17]: [PID: 3444557] [Bgn] [s: 37] [us: 797265]
[INFO] [Regular_callback15]: [PID: 3444559] [End] [s: 38] [us: 249172]
[INFO] [Regular_callback17]: [PID: 3444557] [End] [s: 38] [us: 249252]
[INFO] [Regular_callback11]: [PID: 3444551] [Bgn] [s: 37] [us: 797330]
[INFO] [Regular_callback11]: [PID: 3444551] [End] [s: 38] [us: 249354]
[INFO] [Regular_callback13]: [PID: 3444549] [Bgn] [s: 37] [us: 797617]
[INFO] [Regular_callback16]: [PID: 3444552] [Bgn] [s: 37] [us: 797716]
[INFO] [Regular_callback13]: [PID: 3444549] [End] [s: 38] [us: 249627]
[INFO] [Regular_callback14]: [PID: 3444558] [Bgn] [s: 37] [us: 797723]
[INFO] [Regular_callback16]: [PID: 3444552] [End] [s: 38] [us: 249678]
[INFO] [Regular_callback14]: [PID: 3444558] [End] [s: 38] [us: 249704]
[INFO] [Regular_callback25]: [PID: 3444550] [Bgn] [s: 37] [us: 858591]
[INFO] [Regular_callback25]: [PID: 3444550] [End] [s: 38] [us: 310287]
[INFO] [Regular_callback22]: [PID: 3444562] [Bgn] [s: 37] [us: 858591]
[INFO] [Regular_callback21]: [PID: 3444449] [Bgn] [s: 37] [us: 858483]
[INFO] [Regular_callback24]: [PID: 3444561] [Bgn] [s: 37] [us: 858858]
[INFO] [Regular_callback22]: [PID: 3444562] [End] [s: 38] [us: 310453]
[INFO] [Regular_callback23]: [PID: 3444555] [Bgn] [s: 37] [us: 858712]
[INFO] [Regular_callback21]: [PID: 3444449] [End] [s: 38] [us: 310502]
[INFO] [Regular_callback24]: [PID: 3444561] [End] [s: 38] [us: 310524]
[INFO] [Regular_callback23]: [PID: 3444555] [End] [s: 38] [us: 310553]
[INFO] [Regular_callback26]: [PID: 3444556] [Bgn] [s: 37] [us: 858713]
[INFO] [Regular_callback26]: [PID: 3444556] [End] [s: 38] [us: 310774]
[INFO] [Regular_callback27]: [PID: 3444560] [Bgn] [s: 37] [us: 858925]
[INFO] [Regular_callback27]: [PID: 3444560] [End] [s: 38] [us: 310970]
[INFO] [Regular_callback31]: [PID: 3444553] [Bgn] [s: 37] [us: 951860]
[INFO] [Regular_callback31]: [PID: 3444553] [End] [s: 38] [us: 403953]
[INFO] [Regular_callback32]: [PID: 3444554] [Bgn] [s: 38] [us: 249541]
[INFO] [Regular_callback32]: [PID: 3444554] [End] [s: 38] [us: 701476]
[INFO] [Regular_callback35]: [PID: 3444559] [Bgn] [s: 38] [us: 249710]
[INFO] [Regular_callback35]: [PID: 3444559] [End] [s: 38] [us: 701704]
[INFO] [Regular_callback37]: [PID: 3444552] [Bgn] [s: 38] [us: 249906]
[INFO] [Regular_callback36]: [PID: 3444557] [Bgn] [s: 38] [us: 249826]
[INFO] [Regular_callback36]: [PID: 3444557] [End] [s: 38] [us: 701810]
[INFO] [Regular_callback37]: [PID: 3444552] [End] [s: 38] [us: 701792]
[INFO] [Regular_callback33]: [PID: 3444549] [Bgn] [s: 38] [us: 249874]
[INFO] [Regular_callback33]: [PID: 3444549] [End] [s: 38] [us: 701928]
[INFO] [Regular_callback34]: [PID: 3444558] [Bgn] [s: 38] [us: 249962]
[INFO] [Regular_callback34]: [PID: 3444558] [End] [s: 38] [us: 701986]
[Blocking] [PID: 3444553] [s: 1] [us: 291383]
[Blocking] [PID: 3444551] [s: 1] [us: 446205]
[INFO] [Timer_callback1]: [PID: 3444449] [Bgn] [s: 39] [us: 695361]
[INFO] [Timer_callback1]: [PID: 3444449] [End] [s: 39] [us: 796439]
[Blocking] [PID: 3444554] [s: 1] [us: 95710]
[Blocking] [PID: 3444556] [s: 1] [us: 486479]
[Blocking] [PID: 3444555] [s: 1] [us: 486792]
[Blocking] [PID: 3444559] [s: 1] [us: 95591]
[Blocking] [PID: 3444549] [s: 1] [us: 95542]
[Blocking] [PID: 3444557] [s: 1] [us: 96044]
[INFO] [Timer_callback2]: [PID: 3444553] [Bgn] [s: 39] [us: 756884]
[INFO] [Timer_callback2]: [PID: 3444553] [End] [s: 39] [us: 857994]
[Blocking] [PID: 3444552] [s: 1] [us: 156868]
[Blocking] [PID: 3444558] [s: 1] [us: 156733]
[Blocking] [PID: 3444560] [s: 1] [us: 547852]
[Blocking] [PID: 3444561] [s: 1] [us: 548662]
[INFO] [Timer_callback3]: [PID: 3444551] [Bgn] [s: 39] [us: 850219]
[INFO] [Timer_callback3]: [PID: 3444551] [End] [s: 39] [us: 951330]
[INFO] [Regular_callback14]: [PID: 3444555] [Bgn] [s: 39] [us: 797486]
[INFO] [Regular_callback14]: [PID: 3444555] [End] [s: 40] [us: 248113]
[INFO] [Regular_callback11]: [PID: 3444449] [Bgn] [s: 39] [us: 797294]
[INFO] [Regular_callback15]: [PID: 3444550] [Bgn] [s: 39] [us: 797309]
[INFO] [Regular_callback11]: [PID: 3444449] [End] [s: 40] [us: 249320]
[INFO] [Regular_callback12]: [PID: 3444562] [Bgn] [s: 39] [us: 797339]
[INFO] [Regular_callback15]: [PID: 3444550] [End] [s: 40] [us: 249364]
[INFO] [Regular_callback13]: [PID: 3444554] [Bgn] [s: 39] [us: 797453]
[INFO] [Regular_callback12]: [PID: 3444562] [End] [s: 40] [us: 249402]
[INFO] [Regular_callback13]: [PID: 3444554] [End] [s: 40] [us: 249430]
[INFO] [Regular_callback17]: [PID: 3444556] [Bgn] [s: 39] [us: 797496]
[INFO] [Regular_callback17]: [PID: 3444556] [End] [s: 40] [us: 249534]
[INFO] [Regular_callback16]: [PID: 3444559] [Bgn] [s: 39] [us: 797979]
[INFO] [Regular_callback16]: [PID: 3444559] [End] [s: 40] [us: 249992]
[INFO] [Regular_callback25]: [PID: 3444557] [Bgn] [s: 39] [us: 858709]
[INFO] [Regular_callback25]: [PID: 3444557] [End] [s: 40] [us: 309326]
[INFO] [Regular_callback21]: [PID: 3444553] [Bgn] [s: 39] [us: 858782]
[INFO] [Regular_callback24]: [PID: 3444549] [Bgn] [s: 39] [us: 858798]
[INFO] [Regular_callback21]: [PID: 3444553] [End] [s: 40] [us: 310843]
[INFO] [Regular_callback26]: [PID: 3444552] [Bgn] [s: 39] [us: 858935]
[INFO] [Regular_callback24]: [PID: 3444549] [End] [s: 40] [us: 310848]
[INFO] [Regular_callback26]: [PID: 3444552] [End] [s: 40] [us: 310960]
[INFO] [Regular_callback23]: [PID: 3444561] [Bgn] [s: 39] [us: 859392]
[INFO] [Regular_callback22]: [PID: 3444558] [Bgn] [s: 39] [us: 859183]
[INFO] [Regular_callback23]: [PID: 3444561] [End] [s: 40] [us: 311219]
[INFO] [Regular_callback22]: [PID: 3444558] [End] [s: 40] [us: 311228]
[INFO] [Regular_callback27]: [PID: 3444560] [Bgn] [s: 39] [us: 859219]
[INFO] [Regular_callback27]: [PID: 3444560] [End] [s: 40] [us: 311292]
[INFO] [Regular_callback31]: [PID: 3444551] [Bgn] [s: 39] [us: 952033]
[INFO] [Regular_callback31]: [PID: 3444551] [End] [s: 40] [us: 404116]
[INFO] [Regular_callback32]: [PID: 3444555] [Bgn] [s: 40] [us: 248382]
[INFO] [Regular_callback32]: [PID: 3444555] [End] [s: 40] [us: 698994]
[INFO] [Regular_callback33]: [PID: 3444562] [Bgn] [s: 40] [us: 249642]
[INFO] [Regular_callback33]: [PID: 3444562] [End] [s: 40] [us: 701638]
[INFO] [Regular_callback34]: [PID: 3444554] [Bgn] [s: 40] [us: 249811]
[INFO] [Regular_callback35]: [PID: 3444550] [Bgn] [s: 40] [us: 249779]
[INFO] [Regular_callback35]: [PID: 3444550] [End] [s: 40] [us: 701814]
[INFO] [Regular_callback34]: [PID: 3444554] [End] [s: 40] [us: 701796]
[INFO] [Regular_callback36]: [PID: 3444556] [Bgn] [s: 40] [us: 249870]
[INFO] [Regular_callback36]: [PID: 3444556] [End] [s: 40] [us: 701918]
[INFO] [Regular_callback37]: [PID: 3444559] [Bgn] [s: 40] [us: 250252]
[INFO] [Regular_callback37]: [PID: 3444559] [End] [s: 40] [us: 702272]
[Blocking] [PID: 3444551] [s: 1] [us: 291162]
[Blocking] [PID: 3444553] [s: 1] [us: 445887]