[Hello RoboSpike] [Thread 2198244] Use ExecutorNodelet
[Hello RoboSpike] [Thread 2198255] Use ExecutorNodelet
[Blocking] [PID: 2198244] [s: 0] [us: 591280]
[INFO] [Timer_callback1]: [PID: 2198255] [Bgn] [s: 0] [us: 592127]
[INFO] [Timer_callback1]: [PID: 2198255] [End] [s: 0] [us: 693171]
[INFO] [Regular_callback11]: [PID: 2198244] [kernelCPU] [s: 0] [us: 14493]
[Blocking] [PID: 2198244] [s: 0] [us: 482909]
[INFO] [Timer_callback1]: [PID: 2198255] [Bgn] [s: 1] [us: 191968]
[INFO] [Timer_callback1]: [PID: 2198255] [End] [s: 1] [us: 293104]
[INFO] [Regular_callback11]: [PID: 2198244] [kernelCPU] [s: 0] [us: 14514]
[Blocking] [PID: 2198244] [s: 0] [us: 483411]
[INFO] [Timer_callback1]: [PID: 2198255] [Bgn] [s: 1] [us: 791937]
[INFO] [Timer_callback1]: [PID: 2198255] [End] [s: 1] [us: 892311]
[INFO] [Regular_callback11]: [PID: 2198255] [kernelCPU] [s: 0] [us: 10008]
[Blocking] [PID: 2198244] [s: 0] [us: 488645]
[INFO] [Timer_callback1]: [PID: 2198255] [Bgn] [s: 2] [us: 391913]
[INFO] [Timer_callback1]: [PID: 2198255] [End] [s: 2] [us: 492281]
[INFO] [Regular_callback11]: [PID: 2198255] [kernelCPU] [s: 0] [us: 10199]
[Blocking] [PID: 2198244] [s: 0] [us: 488536]
[INFO] [Timer_callback1]: [PID: 2198255] [Bgn] [s: 2] [us: 991909]
[INFO] [Timer_callback1]: [PID: 2198255] [End] [s: 3] [us: 92277]
[INFO] [Regular_callback11]: [PID: 2198244] [kernelCPU] [s: 0] [us: 15796]
[Blocking] [PID: 2198244] [s: 0] [us: 483019]
[INFO] [Timer_callback1]: [PID: 2198255] [Bgn] [s: 3] [us: 591907]
[INFO] [Timer_callback1]: [PID: 2198255] [End] [s: 3] [us: 692270]
[INFO] [Regular_callback11]: [PID: 2198255] [kernelCPU] [s: 0] [us: 10203]
[Blocking] [PID: 2198244] [s: 0] [us: 488524]
[INFO] [Timer_callback1]: [PID: 2198255] [Bgn] [s: 4] [us: 191919]
[INFO] [Timer_callback1]: [PID: 2198255] [End] [s: 4] [us: 292290]
[INFO] [Regular_callback11]: [PID: 2198244] [kernelCPU] [s: 0] [us: 15491]
[Blocking] [PID: 2198244] [s: 0] [us: 483407]
[INFO] [Timer_callback1]: [PID: 2198255] [Bgn] [s: 4] [us: 791937]
[INFO] [Timer_callback1]: [PID: 2198255] [End] [s: 4] [us: 892303]
[INFO] [Regular_callback11]: [PID: 2198255] [kernelCPU] [s: 0] [us: 10199]
[Blocking] [PID: 2198244] [s: 0] [us: 488534]
[INFO] [Timer_callback1]: [PID: 2198255] [Bgn] [s: 5] [us: 391923]
[INFO] [Timer_callback1]: [PID: 2198255] [End] [s: 5] [us: 492293]
[INFO] [Regular_callback11]: [PID: 2198255] [kernelCPU] [s: 0] [us: 10180]
[Blocking] [PID: 2198244] [s: 0] [us: 488597]
[INFO] [Timer_callback1]: [PID: 2198255] [Bgn] [s: 5] [us: 991917]
[INFO] [Timer_callback1]: [PID: 2198255] [End] [s: 6] [us: 92285]
[INFO] [Regular_callback11]: [PID: 2198255] [kernelCPU] [s: 0] [us: 10205]
[Blocking] [PID: 2198244] [s: 0] [us: 488539]
[INFO] [Timer_callback1]: [PID: 2198255] [Bgn] [s: 6] [us: 591911]
[INFO] [Timer_callback1]: [PID: 2198255] [End] [s: 6] [us: 692275]
[INFO] [Regular_callback11]: [PID: 2198255] [kernelCPU] [s: 0] [us: 10206]
[Blocking] [PID: 2198255] [s: 0] [us: 488693]
[INFO] [Timer_callback1]: [PID: 2198244] [Bgn] [s: 7] [us: 191983]
[INFO] [Timer_callback1]: [PID: 2198244] [End] [s: 7] [us: 292994]
[INFO] [Regular_callback11]: [PID: 2198255] [kernelCPU] [s: 0] [us: 10205]
[Blocking] [PID: 2198255] [s: 0] [us: 487954]
[INFO] [Timer_callback1]: [PID: 2198244] [Bgn] [s: 7] [us: 791983]
[INFO] [Timer_callback1]: [PID: 2198244] [End] [s: 7] [us: 892997]
[INFO] [Regular_callback11]: [PID: 2198255] [kernelCPU] [s: 0] [us: 10238]
[Blocking] [PID: 2198244] [s: 0] [us: 487796]
[INFO] [Timer_callback1]: [PID: 2198255] [Bgn] [s: 8] [us: 391906]
[INFO] [Timer_callback1]: [PID: 2198255] [End] [s: 8] [us: 492283]
[INFO] [Regular_callback11]: [PID: 2198255] [kernelCPU] [s: 0] [us: 10188]
[Blocking] [PID: 2198255] [s: 0] [us: 488701]
[INFO] [Timer_callback1]: [PID: 2198244] [Bgn] [s: 8] [us: 991982]
[INFO] [Timer_callback1]: [PID: 2198244] [End] [s: 9] [us: 92994]
[INFO] [Regular_callback11]: [PID: 2198255] [kernelCPU] [s: 0] [us: 14651]
[Blocking] [PID: 2198255] [s: 0] [us: 483499]
[INFO] [Timer_callback1]: [PID: 2198244] [Bgn] [s: 9] [us: 591988]
[INFO] [Timer_callback1]: [PID: 2198244] [End] [s: 9] [us: 692943]
[INFO] [Regular_callback11]: [PID: 2198244] [kernelCPU] [s: 0] [us: 14322]
[Blocking] [PID: 2198244] [s: 0] [us: 483810]
[INFO] [Timer_callback1]: [PID: 2198255] [Bgn] [s: 10] [us: 192007]
[INFO] [Timer_callback1]: [PID: 2198255] [End] [s: 10] [us: 293059]
[INFO] [Regular_callback11]: [PID: 2198255] [kernelCPU] [s: 0] [us: 14848]
[Blocking] [PID: 2198255] [s: 0] [us: 483119]
[INFO] [Timer_callback1]: [PID: 2198244] [Bgn] [s: 10] [us: 791986]
[INFO] [Timer_callback1]: [PID: 2198244] [End] [s: 10] [us: 892962]
[INFO] [Regular_callback11]: [PID: 2198255] [kernelCPU] [s: 0] [us: 15078]
[Blocking] [PID: 2198255] [s: 0] [us: 483097]
[INFO] [Timer_callback1]: [PID: 2198244] [Bgn] [s: 11] [us: 391999]
[INFO] [Timer_callback1]: [PID: 2198244] [End] [s: 11] [us: 493105]
[INFO] [Regular_callback11]: [PID: 2198255] [kernelCPU] [s: 0] [us: 14992]
[Blocking] [PID: 2198255] [s: 0] [us: 482952]
[INFO] [Timer_callback1]: [PID: 2198244] [Bgn] [s: 11] [us: 992009]
[INFO] [Timer_callback1]: [PID: 2198244] [End] [s: 12] [us: 93032]
[INFO] [Regular_callback11]: [PID: 2198255] [kernelCPU] [s: 0] [us: 14850]
[Blocking] [PID: 2198255] [s: 0] [us: 483135]
[INFO] [Timer_callback1]: [PID: 2198244] [Bgn] [s: 12] [us: 591913]
[INFO] [Timer_callback1]: [PID: 2198244] [End] [s: 12] [us: 692281]
[INFO] [Regular_callback11]: [PID: 2198255] [kernelCPU] [s: 0] [us: 10232]
[Blocking] [PID: 2198255] [s: 0] [us: 488757]
[INFO] [Timer_callback1]: [PID: 2198244] [Bgn] [s: 13] [us: 191901]
[INFO] [Timer_callback1]: [PID: 2198244] [End] [s: 13] [us: 292270]
[INFO] [Regular_callback11]: [PID: 2198255] [kernelCPU] [s: 0] [us: 10175]
[Blocking] [PID: 2198255] [s: 0] [us: 488792]
[INFO] [Timer_callback1]: [PID: 2198244] [Bgn] [s: 13] [us: 791910]
[INFO] [Timer_callback1]: [PID: 2198244] [End] [s: 13] [us: 892276]
[INFO] [Regular_callback11]: [PID: 2198255] [kernelCPU] [s: 0] [us: 10183]
[Blocking] [PID: 2198255] [s: 0] [us: 488812]
[INFO] [Timer_callback1]: [PID: 2198244] [Bgn] [s: 14] [us: 391913]
[INFO] [Timer_callback1]: [PID: 2198244] [End] [s: 14] [us: 492277]
[INFO] [Regular_callback11]: [PID: 2198255] [kernelCPU] [s: 0] [us: 10212]
[Blocking] [PID: 2198255] [s: 0] [us: 488780]
[INFO] [Timer_callback1]: [PID: 2198244] [Bgn] [s: 14] [us: 991914]
[INFO] [Timer_callback1]: [PID: 2198244] [End] [s: 15] [us: 92280]
[INFO] [Regular_callback11]: [PID: 2198255] [kernelCPU] [s: 0] [us: 10183]
[Blocking] [PID: 2198255] [s: 0] [us: 488839]
[INFO] [Timer_callback1]: [PID: 2198244] [Bgn] [s: 15] [us: 591928]
[INFO] [Timer_callback1]: [PID: 2198244] [End] [s: 15] [us: 692297]
[INFO] [Regular_callback11]: [PID: 2198255] [kernelCPU] [s: 0] [us: 10158]
[Blocking] [PID: 2198255] [s: 0] [us: 488805]
[INFO] [Timer_callback1]: [PID: 2198244] [Bgn] [s: 16] [us: 191909]
[INFO] [Timer_callback1]: [PID: 2198244] [End] [s: 16] [us: 292280]
[INFO] [Regular_callback11]: [PID: 2198255] [kernelCPU] [s: 0] [us: 10043]
[Blocking] [PID: 2198255] [s: 0] [us: 489031]
[INFO] [Timer_callback1]: [PID: 2198244] [Bgn] [s: 16] [us: 791922]
[INFO] [Timer_callback1]: [PID: 2198244] [End] [s: 16] [us: 892293]
[INFO] [Regular_callback11]: [PID: 2198255] [kernelCPU] [s: 0] [us: 15251]
[Blocking] [PID: 2198255] [s: 0] [us: 483459]
[INFO] [Timer_callback1]: [PID: 2198244] [Bgn] [s: 17] [us: 391905]
[INFO] [Timer_callback1]: [PID: 2198244] [End] [s: 17] [us: 492275]
[INFO] [Regular_callback11]: [PID: 2198244] [kernelCPU] [s: 0] [us: 10221]
[Blocking] [PID: 2198244] [s: 0] [us: 488660]
[INFO] [Timer_callback1]: [PID: 2198255] [Bgn] [s: 17] [us: 991973]
[INFO] [Timer_callback1]: [PID: 2198255] [End] [s: 18] [us: 92994]
[INFO] [Regular_callback11]: [PID: 2198244] [kernelCPU] [s: 0] [us: 10138]
[Blocking] [PID: 2198244] [s: 0] [us: 488147]
[INFO] [Timer_callback1]: [PID: 2198255] [Bgn] [s: 18] [us: 591981]
[INFO] [Timer_callback1]: [PID: 2198255] [End] [s: 18] [us: 693062]
[INFO] [Regular_callback11]: [PID: 2198244] [kernelCPU] [s: 0] [us: 10180]
[Blocking] [PID: 2198244] [s: 0] [us: 488027]
[INFO] [Timer_callback1]: [PID: 2198255] [Bgn] [s: 19] [us: 191947]
[INFO] [Timer_callback1]: [PID: 2198255] [End] [s: 19] [us: 292959]
[INFO] [Regular_callback11]: [PID: 2198244] [kernelCPU] [s: 0] [us: 10154]
[Blocking] [PID: 2198244] [s: 0] [us: 488060]
[INFO] [Timer_callback1]: [PID: 2198255] [Bgn] [s: 19] [us: 791947]
[INFO] [Timer_callback1]: [PID: 2198255] [End] [s: 19] [us: 892981]
[INFO] [Regular_callback11]: [PID: 2198244] [kernelCPU] [s: 0] [us: 10151]
[Blocking] [PID: 2198244] [s: 0] [us: 488069]
[INFO] [Timer_callback1]: [PID: 2198255] [Bgn] [s: 20] [us: 391950]
[INFO] [Timer_callback1]: [PID: 2198255] [End] [s: 20] [us: 492947]
[INFO] [Regular_callback11]: [PID: 2198244] [kernelCPU] [s: 0] [us: 13785]
[Blocking] [PID: 2198244] [s: 0] [us: 484505]
[INFO] [Timer_callback1]: [PID: 2198255] [Bgn] [s: 20] [us: 991959]
[INFO] [Timer_callback1]: [PID: 2198255] [End] [s: 21] [us: 92967]
[INFO] [Regular_callback11]: [PID: 2198244] [kernelCPU] [s: 0] [us: 10140]
[Blocking] [PID: 2198244] [s: 0] [us: 488168]
[INFO] [Timer_callback1]: [PID: 2198255] [Bgn] [s: 21] [us: 591951]
[INFO] [Timer_callback1]: [PID: 2198255] [End] [s: 21] [us: 692978]
[INFO] [Regular_callback11]: [PID: 2198244] [kernelCPU] [s: 0] [us: 10200]
[Blocking] [PID: 2198244] [s: 0] [us: 488087]
[INFO] [Timer_callback1]: [PID: 2198255] [Bgn] [s: 22] [us: 191950]
[INFO] [Timer_callback1]: [PID: 2198255] [End] [s: 22] [us: 292937]
[INFO] [Regular_callback11]: [PID: 2198244] [kernelCPU] [s: 0] [us: 10132]
[Blocking] [PID: 2198244] [s: 0] [us: 488230]
[INFO] [Timer_callback1]: [PID: 2198255] [Bgn] [s: 22] [us: 791908]
[INFO] [Timer_callback1]: [PID: 2198255] [End] [s: 22] [us: 892520]
[INFO] [Regular_callback11]: [PID: 2198255] [kernelCPU] [s: 0] [us: 14086]
[Blocking] [PID: 2198255] [s: 0] [us: 484581]
[INFO] [Timer_callback1]: [PID: 2198244] [Bgn] [s: 23] [us: 391930]
[INFO] [Timer_callback1]: [PID: 2198244] [End] [s: 23] [us: 492317]
[INFO] [Regular_callback11]: [PID: 2198255] [kernelCPU] [s: 0] [us: 14531]
[Blocking] [PID: 2198255] [s: 0] [us: 484199]
[INFO] [Timer_callback1]: [PID: 2198244] [Bgn] [s: 23] [us: 991933]
[INFO] [Timer_callback1]: [PID: 2198244] [End] [s: 24] [us: 92318]
[INFO] [Regular_callback11]: [PID: 2198255] [kernelCPU] [s: 0] [us: 14164]
[Blocking] [PID: 2198255] [s: 0] [us: 484655]
[INFO] [Timer_callback1]: [PID: 2198244] [Bgn] [s: 24] [us: 591931]
[INFO] [Timer_callback1]: [PID: 2198244] [End] [s: 24] [us: 692311]
[INFO] [Regular_callback11]: [PID: 2198255] [kernelCPU] [s: 0] [us: 15251]
[Blocking] [PID: 2198255] [s: 0] [us: 483481]
[INFO] [Timer_callback1]: [PID: 2198244] [Bgn] [s: 25] [us: 191935]
[INFO] [Timer_callback1]: [PID: 2198244] [End] [s: 25] [us: 292313]
[INFO] [Regular_callback11]: [PID: 2198255] [kernelCPU] [s: 0] [us: 14415]
[Blocking] [PID: 2198255] [s: 0] [us: 484406]
[INFO] [Timer_callback1]: [PID: 2198244] [Bgn] [s: 25] [us: 791913]
[INFO] [Timer_callback1]: [PID: 2198244] [End] [s: 25] [us: 892290]
[INFO] [Regular_callback11]: [PID: 2198255] [kernelCPU] [s: 0] [us: 14620]
[Blocking] [PID: 2198255] [s: 0] [us: 484132]
[INFO] [Timer_callback1]: [PID: 2198244] [Bgn] [s: 26] [us: 391909]
[INFO] [Timer_callback1]: [PID: 2198244] [End] [s: 26] [us: 492277]
[INFO] [Regular_callback11]: [PID: 2198255] [kernelCPU] [s: 0] [us: 15368]
[Blocking] [PID: 2198255] [s: 0] [us: 483365]
[INFO] [Timer_callback1]: [PID: 2198244] [Bgn] [s: 26] [us: 991915]
[INFO] [Timer_callback1]: [PID: 2198244] [End] [s: 27] [us: 92282]
[INFO] [Regular_callback11]: [PID: 2198255] [kernelCPU] [s: 0] [us: 14988]
[Blocking] [PID: 2198255] [s: 0] [us: 483955]
[INFO] [Timer_callback1]: [PID: 2198244] [Bgn] [s: 27] [us: 591912]
[INFO] [Timer_callback1]: [PID: 2198244] [End] [s: 27] [us: 692282]
[INFO] [Regular_callback11]: [PID: 2198244] [kernelCPU] [s: 0] [us: 10033]
[Blocking] [PID: 2198244] [s: 0] [us: 488803]
[INFO] [Timer_callback1]: [PID: 2198255] [Bgn] [s: 28] [us: 191912]
[INFO] [Timer_callback1]: [PID: 2198255] [End] [s: 28] [us: 292679]
[INFO] [Regular_callback11]: [PID: 2198244] [kernelCPU] [s: 0] [us: 10038]
[Blocking] [PID: 2198255] [s: 0] [us: 488522]
[INFO] [Timer_callback1]: [PID: 2198244] [Bgn] [s: 28] [us: 791917]
[INFO] [Timer_callback1]: [PID: 2198244] [End] [s: 28] [us: 892288]
[INFO] [Regular_callback11]: [PID: 2198244] [kernelCPU] [s: 0] [us: 21717]
[Blocking] [PID: 2198244] [s: 0] [us: 477167]
[INFO] [Timer_callback1]: [PID: 2198255] [Bgn] [s: 29] [us: 392011]
[INFO] [Timer_callback1]: [PID: 2198255] [End] [s: 29] [us: 492871]
[INFO] [Regular_callback11]: [PID: 2198244] [kernelCPU] [s: 0] [us: 14428]
[Blocking] [PID: 2198244] [s: 0] [us: 483918]
[INFO] [Timer_callback1]: [PID: 2198255] [Bgn] [s: 29] [us: 991997]
[INFO] [Timer_callback1]: [PID: 2198255] [End] [s: 30] [us: 92932]
[INFO] [Regular_callback11]: [PID: 2198244] [kernelCPU] [s: 0] [us: 15230]
[Blocking] [PID: 2198244] [s: 0] [us: 482931]
[INFO] [Timer_callback1]: [PID: 2198255] [Bgn] [s: 30] [us: 591990]
[INFO] [Timer_callback1]: [PID: 2198255] [End] [s: 30] [us: 692859]
[INFO] [Regular_callback11]: [PID: 2198244] [kernelCPU] [s: 0] [us: 12723]
[Blocking] [PID: 2198255] [s: 0] [us: 485341]
[INFO] [Timer_callback1]: [PID: 2198244] [Bgn] [s: 31] [us: 191943]
[INFO] [Timer_callback1]: [PID: 2198244] [End] [s: 31] [us: 293058]
[INFO] [Regular_callback11]: [PID: 2198244] [kernelCPU] [s: 0] [us: 15078]
[Blocking] [PID: 2198244] [s: 0] [us: 482794]
[INFO] [Timer_callback1]: [PID: 2198255] [Bgn] [s: 31] [us: 791973]
[INFO] [Timer_callback1]: [PID: 2198255] [End] [s: 31] [us: 893075]
[INFO] [Regular_callback11]: [PID: 2198255] [kernelCPU] [s: 0] [us: 14927]
[Blocking] [PID: 2198255] [s: 0] [us: 483151]
[INFO] [Timer_callback1]: [PID: 2198244] [Bgn] [s: 32] [us: 391935]
[INFO] [Timer_callback1]: [PID: 2198244] [End] [s: 32] [us: 493069]
[INFO] [Regular_callback11]: [PID: 2198255] [kernelCPU] [s: 0] [us: 14205]
[Blocking] [PID: 2198255] [s: 0] [us: 483789]
[INFO] [Timer_callback1]: [PID: 2198244] [Bgn] [s: 32] [us: 991919]
[INFO] [Timer_callback1]: [PID: 2198244] [End] [s: 33] [us: 93035]
[INFO] [Regular_callback11]: [PID: 2198244] [kernelCPU] [s: 0] [us: 15098]
[Blocking] [PID: 2198244] [s: 0] [us: 482853]
[INFO] [Timer_callback1]: [PID: 2198255] [Bgn] [s: 33] [us: 591981]
[INFO] [Timer_callback1]: [PID: 2198255] [End] [s: 33] [us: 692830]
[INFO] [Regular_callback11]: [PID: 2198244] [kernelCPU] [s: 0] [us: 12506]
[Blocking] [PID: 2198244] [s: 0] [us: 485790]
[INFO] [Timer_callback1]: [PID: 2198255] [Bgn] [s: 34] [us: 191980]
[INFO] [Timer_callback1]: [PID: 2198255] [End] [s: 34] [us: 292995]
[INFO] [Regular_callback11]: [PID: 2198244] [kernelCPU] [s: 0] [us: 14905]
[Blocking] [PID: 2198244] [s: 0] [us: 483084]
[INFO] [Timer_callback1]: [PID: 2198255] [Bgn] [s: 34] [us: 791978]
[INFO] [Timer_callback1]: [PID: 2198255] [End] [s: 34] [us: 892990]
[INFO] [Regular_callback11]: [PID: 2198244] [kernelCPU] [s: 0] [us: 15166]
[Blocking] [PID: 2198244] [s: 0] [us: 482858]
[INFO] [Timer_callback1]: [PID: 2198255] [Bgn] [s: 35] [us: 391981]
[INFO] [Timer_callback1]: [PID: 2198255] [End] [s: 35] [us: 493097]
[INFO] [Regular_callback11]: [PID: 2198244] [kernelCPU] [s: 0] [us: 18551]
[Blocking] [PID: 2198244] [s: 0] [us: 479343]
[INFO] [Timer_callback1]: [PID: 2198255] [Bgn] [s: 35] [us: 991973]
[INFO] [Timer_callback1]: [PID: 2198255] [End] [s: 36] [us: 93070]
[INFO] [Regular_callback11]: [PID: 2198244] [kernelCPU] [s: 0] [us: 14960]
[Blocking] [PID: 2198244] [s: 0] [us: 482943]
[INFO] [Timer_callback1]: [PID: 2198255] [Bgn] [s: 36] [us: 591975]
[INFO] [Timer_callback1]: [PID: 2198255] [End] [s: 36] [us: 692765]
[INFO] [Regular_callback11]: [PID: 2198255] [kernelCPU] [s: 0] [us: 15092]
[Blocking] [PID: 2198255] [s: 0] [us: 483257]
[INFO] [Timer_callback1]: [PID: 2198244] [Bgn] [s: 37] [us: 191932]
[INFO] [Timer_callback1]: [PID: 2198244] [End] [s: 37] [us: 293006]
[INFO] [Regular_callback11]: [PID: 2198255] [kernelCPU] [s: 0] [us: 14995]
[Blocking] [PID: 2198255] [s: 0] [us: 483200]
[INFO] [Timer_callback1]: [PID: 2198244] [Bgn] [s: 37] [us: 791930]
[INFO] [Timer_callback1]: [PID: 2198244] [End] [s: 37] [us: 893065]
[INFO] [Regular_callback11]: [PID: 2198255] [kernelCPU] [s: 0] [us: 15070]
[Blocking] [PID: 2198255] [s: 0] [us: 482927]
[INFO] [Timer_callback1]: [PID: 2198244] [Bgn] [s: 38] [us: 391930]
[INFO] [Timer_callback1]: [PID: 2198244] [End] [s: 38] [us: 493002]
[INFO] [Regular_callback11]: [PID: 2198255] [kernelCPU] [s: 0] [us: 15012]
[Blocking] [PID: 2198255] [s: 0] [us: 483025]
[INFO] [Timer_callback1]: [PID: 2198244] [Bgn] [s: 38] [us: 991931]
[INFO] [Timer_callback1]: [PID: 2198244] [End] [s: 39] [us: 93020]
[INFO] [Regular_callback11]: [PID: 2198244] [kernelCPU] [s: 0] [us: 15112]
[Blocking] [PID: 2198244] [s: 0] [us: 482782]
[INFO] [Timer_callback1]: [PID: 2198255] [Bgn] [s: 39] [us: 591936]
[INFO] [Timer_callback1]: [PID: 2198255] [End] [s: 39] [us: 692897]
[INFO] [Regular_callback11]: [PID: 2198244] [kernelCPU] [s: 0] [us: 15248]
[Blocking] [PID: 2198244] [s: 0] [us: 482918]
[INFO] [Timer_callback1]: [PID: 2198255] [Bgn] [s: 40] [us: 191936]
[INFO] [Timer_callback1]: [PID: 2198255] [End] [s: 40] [us: 292840]
[INFO] [Regular_callback11]: [PID: 2198244] [kernelCPU] [s: 0] [us: 15109]
[Blocking] [PID: 2198244] [s: 0] [us: 483174]
[INFO] [Timer_callback1]: [PID: 2198255] [Bgn] [s: 40] [us: 791937]
[INFO] [Timer_callback1]: [PID: 2198255] [End] [s: 40] [us: 892827]
[INFO] [Regular_callback11]: [PID: 2198244] [kernelCPU] [s: 0] [us: 15241]
[Blocking] [PID: 2198244] [s: 0] [us: 482936]
[INFO] [Timer_callback1]: [PID: 2198255] [Bgn] [s: 41] [us: 391960]
[INFO] [Timer_callback1]: [PID: 2198255] [End] [s: 41] [us: 493043]
[INFO] [Regular_callback11]: [PID: 2198244] [kernelCPU] [s: 0] [us: 14938]
[Blocking] [PID: 2198244] [s: 0] [us: 483018]
[INFO] [Timer_callback1]: [PID: 2198255] [Bgn] [s: 41] [us: 991953]
[INFO] [Timer_callback1]: [PID: 2198255] [End] [s: 42] [us: 93059]
[INFO] [Regular_callback11]: [PID: 2198255] [kernelCPU] [s: 0] [us: 14880]
[Blocking] [PID: 2198255] [s: 0] [us: 482973]
[INFO] [Timer_callback1]: [PID: 2198244] [Bgn] [s: 42] [us: 591961]
[INFO] [Timer_callback1]: [PID: 2198244] [End] [s: 42] [us: 693055]
[INFO] [Regular_callback11]: [PID: 2198244] [kernelCPU] [s: 0] [us: 15174]
[Blocking] [PID: 2198244] [s: 0] [us: 482870]
[INFO] [Timer_callback1]: [PID: 2198255] [Bgn] [s: 43] [us: 191919]
[INFO] [Timer_callback1]: [PID: 2198255] [End] [s: 43] [us: 292994]
[INFO] [Regular_callback11]: [PID: 2198244] [kernelCPU] [s: 0] [us: 14997]
[Blocking] [PID: 2198244] [s: 0] [us: 483122]
[INFO] [Timer_callback1]: [PID: 2198255] [Bgn] [s: 43] [us: 791950]
[INFO] [Timer_callback1]: [PID: 2198255] [End] [s: 43] [us: 893054]
[INFO] [Regular_callback11]: [PID: 2198244] [kernelCPU] [s: 0] [us: 14830]
[Blocking] [PID: 2198244] [s: 0] [us: 483310]
[INFO] [Timer_callback1]: [PID: 2198255] [Bgn] [s: 44] [us: 391957]
[INFO] [Timer_callback1]: [PID: 2198255] [End] [s: 44] [us: 493063]
[INFO] [Regular_callback11]: [PID: 2198244] [kernelCPU] [s: 0] [us: 15069]
[Blocking] [PID: 2198244] [s: 0] [us: 482905]
[INFO] [Timer_callback1]: [PID: 2198255] [Bgn] [s: 44] [us: 991962]
[INFO] [Timer_callback1]: [PID: 2198255] [End] [s: 45] [us: 93083]
[INFO] [Regular_callback11]: [PID: 2198255] [kernelCPU] [s: 0] [us: 14952]
[Blocking] [PID: 2198255] [s: 0] [us: 483032]
[INFO] [Timer_callback1]: [PID: 2198244] [Bgn] [s: 45] [us: 591959]
[INFO] [Timer_callback1]: [PID: 2198244] [End] [s: 45] [us: 693070]
[INFO] [Regular_callback11]: [PID: 2198244] [kernelCPU] [s: 0] [us: 15129]
[Blocking] [PID: 2198244] [s: 0] [us: 482866]
[INFO] [Timer_callback1]: [PID: 2198255] [Bgn] [s: 46] [us: 191942]
[INFO] [Timer_callback1]: [PID: 2198255] [End] [s: 46] [us: 293029]
[INFO] [Regular_callback11]: [PID: 2198244] [kernelCPU] [s: 0] [us: 13268]
[Blocking] [PID: 2198244] [s: 0] [us: 484707]
[INFO] [Timer_callback1]: [PID: 2198255] [Bgn] [s: 46] [us: 791942]
[INFO] [Timer_callback1]: [PID: 2198255] [End] [s: 46] [us: 893014]
[INFO] [Regular_callback11]: [PID: 2198255] [kernelCPU] [s: 0] [us: 14275]
[Blocking] [PID: 2198255] [s: 0] [us: 483750]
[INFO] [Timer_callback1]: [PID: 2198244] [Bgn] [s: 47] [us: 391915]
[INFO] [Timer_callback1]: [PID: 2198244] [End] [s: 47] [us: 492995]
[INFO] [Regular_callback11]: [PID: 2198244] [kernelCPU] [s: 0] [us: 15178]
[Blocking] [PID: 2198244] [s: 0] [us: 482926]
[INFO] [Timer_callback1]: [PID: 2198255] [Bgn] [s: 47] [us: 991953]
[INFO] [Timer_callback1]: [PID: 2198255] [End] [s: 48] [us: 93075]
[INFO] [Regular_callback11]: [PID: 2198244] [kernelCPU] [s: 0] [us: 23893]
[Blocking] [PID: 2198244] [s: 0] [us: 474070]
[INFO] [Timer_callback1]: [PID: 2198255] [Bgn] [s: 48] [us: 591956]
[INFO] [Timer_callback1]: [PID: 2198255] [End] [s: 48] [us: 693076]
[INFO] [Regular_callback11]: [PID: 2198244] [kernelCPU] [s: 0] [us: 15168]
[Blocking] [PID: 2198244] [s: 0] [us: 482779]
[INFO] [Timer_callback1]: [PID: 2198255] [Bgn] [s: 49] [us: 191956]
[INFO] [Timer_callback1]: [PID: 2198255] [End] [s: 49] [us: 293059]
[INFO] [Regular_callback11]: [PID: 2198244] [kernelCPU] [s: 0] [us: 14442]
[Blocking] [PID: 2198244] [s: 0] [us: 483749]
[INFO] [Timer_callback1]: [PID: 2198255] [Bgn] [s: 49] [us: 791959]
[INFO] [Timer_callback1]: [PID: 2198255] [End] [s: 49] [us: 893061]
[INFO] [Regular_callback11]: [PID: 2198244] [kernelCPU] [s: 0] [us: 15028]
[Blocking] [PID: 2198244] [s: 0] [us: 483007]
[INFO] [Timer_callback1]: [PID: 2198255] [Bgn] [s: 50] [us: 391920]
[INFO] [Timer_callback1]: [PID: 2198255] [End] [s: 50] [us: 493023]
[INFO] [Regular_callback11]: [PID: 2198244] [kernelCPU] [s: 0] [us: 13270]
[Blocking] [PID: 2198244] [s: 0] [us: 484837]
[INFO] [Timer_callback1]: [PID: 2198255] [Bgn] [s: 50] [us: 991955]
[INFO] [Timer_callback1]: [PID: 2198255] [End] [s: 51] [us: 93068]
[INFO] [Regular_callback11]: [PID: 2198255] [kernelCPU] [s: 0] [us: 14973]
[Blocking] [PID: 2198255] [s: 0] [us: 482873]
[INFO] [Timer_callback1]: [PID: 2198244] [Bgn] [s: 51] [us: 591930]
[INFO] [Timer_callback1]: [PID: 2198244] [End] [s: 51] [us: 693025]
[INFO] [Regular_callback11]: [PID: 2198244] [kernelCPU] [s: 0] [us: 12888]
[Blocking] [PID: 2198255] [s: 0] [us: 484973]
[INFO] [Timer_callback1]: [PID: 2198244] [Bgn] [s: 52] [us: 191912]
[INFO] [Timer_callback1]: [PID: 2198244] [End] [s: 52] [us: 292996]
[INFO] [Regular_callback11]: [PID: 2198244] [kernelCPU] [s: 0] [us: 14911]
[Blocking] [PID: 2198244] [s: 0] [us: 483115]
[INFO] [Timer_callback1]: [PID: 2198255] [Bgn] [s: 52] [us: 791965]
[INFO] [Timer_callback1]: [PID: 2198255] [End] [s: 52] [us: 893075]
[INFO] [Regular_callback11]: [PID: 2198255] [kernelCPU] [s: 0] [us: 16008]
[Blocking] [PID: 2198255] [s: 0] [us: 481952]
[INFO] [Timer_callback1]: [PID: 2198244] [Bgn] [s: 53] [us: 391948]
[INFO] [Timer_callback1]: [PID: 2198244] [End] [s: 53] [us: 493064]
[INFO] [Regular_callback11]: [PID: 2198255] [kernelCPU] [s: 0] [us: 15020]
[Blocking] [PID: 2198255] [s: 0] [us: 483029]
[INFO] [Timer_callback1]: [PID: 2198244] [Bgn] [s: 53] [us: 991950]
[INFO] [Timer_callback1]: [PID: 2198244] [End] [s: 54] [us: 93059]
[INFO] [Regular_callback11]: [PID: 2198244] [kernelCPU] [s: 0] [us: 14569]
[Blocking] [PID: 2198244] [s: 0] [us: 483408]
[INFO] [Timer_callback1]: [PID: 2198255] [Bgn] [s: 54] [us: 591939]
[INFO] [Timer_callback1]: [PID: 2198255] [End] [s: 54] [us: 693027]
[INFO] [Regular_callback11]: [PID: 2198255] [kernelCPU] [s: 0] [us: 14946]
[Blocking] [PID: 2198255] [s: 0] [us: 483129]
[INFO] [Timer_callback1]: [PID: 2198244] [Bgn] [s: 55] [us: 191951]
[INFO] [Timer_callback1]: [PID: 2198244] [End] [s: 55] [us: 293060]
[INFO] [Regular_callback11]: [PID: 2198255] [kernelCPU] [s: 0] [us: 14307]
[Blocking] [PID: 2198255] [s: 0] [us: 483648]
[INFO] [Timer_callback1]: [PID: 2198244] [Bgn] [s: 55] [us: 791955]
[INFO] [Timer_callback1]: [PID: 2198244] [End] [s: 55] [us: 893048]
[INFO] [Regular_callback11]: [PID: 2198244] [kernelCPU] [s: 0] [us: 14737]
[Blocking] [PID: 2198244] [s: 0] [us: 483312]
[INFO] [Timer_callback1]: [PID: 2198255] [Bgn] [s: 56] [us: 391916]
[INFO] [Timer_callback1]: [PID: 2198255] [End] [s: 56] [us: 492991]
[INFO] [Regular_callback11]: [PID: 2198255] [kernelCPU] [s: 0] [us: 12891]
[Blocking] [PID: 2198255] [s: 0] [us: 485154]
[INFO] [Timer_callback1]: [PID: 2198244] [Bgn] [s: 56] [us: 991958]
[INFO] [Timer_callback1]: [PID: 2198244] [End] [s: 57] [us: 93063]
[INFO] [Regular_callback11]: [PID: 2198255] [kernelCPU] [s: 0] [us: 15140]
[Blocking] [PID: 2198255] [s: 0] [us: 482780]
[INFO] [Timer_callback1]: [PID: 2198244] [Bgn] [s: 57] [us: 591942]
[INFO] [Timer_callback1]: [PID: 2198244] [End] [s: 57] [us: 693074]
[INFO] [Regular_callback11]: [PID: 2198255] [kernelCPU] [s: 0] [us: 14895]
[Blocking] [PID: 2198255] [s: 0] [us: 482939]
[INFO] [Timer_callback1]: [PID: 2198244] [Bgn] [s: 58] [us: 191955]
[INFO] [Timer_callback1]: [PID: 2198244] [End] [s: 58] [us: 293057]
[INFO] [Regular_callback11]: [PID: 2198244] [kernelCPU] [s: 0] [us: 14655]
[Blocking] [PID: 2198244] [s: 0] [us: 483400]
[INFO] [Timer_callback1]: [PID: 2198255] [Bgn] [s: 58] [us: 791949]
[INFO] [Timer_callback1]: [PID: 2198255] [End] [s: 58] [us: 893017]
[INFO] [Regular_callback11]: [PID: 2198244] [kernelCPU] [s: 0] [us: 12158]
[Blocking] [PID: 2198244] [s: 0] [us: 486149]
[INFO] [Timer_callback1]: [PID: 2198255] [Bgn] [s: 59] [us: 391938]
[INFO] [Timer_callback1]: [PID: 2198255] [End] [s: 59] [us: 492905]
[INFO] [Regular_callback11]: [PID: 2198244] [kernelCPU] [s: 0] [us: 12679]
[Blocking] [PID: 2198244] [s: 0] [us: 485496]
[INFO] [Timer_callback1]: [PID: 2198255] [Bgn] [s: 59] [us: 991945]
[INFO] [Timer_callback1]: [PID: 2198255] [End] [s: 60] [us: 93053]
[INFO] [Regular_callback11]: [PID: 2198244] [kernelCPU] [s: 0] [us: 15147]
[Blocking] [PID: 2198244] [s: 0] [us: 482880]
[INFO] [Timer_callback1]: [PID: 2198255] [Bgn] [s: 60] [us: 591947]
[INFO] [Timer_callback1]: [PID: 2198255] [End] [s: 60] [us: 693057]
[INFO] [Regular_callback11]: [PID: 2198244] [kernelCPU] [s: 0] [us: 15109]
[Blocking] [PID: 2198244] [s: 0] [us: 482856]
[INFO] [Timer_callback1]: [PID: 2198255] [Bgn] [s: 61] [us: 191943]
[INFO] [Timer_callback1]: [PID: 2198255] [End] [s: 61] [us: 293035]
[INFO] [Regular_callback11]: [PID: 2198244] [kernelCPU] [s: 0] [us: 15172]
[Blocking] [PID: 2198244] [s: 0] [us: 482943]
[INFO] [Timer_callback1]: [PID: 2198255] [Bgn] [s: 61] [us: 791947]
[INFO] [Timer_callback1]: [PID: 2198255] [End] [s: 61] [us: 893044]
[INFO] [Regular_callback11]: [PID: 2198244] [kernelCPU] [s: 0] [us: 15125]
[Blocking] [PID: 2198244] [s: 0] [us: 482918]
[INFO] [Timer_callback1]: [PID: 2198255] [Bgn] [s: 62] [us: 391951]
[INFO] [Timer_callback1]: [PID: 2198255] [End] [s: 62] [us: 493024]
[INFO] [Regular_callback11]: [PID: 2198255] [kernelCPU] [s: 0] [us: 12153]
[Blocking] [PID: 2198255] [s: 0] [us: 485945]
[INFO] [Timer_callback1]: [PID: 2198244] [Bgn] [s: 62] [us: 991918]
[INFO] [Timer_callback1]: [PID: 2198244] [End] [s: 63] [us: 93038]
[INFO] [Regular_callback11]: [PID: 2198255] [kernelCPU] [s: 0] [us: 15180]
[Blocking] [PID: 2198255] [s: 0] [us: 482865]
[INFO] [Timer_callback1]: [PID: 2198244] [Bgn] [s: 63] [us: 591957]
[INFO] [Timer_callback1]: [PID: 2198244] [End] [s: 63] [us: 693083]
[INFO] [Regular_callback11]: [PID: 2198255] [kernelCPU] [s: 0] [us: 13234]
[Blocking] [PID: 2198255] [s: 0] [us: 484811]
[INFO] [Timer_callback1]: [PID: 2198244] [Bgn] [s: 64] [us: 191956]
[INFO] [Timer_callback1]: [PID: 2198244] [End] [s: 64] [us: 293072]
[INFO] [Regular_callback11]: [PID: 2198255] [kernelCPU] [s: 0] [us: 14978]
[Blocking] [PID: 2198255] [s: 0] [us: 483054]
[INFO] [Timer_callback1]: [PID: 2198244] [Bgn] [s: 64] [us: 791957]
[INFO] [Timer_callback1]: [PID: 2198244] [End] [s: 64] [us: 893073]
[INFO] [Regular_callback11]: [PID: 2198244] [kernelCPU] [s: 0] [us: 14685]
[Blocking] [PID: 2198244] [s: 0] [us: 483366]
[INFO] [Timer_callback1]: [PID: 2198255] [Bgn] [s: 65] [us: 391960]
[INFO] [Timer_callback1]: [PID: 2198255] [End] [s: 65] [us: 493041]
[INFO] [Regular_callback11]: [PID: 2198255] [kernelCPU] [s: 0] [us: 12588]
[Blocking] [PID: 2198255] [s: 0] [us: 485359]
[INFO] [Timer_callback1]: [PID: 2198244] [Bgn] [s: 65] [us: 991946]
[INFO] [Timer_callback1]: [PID: 2198244] [End] [s: 66] [us: 93053]
[INFO] [Regular_callback11]: [PID: 2198244] [kernelCPU] [s: 0] [us: 15052]
[Blocking] [PID: 2198244] [s: 0] [us: 482974]
[INFO] [Timer_callback1]: [PID: 2198255] [Bgn] [s: 66] [us: 591953]
[INFO] [Timer_callback1]: [PID: 2198255] [End] [s: 66] [us: 693070]
[INFO] [Regular_callback11]: [PID: 2198255] [kernelCPU] [s: 0] [us: 15048]
[Blocking] [PID: 2198255] [s: 0] [us: 482939]
[INFO] [Timer_callback1]: [PID: 2198244] [Bgn] [s: 67] [us: 191950]
[INFO] [Timer_callback1]: [PID: 2198244] [End] [s: 67] [us: 293067]
[INFO] [Regular_callback11]: [PID: 2198244] [kernelCPU] [s: 0] [us: 17535]
[Blocking] [PID: 2198244] [s: 0] [us: 480338]
[INFO] [Timer_callback1]: [PID: 2198255] [Bgn] [s: 67] [us: 791908]
[INFO] [Timer_callback1]: [PID: 2198255] [End] [s: 67] [us: 892988]
[INFO] [Regular_callback11]: [PID: 2198255] [kernelCPU] [s: 0] [us: 19346]
[Blocking] [PID: 2198255] [s: 0] [us: 478680]
[INFO] [Timer_callback1]: [PID: 2198244] [Bgn] [s: 68] [us: 391904]
[INFO] [Timer_callback1]: [PID: 2198244] [End] [s: 68] [us: 492982]
[INFO] [Regular_callback11]: [PID: 2198255] [kernelCPU] [s: 0] [us: 10159]
[Blocking] [PID: 2198244] [s: 0] [us: 487871]
[INFO] [Timer_callback1]: [PID: 2198255] [Bgn] [s: 68] [us: 991965]
[INFO] [Timer_callback1]: [PID: 2198255] [End] [s: 69] [us: 93050]
[INFO] [Regular_callback11]: [PID: 2198244] [kernelCPU] [s: 0] [us: 15330]
[Blocking] [PID: 2198244] [s: 0] [us: 482512]
[INFO] [Timer_callback1]: [PID: 2198255] [Bgn] [s: 69] [us: 591935]
[INFO] [Timer_callback1]: [PID: 2198255] [End] [s: 69] [us: 692894]
[INFO] [Regular_callback11]: [PID: 2198255] [kernelCPU] [s: 0] [us: 15428]
[Blocking] [PID: 2198255] [s: 0] [us: 482403]
[INFO] [Timer_callback1]: [PID: 2198244] [Bgn] [s: 70] [us: 191956]
[INFO] [Timer_callback1]: [PID: 2198244] [End] [s: 70] [us: 293083]
[INFO] [Regular_callback11]: [PID: 2198255] [kernelCPU] [s: 0] [us: 14916]
[Blocking] [PID: 2198255] [s: 0] [us: 482927]
[INFO] [Timer_callback1]: [PID: 2198244] [Bgn] [s: 70] [us: 791878]
[INFO] [Timer_callback1]: [PID: 2198244] [End] [s: 70] [us: 892851]
[INFO] [Regular_callback11]: [PID: 2198244] [kernelCPU] [s: 0] [us: 14670]
[Blocking] [PID: 2198244] [s: 0] [us: 483452]
[INFO] [Timer_callback1]: [PID: 2198255] [Bgn] [s: 71] [us: 391928]
[INFO] [Timer_callback1]: [PID: 2198255] [End] [s: 71] [us: 492920]
[INFO] [Regular_callback11]: [PID: 2198244] [kernelCPU] [s: 0] [us: 20324]
[Blocking] [PID: 2198244] [s: 0] [us: 477802]
[INFO] [Timer_callback1]: [PID: 2198255] [Bgn] [s: 71] [us: 991965]
[INFO] [Timer_callback1]: [PID: 2198255] [End] [s: 72] [us: 93083]
[INFO] [Regular_callback11]: [PID: 2198244] [kernelCPU] [s: 0] [us: 15066]
[Blocking] [PID: 2198244] [s: 0] [us: 482799]
[INFO] [Timer_callback1]: [PID: 2198255] [Bgn] [s: 72] [us: 591925]
[INFO] [Timer_callback1]: [PID: 2198255] [End] [s: 72] [us: 692999]
[INFO] [Regular_callback11]: [PID: 2198255] [kernelCPU] [s: 0] [us: 14808]
[Blocking] [PID: 2198255] [s: 0] [us: 483205]
[INFO] [Timer_callback1]: [PID: 2198244] [Bgn] [s: 73] [us: 191906]
[INFO] [Timer_callback1]: [PID: 2198244] [End] [s: 73] [us: 292965]
[INFO] [Regular_callback11]: [PID: 2198244] [kernelCPU] [s: 0] [us: 15182]
[Blocking] [PID: 2198244] [s: 0] [us: 482791]
[INFO] [Timer_callback1]: [PID: 2198255] [Bgn] [s: 73] [us: 791960]
[INFO] [Timer_callback1]: [PID: 2198255] [End] [s: 73] [us: 893074]
[INFO] [Regular_callback11]: [PID: 2198244] [kernelCPU] [s: 0] [us: 15212]
[Blocking] [PID: 2198244] [s: 0] [us: 482738]
[INFO] [Timer_callback1]: [PID: 2198255] [Bgn] [s: 74] [us: 391959]
[INFO] [Timer_callback1]: [PID: 2198255] [End] [s: 74] [us: 493077]
[INFO] [Regular_callback11]: [PID: 2198255] [kernelCPU] [s: 0] [us: 15104]
[Blocking] [PID: 2198255] [s: 0] [us: 482756]
[INFO] [Timer_callback1]: [PID: 2198244] [Bgn] [s: 74] [us: 991903]
[INFO] [Timer_callback1]: [PID: 2198244] [End] [s: 75] [us: 92987]
[INFO] [Regular_callback11]: [PID: 2198244] [kernelCPU] [s: 0] [us: 20318]
[Blocking] [PID: 2198244] [s: 0] [us: 477651]
[INFO] [Timer_callback1]: [PID: 2198255] [Bgn] [s: 75] [us: 591925]
[INFO] [Timer_callback1]: [PID: 2198255] [End] [s: 75] [us: 692392]
[INFO] [Regular_callback11]: [PID: 2198255] [kernelCPU] [s: 0] [us: 15078]
[Blocking] [PID: 2198255] [s: 0] [us: 483578]
[INFO] [Timer_callback1]: [PID: 2198244] [Bgn] [s: 76] [us: 191955]
[INFO] [Timer_callback1]: [PID: 2198244] [End] [s: 76] [us: 293040]
[INFO] [Regular_callback11]: [PID: 2198255] [kernelCPU] [s: 0] [us: 14517]
[Blocking] [PID: 2198255] [s: 0] [us: 483467]
[INFO] [Timer_callback1]: [PID: 2198244] [Bgn] [s: 76] [us: 791924]
[INFO] [Timer_callback1]: [PID: 2198244] [End] [s: 76] [us: 892901]
[INFO] [Regular_callback11]: [PID: 2198255] [kernelCPU] [s: 0] [us: 14997]
[Blocking] [PID: 2198255] [s: 0] [us: 483170]
[INFO] [Timer_callback1]: [PID: 2198244] [Bgn] [s: 77] [us: 391950]
[INFO] [Timer_callback1]: [PID: 2198244] [End] [s: 77] [us: 493031]
[INFO] [Regular_callback11]: [PID: 2198255] [kernelCPU] [s: 0] [us: 13226]
[Blocking] [PID: 2198255] [s: 0] [us: 484700]
[INFO] [Timer_callback1]: [PID: 2198244] [Bgn] [s: 77] [us: 991943]
[INFO] [Timer_callback1]: [PID: 2198244] [End] [s: 78] [us: 92567]
[INFO] [Regular_callback11]: [PID: 2198255] [kernelCPU] [s: 0] [us: 12950]
[Blocking] [PID: 2198255] [s: 0] [us: 485666]
[INFO] [Timer_callback1]: [PID: 2198244] [Bgn] [s: 78] [us: 591994]
[INFO] [Timer_callback1]: [PID: 2198244] [End] [s: 78] [us: 693079]
[INFO] [Regular_callback11]: [PID: 2198244] [kernelCPU] [s: 0] [us: 14834]
[Blocking] [PID: 2198244] [s: 0] [us: 483148]
[INFO] [Timer_callback1]: [PID: 2198255] [Bgn] [s: 79] [us: 191952]
[INFO] [Timer_callback1]: [PID: 2198255] [End] [s: 79] [us: 293075]
[INFO] [Regular_callback11]: [PID: 2198244] [kernelCPU] [s: 0] [us: 14918]
[Blocking] [PID: 2198244] [s: 0] [us: 483135]
[INFO] [Timer_callback1]: [PID: 2198255] [Bgn] [s: 79] [us: 791950]
[INFO] [Timer_callback1]: [PID: 2198255] [End] [s: 79] [us: 893070]
[INFO] [Regular_callback11]: [PID: 2198244] [kernelCPU] [s: 0] [us: 15154]
[Blocking] [PID: 2198244] [s: 0] [us: 482931]
[INFO] [Timer_callback1]: [PID: 2198255] [Bgn] [s: 80] [us: 391947]
[INFO] [Timer_callback1]: [PID: 2198255] [End] [s: 80] [us: 493056]
[INFO] [Regular_callback11]: [PID: 2198244] [kernelCPU] [s: 0] [us: 15112]
[Blocking] [PID: 2198244] [s: 0] [us: 482938]
[INFO] [Timer_callback1]: [PID: 2198255] [Bgn] [s: 80] [us: 991980]
[INFO] [Timer_callback1]: [PID: 2198255] [End] [s: 81] [us: 93079]
[INFO] [Regular_callback11]: [PID: 2198244] [kernelCPU] [s: 0] [us: 15119]
[Blocking] [PID: 2198244] [s: 0] [us: 482816]
[INFO] [Timer_callback1]: [PID: 2198255] [Bgn] [s: 81] [us: 591955]
[INFO] [Timer_callback1]: [PID: 2198255] [End] [s: 81] [us: 693032]
[INFO] [Regular_callback11]: [PID: 2198244] [kernelCPU] [s: 0] [us: 15140]
[Blocking] [PID: 2198244] [s: 0] [us: 483030]
[INFO] [Timer_callback1]: [PID: 2198255] [Bgn] [s: 82] [us: 191925]
[INFO] [Timer_callback1]: [PID: 2198255] [End] [s: 82] [us: 293004]
[INFO] [Regular_callback11]: [PID: 2198255] [kernelCPU] [s: 0] [us: 15020]
[Blocking] [PID: 2198255] [s: 0] [us: 482988]
[INFO] [Timer_callback1]: [PID: 2198244] [Bgn] [s: 82] [us: 791917]
[INFO] [Timer_callback1]: [PID: 2198244] [End] [s: 82] [us: 893031]
[INFO] [Regular_callback11]: [PID: 2198244] [kernelCPU] [s: 0] [us: 14971]
[Blocking] [PID: 2198244] [s: 0] [us: 483117]
[INFO] [Timer_callback1]: [PID: 2198255] [Bgn] [s: 83] [us: 391911]
[INFO] [Timer_callback1]: [PID: 2198255] [End] [s: 83] [us: 493006]
[INFO] [Regular_callback11]: [PID: 2198255] [kernelCPU] [s: 0] [us: 14221]
[Blocking] [PID: 2198255] [s: 0] [us: 483796]
[INFO] [Timer_callback1]: [PID: 2198244] [Bgn] [s: 83] [us: 991911]
[INFO] [Timer_callback1]: [PID: 2198244] [End] [s: 84] [us: 92990]
[INFO] [Regular_callback11]: [PID: 2198244] [kernelCPU] [s: 0] [us: 14909]
[Blocking] [PID: 2198244] [s: 0] [us: 483124]
[INFO] [Timer_callback1]: [PID: 2198255] [Bgn] [s: 84] [us: 591941]
[INFO] [Timer_callback1]: [PID: 2198255] [End] [s: 84] [us: 693008]
[INFO] [Regular_callback11]: [PID: 2198244] [kernelCPU] [s: 0] [us: 15266]
[Blocking] [PID: 2198244] [s: 0] [us: 482862]
[INFO] [Timer_callback1]: [PID: 2198255] [Bgn] [s: 85] [us: 191946]
[INFO] [Timer_callback1]: [PID: 2198255] [End] [s: 85] [us: 293064]
[INFO] [Regular_callback11]: [PID: 2198244] [kernelCPU] [s: 0] [us: 15023]
[Blocking] [PID: 2198244] [s: 0] [us: 482972]
[INFO] [Timer_callback1]: [PID: 2198255] [Bgn] [s: 85] [us: 791968]
[INFO] [Timer_callback1]: [PID: 2198255] [End] [s: 85] [us: 893087]
[INFO] [Regular_callback11]: [PID: 2198244] [kernelCPU] [s: 0] [us: 15167]
[Blocking] [PID: 2198244] [s: 0] [us: 482712]
[INFO] [Timer_callback1]: [PID: 2198255] [Bgn] [s: 86] [us: 391902]
[INFO] [Timer_callback1]: [PID: 2198255] [End] [s: 86] [us: 492882]
[INFO] [Regular_callback11]: [PID: 2198244] [kernelCPU] [s: 0] [us: 14849]
[Blocking] [PID: 2198244] [s: 0] [us: 483460]
[INFO] [Timer_callback1]: [PID: 2198255] [Bgn] [s: 86] [us: 991945]
[INFO] [Timer_callback1]: [PID: 2198255] [End] [s: 87] [us: 93052]
[INFO] [Regular_callback11]: [PID: 2198244] [kernelCPU] [s: 0] [us: 15226]
[Blocking] [PID: 2198244] [s: 0] [us: 482811]
[INFO] [Timer_callback1]: [PID: 2198255] [Bgn] [s: 87] [us: 591941]
[INFO] [Timer_callback1]: [PID: 2198255] [End] [s: 87] [us: 693037]
[INFO] [Regular_callback11]: [PID: 2198244] [kernelCPU] [s: 0] [us: 12006]
[Blocking] [PID: 2198244] [s: 0] [us: 486253]
[INFO] [Timer_callback1]: [PID: 2198255] [Bgn] [s: 88] [us: 191946]
[INFO] [Timer_callback1]: [PID: 2198255] [End] [s: 88] [us: 293067]
[INFO] [Regular_callback11]: [PID: 2198244] [kernelCPU] [s: 0] [us: 14800]
[Blocking] [PID: 2198244] [s: 0] [us: 483171]
[INFO] [Timer_callback1]: [PID: 2198255] [Bgn] [s: 88] [us: 791904]
[INFO] [Timer_callback1]: [PID: 2198255] [End] [s: 88] [us: 893003]
[INFO] [Regular_callback11]: [PID: 2198255] [kernelCPU] [s: 0] [us: 14913]
[Blocking] [PID: 2198255] [s: 0] [us: 483099]
[INFO] [Timer_callback1]: [PID: 2198244] [Bgn] [s: 89] [us: 391924]
[INFO] [Timer_callback1]: [PID: 2198244] [End] [s: 89] [us: 493004]
[INFO] [Regular_callback11]: [PID: 2198255] [kernelCPU] [s: 0] [us: 14361]
[Blocking] [PID: 2198255] [s: 0] [us: 483753]
[INFO] [Timer_callback1]: [PID: 2198244] [Bgn] [s: 89] [us: 991949]
[INFO] [Timer_callback1]: [PID: 2198244] [End] [s: 90] [us: 93033]
[INFO] [Regular_callback11]: [PID: 2198255] [kernelCPU] [s: 0] [us: 15035]
[Blocking] [PID: 2198255] [s: 0] [us: 483056]
[INFO] [Timer_callback1]: [PID: 2198244] [Bgn] [s: 90] [us: 591941]
[INFO] [Timer_callback1]: [PID: 2198244] [End] [s: 90] [us: 693029]
[INFO] [Regular_callback11]: [PID: 2198255] [kernelCPU] [s: 0] [us: 15140]
[Blocking] [PID: 2198255] [s: 0] [us: 482877]
[INFO] [Timer_callback1]: [PID: 2198244] [Bgn] [s: 91] [us: 191952]
[INFO] [Timer_callback1]: [PID: 2198244] [End] [s: 91] [us: 293072]
[INFO] [Regular_callback11]: [PID: 2198255] [kernelCPU] [s: 0] [us: 14418]