[Hello RoboSpike] [Thread 2197348] Use ExecutorNodelet
[Hello RoboSpike] [Thread 2197375] Use ExecutorNodelet
[Blocking] [PID: 2197375] [s: 0] [us: 592493]
[INFO] [Timer_callback1]: [PID: 2197348] [Bgn] [s: 0] [us: 592708]
[INFO] [Timer_callback1]: [PID: 2197348] [End] [s: 0] [us: 693848]
[INFO] [Timer_callback1]: [PID: 2197348] [Bgn] [s: 1] [us: 192582]
[INFO] [Timer_callback1]: [PID: 2197348] [End] [s: 1] [us: 293703]
[INFO] [Timer_callback1]: [PID: 2197348] [Bgn] [s: 1] [us: 792671]
[INFO] [Timer_callback1]: [PID: 2197348] [End] [s: 1] [us: 893815]
[INFO] [Timer_callback1]: [PID: 2197348] [Bgn] [s: 2] [us: 392588]
[INFO] [Timer_callback1]: [PID: 2197348] [End] [s: 2] [us: 493048]
[INFO] [Regular_callback11]: [PID: 2197375] [kernelGPU] [s: 0] [us: 40]
[INFO] [Timer_callback1]: [PID: 2197348] [Bgn] [s: 2] [us: 992666]
[INFO] [Timer_callback1]: [PID: 2197348] [End] [s: 3] [us: 94191]
[INFO] [Regular_callback11]: [PID: 2197375] [cudaStreamSynchronize] [s: 0] [us: 35979]
[INFO] [Timer_callback1]: [PID: 2197348] [Bgn] [s: 3] [us: 592826]
[INFO] [Timer_callback1]: [PID: 2197348] [End] [s: 3] [us: 694315]
[INFO] [Timer_callback1]: [PID: 2197375] [Bgn] [s: 4] [us: 192614]
[INFO] [Timer_callback1]: [PID: 2197375] [End] [s: 4] [us: 293214]
[INFO] [Timer_callback1]: [PID: 2197375] [Bgn] [s: 4] [us: 792599]
[INFO] [Timer_callback1]: [PID: 2197375] [End] [s: 4] [us: 893719]
[INFO] [Regular_callback11]: [PID: 2197348] [kernelGPU] [s: 0] [us: 59]
[INFO] [Regular_callback11]: [PID: 2197348] [cudaStreamSynchronize] [s: 0] [us: 35982]
[INFO] [Timer_callback1]: [PID: 2197348] [Bgn] [s: 5] [us: 392531]
[INFO] [Timer_callback1]: [PID: 2197348] [End] [s: 5] [us: 493084]
[INFO] [Timer_callback1]: [PID: 2197348] [Bgn] [s: 5] [us: 992717]
[INFO] [Timer_callback1]: [PID: 2197348] [End] [s: 6] [us: 93825]
[INFO] [Timer_callback1]: [PID: 2197348] [Bgn] [s: 6] [us: 592598]
[INFO] [Timer_callback1]: [PID: 2197348] [End] [s: 6] [us: 693703]
[INFO] [Regular_callback11]: [PID: 2197375] [kernelGPU] [s: 0] [us: 33]
[INFO] [Regular_callback11]: [PID: 2197375] [cudaStreamSynchronize] [s: 0] [us: 36035]
[INFO] [Timer_callback1]: [PID: 2197375] [Bgn] [s: 7] [us: 192600]
[INFO] [Timer_callback1]: [PID: 2197375] [End] [s: 7] [us: 293091]
[INFO] [Timer_callback1]: [PID: 2197375] [Bgn] [s: 7] [us: 792609]
[INFO] [Timer_callback1]: [PID: 2197375] [End] [s: 7] [us: 893719]
[INFO] [Regular_callback11]: [PID: 2197348] [kernelGPU] [s: 0] [us: 32]
[INFO] [Timer_callback1]: [PID: 2197375] [Bgn] [s: 8] [us: 392628]
[INFO] [Timer_callback1]: [PID: 2197375] [End] [s: 8] [us: 493747]
[INFO] [Regular_callback11]: [PID: 2197348] [cudaStreamSynchronize] [s: 0] [us: 36011]
[INFO] [Timer_callback1]: [PID: 2197375] [Bgn] [s: 8] [us: 992778]
[INFO] [Timer_callback1]: [PID: 2197375] [End] [s: 9] [us: 93909]
[INFO] [Timer_callback1]: [PID: 2197375] [Bgn] [s: 9] [us: 592607]
[INFO] [Timer_callback1]: [PID: 2197375] [End] [s: 9] [us: 693732]
[INFO] [Regular_callback11]: [PID: 2197348] [kernelGPU] [s: 0] [us: 38]
[INFO] [Regular_callback11]: [PID: 2197348] [cudaStreamSynchronize] [s: 0] [us: 36070]
[INFO] [Timer_callback1]: [PID: 2197375] [Bgn] [s: 10] [us: 192613]
[INFO] [Timer_callback1]: [PID: 2197375] [End] [s: 10] [us: 293742]
[INFO] [Timer_callback1]: [PID: 2197375] [Bgn] [s: 10] [us: 792610]
[INFO] [Timer_callback1]: [PID: 2197375] [End] [s: 10] [us: 893743]
[INFO] [Regular_callback11]: [PID: 2197348] [kernelGPU] [s: 0] [us: 31]
[INFO] [Regular_callback11]: [PID: 2197348] [cudaStreamSynchronize] [s: 0] [us: 36009]
[INFO] [Timer_callback1]: [PID: 2197375] [Bgn] [s: 11] [us: 392607]
[INFO] [Timer_callback1]: [PID: 2197375] [End] [s: 11] [us: 493740]
[INFO] [Timer_callback1]: [PID: 2197375] [Bgn] [s: 11] [us: 992610]
[INFO] [Timer_callback1]: [PID: 2197375] [End] [s: 12] [us: 93728]
[INFO] [Regular_callback11]: [PID: 2197348] [kernelGPU] [s: 0] [us: 29]
[INFO] [Timer_callback1]: [PID: 2197375] [Bgn] [s: 12] [us: 592609]
[INFO] [Timer_callback1]: [PID: 2197375] [End] [s: 12] [us: 693736]
[INFO] [Regular_callback11]: [PID: 2197348] [cudaStreamSynchronize] [s: 0] [us: 36003]
[INFO] [Timer_callback1]: [PID: 2197348] [Bgn] [s: 13] [us: 192572]
[INFO] [Timer_callback1]: [PID: 2197348] [End] [s: 13] [us: 293677]
[INFO] [Timer_callback1]: [PID: 2197348] [Bgn] [s: 13] [us: 792712]
[INFO] [Timer_callback1]: [PID: 2197348] [End] [s: 13] [us: 893863]
[INFO] [Regular_callback11]: [PID: 2197375] [kernelGPU] [s: 0] [us: 54]
[INFO] [Regular_callback11]: [PID: 2197375] [cudaStreamSynchronize] [s: 0] [us: 36054]
[INFO] [Timer_callback1]: [PID: 2197375] [Bgn] [s: 14] [us: 392524]
[INFO] [Timer_callback1]: [PID: 2197375] [End] [s: 14] [us: 493304]
[INFO] [Timer_callback1]: [PID: 2197375] [Bgn] [s: 14] [us: 992607]
[INFO] [Timer_callback1]: [PID: 2197375] [End] [s: 15] [us: 93737]
[INFO] [Regular_callback11]: [PID: 2197348] [kernelGPU] [s: 0] [us: 38]
[INFO] [Regular_callback11]: [PID: 2197348] [cudaStreamSynchronize] [s: 0] [us: 36071]
[INFO] [Timer_callback1]: [PID: 2197375] [Bgn] [s: 15] [us: 592603]
[INFO] [Timer_callback1]: [PID: 2197375] [End] [s: 15] [us: 693719]
[INFO] [Timer_callback1]: [PID: 2197375] [Bgn] [s: 16] [us: 192608]
[INFO] [Timer_callback1]: [PID: 2197375] [End] [s: 16] [us: 293818]
[INFO] [Regular_callback11]: [PID: 2197348] [kernelGPU] [s: 0] [us: 35]
[INFO] [Timer_callback1]: [PID: 2197375] [Bgn] [s: 16] [us: 792615]
[INFO] [Timer_callback1]: [PID: 2197375] [End] [s: 16] [us: 893764]
[INFO] [Regular_callback11]: [PID: 2197348] [cudaStreamSynchronize] [s: 0] [us: 36021]
[INFO] [Timer_callback1]: [PID: 2197348] [Bgn] [s: 17] [us: 392575]
[INFO] [Timer_callback1]: [PID: 2197348] [End] [s: 17] [us: 493650]
[INFO] [Timer_callback1]: [PID: 2197348] [Bgn] [s: 17] [us: 992678]
[INFO] [Timer_callback1]: [PID: 2197348] [End] [s: 18] [us: 93769]
[INFO] [Regular_callback11]: [PID: 2197375] [kernelGPU] [s: 0] [us: 33]
[INFO] [Regular_callback11]: [PID: 2197375] [cudaStreamSynchronize] [s: 0] [us: 36005]
[INFO] [Timer_callback1]: [PID: 2197375] [Bgn] [s: 18] [us: 592610]
[INFO] [Timer_callback1]: [PID: 2197375] [End] [s: 18] [us: 693238]
[INFO] [Timer_callback1]: [PID: 2197375] [Bgn] [s: 19] [us: 192772]
[INFO] [Timer_callback1]: [PID: 2197375] [End] [s: 19] [us: 293895]
[INFO] [Regular_callback11]: [PID: 2197348] [kernelGPU] [s: 0] [us: 36]
[INFO] [Regular_callback11]: [PID: 2197348] [cudaStreamSynchronize] [s: 0] [us: 36079]
[INFO] [Timer_callback1]: [PID: 2197375] [Bgn] [s: 19] [us: 792612]
[INFO] [Timer_callback1]: [PID: 2197375] [End] [s: 19] [us: 893734]
[INFO] [Timer_callback1]: [PID: 2197375] [Bgn] [s: 20] [us: 392711]
[INFO] [Timer_callback1]: [PID: 2197375] [End] [s: 20] [us: 493863]
[INFO] [Timer_callback1]: [PID: 2197375] [Bgn] [s: 20] [us: 992617]
[INFO] [Timer_callback1]: [PID: 2197375] [End] [s: 21] [us: 93752]
[INFO] [Regular_callback11]: [PID: 2197348] [kernelGPU] [s: 0] [us: 34]
[INFO] [Regular_callback11]: [PID: 2197348] [cudaStreamSynchronize] [s: 0] [us: 36038]
[INFO] [Timer_callback1]: [PID: 2197348] [Bgn] [s: 21] [us: 592576]
[INFO] [Timer_callback1]: [PID: 2197348] [End] [s: 21] [us: 693646]
[INFO] [Timer_callback1]: [PID: 2197348] [Bgn] [s: 22] [us: 192573]
[INFO] [Timer_callback1]: [PID: 2197348] [End] [s: 22] [us: 293659]
[INFO] [Regular_callback11]: [PID: 2197375] [kernelGPU] [s: 0] [us: 30]
[INFO] [Regular_callback11]: [PID: 2197375] [cudaStreamSynchronize] [s: 0] [us: 36059]
[INFO] [Timer_callback1]: [PID: 2197375] [Bgn] [s: 22] [us: 792532]
[INFO] [Timer_callback1]: [PID: 2197375] [End] [s: 22] [us: 892947]
[INFO] [Timer_callback1]: [PID: 2197375] [Bgn] [s: 23] [us: 392781]
[INFO] [Timer_callback1]: [PID: 2197375] [End] [s: 23] [us: 493914]
[INFO] [Regular_callback11]: [PID: 2197348] [kernelGPU] [s: 0] [us: 35]
[INFO] [Regular_callback11]: [PID: 2197348] [cudaStreamSynchronize] [s: 0] [us: 36019]
[INFO] [Timer_callback1]: [PID: 2197375] [Bgn] [s: 23] [us: 992611]
[INFO] [Timer_callback1]: [PID: 2197375] [End] [s: 24] [us: 93728]
[INFO] [Timer_callback1]: [PID: 2197375] [Bgn] [s: 24] [us: 592708]
[INFO] [Timer_callback1]: [PID: 2197375] [End] [s: 24] [us: 693849]
[INFO] [Timer_callback1]: [PID: 2197375] [Bgn] [s: 25] [us: 192616]
[INFO] [Timer_callback1]: [PID: 2197375] [End] [s: 25] [us: 293743]
[INFO] [Regular_callback11]: [PID: 2197348] [kernelGPU] [s: 0] [us: 34]
[INFO] [Regular_callback11]: [PID: 2197348] [cudaStreamSynchronize] [s: 0] [us: 36012]
[INFO] [Timer_callback1]: [PID: 2197348] [Bgn] [s: 25] [us: 792578]
[INFO] [Timer_callback1]: [PID: 2197348] [End] [s: 25] [us: 893657]
[INFO] [Timer_callback1]: [PID: 2197348] [Bgn] [s: 26] [us: 392572]
[INFO] [Timer_callback1]: [PID: 2197348] [End] [s: 26] [us: 493646]
[INFO] [Regular_callback11]: [PID: 2197375] [kernelGPU] [s: 0] [us: 31]
[INFO] [Regular_callback11]: [PID: 2197375] [cudaStreamSynchronize] [s: 0] [us: 36033]
[INFO] [Timer_callback1]: [PID: 2197375] [Bgn] [s: 26] [us: 992521]
[INFO] [Timer_callback1]: [PID: 2197375] [End] [s: 27] [us: 92925]
[INFO] [Timer_callback1]: [PID: 2197375] [Bgn] [s: 27] [us: 592589]
[INFO] [Timer_callback1]: [PID: 2197375] [End] [s: 27] [us: 693509]
[INFO] [Regular_callback11]: [PID: 2197348] [kernelGPU] [s: 0] [us: 44]
[INFO] [Regular_callback11]: [PID: 2197348] [cudaStreamSynchronize] [s: 0] [us: 36012]
[INFO] [Timer_callback1]: [PID: 2197375] [Bgn] [s: 28] [us: 192624]
[INFO] [Timer_callback1]: [PID: 2197375] [End] [s: 28] [us: 293749]
[INFO] [Timer_callback1]: [PID: 2197348] [Bgn] [s: 28] [us: 792609]
[INFO] [Timer_callback1]: [PID: 2197348] [End] [s: 28] [us: 893701]
[INFO] [Timer_callback1]: [PID: 2197348] [Bgn] [s: 29] [us: 392585]
[INFO] [Timer_callback1]: [PID: 2197348] [End] [s: 29] [us: 493714]
[INFO] [Regular_callback11]: [PID: 2197375] [kernelGPU] [s: 0] [us: 34]
[INFO] [Regular_callback11]: [PID: 2197375] [cudaStreamSynchronize] [s: 0] [us: 36016]
[INFO] [Timer_callback1]: [PID: 2197375] [Bgn] [s: 29] [us: 992523]
[INFO] [Timer_callback1]: [PID: 2197375] [End] [s: 30] [us: 92915]
[INFO] [Timer_callback1]: [PID: 2197375] [Bgn] [s: 30] [us: 592780]
[INFO] [Timer_callback1]: [PID: 2197375] [End] [s: 30] [us: 693915]
[INFO] [Regular_callback11]: [PID: 2197348] [kernelGPU] [s: 0] [us: 37]
[INFO] [Regular_callback11]: [PID: 2197348] [cudaStreamSynchronize] [s: 0] [us: 36046]
[INFO] [Timer_callback1]: [PID: 2197348] [Bgn] [s: 31] [us: 192548]
[INFO] [Timer_callback1]: [PID: 2197348] [End] [s: 31] [us: 293631]
[INFO] [Timer_callback1]: [PID: 2197348] [Bgn] [s: 31] [us: 792575]
[INFO] [Timer_callback1]: [PID: 2197348] [End] [s: 31] [us: 893680]
[INFO] [Regular_callback11]: [PID: 2197375] [kernelGPU] [s: 0] [us: 38]
[INFO] [Regular_callback11]: [PID: 2197375] [cudaStreamSynchronize] [s: 0] [us: 36011]
[INFO] [Timer_callback1]: [PID: 2197348] [Bgn] [s: 32] [us: 392656]
[INFO] [Timer_callback1]: [PID: 2197348] [End] [s: 32] [us: 493766]
[INFO] [Timer_callback1]: [PID: 2197375] [Bgn] [s: 32] [us: 992586]
[INFO] [Timer_callback1]: [PID: 2197375] [End] [s: 33] [us: 93670]
[INFO] [Regular_callback11]: [PID: 2197348] [kernelGPU] [s: 0] [us: 28]
[INFO] [Timer_callback1]: [PID: 2197375] [Bgn] [s: 33] [us: 592580]
[INFO] [Timer_callback1]: [PID: 2197375] [End] [s: 33] [us: 693681]
[INFO] [Regular_callback11]: [PID: 2197348] [cudaStreamSynchronize] [s: 0] [us: 36063]
[INFO] [Timer_callback1]: [PID: 2197348] [Bgn] [s: 34] [us: 192583]
[INFO] [Timer_callback1]: [PID: 2197348] [End] [s: 34] [us: 293433]
[INFO] [Timer_callback1]: [PID: 2197348] [Bgn] [s: 34] [us: 792611]
[INFO] [Timer_callback1]: [PID: 2197348] [End] [s: 34] [us: 893739]
[INFO] [Regular_callback11]: [PID: 2197375] [kernelGPU] [s: 0] [us: 33]
[INFO] [Timer_callback1]: [PID: 2197348] [Bgn] [s: 35] [us: 392610]
[INFO] [Timer_callback1]: [PID: 2197348] [End] [s: 35] [us: 493730]
[INFO] [Regular_callback11]: [PID: 2197375] [cudaStreamSynchronize] [s: 0] [us: 36065]
[INFO] [Timer_callback1]: [PID: 2197375] [Bgn] [s: 35] [us: 992560]
[INFO] [Timer_callback1]: [PID: 2197375] [End] [s: 36] [us: 93635]
[INFO] [Timer_callback1]: [PID: 2197375] [Bgn] [s: 36] [us: 592564]
[INFO] [Timer_callback1]: [PID: 2197375] [End] [s: 36] [us: 693648]
[INFO] [Regular_callback11]: [PID: 2197348] [kernelGPU] [s: 0] [us: 35]
[INFO] [Regular_callback11]: [PID: 2197348] [cudaStreamSynchronize] [s: 0] [us: 36067]
[INFO] [Timer_callback1]: [PID: 2197348] [Bgn] [s: 37] [us: 192527]
[INFO] [Timer_callback1]: [PID: 2197348] [End] [s: 37] [us: 292910]
[INFO] [Timer_callback1]: [PID: 2197348] [Bgn] [s: 37] [us: 792607]
[INFO] [Timer_callback1]: [PID: 2197348] [End] [s: 37] [us: 893730]
[INFO] [Regular_callback11]: [PID: 2197375] [kernelGPU] [s: 0] [us: 50]
[INFO] [Timer_callback1]: [PID: 2197348] [Bgn] [s: 38] [us: 392609]
[INFO] [Timer_callback1]: [PID: 2197348] [End] [s: 38] [us: 493677]
[INFO] [Regular_callback11]: [PID: 2197375] [cudaStreamSynchronize] [s: 0] [us: 36038]
[INFO] [Timer_callback1]: [PID: 2197375] [Bgn] [s: 38] [us: 992562]
[INFO] [Timer_callback1]: [PID: 2197375] [End] [s: 39] [us: 93637]
[INFO] [Timer_callback1]: [PID: 2197375] [Bgn] [s: 39] [us: 592529]
[INFO] [Timer_callback1]: [PID: 2197375] [End] [s: 39] [us: 693510]
[INFO] [Regular_callback11]: [PID: 2197348] [kernelGPU] [s: 0] [us: 31]
[INFO] [Regular_callback11]: [PID: 2197348] [cudaStreamSynchronize] [s: 0] [us: 36008]
[INFO] [Timer_callback1]: [PID: 2197348] [Bgn] [s: 40] [us: 192529]
[INFO] [Timer_callback1]: [PID: 2197348] [End] [s: 40] [us: 292921]
[INFO] [Timer_callback1]: [PID: 2197348] [Bgn] [s: 40] [us: 792760]
[INFO] [Timer_callback1]: [PID: 2197348] [End] [s: 40] [us: 893887]
[INFO] [Regular_callback11]: [PID: 2197375] [kernelGPU] [s: 0] [us: 42]
[INFO] [Timer_callback1]: [PID: 2197348] [Bgn] [s: 41] [us: 392621]
[INFO] [Timer_callback1]: [PID: 2197348] [End] [s: 41] [us: 493742]
[INFO] [Regular_callback11]: [PID: 2197375] [cudaStreamSynchronize] [s: 0] [us: 35997]
[INFO] [Timer_callback1]: [PID: 2197375] [Bgn] [s: 41] [us: 992616]
[INFO] [Timer_callback1]: [PID: 2197375] [End] [s: 42] [us: 93740]
[INFO] [Timer_callback1]: [PID: 2197375] [Bgn] [s: 42] [us: 592603]
[INFO] [Timer_callback1]: [PID: 2197375] [End] [s: 42] [us: 693750]
[INFO] [Regular_callback11]: [PID: 2197348] [kernelGPU] [s: 0] [us: 30]
[INFO] [Regular_callback11]: [PID: 2197348] [cudaStreamSynchronize] [s: 0] [us: 36009]
[INFO] [Timer_callback1]: [PID: 2197348] [Bgn] [s: 43] [us: 192523]
[INFO] [Timer_callback1]: [PID: 2197348] [End] [s: 43] [us: 292958]
[INFO] [Timer_callback1]: [PID: 2197348] [Bgn] [s: 43] [us: 792615]
[INFO] [Timer_callback1]: [PID: 2197348] [End] [s: 43] [us: 893744]
[INFO] [Regular_callback11]: [PID: 2197375] [kernelGPU] [s: 0] [us: 36]
[INFO] [Regular_callback11]: [PID: 2197375] [cudaStreamSynchronize] [s: 0] [us: 36026]
[INFO] [Timer_callback1]: [PID: 2197348] [Bgn] [s: 44] [us: 392624]
[INFO] [Timer_callback1]: [PID: 2197348] [End] [s: 44] [us: 493722]
[INFO] [Timer_callback1]: [PID: 2197375] [Bgn] [s: 44] [us: 992535]
[INFO] [Timer_callback1]: [PID: 2197375] [End] [s: 45] [us: 92928]
[INFO] [Timer_callback1]: [PID: 2197375] [Bgn] [s: 45] [us: 592616]
[INFO] [Timer_callback1]: [PID: 2197375] [End] [s: 45] [us: 693745]
[INFO] [Regular_callback11]: [PID: 2197348] [kernelGPU] [s: 0] [us: 31]
[INFO] [Regular_callback11]: [PID: 2197348] [cudaStreamSynchronize] [s: 0] [us: 36024]
[INFO] [Timer_callback1]: [PID: 2197348] [Bgn] [s: 46] [us: 192530]
[INFO] [Timer_callback1]: [PID: 2197348] [End] [s: 46] [us: 293637]
[INFO] [Timer_callback1]: [PID: 2197348] [Bgn] [s: 46] [us: 792610]
[INFO] [Timer_callback1]: [PID: 2197348] [End] [s: 46] [us: 893745]
[INFO] [Regular_callback11]: [PID: 2197375] [kernelGPU] [s: 0] [us: 30]
[INFO] [Regular_callback11]: [PID: 2197375] [cudaStreamSynchronize] [s: 0] [us: 36057]
[INFO] [Timer_callback1]: [PID: 2197375] [Bgn] [s: 47] [us: 392525]
[INFO] [Timer_callback1]: [PID: 2197375] [End] [s: 47] [us: 492959]
[INFO] [Timer_callback1]: [PID: 2197375] [Bgn] [s: 47] [us: 992608]
[INFO] [Timer_callback1]: [PID: 2197375] [End] [s: 48] [us: 93735]
[INFO] [Regular_callback11]: [PID: 2197348] [kernelGPU] [s: 0] [us: 44]
[INFO] [Regular_callback11]: [PID: 2197348] [cudaStreamSynchronize] [s: 0] [us: 36003]
[INFO] [Timer_callback1]: [PID: 2197375] [Bgn] [s: 48] [us: 592610]
[INFO] [Timer_callback1]: [PID: 2197375] [End] [s: 48] [us: 693736]
[INFO] [Timer_callback1]: [PID: 2197375] [Bgn] [s: 49] [us: 192610]
[INFO] [Timer_callback1]: [PID: 2197375] [End] [s: 49] [us: 293630]
[INFO] [Regular_callback11]: [PID: 2197348] [kernelGPU] [s: 0] [us: 32]
[INFO] [Timer_callback1]: [PID: 2197375] [Bgn] [s: 49] [us: 792610]
[INFO] [Timer_callback1]: [PID: 2197375] [End] [s: 49] [us: 893732]
[INFO] [Regular_callback11]: [PID: 2197348] [cudaStreamSynchronize] [s: 0] [us: 36031]
[INFO] [Timer_callback1]: [PID: 2197348] [Bgn] [s: 50] [us: 392526]
[INFO] [Timer_callback1]: [PID: 2197348] [End] [s: 50] [us: 492921]
[INFO] [Timer_callback1]: [PID: 2197348] [Bgn] [s: 50] [us: 992593]
[INFO] [Timer_callback1]: [PID: 2197348] [End] [s: 51] [us: 93733]
[INFO] [Regular_callback11]: [PID: 2197375] [kernelGPU] [s: 0] [us: 32]
[INFO] [Regular_callback11]: [PID: 2197375] [cudaStreamSynchronize] [s: 0] [us: 36038]
[INFO] [Timer_callback1]: [PID: 2197375] [Bgn] [s: 51] [us: 592528]
[INFO] [Timer_callback1]: [PID: 2197375] [End] [s: 51] [us: 692967]
[INFO] [Timer_callback1]: [PID: 2197375] [Bgn] [s: 52] [us: 192610]
[INFO] [Timer_callback1]: [PID: 2197375] [End] [s: 52] [us: 293745]
[INFO] [Regular_callback11]: [PID: 2197348] [kernelGPU] [s: 0] [us: 34]
[INFO] [Regular_callback11]: [PID: 2197348] [cudaStreamSynchronize] [s: 0] [us: 36067]
[INFO] [Timer_callback1]: [PID: 2197348] [Bgn] [s: 52] [us: 792502]
[INFO] [Timer_callback1]: [PID: 2197348] [End] [s: 52] [us: 892891]
[INFO] [Timer_callback1]: [PID: 2197348] [Bgn] [s: 53] [us: 392605]
[INFO] [Timer_callback1]: [PID: 2197348] [End] [s: 53] [us: 493696]
[INFO] [Regular_callback11]: [PID: 2197375] [kernelGPU] [s: 0] [us: 30]
[INFO] [Regular_callback11]: [PID: 2197375] [cudaStreamSynchronize] [s: 0] [us: 36054]
[INFO] [Timer_callback1]: [PID: 2197348] [Bgn] [s: 53] [us: 992526]
[INFO] [Timer_callback1]: [PID: 2197348] [End] [s: 54] [us: 92905]
[INFO] [Timer_callback1]: [PID: 2197375] [Bgn] [s: 54] [us: 592521]
[INFO] [Timer_callback1]: [PID: 2197375] [End] [s: 54] [us: 692914]
[INFO] [Timer_callback1]: [PID: 2197375] [Bgn] [s: 55] [us: 192777]
[INFO] [Timer_callback1]: [PID: 2197375] [End] [s: 55] [us: 293917]
[INFO] [Regular_callback11]: [PID: 2197348] [kernelGPU] [s: 0] [us: 41]
[INFO] [Regular_callback11]: [PID: 2197348] [cudaStreamSynchronize] [s: 0] [us: 36017]
[INFO] [Timer_callback1]: [PID: 2197348] [Bgn] [s: 55] [us: 792612]
[INFO] [Timer_callback1]: [PID: 2197348] [End] [s: 55] [us: 893085]
[INFO] [Timer_callback1]: [PID: 2197348] [Bgn] [s: 56] [us: 392614]
[INFO] [Timer_callback1]: [PID: 2197348] [End] [s: 56] [us: 493741]
[INFO] [Regular_callback11]: [PID: 2197375] [kernelGPU] [s: 0] [us: 35]
[INFO] [Regular_callback11]: [PID: 2197375] [cudaStreamSynchronize] [s: 0] [us: 36022]
[INFO] [Timer_callback1]: [PID: 2197375] [Bgn] [s: 56] [us: 992522]
[INFO] [Timer_callback1]: [PID: 2197375] [End] [s: 57] [us: 92953]
[INFO] [Timer_callback1]: [PID: 2197375] [Bgn] [s: 57] [us: 592603]
[INFO] [Timer_callback1]: [PID: 2197375] [End] [s: 57] [us: 693686]
[INFO] [Regular_callback11]: [PID: 2197348] [kernelGPU] [s: 0] [us: 28]
[INFO] [Regular_callback11]: [PID: 2197348] [cudaStreamSynchronize] [s: 0] [us: 36010]
[INFO] [Timer_callback1]: [PID: 2197375] [Bgn] [s: 58] [us: 192609]
[INFO] [Timer_callback1]: [PID: 2197375] [End] [s: 58] [us: 293740]
[INFO] [Timer_callback1]: [PID: 2197375] [Bgn] [s: 58] [us: 792715]
[INFO] [Timer_callback1]: [PID: 2197375] [End] [s: 58] [us: 893857]
[INFO] [Regular_callback11]: [PID: 2197348] [kernelGPU] [s: 0] [us: 32]
[INFO] [Timer_callback1]: [PID: 2197375] [Bgn] [s: 59] [us: 392581]
[INFO] [Timer_callback1]: [PID: 2197375] [End] [s: 59] [us: 493710]
[INFO] [Regular_callback11]: [PID: 2197348] [cudaStreamSynchronize] [s: 0] [us: 36017]
[INFO] [Timer_callback1]: [PID: 2197348] [Bgn] [s: 59] [us: 992529]
[INFO] [Timer_callback1]: [PID: 2197348] [End] [s: 60] [us: 92956]
[INFO] [Timer_callback1]: [PID: 2197348] [Bgn] [s: 60] [us: 592605]
[INFO] [Timer_callback1]: [PID: 2197348] [End] [s: 60] [us: 693738]
[INFO] [Regular_callback11]: [PID: 2197375] [kernelGPU] [s: 0] [us: 36]
[INFO] [Regular_callback11]: [PID: 2197375] [cudaStreamSynchronize] [s: 0] [us: 36009]
[INFO] [Timer_callback1]: [PID: 2197375] [Bgn] [s: 61] [us: 192523]
[INFO] [Timer_callback1]: [PID: 2197375] [End] [s: 61] [us: 292914]
[INFO] [Timer_callback1]: [PID: 2197375] [Bgn] [s: 61] [us: 792609]
[INFO] [Timer_callback1]: [PID: 2197375] [End] [s: 61] [us: 893741]
[INFO] [Regular_callback11]: [PID: 2197348] [kernelGPU] [s: 0] [us: 34]
[INFO] [Regular_callback11]: [PID: 2197348] [cudaStreamSynchronize] [s: 0] [us: 36046]
[INFO] [Timer_callback1]: [PID: 2197348] [Bgn] [s: 62] [us: 392514]
[INFO] [Timer_callback1]: [PID: 2197348] [End] [s: 62] [us: 492904]
[INFO] [Timer_callback1]: [PID: 2197348] [Bgn] [s: 62] [us: 992605]
[INFO] [Timer_callback1]: [PID: 2197348] [End] [s: 63] [us: 93736]
[INFO] [Regular_callback11]: [PID: 2197375] [kernelGPU] [s: 0] [us: 33]
[INFO] [Regular_callback11]: [PID: 2197375] [cudaStreamSynchronize] [s: 0] [us: 36031]
[INFO] [Timer_callback1]: [PID: 2197348] [Bgn] [s: 63] [us: 592619]
[INFO] [Timer_callback1]: [PID: 2197348] [End] [s: 63] [us: 693739]
[INFO] [Timer_callback1]: [PID: 2197375] [Bgn] [s: 64] [us: 192522]
[INFO] [Timer_callback1]: [PID: 2197375] [End] [s: 64] [us: 292915]
[INFO] [Timer_callback1]: [PID: 2197375] [Bgn] [s: 64] [us: 792617]
[INFO] [Timer_callback1]: [PID: 2197375] [End] [s: 64] [us: 893745]
[INFO] [Regular_callback11]: [PID: 2197348] [kernelGPU] [s: 0] [us: 30]
[INFO] [Regular_callback11]: [PID: 2197348] [cudaStreamSynchronize] [s: 0] [us: 36118]
[INFO] [Timer_callback1]: [PID: 2197348] [Bgn] [s: 65] [us: 392522]
[INFO] [Timer_callback1]: [PID: 2197348] [End] [s: 65] [us: 493600]
[INFO] [Timer_callback1]: [PID: 2197348] [Bgn] [s: 65] [us: 992600]
[INFO] [Timer_callback1]: [PID: 2197348] [End] [s: 66] [us: 93742]
[INFO] [Regular_callback11]: [PID: 2197375] [kernelGPU] [s: 0] [us: 34]
[INFO] [Regular_callback11]: [PID: 2197375] [cudaStreamSynchronize] [s: 0] [us: 36026]
[INFO] [Timer_callback1]: [PID: 2197375] [Bgn] [s: 66] [us: 592609]
[INFO] [Timer_callback1]: [PID: 2197375] [End] [s: 66] [us: 693623]
[INFO] [Timer_callback1]: [PID: 2197375] [Bgn] [s: 67] [us: 192605]
[INFO] [Timer_callback1]: [PID: 2197375] [End] [s: 67] [us: 293733]
[INFO] [Regular_callback11]: [PID: 2197348] [kernelGPU] [s: 0] [us: 29]
[INFO] [Regular_callback11]: [PID: 2197348] [cudaStreamSynchronize] [s: 0] [us: 36004]
[INFO] [Timer_callback1]: [PID: 2197348] [Bgn] [s: 67] [us: 792589]
[INFO] [Timer_callback1]: [PID: 2197348] [End] [s: 67] [us: 893238]
[INFO] [Timer_callback1]: [PID: 2197348] [Bgn] [s: 68] [us: 392602]
[INFO] [Timer_callback1]: [PID: 2197348] [End] [s: 68] [us: 493731]
[INFO] [Regular_callback11]: [PID: 2197375] [kernelGPU] [s: 0] [us: 29]
[INFO] [Timer_callback1]: [PID: 2197348] [Bgn] [s: 68] [us: 992616]
[INFO] [Timer_callback1]: [PID: 2197348] [End] [s: 69] [us: 93739]
[INFO] [Regular_callback11]: [PID: 2197375] [cudaStreamSynchronize] [s: 0] [us: 35986]
[INFO] [Timer_callback1]: [PID: 2197375] [Bgn] [s: 69] [us: 592610]
[INFO] [Timer_callback1]: [PID: 2197375] [End] [s: 69] [us: 693740]
[INFO] [Timer_callback1]: [PID: 2197375] [Bgn] [s: 70] [us: 192607]
[INFO] [Timer_callback1]: [PID: 2197375] [End] [s: 70] [us: 293754]
[INFO] [Regular_callback11]: [PID: 2197348] [kernelGPU] [s: 0] [us: 32]
[INFO] [Regular_callback11]: [PID: 2197348] [cudaStreamSynchronize] [s: 0] [us: 35997]
[INFO] [Timer_callback1]: [PID: 2197348] [Bgn] [s: 70] [us: 792526]
[INFO] [Timer_callback1]: [PID: 2197348] [End] [s: 70] [us: 892919]
[INFO] [Timer_callback1]: [PID: 2197348] [Bgn] [s: 71] [us: 392605]
[INFO] [Timer_callback1]: [PID: 2197348] [End] [s: 71] [us: 493732]
[INFO] [Regular_callback11]: [PID: 2197375] [kernelGPU] [s: 0] [us: 30]
[INFO] [Regular_callback11]: [PID: 2197375] [cudaStreamSynchronize] [s: 0] [us: 35996]
[INFO] [Timer_callback1]: [PID: 2197375] [Bgn] [s: 71] [us: 992598]
[INFO] [Timer_callback1]: [PID: 2197375] [End] [s: 72] [us: 93024]
[INFO] [Timer_callback1]: [PID: 2197375] [Bgn] [s: 72] [us: 592605]
[INFO] [Timer_callback1]: [PID: 2197375] [End] [s: 72] [us: 693735]
[INFO] [Regular_callback11]: [PID: 2197348] [kernelGPU] [s: 0] [us: 30]
[INFO] [Regular_callback11]: [PID: 2197348] [cudaStreamSynchronize] [s: 0] [us: 36045]
[INFO] [Timer_callback1]: [PID: 2197375] [Bgn] [s: 73] [us: 192615]
[INFO] [Timer_callback1]: [PID: 2197375] [End] [s: 73] [us: 293754]
[INFO] [Timer_callback1]: [PID: 2197375] [Bgn] [s: 73] [us: 792612]
[INFO] [Timer_callback1]: [PID: 2197375] [End] [s: 73] [us: 893735]
[INFO] [Regular_callback11]: [PID: 2197348] [kernelGPU] [s: 0] [us: 34]
[INFO] [Timer_callback1]: [PID: 2197375] [Bgn] [s: 74] [us: 392622]
[INFO] [Timer_callback1]: [PID: 2197375] [End] [s: 74] [us: 493726]
[INFO] [Regular_callback11]: [PID: 2197348] [cudaStreamSynchronize] [s: 0] [us: 36000]
[INFO] [Timer_callback1]: [PID: 2197348] [Bgn] [s: 74] [us: 992588]
[INFO] [Timer_callback1]: [PID: 2197348] [End] [s: 75] [us: 93700]
[INFO] [Timer_callback1]: [PID: 2197348] [Bgn] [s: 75] [us: 592608]
[INFO] [Timer_callback1]: [PID: 2197348] [End] [s: 75] [us: 693740]
[INFO] [Regular_callback11]: [PID: 2197375] [kernelGPU] [s: 0] [us: 30]
[INFO] [Regular_callback11]: [PID: 2197375] [cudaStreamSynchronize] [s: 0] [us: 36012]
[INFO] [Timer_callback1]: [PID: 2197375] [Bgn] [s: 76] [us: 192615]
[INFO] [Timer_callback1]: [PID: 2197375] [End] [s: 76] [us: 293749]
[INFO] [Timer_callback1]: [PID: 2197375] [Bgn] [s: 76] [us: 792609]
[INFO] [Timer_callback1]: [PID: 2197375] [End] [s: 76] [us: 893730]
[INFO] [Regular_callback11]: [PID: 2197348] [kernelGPU] [s: 0] [us: 43]
[INFO] [Regular_callback11]: [PID: 2197348] [cudaStreamSynchronize] [s: 0] [us: 36033]
[INFO] [Timer_callback1]: [PID: 2197375] [Bgn] [s: 77] [us: 392608]
[INFO] [Timer_callback1]: [PID: 2197375] [End] [s: 77] [us: 493741]
[INFO] [Timer_callback1]: [PID: 2197375] [Bgn] [s: 77] [us: 992614]
[INFO] [Timer_callback1]: [PID: 2197375] [End] [s: 78] [us: 93740]
[INFO] [Regular_callback11]: [PID: 2197348] [kernelGPU] [s: 0] [us: 29]
[INFO] [Timer_callback1]: [PID: 2197375] [Bgn] [s: 78] [us: 592611]
[INFO] [Timer_callback1]: [PID: 2197375] [End] [s: 78] [us: 693734]
[INFO] [Regular_callback11]: [PID: 2197348] [cudaStreamSynchronize] [s: 0] [us: 36044]
[INFO] [Timer_callback1]: [PID: 2197348] [Bgn] [s: 79] [us: 192606]
[INFO] [Timer_callback1]: [PID: 2197348] [End] [s: 79] [us: 293278]
[INFO] [Timer_callback1]: [PID: 2197348] [Bgn] [s: 79] [us: 792610]
[INFO] [Timer_callback1]: [PID: 2197348] [End] [s: 79] [us: 893749]
[INFO] [Regular_callback11]: [PID: 2197375] [kernelGPU] [s: 0] [us: 30]
[INFO] [Regular_callback11]: [PID: 2197375] [cudaStreamSynchronize] [s: 0] [us: 36012]
[INFO] [Timer_callback1]: [PID: 2197375] [Bgn] [s: 80] [us: 392529]
[INFO] [Timer_callback1]: [PID: 2197375] [End] [s: 80] [us: 492920]
[INFO] [Timer_callback1]: [PID: 2197375] [Bgn] [s: 80] [us: 992605]
[INFO] [Timer_callback1]: [PID: 2197375] [End] [s: 81] [us: 93692]
[INFO] [Regular_callback11]: [PID: 2197348] [kernelGPU] [s: 0] [us: 43]
[INFO] [Regular_callback11]: [PID: 2197348] [cudaStreamSynchronize] [s: 0] [us: 35993]
[INFO] [Timer_callback1]: [PID: 2197348] [Bgn] [s: 81] [us: 592522]
[INFO] [Timer_callback1]: [PID: 2197348] [End] [s: 81] [us: 692917]
[INFO] [Timer_callback1]: [PID: 2197348] [Bgn] [s: 82] [us: 192522]
[INFO] [Timer_callback1]: [PID: 2197348] [End] [s: 82] [us: 292941]
[INFO] [Regular_callback11]: [PID: 2197375] [kernelGPU] [s: 0] [us: 38]
[INFO] [Regular_callback11]: [PID: 2197375] [cudaStreamSynchronize] [s: 0] [us: 36050]
[INFO] [Timer_callback1]: [PID: 2197348] [Bgn] [s: 82] [us: 792606]
[INFO] [Timer_callback1]: [PID: 2197348] [End] [s: 82] [us: 893715]
[INFO] [Timer_callback1]: [PID: 2197375] [Bgn] [s: 83] [us: 392524]
[INFO] [Timer_callback1]: [PID: 2197375] [End] [s: 83] [us: 492918]
[INFO] [Timer_callback1]: [PID: 2197375] [Bgn] [s: 83] [us: 992617]
[INFO] [Timer_callback1]: [PID: 2197375] [End] [s: 84] [us: 93736]
[INFO] [Regular_callback11]: [PID: 2197348] [kernelGPU] [s: 0] [us: 39]
[INFO] [Regular_callback11]: [PID: 2197348] [cudaStreamSynchronize] [s: 0] [us: 35987]
[INFO] [Timer_callback1]: [PID: 2197348] [Bgn] [s: 84] [us: 592587]
[INFO] [Timer_callback1]: [PID: 2197348] [End] [s: 84] [us: 693713]
[INFO] [Timer_callback1]: [PID: 2197348] [Bgn] [s: 85] [us: 192612]
[INFO] [Timer_callback1]: [PID: 2197348] [End] [s: 85] [us: 293748]
[INFO] [Regular_callback11]: [PID: 2197375] [kernelGPU] [s: 0] [us: 30]
[INFO] [Regular_callback11]: [PID: 2197375] [cudaStreamSynchronize] [s: 0] [us: 35988]
[INFO] [Timer_callback1]: [PID: 2197375] [Bgn] [s: 85] [us: 792525]
[INFO] [Timer_callback1]: [PID: 2197375] [End] [s: 85] [us: 892917]
[INFO] [Timer_callback1]: [PID: 2197375] [Bgn] [s: 86] [us: 392604]
[INFO] [Timer_callback1]: [PID: 2197375] [End] [s: 86] [us: 493734]
[INFO] [Regular_callback11]: [PID: 2197348] [kernelGPU] [s: 0] [us: 29]
[INFO] [Regular_callback11]: [PID: 2197348] [cudaStreamSynchronize] [s: 0] [us: 36047]
[INFO] [Timer_callback1]: [PID: 2197375] [Bgn] [s: 86] [us: 992602]
[INFO] [Timer_callback1]: [PID: 2197375] [End] [s: 87] [us: 93731]
[INFO] [Timer_callback1]: [PID: 2197375] [Bgn] [s: 87] [us: 592615]
[INFO] [Timer_callback1]: [PID: 2197375] [End] [s: 87] [us: 693741]
[INFO] [Regular_callback11]: [PID: 2197348] [kernelGPU] [s: 0] [us: 37]
[INFO] [Timer_callback1]: [PID: 2197375] [Bgn] [s: 88] [us: 192620]
[INFO] [Timer_callback1]: [PID: 2197375] [End] [s: 88] [us: 293743]
[INFO] [Regular_callback11]: [PID: 2197348] [cudaStreamSynchronize] [s: 0] [us: 36004]
[INFO] [Timer_callback1]: [PID: 2197348] [Bgn] [s: 88] [us: 792610]
[INFO] [Timer_callback1]: [PID: 2197348] [End] [s: 88] [us: 893239]
[INFO] [Timer_callback1]: [PID: 2197348] [Bgn] [s: 89] [us: 392604]
[INFO] [Timer_callback1]: [PID: 2197348] [End] [s: 89] [us: 493744]
[INFO] [Regular_callback11]: [PID: 2197375] [kernelGPU] [s: 0] [us: 30]
[INFO] [Regular_callback11]: [PID: 2197375] [cudaStreamSynchronize] [s: 0] [us: 36038]
[INFO] [Timer_callback1]: [PID: 2197375] [Bgn] [s: 89] [us: 992528]
[INFO] [Timer_callback1]: [PID: 2197375] [End] [s: 90] [us: 92923]
[INFO] [Timer_callback1]: [PID: 2197375] [Bgn] [s: 90] [us: 592611]
[INFO] [Timer_callback1]: [PID: 2197375] [End] [s: 90] [us: 693755]
[INFO] [Regular_callback11]: [PID: 2197348] [kernelGPU] [s: 0] [us: 29]
[INFO] [Regular_callback11]: [PID: 2197348] [cudaStreamSynchronize] [s: 0] [us: 36054]