[Hello RoboSpike] [Thread 2199406] Use ExecutorNodelet
[Hello RoboSpike] [Thread 2199424] Use ExecutorNodelet
[Blocking] [PID: 2199406] [s: 0] [us: 591801]
[INFO] [Timer_callback1]: [PID: 2199424] [Bgn] [s: 0] [us: 592400]
[INFO] [Timer_callback1]: [PID: 2199424] [End] [s: 0] [us: 693569]
[INFO] [Regular_callback11]: [PID: 2199406] [kernelCPU] [s: 0] [us: 13710]
[Blocking] [PID: 2199406] [s: 0] [us: 483829]
[INFO] [Timer_callback1]: [PID: 2199424] [Bgn] [s: 1] [us: 192181]
[INFO] [Timer_callback1]: [PID: 2199424] [End] [s: 1] [us: 293311]
[INFO] [Regular_callback11]: [PID: 2199406] [kernelCPU] [s: 0] [us: 13900]
[Blocking] [PID: 2199406] [s: 0] [us: 483946]
[INFO] [Timer_callback1]: [PID: 2199424] [Bgn] [s: 1] [us: 792154]
[INFO] [Timer_callback1]: [PID: 2199424] [End] [s: 1] [us: 893278]
[INFO] [Regular_callback11]: [PID: 2199406] [kernelCPU] [s: 0] [us: 13864]
[Blocking] [PID: 2199406] [s: 0] [us: 484171]
[INFO] [Timer_callback1]: [PID: 2199424] [Bgn] [s: 2] [us: 392152]
[INFO] [Timer_callback1]: [PID: 2199424] [End] [s: 2] [us: 493259]
[INFO] [Regular_callback11]: [PID: 2199406] [kernelCPU] [s: 0] [us: 13713]
[Blocking] [PID: 2199406] [s: 0] [us: 484360]
[INFO] [Timer_callback1]: [PID: 2199424] [Bgn] [s: 2] [us: 992203]
[INFO] [Timer_callback1]: [PID: 2199424] [End] [s: 3] [us: 93329]
[INFO] [Regular_callback11]: [PID: 2199406] [kernelCPU] [s: 0] [us: 14704]
[Blocking] [PID: 2199406] [s: 0] [us: 483250]
[INFO] [Timer_callback1]: [PID: 2199424] [Bgn] [s: 3] [us: 592186]
[INFO] [Timer_callback1]: [PID: 2199424] [End] [s: 3] [us: 693308]
[INFO] [Regular_callback11]: [PID: 2199406] [kernelCPU] [s: 0] [us: 13898]
[Blocking] [PID: 2199406] [s: 0] [us: 484127]
[INFO] [Timer_callback1]: [PID: 2199424] [Bgn] [s: 4] [us: 192141]
[INFO] [Timer_callback1]: [PID: 2199424] [End] [s: 4] [us: 293264]
[INFO] [Regular_callback11]: [PID: 2199424] [kernelCPU] [s: 0] [us: 14971]
[Blocking] [PID: 2199424] [s: 0] [us: 482970]
[INFO] [Timer_callback1]: [PID: 2199406] [Bgn] [s: 4] [us: 792118]
[INFO] [Timer_callback1]: [PID: 2199406] [End] [s: 4] [us: 892958]
[INFO] [Regular_callback11]: [PID: 2199424] [kernelCPU] [s: 0] [us: 15151]
[Blocking] [PID: 2199424] [s: 0] [us: 482995]
[INFO] [Timer_callback1]: [PID: 2199406] [Bgn] [s: 5] [us: 392117]
[INFO] [Timer_callback1]: [PID: 2199406] [End] [s: 5] [us: 492976]
[INFO] [Regular_callback11]: [PID: 2199424] [kernelCPU] [s: 0] [us: 12457]
[Blocking] [PID: 2199406] [s: 0] [us: 485622]
[INFO] [Timer_callback1]: [PID: 2199424] [Bgn] [s: 5] [us: 992155]
[INFO] [Timer_callback1]: [PID: 2199424] [End] [s: 6] [us: 93219]
[INFO] [Regular_callback11]: [PID: 2199406] [kernelCPU] [s: 0] [us: 14617]
[Blocking] [PID: 2199406] [s: 0] [us: 483254]
[INFO] [Timer_callback1]: [PID: 2199424] [Bgn] [s: 6] [us: 592104]
[INFO] [Timer_callback1]: [PID: 2199424] [End] [s: 6] [us: 693092]
[INFO] [Regular_callback11]: [PID: 2199406] [kernelCPU] [s: 0] [us: 14964]
[Blocking] [PID: 2199406] [s: 0] [us: 483006]
[INFO] [Timer_callback1]: [PID: 2199424] [Bgn] [s: 7] [us: 192129]
[INFO] [Timer_callback1]: [PID: 2199424] [End] [s: 7] [us: 292562]
[INFO] [Regular_callback11]: [PID: 2199406] [kernelCPU] [s: 0] [us: 12182]
[Blocking] [PID: 2199406] [s: 0] [us: 486669]
[INFO] [Timer_callback1]: [PID: 2199424] [Bgn] [s: 7] [us: 792103]
[INFO] [Timer_callback1]: [PID: 2199424] [End] [s: 7] [us: 893037]
[INFO] [Regular_callback11]: [PID: 2199406] [kernelCPU] [s: 0] [us: 14372]
[Blocking] [PID: 2199406] [s: 0] [us: 483968]
[INFO] [Timer_callback1]: [PID: 2199424] [Bgn] [s: 8] [us: 392115]
[INFO] [Timer_callback1]: [PID: 2199424] [End] [s: 8] [us: 493050]
[INFO] [Regular_callback11]: [PID: 2199406] [kernelCPU] [s: 0] [us: 13411]
[Blocking] [PID: 2199406] [s: 0] [us: 484965]
[INFO] [Timer_callback1]: [PID: 2199424] [Bgn] [s: 8] [us: 992132]
[INFO] [Timer_callback1]: [PID: 2199424] [End] [s: 9] [us: 93041]
[INFO] [Regular_callback11]: [PID: 2199406] [kernelCPU] [s: 0] [us: 12921]
[Blocking] [PID: 2199406] [s: 0] [us: 485492]
[INFO] [Timer_callback1]: [PID: 2199424] [Bgn] [s: 9] [us: 592142]
[INFO] [Timer_callback1]: [PID: 2199424] [End] [s: 9] [us: 693047]
[INFO] [Regular_callback11]: [PID: 2199406] [kernelCPU] [s: 0] [us: 12873]
[Blocking] [PID: 2199406] [s: 0] [us: 485592]
[INFO] [Timer_callback1]: [PID: 2199424] [Bgn] [s: 10] [us: 192158]
[INFO] [Timer_callback1]: [PID: 2199424] [End] [s: 10] [us: 293268]
[INFO] [Regular_callback11]: [PID: 2199406] [kernelCPU] [s: 0] [us: 14871]
[Blocking] [PID: 2199406] [s: 0] [us: 483229]
[INFO] [Timer_callback1]: [PID: 2199424] [Bgn] [s: 10] [us: 792136]
[INFO] [Timer_callback1]: [PID: 2199424] [End] [s: 10] [us: 893018]
[INFO] [Regular_callback11]: [PID: 2199406] [kernelCPU] [s: 0] [us: 12525]
[Blocking] [PID: 2199406] [s: 0] [us: 485821]
[INFO] [Timer_callback1]: [PID: 2199424] [Bgn] [s: 11] [us: 392135]
[INFO] [Timer_callback1]: [PID: 2199424] [End] [s: 11] [us: 493027]
[INFO] [Regular_callback11]: [PID: 2199406] [kernelCPU] [s: 0] [us: 12042]
[Blocking] [PID: 2199424] [s: 0] [us: 486582]
[INFO] [Timer_callback1]: [PID: 2199406] [Bgn] [s: 11] [us: 992199]
[INFO] [Timer_callback1]: [PID: 2199406] [End] [s: 12] [us: 93258]
[INFO] [Regular_callback11]: [PID: 2199406] [kernelCPU] [s: 0] [us: 12568]
[Blocking] [PID: 2199406] [s: 0] [us: 485514]
[INFO] [Timer_callback1]: [PID: 2199424] [Bgn] [s: 12] [us: 592078]
[INFO] [Timer_callback1]: [PID: 2199424] [End] [s: 12] [us: 692516]
[INFO] [Regular_callback11]: [PID: 2199424] [kernelCPU] [s: 0] [us: 13617]
[Blocking] [PID: 2199424] [s: 0] [us: 485535]
[INFO] [Timer_callback1]: [PID: 2199406] [Bgn] [s: 13] [us: 192091]
[INFO] [Timer_callback1]: [PID: 2199406] [End] [s: 13] [us: 292538]
[INFO] [Regular_callback11]: [PID: 2199424] [kernelCPU] [s: 0] [us: 13017]
[Blocking] [PID: 2199424] [s: 0] [us: 485922]
[INFO] [Timer_callback1]: [PID: 2199406] [Bgn] [s: 13] [us: 792210]
[INFO] [Timer_callback1]: [PID: 2199406] [End] [s: 13] [us: 893172]
[INFO] [Regular_callback11]: [PID: 2199406] [kernelCPU] [s: 0] [us: 14321]
[Blocking] [PID: 2199406] [s: 0] [us: 483996]
[INFO] [Timer_callback1]: [PID: 2199424] [Bgn] [s: 14] [us: 392120]
[INFO] [Timer_callback1]: [PID: 2199424] [End] [s: 14] [us: 492814]
[INFO] [Regular_callback11]: [PID: 2199406] [kernelCPU] [s: 0] [us: 14756]
[Blocking] [PID: 2199406] [s: 0] [us: 483782]
[INFO] [Timer_callback1]: [PID: 2199424] [Bgn] [s: 14] [us: 992078]
[INFO] [Timer_callback1]: [PID: 2199424] [End] [s: 15] [us: 92636]
[INFO] [Regular_callback11]: [PID: 2199424] [kernelCPU] [s: 0] [us: 13078]
[Blocking] [PID: 2199424] [s: 0] [us: 485803]
[INFO] [Timer_callback1]: [PID: 2199406] [Bgn] [s: 15] [us: 592087]
[INFO] [Timer_callback1]: [PID: 2199406] [End] [s: 15] [us: 692754]
[INFO] [Regular_callback11]: [PID: 2199424] [kernelCPU] [s: 0] [us: 12920]
[Blocking] [PID: 2199424] [s: 0] [us: 485711]
[INFO] [Timer_callback1]: [PID: 2199406] [Bgn] [s: 16] [us: 192090]
[INFO] [Timer_callback1]: [PID: 2199406] [End] [s: 16] [us: 292778]
[INFO] [Regular_callback11]: [PID: 2199424] [kernelCPU] [s: 0] [us: 14903]
[Blocking] [PID: 2199424] [s: 0] [us: 483575]
[INFO] [Timer_callback1]: [PID: 2199406] [Bgn] [s: 16] [us: 792080]
[INFO] [Timer_callback1]: [PID: 2199406] [End] [s: 16] [us: 892448]
[INFO] [Regular_callback11]: [PID: 2199424] [kernelCPU] [s: 0] [us: 15313]
[Blocking] [PID: 2199424] [s: 0] [us: 483426]
[INFO] [Timer_callback1]: [PID: 2199406] [Bgn] [s: 17] [us: 392070]
[INFO] [Timer_callback1]: [PID: 2199406] [End] [s: 17] [us: 492448]
[INFO] [Regular_callback11]: [PID: 2199424] [kernelCPU] [s: 0] [us: 9848]
[Blocking] [PID: 2199406] [s: 0] [us: 489038]
[INFO] [Timer_callback1]: [PID: 2199424] [Bgn] [s: 17] [us: 992068]
[INFO] [Timer_callback1]: [PID: 2199424] [End] [s: 18] [us: 92437]
[INFO] [Regular_callback11]: [PID: 2199406] [kernelCPU] [s: 0] [us: 10148]
[Blocking] [PID: 2199424] [s: 0] [us: 488856]
[INFO] [Timer_callback1]: [PID: 2199406] [Bgn] [s: 18] [us: 592079]
[INFO] [Timer_callback1]: [PID: 2199406] [End] [s: 18] [us: 692451]
[INFO] [Regular_callback11]: [PID: 2199406] [kernelCPU] [s: 0] [us: 9829]
[Blocking] [PID: 2199406] [s: 0] [us: 489416]
[INFO] [Timer_callback1]: [PID: 2199424] [Bgn] [s: 19] [us: 192323]
[INFO] [Timer_callback1]: [PID: 2199424] [End] [s: 19] [us: 292697]
[INFO] [Regular_callback11]: [PID: 2199406] [kernelCPU] [s: 0] [us: 9846]
[Blocking] [PID: 2199406] [s: 0] [us: 488975]
[INFO] [Timer_callback1]: [PID: 2199424] [Bgn] [s: 19] [us: 792107]
[INFO] [Timer_callback1]: [PID: 2199424] [End] [s: 19] [us: 893231]
[INFO] [Regular_callback11]: [PID: 2199406] [kernelCPU] [s: 0] [us: 10074]
[Blocking] [PID: 2199424] [s: 0] [us: 487906]
[INFO] [Timer_callback1]: [PID: 2199406] [Bgn] [s: 20] [us: 392069]
[INFO] [Timer_callback1]: [PID: 2199406] [End] [s: 20] [us: 492443]
[INFO] [Regular_callback11]: [PID: 2199406] [kernelCPU] [s: 0] [us: 10214]
[Blocking] [PID: 2199406] [s: 0] [us: 488692]
[INFO] [Timer_callback1]: [PID: 2199424] [Bgn] [s: 20] [us: 992086]
[INFO] [Timer_callback1]: [PID: 2199424] [End] [s: 21] [us: 92450]
[INFO] [Regular_callback11]: [PID: 2199406] [kernelCPU] [s: 0] [us: 9844]
[Blocking] [PID: 2199406] [s: 0] [us: 489259]
[INFO] [Timer_callback1]: [PID: 2199424] [Bgn] [s: 21] [us: 592081]
[INFO] [Timer_callback1]: [PID: 2199424] [End] [s: 21] [us: 692509]
[INFO] [Regular_callback11]: [PID: 2199406] [kernelCPU] [s: 0] [us: 10168]
[Blocking] [PID: 2199424] [s: 0] [us: 488739]
[INFO] [Timer_callback1]: [PID: 2199406] [Bgn] [s: 22] [us: 192063]
[INFO] [Timer_callback1]: [PID: 2199406] [End] [s: 22] [us: 292428]
[INFO] [Regular_callback11]: [PID: 2199424] [kernelCPU] [s: 0] [us: 15489]
[Blocking] [PID: 2199424] [s: 0] [us: 483336]
[INFO] [Timer_callback1]: [PID: 2199406] [Bgn] [s: 22] [us: 792063]
[INFO] [Timer_callback1]: [PID: 2199406] [End] [s: 22] [us: 892436]
[INFO] [Regular_callback11]: [PID: 2199406] [kernelCPU] [s: 0] [us: 10197]
[Blocking] [PID: 2199424] [s: 0] [us: 488471]
[INFO] [Timer_callback1]: [PID: 2199406] [Bgn] [s: 23] [us: 392067]
[INFO] [Timer_callback1]: [PID: 2199406] [End] [s: 23] [us: 492437]
[INFO] [Regular_callback11]: [PID: 2199406] [kernelCPU] [s: 0] [us: 9856]
[Blocking] [PID: 2199406] [s: 0] [us: 489131]
[INFO] [Timer_callback1]: [PID: 2199424] [Bgn] [s: 23] [us: 992141]
[INFO] [Timer_callback1]: [PID: 2199424] [End] [s: 24] [us: 93175]
[INFO] [Regular_callback11]: [PID: 2199424] [kernelCPU] [s: 0] [us: 13843]
[Blocking] [PID: 2199424] [s: 0] [us: 484354]
[INFO] [Timer_callback1]: [PID: 2199406] [Bgn] [s: 24] [us: 592071]
[INFO] [Timer_callback1]: [PID: 2199406] [End] [s: 24] [us: 692447]
[INFO] [Regular_callback11]: [PID: 2199406] [kernelCPU] [s: 0] [us: 9861]
[Blocking] [PID: 2199406] [s: 0] [us: 489259]
[INFO] [Timer_callback1]: [PID: 2199424] [Bgn] [s: 25] [us: 192185]
[INFO] [Timer_callback1]: [PID: 2199424] [End] [s: 25] [us: 293237]
[INFO] [Regular_callback11]: [PID: 2199406] [kernelCPU] [s: 0] [us: 9866]
[Blocking] [PID: 2199406] [s: 0] [us: 488350]
[INFO] [Timer_callback1]: [PID: 2199424] [Bgn] [s: 25] [us: 792164]
[INFO] [Timer_callback1]: [PID: 2199424] [End] [s: 25] [us: 893221]
[INFO] [Regular_callback11]: [PID: 2199406] [kernelCPU] [s: 0] [us: 9846]
[Blocking] [PID: 2199406] [s: 0] [us: 488342]
[INFO] [Timer_callback1]: [PID: 2199424] [Bgn] [s: 26] [us: 392086]
[INFO] [Timer_callback1]: [PID: 2199424] [End] [s: 26] [us: 492469]
[INFO] [Regular_callback11]: [PID: 2199406] [kernelCPU] [s: 0] [us: 9822]
[Blocking] [PID: 2199406] [s: 0] [us: 489125]
[INFO] [Timer_callback1]: [PID: 2199424] [Bgn] [s: 26] [us: 992072]
[INFO] [Timer_callback1]: [PID: 2199424] [End] [s: 27] [us: 92447]
[INFO] [Regular_callback11]: [PID: 2199424] [kernelCPU] [s: 0] [us: 15251]
[Blocking] [PID: 2199424] [s: 0] [us: 483436]
[INFO] [Timer_callback1]: [PID: 2199406] [Bgn] [s: 27] [us: 592056]
[INFO] [Timer_callback1]: [PID: 2199406] [End] [s: 27] [us: 692431]
[INFO] [Regular_callback11]: [PID: 2199424] [kernelCPU] [s: 0] [us: 15112]
[Blocking] [PID: 2199424] [s: 0] [us: 483678]
[INFO] [Timer_callback1]: [PID: 2199406] [Bgn] [s: 28] [us: 192064]
[INFO] [Timer_callback1]: [PID: 2199406] [End] [s: 28] [us: 292448]
[INFO] [Regular_callback11]: [PID: 2199406] [kernelCPU] [s: 0] [us: 9808]
[Blocking] [PID: 2199406] [s: 0] [us: 489120]
[INFO] [Timer_callback1]: [PID: 2199424] [Bgn] [s: 28] [us: 792100]
[INFO] [Timer_callback1]: [PID: 2199424] [End] [s: 28] [us: 893102]
[INFO] [Regular_callback11]: [PID: 2199406] [kernelCPU] [s: 0] [us: 9819]
[Blocking] [PID: 2199406] [s: 0] [us: 488469]
[INFO] [Timer_callback1]: [PID: 2199424] [Bgn] [s: 29] [us: 392097]
[INFO] [Timer_callback1]: [PID: 2199424] [End] [s: 29] [us: 493103]
[INFO] [Regular_callback11]: [PID: 2199406] [kernelCPU] [s: 0] [us: 9832]
[Blocking] [PID: 2199406] [s: 0] [us: 488529]
[INFO] [Timer_callback1]: [PID: 2199424] [Bgn] [s: 29] [us: 992094]
[INFO] [Timer_callback1]: [PID: 2199424] [End] [s: 30] [us: 93059]
[INFO] [Regular_callback11]: [PID: 2199406] [kernelCPU] [s: 0] [us: 10137]
[Blocking] [PID: 2199424] [s: 0] [us: 488168]
[INFO] [Timer_callback1]: [PID: 2199406] [Bgn] [s: 30] [us: 592075]
[INFO] [Timer_callback1]: [PID: 2199406] [End] [s: 30] [us: 692454]
[INFO] [Regular_callback11]: [PID: 2199424] [kernelCPU] [s: 0] [us: 15393]
[Blocking] [PID: 2199424] [s: 0] [us: 483524]
[INFO] [Timer_callback1]: [PID: 2199406] [Bgn] [s: 31] [us: 192086]
[INFO] [Timer_callback1]: [PID: 2199406] [End] [s: 31] [us: 292460]
[INFO] [Regular_callback11]: [PID: 2199424] [kernelCPU] [s: 0] [us: 15390]
[Blocking] [PID: 2199424] [s: 0] [us: 483593]
[INFO] [Timer_callback1]: [PID: 2199406] [Bgn] [s: 31] [us: 792068]
[INFO] [Timer_callback1]: [PID: 2199406] [End] [s: 31] [us: 892437]
[INFO] [Regular_callback11]: [PID: 2199424] [kernelCPU] [s: 0] [us: 13993]
[Blocking] [PID: 2199424] [s: 0] [us: 484888]
[INFO] [Timer_callback1]: [PID: 2199406] [Bgn] [s: 32] [us: 392061]
[INFO] [Timer_callback1]: [PID: 2199406] [End] [s: 32] [us: 492439]
[INFO] [Regular_callback11]: [PID: 2199424] [kernelCPU] [s: 0] [us: 14173]
[Blocking] [PID: 2199424] [s: 0] [us: 484737]
[INFO] [Timer_callback1]: [PID: 2199406] [Bgn] [s: 32] [us: 992060]
[INFO] [Timer_callback1]: [PID: 2199406] [End] [s: 33] [us: 92440]
[INFO] [Regular_callback11]: [PID: 2199424] [kernelCPU] [s: 0] [us: 15644]
[Blocking] [PID: 2199424] [s: 0] [us: 483246]
[INFO] [Timer_callback1]: [PID: 2199406] [Bgn] [s: 33] [us: 592061]
[INFO] [Timer_callback1]: [PID: 2199406] [End] [s: 33] [us: 692437]
[INFO] [Regular_callback11]: [PID: 2199424] [kernelCPU] [s: 0] [us: 15002]
[Blocking] [PID: 2199424] [s: 0] [us: 483913]
[INFO] [Timer_callback1]: [PID: 2199406] [Bgn] [s: 34] [us: 192063]
[INFO] [Timer_callback1]: [PID: 2199406] [End] [s: 34] [us: 292435]
[INFO] [Regular_callback11]: [PID: 2199424] [kernelCPU] [s: 0] [us: 14910]
[Blocking] [PID: 2199424] [s: 0] [us: 484047]
[INFO] [Timer_callback1]: [PID: 2199406] [Bgn] [s: 34] [us: 792084]
[INFO] [Timer_callback1]: [PID: 2199406] [End] [s: 34] [us: 892459]
[INFO] [Regular_callback11]: [PID: 2199424] [kernelCPU] [s: 0] [us: 15462]
[Blocking] [PID: 2199424] [s: 0] [us: 483375]
[INFO] [Timer_callback1]: [PID: 2199406] [Bgn] [s: 35] [us: 392066]
[INFO] [Timer_callback1]: [PID: 2199406] [End] [s: 35] [us: 492440]
[INFO] [Regular_callback11]: [PID: 2199424] [kernelCPU] [s: 0] [us: 15159]
[Blocking] [PID: 2199424] [s: 0] [us: 483787]
[INFO] [Timer_callback1]: [PID: 2199406] [Bgn] [s: 35] [us: 992067]
[INFO] [Timer_callback1]: [PID: 2199406] [End] [s: 36] [us: 92444]
[INFO] [Regular_callback11]: [PID: 2199424] [kernelCPU] [s: 0] [us: 15331]
[Blocking] [PID: 2199424] [s: 0] [us: 483493]
[INFO] [Timer_callback1]: [PID: 2199406] [Bgn] [s: 36] [us: 592076]
[INFO] [Timer_callback1]: [PID: 2199406] [End] [s: 36] [us: 692449]
[INFO] [Regular_callback11]: [PID: 2199424] [kernelCPU] [s: 0] [us: 15579]
[Blocking] [PID: 2199424] [s: 0] [us: 483316]
[INFO] [Timer_callback1]: [PID: 2199406] [Bgn] [s: 37] [us: 192086]
[INFO] [Timer_callback1]: [PID: 2199406] [End] [s: 37] [us: 292459]
[INFO] [Regular_callback11]: [PID: 2199424] [kernelCPU] [s: 0] [us: 13901]
[Blocking] [PID: 2199424] [s: 0] [us: 485065]
[INFO] [Timer_callback1]: [PID: 2199406] [Bgn] [s: 37] [us: 792081]
[INFO] [Timer_callback1]: [PID: 2199406] [End] [s: 37] [us: 892865]
[INFO] [Regular_callback11]: [PID: 2199424] [kernelCPU] [s: 0] [us: 15157]
[Blocking] [PID: 2199424] [s: 0] [us: 483424]
[INFO] [Timer_callback1]: [PID: 2199406] [Bgn] [s: 38] [us: 392136]
[INFO] [Timer_callback1]: [PID: 2199406] [End] [s: 38] [us: 493123]
[INFO] [Regular_callback11]: [PID: 2199424] [kernelCPU] [s: 0] [us: 14920]
[Blocking] [PID: 2199424] [s: 0] [us: 483245]
[INFO] [Timer_callback1]: [PID: 2199406] [Bgn] [s: 38] [us: 992132]
[INFO] [Timer_callback1]: [PID: 2199406] [End] [s: 39] [us: 93124]
[INFO] [Regular_callback11]: [PID: 2199424] [kernelCPU] [s: 0] [us: 9966]
[Blocking] [PID: 2199424] [s: 0] [us: 488428]
[INFO] [Timer_callback1]: [PID: 2199406] [Bgn] [s: 39] [us: 592131]
[INFO] [Timer_callback1]: [PID: 2199406] [End] [s: 39] [us: 693116]
[INFO] [Regular_callback11]: [PID: 2199424] [kernelCPU] [s: 0] [us: 10162]
[Blocking] [PID: 2199424] [s: 0] [us: 488108]
[INFO] [Timer_callback1]: [PID: 2199406] [Bgn] [s: 40] [us: 192059]
[INFO] [Timer_callback1]: [PID: 2199406] [End] [s: 40] [us: 292415]
[INFO] [Regular_callback11]: [PID: 2199424] [kernelCPU] [s: 0] [us: 10044]
[Blocking] [PID: 2199424] [s: 0] [us: 489014]
[INFO] [Timer_callback1]: [PID: 2199406] [Bgn] [s: 40] [us: 792059]
[INFO] [Timer_callback1]: [PID: 2199406] [End] [s: 40] [us: 892421]
[INFO] [Regular_callback11]: [PID: 2199424] [kernelCPU] [s: 0] [us: 10164]
[Blocking] [PID: 2199424] [s: 0] [us: 488860]
[INFO] [Timer_callback1]: [PID: 2199406] [Bgn] [s: 41] [us: 392063]
[INFO] [Timer_callback1]: [PID: 2199406] [End] [s: 41] [us: 492411]
[INFO] [Regular_callback11]: [PID: 2199424] [kernelCPU] [s: 0] [us: 10011]
[Blocking] [PID: 2199424] [s: 0] [us: 488987]
[INFO] [Timer_callback1]: [PID: 2199406] [Bgn] [s: 41] [us: 992066]
[INFO] [Timer_callback1]: [PID: 2199406] [End] [s: 42] [us: 92422]
[INFO] [Regular_callback11]: [PID: 2199424] [kernelCPU] [s: 0] [us: 9998]
[Blocking] [PID: 2199406] [s: 0] [us: 489009]
[INFO] [Timer_callback1]: [PID: 2199424] [Bgn] [s: 42] [us: 592073]
[INFO] [Timer_callback1]: [PID: 2199424] [End] [s: 42] [us: 692438]
[INFO] [Regular_callback11]: [PID: 2199424] [kernelCPU] [s: 0] [us: 9920]
[Blocking] [PID: 2199406] [s: 0] [us: 489031]
[INFO] [Timer_callback1]: [PID: 2199424] [Bgn] [s: 43] [us: 192078]
[INFO] [Timer_callback1]: [PID: 2199424] [End] [s: 43] [us: 292446]
[INFO] [Regular_callback11]: [PID: 2199406] [kernelCPU] [s: 0] [us: 9872]
[Blocking] [PID: 2199406] [s: 0] [us: 489120]
[INFO] [Timer_callback1]: [PID: 2199424] [Bgn] [s: 43] [us: 792063]
[INFO] [Timer_callback1]: [PID: 2199424] [End] [s: 43] [us: 892428]
[INFO] [Regular_callback11]: [PID: 2199406] [kernelCPU] [s: 0] [us: 9809]
[Blocking] [PID: 2199406] [s: 0] [us: 489316]
[INFO] [Timer_callback1]: [PID: 2199424] [Bgn] [s: 44] [us: 392081]
[INFO] [Timer_callback1]: [PID: 2199424] [End] [s: 44] [us: 492453]
[INFO] [Regular_callback11]: [PID: 2199424] [kernelCPU] [s: 0] [us: 9789]
[Blocking] [PID: 2199424] [s: 0] [us: 489193]
[INFO] [Timer_callback1]: [PID: 2199406] [Bgn] [s: 44] [us: 992060]
[INFO] [Timer_callback1]: [PID: 2199406] [End] [s: 45] [us: 92422]
[INFO] [Regular_callback11]: [PID: 2199406] [kernelCPU] [s: 0] [us: 9842]
[Blocking] [PID: 2199406] [s: 0] [us: 489207]
[INFO] [Timer_callback1]: [PID: 2199424] [Bgn] [s: 45] [us: 592113]
[INFO] [Timer_callback1]: [PID: 2199424] [End] [s: 45] [us: 693204]
[INFO] [Regular_callback11]: [PID: 2199406] [kernelCPU] [s: 0] [us: 9867]
[Blocking] [PID: 2199406] [s: 0] [us: 488381]
[INFO] [Timer_callback1]: [PID: 2199424] [Bgn] [s: 46] [us: 192074]
[INFO] [Timer_callback1]: [PID: 2199424] [End] [s: 46] [us: 292448]
[INFO] [Regular_callback11]: [PID: 2199406] [kernelCPU] [s: 0] [us: 9820]
[Blocking] [PID: 2199406] [s: 0] [us: 489215]
[INFO] [Timer_callback1]: [PID: 2199424] [Bgn] [s: 46] [us: 792068]
[INFO] [Timer_callback1]: [PID: 2199424] [End] [s: 46] [us: 892445]
[INFO] [Regular_callback11]: [PID: 2199424] [kernelCPU] [s: 0] [us: 9838]
[Blocking] [PID: 2199424] [s: 0] [us: 489152]
[INFO] [Timer_callback1]: [PID: 2199406] [Bgn] [s: 47] [us: 392167]
[INFO] [Timer_callback1]: [PID: 2199406] [End] [s: 47] [us: 493117]
[INFO] [Regular_callback11]: [PID: 2199424] [kernelCPU] [s: 0] [us: 9861]
[Blocking] [PID: 2199406] [s: 0] [us: 488224]
[INFO] [Timer_callback1]: [PID: 2199424] [Bgn] [s: 47] [us: 992079]
[INFO] [Timer_callback1]: [PID: 2199424] [End] [s: 48] [us: 92436]
[INFO] [Regular_callback11]: [PID: 2199406] [kernelCPU] [s: 0] [us: 13657]
[Blocking] [PID: 2199424] [s: 0] [us: 485194]
[INFO] [Timer_callback1]: [PID: 2199406] [Bgn] [s: 48] [us: 592082]
[INFO] [Timer_callback1]: [PID: 2199406] [End] [s: 48] [us: 692457]
[INFO] [Regular_callback11]: [PID: 2199424] [kernelCPU] [s: 0] [us: 9861]
[Blocking] [PID: 2199424] [s: 0] [us: 489051]
[INFO] [Timer_callback1]: [PID: 2199406] [Bgn] [s: 49] [us: 192063]
[INFO] [Timer_callback1]: [PID: 2199406] [End] [s: 49] [us: 292422]
[INFO] [Regular_callback11]: [PID: 2199406] [kernelCPU] [s: 0] [us: 9866]
[Blocking] [PID: 2199406] [s: 0] [us: 489147]
[INFO] [Timer_callback1]: [PID: 2199424] [Bgn] [s: 49] [us: 792060]
[INFO] [Timer_callback1]: [PID: 2199424] [End] [s: 49] [us: 892417]
[INFO] [Regular_callback11]: [PID: 2199406] [kernelCPU] [s: 0] [us: 9833]
[Blocking] [PID: 2199406] [s: 0] [us: 489141]
[INFO] [Timer_callback1]: [PID: 2199424] [Bgn] [s: 50] [us: 392073]
[INFO] [Timer_callback1]: [PID: 2199424] [End] [s: 50] [us: 492448]
[INFO] [Regular_callback11]: [PID: 2199424] [kernelCPU] [s: 0] [us: 9803]
[Blocking] [PID: 2199424] [s: 0] [us: 489064]
[INFO] [Timer_callback1]: [PID: 2199406] [Bgn] [s: 50] [us: 992065]
[INFO] [Timer_callback1]: [PID: 2199406] [End] [s: 51] [us: 92422]
[INFO] [Regular_callback11]: [PID: 2199424] [kernelCPU] [s: 0] [us: 9821]
[Blocking] [PID: 2199424] [s: 0] [us: 489097]
[INFO] [Timer_callback1]: [PID: 2199406] [Bgn] [s: 51] [us: 592065]
[INFO] [Timer_callback1]: [PID: 2199406] [End] [s: 51] [us: 692446]
[INFO] [Regular_callback11]: [PID: 2199424] [kernelCPU] [s: 0] [us: 9830]
[Blocking] [PID: 2199424] [s: 0] [us: 489160]
[INFO] [Timer_callback1]: [PID: 2199406] [Bgn] [s: 52] [us: 192066]
[INFO] [Timer_callback1]: [PID: 2199406] [End] [s: 52] [us: 292443]
[INFO] [Regular_callback11]: [PID: 2199424] [kernelCPU] [s: 0] [us: 9821]
[Blocking] [PID: 2199424] [s: 0] [us: 489232]
[INFO] [Timer_callback1]: [PID: 2199406] [Bgn] [s: 52] [us: 792135]
[INFO] [Timer_callback1]: [PID: 2199406] [End] [s: 52] [us: 892833]
[INFO] [Regular_callback11]: [PID: 2199424] [kernelCPU] [s: 0] [us: 14164]
[Blocking] [PID: 2199424] [s: 0] [us: 484278]
[INFO] [Timer_callback1]: [PID: 2199406] [Bgn] [s: 53] [us: 392082]
[INFO] [Timer_callback1]: [PID: 2199406] [End] [s: 53] [us: 492452]
[INFO] [Regular_callback11]: [PID: 2199424] [kernelCPU] [s: 0] [us: 14890]
[Blocking] [PID: 2199424] [s: 0] [us: 483952]
[INFO] [Timer_callback1]: [PID: 2199406] [Bgn] [s: 53] [us: 992126]
[INFO] [Timer_callback1]: [PID: 2199406] [End] [s: 54] [us: 92891]
[INFO] [Regular_callback11]: [PID: 2199424] [kernelCPU] [s: 0] [us: 9838]
[Blocking] [PID: 2199424] [s: 0] [us: 488846]
[INFO] [Timer_callback1]: [PID: 2199406] [Bgn] [s: 54] [us: 592111]
[INFO] [Timer_callback1]: [PID: 2199406] [End] [s: 54] [us: 692843]
[INFO] [Regular_callback11]: [PID: 2199424] [kernelCPU] [s: 0] [us: 9846]
[Blocking] [PID: 2199406] [s: 0] [us: 488670]
[INFO] [Timer_callback1]: [PID: 2199424] [Bgn] [s: 55] [us: 192068]
[INFO] [Timer_callback1]: [PID: 2199424] [End] [s: 55] [us: 292433]
[INFO] [Regular_callback11]: [PID: 2199424] [kernelCPU] [s: 0] [us: 9813]
[Blocking] [PID: 2199424] [s: 0] [us: 489235]
[INFO] [Timer_callback1]: [PID: 2199406] [Bgn] [s: 55] [us: 792135]
[INFO] [Timer_callback1]: [PID: 2199406] [End] [s: 55] [us: 893215]
[INFO] [Regular_callback11]: [PID: 2199424] [kernelCPU] [s: 0] [us: 9855]
[Blocking] [PID: 2199406] [s: 0] [us: 488112]
[INFO] [Timer_callback1]: [PID: 2199424] [Bgn] [s: 56] [us: 392073]
[INFO] [Timer_callback1]: [PID: 2199424] [End] [s: 56] [us: 492439]
[INFO] [Regular_callback11]: [PID: 2199424] [kernelCPU] [s: 0] [us: 9834]
[Blocking] [PID: 2199424] [s: 0] [us: 489203]
[INFO] [Timer_callback1]: [PID: 2199406] [Bgn] [s: 56] [us: 992132]
[INFO] [Timer_callback1]: [PID: 2199406] [End] [s: 57] [us: 93143]
[INFO] [Regular_callback11]: [PID: 2199424] [kernelCPU] [s: 0] [us: 14793]
[Blocking] [PID: 2199424] [s: 0] [us: 483258]
[INFO] [Timer_callback1]: [PID: 2199406] [Bgn] [s: 57] [us: 592139]
[INFO] [Timer_callback1]: [PID: 2199406] [End] [s: 57] [us: 693249]
[INFO] [Regular_callback11]: [PID: 2199424] [kernelCPU] [s: 0] [us: 15061]
[Blocking] [PID: 2199424] [s: 0] [us: 482897]
[INFO] [Timer_callback1]: [PID: 2199406] [Bgn] [s: 58] [us: 192130]
[INFO] [Timer_callback1]: [PID: 2199406] [End] [s: 58] [us: 292928]
[INFO] [Regular_callback11]: [PID: 2199406] [kernelCPU] [s: 0] [us: 12428]
[Blocking] [PID: 2199406] [s: 0] [us: 486251]
[INFO] [Timer_callback1]: [PID: 2199424] [Bgn] [s: 58] [us: 792169]
[INFO] [Timer_callback1]: [PID: 2199424] [End] [s: 58] [us: 893260]
[INFO] [Regular_callback11]: [PID: 2199406] [kernelCPU] [s: 0] [us: 14110]
[Blocking] [PID: 2199406] [s: 0] [us: 483944]
[INFO] [Timer_callback1]: [PID: 2199424] [Bgn] [s: 59] [us: 392104]
[INFO] [Timer_callback1]: [PID: 2199424] [End] [s: 59] [us: 493210]
[INFO] [Regular_callback11]: [PID: 2199406] [kernelCPU] [s: 0] [us: 14186]
[Blocking] [PID: 2199406] [s: 0] [us: 484028]
[INFO] [Timer_callback1]: [PID: 2199424] [Bgn] [s: 59] [us: 992125]
[INFO] [Timer_callback1]: [PID: 2199424] [End] [s: 60] [us: 93132]
[INFO] [Regular_callback11]: [PID: 2199406] [kernelCPU] [s: 0] [us: 20931]
[Blocking] [PID: 2199406] [s: 0] [us: 477321]
[INFO] [Timer_callback1]: [PID: 2199424] [Bgn] [s: 60] [us: 592149]
[INFO] [Timer_callback1]: [PID: 2199424] [End] [s: 60] [us: 693265]
[INFO] [Regular_callback11]: [PID: 2199406] [kernelCPU] [s: 0] [us: 13596]
[Blocking] [PID: 2199406] [s: 0] [us: 484508]
[INFO] [Timer_callback1]: [PID: 2199424] [Bgn] [s: 61] [us: 192128]
[INFO] [Timer_callback1]: [PID: 2199424] [End] [s: 61] [us: 293198]
[INFO] [Regular_callback11]: [PID: 2199406] [kernelCPU] [s: 0] [us: 13791]
[Blocking] [PID: 2199406] [s: 0] [us: 484368]
[INFO] [Timer_callback1]: [PID: 2199424] [Bgn] [s: 61] [us: 792112]
[INFO] [Timer_callback1]: [PID: 2199424] [End] [s: 61] [us: 893226]
[INFO] [Regular_callback11]: [PID: 2199406] [kernelCPU] [s: 0] [us: 14374]
[Blocking] [PID: 2199406] [s: 0] [us: 483685]
[INFO] [Timer_callback1]: [PID: 2199424] [Bgn] [s: 62] [us: 392088]
[INFO] [Timer_callback1]: [PID: 2199424] [End] [s: 62] [us: 492837]
[INFO] [Regular_callback11]: [PID: 2199406] [kernelCPU] [s: 0] [us: 10016]
[Blocking] [PID: 2199424] [s: 0] [us: 488592]
[INFO] [Timer_callback1]: [PID: 2199406] [Bgn] [s: 62] [us: 992072]
[INFO] [Timer_callback1]: [PID: 2199406] [End] [s: 63] [us: 92440]
[INFO] [Regular_callback11]: [PID: 2199424] [kernelCPU] [s: 0] [us: 15052]
[Blocking] [PID: 2199424] [s: 0] [us: 483779]
[INFO] [Timer_callback1]: [PID: 2199406] [Bgn] [s: 63] [us: 592074]
[INFO] [Timer_callback1]: [PID: 2199406] [End] [s: 63] [us: 692435]
[INFO] [Regular_callback11]: [PID: 2199424] [kernelCPU] [s: 0] [us: 15633]
[Blocking] [PID: 2199424] [s: 0] [us: 483097]
[INFO] [Timer_callback1]: [PID: 2199406] [Bgn] [s: 64] [us: 192079]
[INFO] [Timer_callback1]: [PID: 2199406] [End] [s: 64] [us: 292443]
[INFO] [Regular_callback11]: [PID: 2199424] [kernelCPU] [s: 0] [us: 15526]
[Blocking] [PID: 2199424] [s: 0] [us: 483176]
[INFO] [Timer_callback1]: [PID: 2199406] [Bgn] [s: 64] [us: 792081]
[INFO] [Timer_callback1]: [PID: 2199406] [End] [s: 64] [us: 892441]
[INFO] [Regular_callback11]: [PID: 2199406] [kernelCPU] [s: 0] [us: 10177]
[Blocking] [PID: 2199424] [s: 0] [us: 488712]
[INFO] [Timer_callback1]: [PID: 2199406] [Bgn] [s: 65] [us: 392075]
[INFO] [Timer_callback1]: [PID: 2199406] [End] [s: 65] [us: 492439]
[INFO] [Regular_callback11]: [PID: 2199424] [kernelCPU] [s: 0] [us: 15380]
[Blocking] [PID: 2199424] [s: 0] [us: 483256]
[INFO] [Timer_callback1]: [PID: 2199406] [Bgn] [s: 65] [us: 992080]
[INFO] [Timer_callback1]: [PID: 2199406] [End] [s: 66] [us: 92441]
[INFO] [Regular_callback11]: [PID: 2199406] [kernelCPU] [s: 0] [us: 10170]
[Blocking] [PID: 2199424] [s: 0] [us: 488721]
[INFO] [Timer_callback1]: [PID: 2199406] [Bgn] [s: 66] [us: 592081]
[INFO] [Timer_callback1]: [PID: 2199406] [End] [s: 66] [us: 692439]
[INFO] [Regular_callback11]: [PID: 2199406] [kernelCPU] [s: 0] [us: 10236]
[Blocking] [PID: 2199424] [s: 0] [us: 488708]
[INFO] [Timer_callback1]: [PID: 2199406] [Bgn] [s: 67] [us: 192086]
[INFO] [Timer_callback1]: [PID: 2199406] [End] [s: 67] [us: 292450]
[INFO] [Regular_callback11]: [PID: 2199424] [kernelCPU] [s: 0] [us: 16971]
[Blocking] [PID: 2199424] [s: 0] [us: 481654]
[INFO] [Timer_callback1]: [PID: 2199406] [Bgn] [s: 67] [us: 792063]
[INFO] [Timer_callback1]: [PID: 2199406] [End] [s: 67] [us: 892424]
[INFO] [Regular_callback11]: [PID: 2199406] [kernelCPU] [s: 0] [us: 10202]
[Blocking] [PID: 2199424] [s: 0] [us: 488570]
[INFO] [Timer_callback1]: [PID: 2199406] [Bgn] [s: 68] [us: 392059]
[INFO] [Timer_callback1]: [PID: 2199406] [End] [s: 68] [us: 492420]
[INFO] [Regular_callback11]: [PID: 2199406] [kernelCPU] [s: 0] [us: 10196]
[Blocking] [PID: 2199424] [s: 0] [us: 488504]
[INFO] [Timer_callback1]: [PID: 2199406] [Bgn] [s: 68] [us: 992080]
[INFO] [Timer_callback1]: [PID: 2199406] [End] [s: 69] [us: 92443]
[INFO] [Regular_callback11]: [PID: 2199424] [kernelCPU] [s: 0] [us: 15489]
[Blocking] [PID: 2199424] [s: 0] [us: 483315]
[INFO] [Timer_callback1]: [PID: 2199406] [Bgn] [s: 69] [us: 592081]
[INFO] [Timer_callback1]: [PID: 2199406] [End] [s: 69] [us: 692452]
[INFO] [Regular_callback11]: [PID: 2199424] [kernelCPU] [s: 0] [us: 15326]
[Blocking] [PID: 2199424] [s: 0] [us: 483342]
[INFO] [Timer_callback1]: [PID: 2199406] [Bgn] [s: 70] [us: 192067]
[INFO] [Timer_callback1]: [PID: 2199406] [End] [s: 70] [us: 292427]
[INFO] [Regular_callback11]: [PID: 2199424] [kernelCPU] [s: 0] [us: 15417]
[Blocking] [PID: 2199424] [s: 0] [us: 483386]
[INFO] [Timer_callback1]: [PID: 2199406] [Bgn] [s: 70] [us: 792080]
[INFO] [Timer_callback1]: [PID: 2199406] [End] [s: 70] [us: 892425]
[INFO] [Regular_callback11]: [PID: 2199406] [kernelCPU] [s: 0] [us: 10173]
[Blocking] [PID: 2199424] [s: 0] [us: 488570]
[INFO] [Timer_callback1]: [PID: 2199406] [Bgn] [s: 71] [us: 392057]
[INFO] [Timer_callback1]: [PID: 2199406] [End] [s: 71] [us: 492410]
[INFO] [Regular_callback11]: [PID: 2199424] [kernelCPU] [s: 0] [us: 14419]
[Blocking] [PID: 2199424] [s: 0] [us: 484444]
[INFO] [Timer_callback1]: [PID: 2199406] [Bgn] [s: 71] [us: 992081]
[INFO] [Timer_callback1]: [PID: 2199406] [End] [s: 72] [us: 92445]
[INFO] [Regular_callback11]: [PID: 2199406] [kernelCPU] [s: 0] [us: 10179]
[Blocking] [PID: 2199424] [s: 0] [us: 488619]
[INFO] [Timer_callback1]: [PID: 2199406] [Bgn] [s: 72] [us: 592076]
[INFO] [Timer_callback1]: [PID: 2199406] [End] [s: 72] [us: 692439]
[INFO] [Regular_callback11]: [PID: 2199406] [kernelCPU] [s: 0] [us: 10207]
[Blocking] [PID: 2199424] [s: 0] [us: 488589]
[INFO] [Timer_callback1]: [PID: 2199406] [Bgn] [s: 73] [us: 192064]
[INFO] [Timer_callback1]: [PID: 2199406] [End] [s: 73] [us: 292429]
[INFO] [Regular_callback11]: [PID: 2199406] [kernelCPU] [s: 0] [us: 10197]
[Blocking] [PID: 2199424] [s: 0] [us: 488590]
[INFO] [Timer_callback1]: [PID: 2199406] [Bgn] [s: 73] [us: 792082]
[INFO] [Timer_callback1]: [PID: 2199406] [End] [s: 73] [us: 892450]
[INFO] [Regular_callback11]: [PID: 2199424] [kernelCPU] [s: 0] [us: 15390]
[Blocking] [PID: 2199424] [s: 0] [us: 483403]
[INFO] [Timer_callback1]: [PID: 2199406] [Bgn] [s: 74] [us: 392084]
[INFO] [Timer_callback1]: [PID: 2199406] [End] [s: 74] [us: 492458]
[INFO] [Regular_callback11]: [PID: 2199424] [kernelCPU] [s: 0] [us: 15034]
[Blocking] [PID: 2199424] [s: 0] [us: 483683]
[INFO] [Timer_callback1]: [PID: 2199406] [Bgn] [s: 74] [us: 992074]
[INFO] [Timer_callback1]: [PID: 2199406] [End] [s: 75] [us: 92441]
[INFO] [Regular_callback11]: [PID: 2199424] [kernelCPU] [s: 0] [us: 15421]
[Blocking] [PID: 2199424] [s: 0] [us: 483411]
[INFO] [Timer_callback1]: [PID: 2199406] [Bgn] [s: 75] [us: 592065]
[INFO] [Timer_callback1]: [PID: 2199406] [End] [s: 75] [us: 692419]
[INFO] [Regular_callback11]: [PID: 2199406] [kernelCPU] [s: 0] [us: 10063]
[Blocking] [PID: 2199424] [s: 0] [us: 488829]
[INFO] [Timer_callback1]: [PID: 2199406] [Bgn] [s: 76] [us: 192072]
[INFO] [Timer_callback1]: [PID: 2199406] [End] [s: 76] [us: 292427]
[INFO] [Regular_callback11]: [PID: 2199406] [kernelCPU] [s: 0] [us: 10222]
[Blocking] [PID: 2199424] [s: 0] [us: 488543]
[INFO] [Timer_callback1]: [PID: 2199406] [Bgn] [s: 76] [us: 792069]
[INFO] [Timer_callback1]: [PID: 2199406] [End] [s: 76] [us: 892428]
[INFO] [Regular_callback11]: [PID: 2199424] [kernelCPU] [s: 0] [us: 15454]
[Blocking] [PID: 2199424] [s: 0] [us: 483245]
[INFO] [Timer_callback1]: [PID: 2199406] [Bgn] [s: 77] [us: 392072]
[INFO] [Timer_callback1]: [PID: 2199406] [End] [s: 77] [us: 492427]
[INFO] [Regular_callback11]: [PID: 2199424] [kernelCPU] [s: 0] [us: 15332]
[Blocking] [PID: 2199424] [s: 0] [us: 483378]
[INFO] [Timer_callback1]: [PID: 2199406] [Bgn] [s: 77] [us: 992071]
[INFO] [Timer_callback1]: [PID: 2199406] [End] [s: 78] [us: 92417]
[INFO] [Regular_callback11]: [PID: 2199424] [kernelCPU] [s: 0] [us: 13101]
[Blocking] [PID: 2199424] [s: 0] [us: 485268]
[INFO] [Timer_callback1]: [PID: 2199406] [Bgn] [s: 78] [us: 592116]
[INFO] [Timer_callback1]: [PID: 2199406] [End] [s: 78] [us: 692498]
[INFO] [Regular_callback11]: [PID: 2199424] [kernelCPU] [s: 0] [us: 18495]
[Blocking] [PID: 2199424] [s: 0] [us: 479981]
[INFO] [Timer_callback1]: [PID: 2199406] [Bgn] [s: 79] [us: 192107]
[INFO] [Timer_callback1]: [PID: 2199406] [End] [s: 79] [us: 292482]
[INFO] [Regular_callback11]: [PID: 2199406] [kernelCPU] [s: 0] [us: 10198]
[Blocking] [PID: 2199424] [s: 0] [us: 488535]
[INFO] [Timer_callback1]: [PID: 2199406] [Bgn] [s: 79] [us: 792093]
[INFO] [Timer_callback1]: [PID: 2199406] [End] [s: 79] [us: 892457]
[INFO] [Regular_callback11]: [PID: 2199424] [kernelCPU] [s: 0] [us: 15514]
[Blocking] [PID: 2199424] [s: 0] [us: 483133]
[INFO] [Timer_callback1]: [PID: 2199406] [Bgn] [s: 80] [us: 392088]
[INFO] [Timer_callback1]: [PID: 2199406] [End] [s: 80] [us: 492444]
[INFO] [Regular_callback11]: [PID: 2199424] [kernelCPU] [s: 0] [us: 15588]
[Blocking] [PID: 2199424] [s: 0] [us: 483209]
[INFO] [Timer_callback1]: [PID: 2199406] [Bgn] [s: 80] [us: 992092]
[INFO] [Timer_callback1]: [PID: 2199406] [End] [s: 81] [us: 92451]
[INFO] [Regular_callback11]: [PID: 2199406] [kernelCPU] [s: 0] [us: 10215]
[Blocking] [PID: 2199424] [s: 0] [us: 488577]
[INFO] [Timer_callback1]: [PID: 2199406] [Bgn] [s: 81] [us: 592090]
[INFO] [Timer_callback1]: [PID: 2199406] [End] [s: 81] [us: 692453]
[INFO] [Regular_callback11]: [PID: 2199424] [kernelCPU] [s: 0] [us: 15428]
[Blocking] [PID: 2199424] [s: 0] [us: 483342]
[INFO] [Timer_callback1]: [PID: 2199406] [Bgn] [s: 82] [us: 192080]
[INFO] [Timer_callback1]: [PID: 2199406] [End] [s: 82] [us: 292446]
[INFO] [Regular_callback11]: [PID: 2199406] [kernelCPU] [s: 0] [us: 9858]
[Blocking] [PID: 2199424] [s: 0] [us: 488941]
[INFO] [Timer_callback1]: [PID: 2199406] [Bgn] [s: 82] [us: 792074]
[INFO] [Timer_callback1]: [PID: 2199406] [End] [s: 82] [us: 892437]
[INFO] [Regular_callback11]: [PID: 2199424] [kernelCPU] [s: 0] [us: 15248]
[Blocking] [PID: 2199424] [s: 0] [us: 483560]
[INFO] [Timer_callback1]: [PID: 2199406] [Bgn] [s: 83] [us: 392237]
[INFO] [Timer_callback1]: [PID: 2199406] [End] [s: 83] [us: 493175]
[INFO] [Regular_callback11]: [PID: 2199424] [kernelCPU] [s: 0] [us: 14609]
[Blocking] [PID: 2199424] [s: 0] [us: 483431]
[INFO] [Timer_callback1]: [PID: 2199406] [Bgn] [s: 83] [us: 992123]
[INFO] [Timer_callback1]: [PID: 2199406] [End] [s: 84] [us: 92581]
[INFO] [Regular_callback11]: [PID: 2199424] [kernelCPU] [s: 0] [us: 15404]
[Blocking] [PID: 2199424] [s: 0] [us: 483222]
[INFO] [Timer_callback1]: [PID: 2199406] [Bgn] [s: 84] [us: 592116]
[INFO] [Timer_callback1]: [PID: 2199406] [End] [s: 84] [us: 692572]
[INFO] [Regular_callback11]: [PID: 2199406] [kernelCPU] [s: 0] [us: 12314]
[Blocking] [PID: 2199424] [s: 0] [us: 486272]
[INFO] [Timer_callback1]: [PID: 2199406] [Bgn] [s: 85] [us: 192122]
[INFO] [Timer_callback1]: [PID: 2199406] [End] [s: 85] [us: 292575]
[INFO] [Regular_callback11]: [PID: 2199424] [kernelCPU] [s: 0] [us: 15353]
[Blocking] [PID: 2199424] [s: 0] [us: 483319]
[INFO] [Timer_callback1]: [PID: 2199406] [Bgn] [s: 85] [us: 792144]
[INFO] [Timer_callback1]: [PID: 2199406] [End] [s: 85] [us: 893161]
[INFO] [Regular_callback11]: [PID: 2199424] [kernelCPU] [s: 0] [us: 14709]
[Blocking] [PID: 2199424] [s: 0] [us: 483249]
[INFO] [Timer_callback1]: [PID: 2199406] [Bgn] [s: 86] [us: 392160]
[INFO] [Timer_callback1]: [PID: 2199406] [End] [s: 86] [us: 493123]
[INFO] [Regular_callback11]: [PID: 2199424] [kernelCPU] [s: 0] [us: 15110]
[Blocking] [PID: 2199424] [s: 0] [us: 483078]
[INFO] [Timer_callback1]: [PID: 2199406] [Bgn] [s: 86] [us: 992160]
[INFO] [Timer_callback1]: [PID: 2199406] [End] [s: 87] [us: 93170]
[INFO] [Regular_callback11]: [PID: 2199424] [kernelCPU] [s: 0] [us: 14698]
[Blocking] [PID: 2199424] [s: 0] [us: 483359]
[INFO] [Timer_callback1]: [PID: 2199406] [Bgn] [s: 87] [us: 592155]
[INFO] [Timer_callback1]: [PID: 2199406] [End] [s: 87] [us: 693171]
[INFO] [Regular_callback11]: [PID: 2199424] [kernelCPU] [s: 0] [us: 14926]
[Blocking] [PID: 2199424] [s: 0] [us: 483191]
[INFO] [Timer_callback1]: [PID: 2199406] [Bgn] [s: 88] [us: 192126]
[INFO] [Timer_callback1]: [PID: 2199406] [End] [s: 88] [us: 293215]
[INFO] [Regular_callback11]: [PID: 2199424] [kernelCPU] [s: 0] [us: 12558]
[Blocking] [PID: 2199424] [s: 0] [us: 485461]
[INFO] [Timer_callback1]: [PID: 2199406] [Bgn] [s: 88] [us: 792053]
[INFO] [Timer_callback1]: [PID: 2199406] [End] [s: 88] [us: 892710]
[INFO] [Regular_callback11]: [PID: 2199406] [kernelCPU] [s: 0] [us: 15464]
[Blocking] [PID: 2199424] [s: 0] [us: 482938]
[INFO] [Timer_callback1]: [PID: 2199406] [Bgn] [s: 89] [us: 392095]
[INFO] [Timer_callback1]: [PID: 2199406] [End] [s: 89] [us: 493198]
[INFO] [Regular_callback11]: [PID: 2199406] [kernelCPU] [s: 0] [us: 15047]
[Blocking] [PID: 2199406] [s: 0] [us: 482897]
[INFO] [Timer_callback1]: [PID: 2199424] [Bgn] [s: 89] [us: 992103]
[INFO] [Timer_callback1]: [PID: 2199424] [End] [s: 90] [us: 93198]
[INFO] [Regular_callback11]: [PID: 2199424] [kernelCPU] [s: 0] [us: 15206]
[Blocking] [PID: 2199424] [s: 0] [us: 482954]
[INFO] [Timer_callback1]: [PID: 2199406] [Bgn] [s: 90] [us: 592137]
[INFO] [Timer_callback1]: [PID: 2199406] [End] [s: 90] [us: 693209]
[INFO] [Regular_callback11]: [PID: 2199406] [kernelCPU] [s: 0] [us: 14441]
[Blocking] [PID: 2199406] [s: 0] [us: 483556]
[INFO] [Timer_callback1]: [PID: 2199424] [Bgn] [s: 91] [us: 192176]
[INFO] [Timer_callback1]: [PID: 2199424] [End] [s: 91] [us: 293284]
[INFO] [Regular_callback11]: [PID: 2199424] [kernelCPU] [s: 0] [us: 14946]
