[Hello RoboSpike] [Thread 2197898] Use ExecutorNodelet
[Hello RoboSpike] [Thread 2197909] Use ExecutorNodelet
[Blocking] [PID: 2197898] [s: 0] [us: 590784]
[INFO] [Timer_callback1]: [PID: 2197909] [Bgn] [s: 0] [us: 591446]
[INFO] [Timer_callback1]: [PID: 2197909] [End] [s: 0] [us: 692595]
[INFO] [Timer_callback1]: [PID: 2197909] [Bgn] [s: 1] [us: 191256]
[INFO] [Timer_callback1]: [PID: 2197909] [End] [s: 1] [us: 292371]
[INFO] [Timer_callback1]: [PID: 2197909] [Bgn] [s: 1] [us: 791654]
[INFO] [Timer_callback1]: [PID: 2197909] [End] [s: 1] [us: 892855]
[INFO] [Timer_callback1]: [PID: 2197909] [Bgn] [s: 2] [us: 391380]
[INFO] [Timer_callback1]: [PID: 2197909] [End] [s: 2] [us: 492484]
[INFO] [Timer_callback1]: [PID: 2197909] [Bgn] [s: 2] [us: 991285]
[INFO] [Timer_callback1]: [PID: 2197909] [End] [s: 3] [us: 92659]
[INFO] [Regular_callback11]: [PID: 2197898] [kernelGPU] [s: 0] [us: 49]
[INFO] [Regular_callback11]: [PID: 2197898] [cudaStreamSynchronize] [s: 0] [us: 35960]
[INFO] [Timer_callback1]: [PID: 2197909] [Bgn] [s: 3] [us: 591217]
[INFO] [Timer_callback1]: [PID: 2197909] [End] [s: 3] [us: 692412]
[INFO] [Timer_callback1]: [PID: 2197909] [Bgn] [s: 4] [us: 191225]
[INFO] [Timer_callback1]: [PID: 2197909] [End] [s: 4] [us: 292356]
[INFO] [Timer_callback1]: [PID: 2197909] [Bgn] [s: 4] [us: 791267]
[INFO] [Timer_callback1]: [PID: 2197909] [End] [s: 4] [us: 892403]
[INFO] [Regular_callback11]: [PID: 2197898] [kernelGPU] [s: 0] [us: 29]
[INFO] [Regular_callback11]: [PID: 2197898] [cudaStreamSynchronize] [s: 0] [us: 36006]
[INFO] [Timer_callback1]: [PID: 2197898] [Bgn] [s: 5] [us: 391265]
[INFO] [Timer_callback1]: [PID: 2197898] [End] [s: 5] [us: 492392]
[INFO] [Timer_callback1]: [PID: 2197898] [Bgn] [s: 5] [us: 991262]
[INFO] [Timer_callback1]: [PID: 2197898] [End] [s: 6] [us: 92360]
[INFO] [Regular_callback11]: [PID: 2197909] [kernelGPU] [s: 0] [us: 32]
[INFO] [Regular_callback11]: [PID: 2197909] [cudaStreamSynchronize] [s: 0] [us: 36035]
[INFO] [Timer_callback1]: [PID: 2197898] [Bgn] [s: 6] [us: 591224]
[INFO] [Timer_callback1]: [PID: 2197898] [End] [s: 6] [us: 692344]
[INFO] [Timer_callback1]: [PID: 2197909] [Bgn] [s: 7] [us: 191333]
[INFO] [Timer_callback1]: [PID: 2197909] [End] [s: 7] [us: 292483]
[INFO] [Timer_callback1]: [PID: 2197909] [Bgn] [s: 7] [us: 791264]
[INFO] [Timer_callback1]: [PID: 2197909] [End] [s: 7] [us: 892429]
[INFO] [Regular_callback11]: [PID: 2197898] [kernelGPU] [s: 0] [us: 36]
[INFO] [Regular_callback11]: [PID: 2197898] [cudaStreamSynchronize] [s: 0] [us: 36000]
[INFO] [Timer_callback1]: [PID: 2197898] [Bgn] [s: 8] [us: 391268]
[INFO] [Timer_callback1]: [PID: 2197898] [End] [s: 8] [us: 492400]
[INFO] [Timer_callback1]: [PID: 2197898] [Bgn] [s: 8] [us: 991261]
[INFO] [Timer_callback1]: [PID: 2197898] [End] [s: 9] [us: 92352]
[INFO] [Regular_callback11]: [PID: 2197909] [kernelGPU] [s: 0] [us: 30]
[INFO] [Regular_callback11]: [PID: 2197909] [cudaStreamSynchronize] [s: 0] [us: 35988]
[INFO] [Timer_callback1]: [PID: 2197909] [Bgn] [s: 9] [us: 591180]
[INFO] [Timer_callback1]: [PID: 2197909] [End] [s: 9] [us: 691691]
[INFO] [Timer_callback1]: [PID: 2197909] [Bgn] [s: 10] [us: 191236]
[INFO] [Timer_callback1]: [PID: 2197909] [End] [s: 10] [us: 292386]
[INFO] [Regular_callback11]: [PID: 2197898] [kernelGPU] [s: 0] [us: 39]
[INFO] [Regular_callback11]: [PID: 2197898] [cudaStreamSynchronize] [s: 0] [us: 36005]
[INFO] [Timer_callback1]: [PID: 2197909] [Bgn] [s: 10] [us: 791355]
[INFO] [Timer_callback1]: [PID: 2197909] [End] [s: 10] [us: 892497]
[INFO] [Timer_callback1]: [PID: 2197898] [Bgn] [s: 11] [us: 391268]
[INFO] [Timer_callback1]: [PID: 2197898] [End] [s: 11] [us: 492396]
[INFO] [Timer_callback1]: [PID: 2197898] [Bgn] [s: 11] [us: 991271]
[INFO] [Timer_callback1]: [PID: 2197898] [End] [s: 12] [us: 92412]
[INFO] [Regular_callback11]: [PID: 2197909] [kernelGPU] [s: 0] [us: 31]
[INFO] [Regular_callback11]: [PID: 2197909] [cudaStreamSynchronize] [s: 0] [us: 35974]
[INFO] [Timer_callback1]: [PID: 2197909] [Bgn] [s: 12] [us: 591266]
[INFO] [Timer_callback1]: [PID: 2197909] [End] [s: 12] [us: 692398]
[INFO] [Timer_callback1]: [PID: 2197909] [Bgn] [s: 13] [us: 191223]
[INFO] [Timer_callback1]: [PID: 2197909] [End] [s: 13] [us: 292352]
[INFO] [Regular_callback11]: [PID: 2197898] [kernelGPU] [s: 0] [us: 65]
[INFO] [Regular_callback11]: [PID: 2197898] [cudaStreamSynchronize] [s: 0] [us: 35962]
[INFO] [Timer_callback1]: [PID: 2197898] [Bgn] [s: 13] [us: 791265]
[INFO] [Timer_callback1]: [PID: 2197898] [End] [s: 13] [us: 891964]
[INFO] [Timer_callback1]: [PID: 2197898] [Bgn] [s: 14] [us: 391263]
[INFO] [Timer_callback1]: [PID: 2197898] [End] [s: 14] [us: 492397]
[INFO] [Regular_callback11]: [PID: 2197909] [kernelGPU] [s: 0] [us: 42]
[INFO] [Regular_callback11]: [PID: 2197909] [cudaStreamSynchronize] [s: 0] [us: 36021]
[INFO] [Timer_callback1]: [PID: 2197898] [Bgn] [s: 14] [us: 991260]
[INFO] [Timer_callback1]: [PID: 2197898] [End] [s: 15] [us: 92386]
[INFO] [Timer_callback1]: [PID: 2197909] [Bgn] [s: 15] [us: 591426]
[INFO] [Timer_callback1]: [PID: 2197909] [End] [s: 15] [us: 692560]
[INFO] [Timer_callback1]: [PID: 2197909] [Bgn] [s: 16] [us: 191273]
[INFO] [Timer_callback1]: [PID: 2197909] [End] [s: 16] [us: 292411]
[INFO] [Regular_callback11]: [PID: 2197898] [kernelGPU] [s: 0] [us: 31]
[INFO] [Regular_callback11]: [PID: 2197898] [cudaStreamSynchronize] [s: 0] [us: 36007]
[INFO] [Timer_callback1]: [PID: 2197898] [Bgn] [s: 16] [us: 791278]
[INFO] [Timer_callback1]: [PID: 2197898] [End] [s: 16] [us: 892408]
[INFO] [Timer_callback1]: [PID: 2197898] [Bgn] [s: 17] [us: 391262]
[INFO] [Timer_callback1]: [PID: 2197898] [End] [s: 17] [us: 492397]
[INFO] [Regular_callback11]: [PID: 2197909] [kernelGPU] [s: 0] [us: 33]
[INFO] [Regular_callback11]: [PID: 2197909] [cudaStreamSynchronize] [s: 0] [us: 36012]
[INFO] [Timer_callback1]: [PID: 2197909] [Bgn] [s: 17] [us: 991282]
[INFO] [Timer_callback1]: [PID: 2197909] [End] [s: 18] [us: 92434]
[INFO] [Timer_callback1]: [PID: 2197909] [Bgn] [s: 18] [us: 591264]
[INFO] [Timer_callback1]: [PID: 2197909] [End] [s: 18] [us: 692401]
[INFO] [Regular_callback11]: [PID: 2197898] [kernelGPU] [s: 0] [us: 40]
[INFO] [Regular_callback11]: [PID: 2197898] [cudaStreamSynchronize] [s: 0] [us: 36001]
[INFO] [Timer_callback1]: [PID: 2197909] [Bgn] [s: 19] [us: 191219]
[INFO] [Timer_callback1]: [PID: 2197909] [End] [s: 19] [us: 292345]
[INFO] [Timer_callback1]: [PID: 2197909] [Bgn] [s: 19] [us: 791268]
[INFO] [Timer_callback1]: [PID: 2197909] [End] [s: 19] [us: 892412]
[INFO] [Regular_callback11]: [PID: 2197898] [kernelGPU] [s: 0] [us: 28]
[INFO] [Timer_callback1]: [PID: 2197909] [Bgn] [s: 20] [us: 391263]
[INFO] [Timer_callback1]: [PID: 2197909] [End] [s: 20] [us: 492396]
[INFO] [Regular_callback11]: [PID: 2197898] [cudaStreamSynchronize] [s: 0] [us: 35985]
[INFO] [Timer_callback1]: [PID: 2197898] [Bgn] [s: 20] [us: 991269]
[INFO] [Timer_callback1]: [PID: 2197898] [End] [s: 21] [us: 91819]
[INFO] [Timer_callback1]: [PID: 2197898] [Bgn] [s: 21] [us: 591263]
[INFO] [Timer_callback1]: [PID: 2197898] [End] [s: 21] [us: 692401]
[INFO] [Regular_callback11]: [PID: 2197909] [kernelGPU] [s: 0] [us: 44]
[INFO] [Regular_callback11]: [PID: 2197909] [cudaStreamSynchronize] [s: 0] [us: 36059]
[INFO] [Timer_callback1]: [PID: 2197909] [Bgn] [s: 22] [us: 191226]
[INFO] [Timer_callback1]: [PID: 2197909] [End] [s: 22] [us: 292328]
[INFO] [Timer_callback1]: [PID: 2197909] [Bgn] [s: 22] [us: 791266]
[INFO] [Timer_callback1]: [PID: 2197909] [End] [s: 22] [us: 892404]
[INFO] [Regular_callback11]: [PID: 2197898] [kernelGPU] [s: 0] [us: 35]
[INFO] [Regular_callback11]: [PID: 2197898] [cudaStreamSynchronize] [s: 0] [us: 36046]
[INFO] [Timer_callback1]: [PID: 2197909] [Bgn] [s: 23] [us: 391374]
[INFO] [Timer_callback1]: [PID: 2197909] [End] [s: 23] [us: 492514]
[INFO] [Timer_callback1]: [PID: 2197909] [Bgn] [s: 23] [us: 991266]
[INFO] [Timer_callback1]: [PID: 2197909] [End] [s: 24] [us: 92402]
[INFO] [Regular_callback11]: [PID: 2197898] [kernelGPU] [s: 0] [us: 39]
[INFO] [Timer_callback1]: [PID: 2197909] [Bgn] [s: 24] [us: 591371]
[INFO] [Timer_callback1]: [PID: 2197909] [End] [s: 24] [us: 692500]
[INFO] [Regular_callback11]: [PID: 2197898] [cudaStreamSynchronize] [s: 0] [us: 36020]
[INFO] [Timer_callback1]: [PID: 2197898] [Bgn] [s: 25] [us: 191225]
[INFO] [Timer_callback1]: [PID: 2197898] [End] [s: 25] [us: 292362]
[INFO] [Timer_callback1]: [PID: 2197898] [Bgn] [s: 25] [us: 791264]
[INFO] [Timer_callback1]: [PID: 2197898] [End] [s: 25] [us: 892405]
[INFO] [Regular_callback11]: [PID: 2197909] [kernelGPU] [s: 0] [us: 36]
[INFO] [Regular_callback11]: [PID: 2197909] [cudaStreamSynchronize] [s: 0] [us: 36063]
[INFO] [Timer_callback1]: [PID: 2197909] [Bgn] [s: 26] [us: 391184]
[INFO] [Timer_callback1]: [PID: 2197909] [End] [s: 26] [us: 491625]
[INFO] [Timer_callback1]: [PID: 2197909] [Bgn] [s: 26] [us: 991266]
[INFO] [Timer_callback1]: [PID: 2197909] [End] [s: 27] [us: 92402]
[INFO] [Regular_callback11]: [PID: 2197898] [kernelGPU] [s: 0] [us: 43]
[INFO] [Regular_callback11]: [PID: 2197898] [cudaStreamSynchronize] [s: 0] [us: 36054]
[INFO] [Timer_callback1]: [PID: 2197909] [Bgn] [s: 27] [us: 591255]
[INFO] [Timer_callback1]: [PID: 2197909] [End] [s: 27] [us: 692396]
[INFO] [Timer_callback1]: [PID: 2197909] [Bgn] [s: 28] [us: 191272]
[INFO] [Timer_callback1]: [PID: 2197909] [End] [s: 28] [us: 292401]
[INFO] [Timer_callback1]: [PID: 2197909] [Bgn] [s: 28] [us: 791231]
[INFO] [Timer_callback1]: [PID: 2197909] [End] [s: 28] [us: 892369]
[INFO] [Regular_callback11]: [PID: 2197898] [kernelGPU] [s: 0] [us: 29]
[INFO] [Regular_callback11]: [PID: 2197898] [cudaStreamSynchronize] [s: 0] [us: 36056]
[INFO] [Timer_callback1]: [PID: 2197898] [Bgn] [s: 29] [us: 391178]
[INFO] [Timer_callback1]: [PID: 2197898] [End] [s: 29] [us: 491571]
[INFO] [Timer_callback1]: [PID: 2197898] [Bgn] [s: 29] [us: 991258]
[INFO] [Timer_callback1]: [PID: 2197898] [End] [s: 30] [us: 92386]
[INFO] [Regular_callback11]: [PID: 2197909] [kernelGPU] [s: 0] [us: 39]
[INFO] [Regular_callback11]: [PID: 2197909] [cudaStreamSynchronize] [s: 0] [us: 36008]
[INFO] [Timer_callback1]: [PID: 2197909] [Bgn] [s: 30] [us: 591185]
[INFO] [Timer_callback1]: [PID: 2197909] [End] [s: 30] [us: 691579]
[INFO] [Timer_callback1]: [PID: 2197909] [Bgn] [s: 31] [us: 191260]
[INFO] [Timer_callback1]: [PID: 2197909] [End] [s: 31] [us: 292386]
[INFO] [Regular_callback11]: [PID: 2197898] [kernelGPU] [s: 0] [us: 34]
[INFO] [Timer_callback1]: [PID: 2197909] [Bgn] [s: 31] [us: 791265]
[INFO] [Timer_callback1]: [PID: 2197909] [End] [s: 31] [us: 892393]
[INFO] [Regular_callback11]: [PID: 2197898] [cudaStreamSynchronize] [s: 0] [us: 36058]
[INFO] [Timer_callback1]: [PID: 2197898] [Bgn] [s: 32] [us: 391203]
[INFO] [Timer_callback1]: [PID: 2197898] [End] [s: 32] [us: 492272]
[INFO] [Timer_callback1]: [PID: 2197898] [Bgn] [s: 32] [us: 991213]
[INFO] [Timer_callback1]: [PID: 2197898] [End] [s: 33] [us: 92302]
[INFO] [Regular_callback11]: [PID: 2197909] [kernelGPU] [s: 0] [us: 35]
[INFO] [Regular_callback11]: [PID: 2197909] [cudaStreamSynchronize] [s: 0] [us: 36035]
[INFO] [Timer_callback1]: [PID: 2197909] [Bgn] [s: 33] [us: 591269]
[INFO] [Timer_callback1]: [PID: 2197909] [End] [s: 33] [us: 692400]
[INFO] [Timer_callback1]: [PID: 2197909] [Bgn] [s: 34] [us: 191263]
[INFO] [Timer_callback1]: [PID: 2197909] [End] [s: 34] [us: 292396]
[INFO] [Regular_callback11]: [PID: 2197898] [kernelGPU] [s: 0] [us: 41]
[INFO] [Timer_callback1]: [PID: 2197909] [Bgn] [s: 34] [us: 791268]
[INFO] [Timer_callback1]: [PID: 2197909] [End] [s: 34] [us: 892399]
[INFO] [Regular_callback11]: [PID: 2197898] [cudaStreamSynchronize] [s: 0] [us: 35982]
[INFO] [Timer_callback1]: [PID: 2197898] [Bgn] [s: 35] [us: 391207]
[INFO] [Timer_callback1]: [PID: 2197898] [End] [s: 35] [us: 492308]
[INFO] [Timer_callback1]: [PID: 2197898] [Bgn] [s: 35] [us: 991217]
[INFO] [Timer_callback1]: [PID: 2197898] [End] [s: 36] [us: 92297]
[INFO] [Regular_callback11]: [PID: 2197909] [kernelGPU] [s: 0] [us: 45]
[INFO] [Regular_callback11]: [PID: 2197909] [cudaStreamSynchronize] [s: 0] [us: 35984]
[INFO] [Timer_callback1]: [PID: 2197909] [Bgn] [s: 36] [us: 591265]
[INFO] [Timer_callback1]: [PID: 2197909] [End] [s: 36] [us: 692401]
[INFO] [Timer_callback1]: [PID: 2197909] [Bgn] [s: 37] [us: 191264]
[INFO] [Timer_callback1]: [PID: 2197909] [End] [s: 37] [us: 292395]
[INFO] [Regular_callback11]: [PID: 2197898] [kernelGPU] [s: 0] [us: 34]
[INFO] [Timer_callback1]: [PID: 2197909] [Bgn] [s: 37] [us: 791276]
[INFO] [Timer_callback1]: [PID: 2197909] [End] [s: 37] [us: 892408]
[INFO] [Regular_callback11]: [PID: 2197898] [cudaStreamSynchronize] [s: 0] [us: 36046]
[INFO] [Timer_callback1]: [PID: 2197898] [Bgn] [s: 38] [us: 391216]
[INFO] [Timer_callback1]: [PID: 2197898] [End] [s: 38] [us: 492304]
[INFO] [Timer_callback1]: [PID: 2197898] [Bgn] [s: 38] [us: 991212]
[INFO] [Timer_callback1]: [PID: 2197898] [End] [s: 39] [us: 92300]
[INFO] [Regular_callback11]: [PID: 2197909] [kernelGPU] [s: 0] [us: 40]
[INFO] [Regular_callback11]: [PID: 2197909] [cudaStreamSynchronize] [s: 0] [us: 36000]
[INFO] [Timer_callback1]: [PID: 2197909] [Bgn] [s: 39] [us: 591387]
[INFO] [Timer_callback1]: [PID: 2197909] [End] [s: 39] [us: 692477]
[INFO] [Timer_callback1]: [PID: 2197909] [Bgn] [s: 40] [us: 191228]
[INFO] [Timer_callback1]: [PID: 2197909] [End] [s: 40] [us: 292323]
[INFO] [Timer_callback1]: [PID: 2197909] [Bgn] [s: 40] [us: 791229]
[INFO] [Timer_callback1]: [PID: 2197909] [End] [s: 40] [us: 892321]
[INFO] [Regular_callback11]: [PID: 2197898] [kernelGPU] [s: 0] [us: 33]
[INFO] [Regular_callback11]: [PID: 2197898] [cudaStreamSynchronize] [s: 0] [us: 35997]
[INFO] [Timer_callback1]: [PID: 2197898] [Bgn] [s: 41] [us: 391222]
[INFO] [Timer_callback1]: [PID: 2197898] [End] [s: 41] [us: 492306]
[INFO] [Timer_callback1]: [PID: 2197898] [Bgn] [s: 41] [us: 991204]
[INFO] [Timer_callback1]: [PID: 2197898] [End] [s: 42] [us: 92310]
[INFO] [Regular_callback11]: [PID: 2197909] [kernelGPU] [s: 0] [us: 38]
[INFO] [Regular_callback11]: [PID: 2197909] [cudaStreamSynchronize] [s: 0] [us: 36041]
[INFO] [Timer_callback1]: [PID: 2197909] [Bgn] [s: 42] [us: 591254]
[INFO] [Timer_callback1]: [PID: 2197909] [End] [s: 42] [us: 691987]
[INFO] [Timer_callback1]: [PID: 2197909] [Bgn] [s: 43] [us: 191265]
[INFO] [Timer_callback1]: [PID: 2197909] [End] [s: 43] [us: 292401]
[INFO] [Timer_callback1]: [PID: 2197909] [Bgn] [s: 43] [us: 791263]
[INFO] [Timer_callback1]: [PID: 2197909] [End] [s: 43] [us: 892371]
[INFO] [Regular_callback11]: [PID: 2197898] [kernelGPU] [s: 0] [us: 31]
[INFO] [Regular_callback11]: [PID: 2197898] [cudaStreamSynchronize] [s: 0] [us: 36044]
[INFO] [Timer_callback1]: [PID: 2197898] [Bgn] [s: 44] [us: 391197]
[INFO] [Timer_callback1]: [PID: 2197898] [End] [s: 44] [us: 492161]
[INFO] [Timer_callback1]: [PID: 2197898] [Bgn] [s: 44] [us: 991219]
[INFO] [Timer_callback1]: [PID: 2197898] [End] [s: 45] [us: 92300]
[INFO] [Regular_callback11]: [PID: 2197909] [kernelGPU] [s: 0] [us: 39]
[INFO] [Regular_callback11]: [PID: 2197909] [cudaStreamSynchronize] [s: 0] [us: 36051]
[INFO] [Timer_callback1]: [PID: 2197909] [Bgn] [s: 45] [us: 591220]
[INFO] [Timer_callback1]: [PID: 2197909] [End] [s: 45] [us: 691615]
[INFO] [Timer_callback1]: [PID: 2197909] [Bgn] [s: 46] [us: 191265]
[INFO] [Timer_callback1]: [PID: 2197909] [End] [s: 46] [us: 292393]
[INFO] [Timer_callback1]: [PID: 2197909] [Bgn] [s: 46] [us: 791269]
[INFO] [Timer_callback1]: [PID: 2197909] [End] [s: 46] [us: 892393]
[INFO] [Regular_callback11]: [PID: 2197898] [kernelGPU] [s: 0] [us: 35]
[INFO] [Regular_callback11]: [PID: 2197898] [cudaStreamSynchronize] [s: 0] [us: 35988]
[INFO] [Timer_callback1]: [PID: 2197909] [Bgn] [s: 47] [us: 391239]
[INFO] [Timer_callback1]: [PID: 2197909] [End] [s: 47] [us: 492226]
[INFO] [Timer_callback1]: [PID: 2197909] [Bgn] [s: 47] [us: 991266]
[INFO] [Timer_callback1]: [PID: 2197909] [End] [s: 48] [us: 92405]
[INFO] [Timer_callback1]: [PID: 2197909] [Bgn] [s: 48] [us: 591267]
[INFO] [Timer_callback1]: [PID: 2197909] [End] [s: 48] [us: 692410]
[INFO] [Regular_callback11]: [PID: 2197898] [kernelGPU] [s: 0] [us: 44]
[INFO] [Regular_callback11]: [PID: 2197898] [cudaStreamSynchronize] [s: 0] [us: 35972]
[INFO] [Timer_callback1]: [PID: 2197898] [Bgn] [s: 49] [us: 191202]
[INFO] [Timer_callback1]: [PID: 2197898] [End] [s: 49] [us: 292287]
[INFO] [Timer_callback1]: [PID: 2197898] [Bgn] [s: 49] [us: 791227]
[INFO] [Timer_callback1]: [PID: 2197898] [End] [s: 49] [us: 892320]
[INFO] [Regular_callback11]: [PID: 2197909] [kernelGPU] [s: 0] [us: 35]
[INFO] [Regular_callback11]: [PID: 2197909] [cudaStreamSynchronize] [s: 0] [us: 36015]
[INFO] [Timer_callback1]: [PID: 2197909] [Bgn] [s: 50] [us: 391263]
[INFO] [Timer_callback1]: [PID: 2197909] [End] [s: 50] [us: 491938]
[INFO] [Timer_callback1]: [PID: 2197909] [Bgn] [s: 50] [us: 991267]
[INFO] [Timer_callback1]: [PID: 2197909] [End] [s: 51] [us: 92405]
[INFO] [Timer_callback1]: [PID: 2197909] [Bgn] [s: 51] [us: 591268]
[INFO] [Timer_callback1]: [PID: 2197909] [End] [s: 51] [us: 692403]
[INFO] [Regular_callback11]: [PID: 2197898] [kernelGPU] [s: 0] [us: 37]
[INFO] [Regular_callback11]: [PID: 2197898] [cudaStreamSynchronize] [s: 0] [us: 35989]
[INFO] [Timer_callback1]: [PID: 2197898] [Bgn] [s: 52] [us: 191188]
[INFO] [Timer_callback1]: [PID: 2197898] [End] [s: 52] [us: 291687]
[INFO] [Timer_callback1]: [PID: 2197898] [Bgn] [s: 52] [us: 791230]
[INFO] [Timer_callback1]: [PID: 2197898] [End] [s: 52] [us: 892366]
[INFO] [Regular_callback11]: [PID: 2197909] [kernelGPU] [s: 0] [us: 32]
[INFO] [Regular_callback11]: [PID: 2197909] [cudaStreamSynchronize] [s: 0] [us: 36031]
[INFO] [Timer_callback1]: [PID: 2197909] [Bgn] [s: 53] [us: 391239]
[INFO] [Timer_callback1]: [PID: 2197909] [End] [s: 53] [us: 491930]
[INFO] [Timer_callback1]: [PID: 2197909] [Bgn] [s: 53] [us: 991267]
[INFO] [Timer_callback1]: [PID: 2197909] [End] [s: 54] [us: 92393]
[INFO] [Timer_callback1]: [PID: 2197909] [Bgn] [s: 54] [us: 591265]
[INFO] [Timer_callback1]: [PID: 2197909] [End] [s: 54] [us: 692487]
[INFO] [Regular_callback11]: [PID: 2197898] [kernelGPU] [s: 0] [us: 38]
[INFO] [Regular_callback11]: [PID: 2197898] [cudaStreamSynchronize] [s: 0] [us: 35985]
[INFO] [Timer_callback1]: [PID: 2197898] [Bgn] [s: 55] [us: 191220]
[INFO] [Timer_callback1]: [PID: 2197898] [End] [s: 55] [us: 292317]
[INFO] [Timer_callback1]: [PID: 2197898] [Bgn] [s: 55] [us: 791267]
[INFO] [Timer_callback1]: [PID: 2197898] [End] [s: 55] [us: 892400]
[INFO] [Regular_callback11]: [PID: 2197909] [kernelGPU] [s: 0] [us: 32]
[INFO] [Regular_callback11]: [PID: 2197909] [cudaStreamSynchronize] [s: 0] [us: 36011]
[INFO] [Timer_callback1]: [PID: 2197898] [Bgn] [s: 56] [us: 391246]
[INFO] [Timer_callback1]: [PID: 2197898] [End] [s: 56] [us: 492281]
[INFO] [Timer_callback1]: [PID: 2197898] [Bgn] [s: 56] [us: 991378]
[INFO] [Timer_callback1]: [PID: 2197898] [End] [s: 57] [us: 92529]
[INFO] [Regular_callback11]: [PID: 2197909] [kernelGPU] [s: 0] [us: 38]
[INFO] [Timer_callback1]: [PID: 2197898] [Bgn] [s: 57] [us: 591234]
[INFO] [Timer_callback1]: [PID: 2197898] [End] [s: 57] [us: 692359]
[INFO] [Regular_callback11]: [PID: 2197909] [cudaStreamSynchronize] [s: 0] [us: 35997]
[INFO] [Timer_callback1]: [PID: 2197909] [Bgn] [s: 58] [us: 191191]
[INFO] [Timer_callback1]: [PID: 2197909] [End] [s: 58] [us: 291624]
[INFO] [Timer_callback1]: [PID: 2197909] [Bgn] [s: 58] [us: 791263]
[INFO] [Timer_callback1]: [PID: 2197909] [End] [s: 58] [us: 892394]
[INFO] [Regular_callback11]: [PID: 2197898] [kernelGPU] [s: 0] [us: 34]
[INFO] [Regular_callback11]: [PID: 2197898] [cudaStreamSynchronize] [s: 0] [us: 36024]
[INFO] [Timer_callback1]: [PID: 2197898] [Bgn] [s: 59] [us: 391216]
[INFO] [Timer_callback1]: [PID: 2197898] [End] [s: 59] [us: 491647]
[INFO] [Timer_callback1]: [PID: 2197898] [Bgn] [s: 59] [us: 991271]
[INFO] [Timer_callback1]: [PID: 2197898] [End] [s: 60] [us: 92379]
[INFO] [Regular_callback11]: [PID: 2197909] [kernelGPU] [s: 0] [us: 37]
[INFO] [Timer_callback1]: [PID: 2197898] [Bgn] [s: 60] [us: 591235]
[INFO] [Timer_callback1]: [PID: 2197898] [End] [s: 60] [us: 692326]
[INFO] [Regular_callback11]: [PID: 2197909] [cudaStreamSynchronize] [s: 0] [us: 36059]
[INFO] [Timer_callback1]: [PID: 2197909] [Bgn] [s: 61] [us: 191183]
[INFO] [Timer_callback1]: [PID: 2197909] [End] [s: 61] [us: 291630]
[INFO] [Timer_callback1]: [PID: 2197909] [Bgn] [s: 61] [us: 791280]
[INFO] [Timer_callback1]: [PID: 2197909] [End] [s: 61] [us: 892417]
[INFO] [Regular_callback11]: [PID: 2197898] [kernelGPU] [s: 0] [us: 43]
[INFO] [Regular_callback11]: [PID: 2197898] [cudaStreamSynchronize] [s: 0] [us: 36013]
[INFO] [Timer_callback1]: [PID: 2197898] [Bgn] [s: 62] [us: 391256]
[INFO] [Timer_callback1]: [PID: 2197898] [End] [s: 62] [us: 492382]
[INFO] [Timer_callback1]: [PID: 2197898] [Bgn] [s: 62] [us: 991266]
[INFO] [Timer_callback1]: [PID: 2197898] [End] [s: 63] [us: 92398]
[INFO] [Regular_callback11]: [PID: 2197909] [kernelGPU] [s: 0] [us: 36]
[INFO] [Regular_callback11]: [PID: 2197909] [cudaStreamSynchronize] [s: 0] [us: 36039]
[INFO] [Timer_callback1]: [PID: 2197909] [Bgn] [s: 63] [us: 591235]
[INFO] [Timer_callback1]: [PID: 2197909] [End] [s: 63] [us: 691676]
[INFO] [Timer_callback1]: [PID: 2197909] [Bgn] [s: 64] [us: 191267]
[INFO] [Timer_callback1]: [PID: 2197909] [End] [s: 64] [us: 292401]
[INFO] [Regular_callback11]: [PID: 2197898] [kernelGPU] [s: 0] [us: 33]
[INFO] [Regular_callback11]: [PID: 2197898] [cudaStreamSynchronize] [s: 0] [us: 36028]
[INFO] [Timer_callback1]: [PID: 2197909] [Bgn] [s: 64] [us: 791257]
[INFO] [Timer_callback1]: [PID: 2197909] [End] [s: 64] [us: 892385]
[INFO] [Timer_callback1]: [PID: 2197898] [Bgn] [s: 65] [us: 391262]
[INFO] [Timer_callback1]: [PID: 2197898] [End] [s: 65] [us: 492409]
[INFO] [Timer_callback1]: [PID: 2197898] [Bgn] [s: 65] [us: 991272]
[INFO] [Timer_callback1]: [PID: 2197898] [End] [s: 66] [us: 92407]
[INFO] [Regular_callback11]: [PID: 2197909] [kernelGPU] [s: 0] [us: 36]
[INFO] [Regular_callback11]: [PID: 2197909] [cudaStreamSynchronize] [s: 0] [us: 36029]
[INFO] [Timer_callback1]: [PID: 2197909] [Bgn] [s: 66] [us: 591185]
[INFO] [Timer_callback1]: [PID: 2197909] [End] [s: 66] [us: 691629]
[INFO] [Timer_callback1]: [PID: 2197909] [Bgn] [s: 67] [us: 191265]
[INFO] [Timer_callback1]: [PID: 2197909] [End] [s: 67] [us: 292397]
[INFO] [Regular_callback11]: [PID: 2197898] [kernelGPU] [s: 0] [us: 32]
[INFO] [Regular_callback11]: [PID: 2197898] [cudaStreamSynchronize] [s: 0] [us: 36037]
[INFO] [Timer_callback1]: [PID: 2197898] [Bgn] [s: 67] [us: 791181]
[INFO] [Timer_callback1]: [PID: 2197898] [End] [s: 67] [us: 891610]
[INFO] [Timer_callback1]: [PID: 2197898] [Bgn] [s: 68] [us: 391263]
[INFO] [Timer_callback1]: [PID: 2197898] [End] [s: 68] [us: 492388]
[INFO] [Regular_callback11]: [PID: 2197909] [kernelGPU] [s: 0] [us: 43]
[INFO] [Regular_callback11]: [PID: 2197909] [cudaStreamSynchronize] [s: 0] [us: 35984]
[INFO] [Timer_callback1]: [PID: 2197898] [Bgn] [s: 68] [us: 991267]
[INFO] [Timer_callback1]: [PID: 2197898] [End] [s: 69] [us: 92392]
[INFO] [Timer_callback1]: [PID: 2197898] [Bgn] [s: 69] [us: 591262]
[INFO] [Timer_callback1]: [PID: 2197898] [End] [s: 69] [us: 692383]
[INFO] [Regular_callback11]: [PID: 2197909] [kernelGPU] [s: 0] [us: 28]
[INFO] [Timer_callback1]: [PID: 2197898] [Bgn] [s: 70] [us: 191283]
[INFO] [Timer_callback1]: [PID: 2197898] [End] [s: 70] [us: 292420]
[INFO] [Regular_callback11]: [PID: 2197909] [cudaStreamSynchronize] [s: 0] [us: 35979]
[INFO] [Timer_callback1]: [PID: 2197909] [Bgn] [s: 70] [us: 791186]
[INFO] [Timer_callback1]: [PID: 2197909] [End] [s: 70] [us: 891620]
[INFO] [Timer_callback1]: [PID: 2197909] [Bgn] [s: 71] [us: 391258]
[INFO] [Timer_callback1]: [PID: 2197909] [End] [s: 71] [us: 492390]
[INFO] [Regular_callback11]: [PID: 2197898] [kernelGPU] [s: 0] [us: 31]
[INFO] [Regular_callback11]: [PID: 2197898] [cudaStreamSynchronize] [s: 0] [us: 35984]
[INFO] [Timer_callback1]: [PID: 2197898] [Bgn] [s: 71] [us: 991184]
[INFO] [Timer_callback1]: [PID: 2197898] [End] [s: 72] [us: 91979]
[INFO] [Timer_callback1]: [PID: 2197898] [Bgn] [s: 72] [us: 591228]
[INFO] [Timer_callback1]: [PID: 2197898] [End] [s: 72] [us: 692362]
[INFO] [Regular_callback11]: [PID: 2197909] [kernelGPU] [s: 0] [us: 37]
[INFO] [Regular_callback11]: [PID: 2197909] [cudaStreamSynchronize] [s: 0] [us: 36006]
[INFO] [Timer_callback1]: [PID: 2197898] [Bgn] [s: 73] [us: 191263]
[INFO] [Timer_callback1]: [PID: 2197898] [End] [s: 73] [us: 292389]
[INFO] [Timer_callback1]: [PID: 2197898] [Bgn] [s: 73] [us: 791267]
[INFO] [Timer_callback1]: [PID: 2197898] [End] [s: 73] [us: 892404]
[INFO] [Regular_callback11]: [PID: 2197909] [kernelGPU] [s: 0] [us: 32]
[INFO] [Timer_callback1]: [PID: 2197898] [Bgn] [s: 74] [us: 391261]
[INFO] [Timer_callback1]: [PID: 2197898] [End] [s: 74] [us: 492389]
[INFO] [Regular_callback11]: [PID: 2197909] [cudaStreamSynchronize] [s: 0] [us: 35969]
[INFO] [Timer_callback1]: [PID: 2197909] [Bgn] [s: 74] [us: 991275]
[INFO] [Timer_callback1]: [PID: 2197909] [End] [s: 75] [us: 92408]
[INFO] [Timer_callback1]: [PID: 2197909] [Bgn] [s: 75] [us: 591271]
[INFO] [Timer_callback1]: [PID: 2197909] [End] [s: 75] [us: 692411]
[INFO] [Regular_callback11]: [PID: 2197898] [kernelGPU] [s: 0] [us: 32]
[INFO] [Regular_callback11]: [PID: 2197898] [cudaStreamSynchronize] [s: 0] [us: 36046]
[INFO] [Timer_callback1]: [PID: 2197898] [Bgn] [s: 76] [us: 191266]
[INFO] [Timer_callback1]: [PID: 2197898] [End] [s: 76] [us: 292394]
[INFO] [Timer_callback1]: [PID: 2197898] [Bgn] [s: 76] [us: 791261]
[INFO] [Timer_callback1]: [PID: 2197898] [End] [s: 76] [us: 892349]
[INFO] [Regular_callback11]: [PID: 2197909] [kernelGPU] [s: 0] [us: 43]
[INFO] [Regular_callback11]: [PID: 2197909] [cudaStreamSynchronize] [s: 0] [us: 36073]
[INFO] [Timer_callback1]: [PID: 2197909] [Bgn] [s: 77] [us: 391245]
[INFO] [Timer_callback1]: [PID: 2197909] [End] [s: 77] [us: 491683]
[INFO] [Timer_callback1]: [PID: 2197909] [Bgn] [s: 77] [us: 991439]
[INFO] [Timer_callback1]: [PID: 2197909] [End] [s: 78] [us: 92575]
[INFO] [Regular_callback11]: [PID: 2197898] [kernelGPU] [s: 0] [us: 30]
[INFO] [Regular_callback11]: [PID: 2197898] [cudaStreamSynchronize] [s: 0] [us: 35969]
[INFO] [Timer_callback1]: [PID: 2197909] [Bgn] [s: 78] [us: 591274]
[INFO] [Timer_callback1]: [PID: 2197909] [End] [s: 78] [us: 692395]
[INFO] [Timer_callback1]: [PID: 2197909] [Bgn] [s: 79] [us: 191269]
[INFO] [Timer_callback1]: [PID: 2197909] [End] [s: 79] [us: 292406]
[INFO] [Regular_callback11]: [PID: 2197898] [kernelGPU] [s: 0] [us: 29]
[INFO] [Timer_callback1]: [PID: 2197909] [Bgn] [s: 79] [us: 791277]
[INFO] [Timer_callback1]: [PID: 2197909] [End] [s: 79] [us: 892410]
[INFO] [Regular_callback11]: [PID: 2197898] [cudaStreamSynchronize] [s: 0] [us: 36037]
[INFO] [Timer_callback1]: [PID: 2197898] [Bgn] [s: 80] [us: 391266]
[INFO] [Timer_callback1]: [PID: 2197898] [End] [s: 80] [us: 492409]
[INFO] [Timer_callback1]: [PID: 2197898] [Bgn] [s: 80] [us: 991266]
[INFO] [Timer_callback1]: [PID: 2197898] [End] [s: 81] [us: 92402]
[INFO] [Regular_callback11]: [PID: 2197909] [kernelGPU] [s: 0] [us: 31]
[INFO] [Regular_callback11]: [PID: 2197909] [cudaStreamSynchronize] [s: 0] [us: 36005]
[INFO] [Timer_callback1]: [PID: 2197909] [Bgn] [s: 81] [us: 591179]
[INFO] [Timer_callback1]: [PID: 2197909] [End] [s: 81] [us: 691617]
[INFO] [Timer_callback1]: [PID: 2197909] [Bgn] [s: 82] [us: 191372]
[INFO] [Timer_callback1]: [PID: 2197909] [End] [s: 82] [us: 292522]
[INFO] [Regular_callback11]: [PID: 2197898] [kernelGPU] [s: 0] [us: 38]
[INFO] [Regular_callback11]: [PID: 2197898] [cudaStreamSynchronize] [s: 0] [us: 36006]
[INFO] [Timer_callback1]: [PID: 2197909] [Bgn] [s: 82] [us: 791269]
[INFO] [Timer_callback1]: [PID: 2197909] [End] [s: 82] [us: 892405]
[INFO] [Timer_callback1]: [PID: 2197909] [Bgn] [s: 83] [us: 391268]
[INFO] [Timer_callback1]: [PID: 2197909] [End] [s: 83] [us: 492405]
[INFO] [Regular_callback11]: [PID: 2197898] [kernelGPU] [s: 0] [us: 31]
[INFO] [Timer_callback1]: [PID: 2197909] [Bgn] [s: 83] [us: 991269]
[INFO] [Timer_callback1]: [PID: 2197909] [End] [s: 84] [us: 92392]
[INFO] [Regular_callback11]: [PID: 2197898] [cudaStreamSynchronize] [s: 0] [us: 36061]
[INFO] [Timer_callback1]: [PID: 2197898] [Bgn] [s: 84] [us: 591241]
[INFO] [Timer_callback1]: [PID: 2197898] [End] [s: 84] [us: 692386]
[INFO] [Timer_callback1]: [PID: 2197898] [Bgn] [s: 85] [us: 191264]
[INFO] [Timer_callback1]: [PID: 2197898] [End] [s: 85] [us: 292397]
[INFO] [Regular_callback11]: [PID: 2197909] [kernelGPU] [s: 0] [us: 33]
[INFO] [Regular_callback11]: [PID: 2197909] [cudaStreamSynchronize] [s: 0] [us: 36042]
[INFO] [Timer_callback1]: [PID: 2197909] [Bgn] [s: 85] [us: 791272]
[INFO] [Timer_callback1]: [PID: 2197909] [End] [s: 85] [us: 891919]
[INFO] [Timer_callback1]: [PID: 2197909] [Bgn] [s: 86] [us: 391267]
[INFO] [Timer_callback1]: [PID: 2197909] [End] [s: 86] [us: 492395]
[INFO] [Regular_callback11]: [PID: 2197898] [kernelGPU] [s: 0] [us: 30]
[INFO] [Regular_callback11]: [PID: 2197898] [cudaStreamSynchronize] [s: 0] [us: 36042]
[INFO] [Timer_callback1]: [PID: 2197909] [Bgn] [s: 86] [us: 991261]
[INFO] [Timer_callback1]: [PID: 2197909] [End] [s: 87] [us: 92384]
[INFO] [Timer_callback1]: [PID: 2197909] [Bgn] [s: 87] [us: 591268]
[INFO] [Timer_callback1]: [PID: 2197909] [End] [s: 87] [us: 692401]
[INFO] [Regular_callback11]: [PID: 2197898] [kernelGPU] [s: 0] [us: 45]
[INFO] [Timer_callback1]: [PID: 2197909] [Bgn] [s: 88] [us: 191263]
[INFO] [Timer_callback1]: [PID: 2197909] [End] [s: 88] [us: 292392]
[INFO] [Regular_callback11]: [PID: 2197898] [cudaStreamSynchronize] [s: 0] [us: 36030]
[INFO] [Timer_callback1]: [PID: 2197898] [Bgn] [s: 88] [us: 791268]
[INFO] [Timer_callback1]: [PID: 2197898] [End] [s: 88] [us: 892406]
[INFO] [Timer_callback1]: [PID: 2197898] [Bgn] [s: 89] [us: 391268]
[INFO] [Timer_callback1]: [PID: 2197898] [End] [s: 89] [us: 492404]
[INFO] [Regular_callback11]: [PID: 2197909] [kernelGPU] [s: 0] [us: 30]
[INFO] [Regular_callback11]: [PID: 2197909] [cudaStreamSynchronize] [s: 0] [us: 36016]
[INFO] [Timer_callback1]: [PID: 2197909] [Bgn] [s: 89] [us: 991275]
[INFO] [Timer_callback1]: [PID: 2197909] [End] [s: 90] [us: 92409]
[INFO] [Timer_callback1]: [PID: 2197909] [Bgn] [s: 90] [us: 591251]
[INFO] [Timer_callback1]: [PID: 2197909] [End] [s: 90] [us: 692337]
[INFO] [Regular_callback11]: [PID: 2197898] [kernelGPU] [s: 0] [us: 34]
[INFO] [Regular_callback11]: [PID: 2197898] [cudaStreamSynchronize] [s: 0] [us: 35970]
[INFO] [Timer_callback1]: [PID: 2197898] [Bgn] [s: 91] [us: 191168]
[INFO] [Timer_callback1]: [PID: 2197898] [End] [s: 91] [us: 291564]
[INFO] [Timer_callback1]: [PID: 2197898] [Bgn] [s: 91] [us: 791257]
[INFO] [Timer_callback1]: [PID: 2197898] [End] [s: 91] [us: 892352]
[INFO] [Regular_callback11]: [PID: 2197909] [kernelGPU] [s: 0] [us: 37]
[INFO] [Regular_callback11]: [PID: 2197909] [cudaStreamSynchronize] [s: 0] [us: 36052]
