[Hello RoboSpike] [Thread 2201015] Use ExecutorNodelet
[Hello RoboSpike] [Thread 2201026] Use ExecutorNodelet
[Blocking] [PID: 2201015] [s: 0] [us: 592916]
[INFO] [Timer_callback1]: [PID: 2201026] [Bgn] [s: 0] [us: 593375]
[INFO] [Timer_callback1]: [PID: 2201026] [End] [s: 0] [us: 694562]
[INFO] [Regular_callback11]: [PID: 2201015] [kernelCPU] [s: 0] [us: 14621]
[Blocking] [PID: 2201015] [s: 0] [us: 482945]
[INFO] [Timer_callback1]: [PID: 2201026] [Bgn] [s: 1] [us: 193192]
[INFO] [Timer_callback1]: [PID: 2201026] [End] [s: 1] [us: 294314]
[INFO] [Regular_callback11]: [PID: 2201015] [kernelCPU] [s: 0] [us: 15082]
[Blocking] [PID: 2201015] [s: 0] [us: 482922]
[INFO] [Timer_callback1]: [PID: 2201026] [Bgn] [s: 1] [us: 793116]
[INFO] [Timer_callback1]: [PID: 2201026] [End] [s: 1] [us: 894223]
[INFO] [Regular_callback11]: [PID: 2201015] [kernelCPU] [s: 0] [us: 16613]
[Blocking] [PID: 2201015] [s: 0] [us: 481576]
[INFO] [Timer_callback1]: [PID: 2201026] [Bgn] [s: 2] [us: 393121]
[INFO] [Timer_callback1]: [PID: 2201026] [End] [s: 2] [us: 494231]
[INFO] [Regular_callback11]: [PID: 2201015] [kernelCPU] [s: 0] [us: 20622]
[Blocking] [PID: 2201015] [s: 0] [us: 477573]
[INFO] [Timer_callback1]: [PID: 2201026] [Bgn] [s: 2] [us: 993107]
[INFO] [Timer_callback1]: [PID: 2201026] [End] [s: 3] [us: 94233]
[INFO] [Regular_callback11]: [PID: 2201015] [kernelCPU] [s: 0] [us: 16118]
[Blocking] [PID: 2201015] [s: 0] [us: 482030]
[INFO] [Timer_callback1]: [PID: 2201026] [Bgn] [s: 3] [us: 593106]
[INFO] [Timer_callback1]: [PID: 2201026] [End] [s: 3] [us: 694200]
[INFO] [Regular_callback11]: [PID: 2201015] [kernelCPU] [s: 0] [us: 15605]
[Blocking] [PID: 2201015] [s: 0] [us: 482529]
[INFO] [Timer_callback1]: [PID: 2201026] [Bgn] [s: 4] [us: 193128]
[INFO] [Timer_callback1]: [PID: 2201026] [End] [s: 4] [us: 294274]
[INFO] [Regular_callback11]: [PID: 2201015] [kernelCPU] [s: 0] [us: 16020]
[Blocking] [PID: 2201015] [s: 0] [us: 482091]
[INFO] [Timer_callback1]: [PID: 2201026] [Bgn] [s: 4] [us: 793110]
[INFO] [Timer_callback1]: [PID: 2201026] [End] [s: 4] [us: 894226]
[INFO] [Regular_callback11]: [PID: 2201015] [kernelCPU] [s: 0] [us: 15522]
[Blocking] [PID: 2201015] [s: 0] [us: 482643]
[INFO] [Timer_callback1]: [PID: 2201026] [Bgn] [s: 5] [us: 393156]
[INFO] [Timer_callback1]: [PID: 2201026] [End] [s: 5] [us: 494278]
[INFO] [Regular_callback11]: [PID: 2201015] [kernelCPU] [s: 0] [us: 15476]
[Blocking] [PID: 2201015] [s: 0] [us: 482725]
[INFO] [Timer_callback1]: [PID: 2201026] [Bgn] [s: 5] [us: 993185]
[INFO] [Timer_callback1]: [PID: 2201026] [End] [s: 6] [us: 94317]
[INFO] [Regular_callback11]: [PID: 2201015] [kernelCPU] [s: 0] [us: 15409]
[Blocking] [PID: 2201015] [s: 0] [us: 482660]
[INFO] [Timer_callback1]: [PID: 2201026] [Bgn] [s: 6] [us: 593155]
[INFO] [Timer_callback1]: [PID: 2201026] [End] [s: 6] [us: 694287]
[INFO] [Regular_callback11]: [PID: 2201015] [kernelCPU] [s: 0] [us: 16146]
[Blocking] [PID: 2201015] [s: 0] [us: 481959]
[INFO] [Timer_callback1]: [PID: 2201026] [Bgn] [s: 7] [us: 193158]
[INFO] [Timer_callback1]: [PID: 2201026] [End] [s: 7] [us: 294295]
[INFO] [Regular_callback11]: [PID: 2201026] [kernelCPU] [s: 0] [us: 16004]
[Blocking] [PID: 2201026] [s: 0] [us: 481883]
[INFO] [Timer_callback1]: [PID: 2201015] [Bgn] [s: 7] [us: 793091]
[INFO] [Timer_callback1]: [PID: 2201015] [End] [s: 7] [us: 893551]
[INFO] [Regular_callback11]: [PID: 2201026] [kernelCPU] [s: 0] [us: 13881]
[Blocking] [PID: 2201026] [s: 0] [us: 484753]
[INFO] [Timer_callback1]: [PID: 2201015] [Bgn] [s: 8] [us: 393092]
[INFO] [Timer_callback1]: [PID: 2201015] [End] [s: 8] [us: 493545]
[INFO] [Regular_callback11]: [PID: 2201026] [kernelCPU] [s: 0] [us: 17830]
[Blocking] [PID: 2201026] [s: 0] [us: 480734]
[INFO] [Timer_callback1]: [PID: 2201015] [Bgn] [s: 8] [us: 993094]
[INFO] [Timer_callback1]: [PID: 2201015] [End] [s: 9] [us: 93557]
[INFO] [Regular_callback11]: [PID: 2201026] [kernelCPU] [s: 0] [us: 12628]
[Blocking] [PID: 2201026] [s: 0] [us: 486126]
[INFO] [Timer_callback1]: [PID: 2201015] [Bgn] [s: 9] [us: 593087]
[INFO] [Timer_callback1]: [PID: 2201015] [End] [s: 9] [us: 693543]
[INFO] [Regular_callback11]: [PID: 2201015] [kernelCPU] [s: 0] [us: 12193]
[Blocking] [PID: 2201015] [s: 0] [us: 486699]
[INFO] [Timer_callback1]: [PID: 2201026] [Bgn] [s: 10] [us: 193116]
[INFO] [Timer_callback1]: [PID: 2201026] [End] [s: 10] [us: 293515]
[INFO] [Regular_callback11]: [PID: 2201015] [kernelCPU] [s: 0] [us: 15271]
[Blocking] [PID: 2201015] [s: 0] [us: 483559]
[INFO] [Timer_callback1]: [PID: 2201026] [Bgn] [s: 10] [us: 793192]
[INFO] [Timer_callback1]: [PID: 2201026] [End] [s: 10] [us: 894311]
[INFO] [Regular_callback11]: [PID: 2201015] [kernelCPU] [s: 0] [us: 16069]
[Blocking] [PID: 2201015] [s: 0] [us: 481783]
[INFO] [Timer_callback1]: [PID: 2201026] [Bgn] [s: 11] [us: 393141]
[INFO] [Timer_callback1]: [PID: 2201026] [End] [s: 11] [us: 494257]
[INFO] [Regular_callback11]: [PID: 2201015] [kernelCPU] [s: 0] [us: 15473]
[Blocking] [PID: 2201015] [s: 0] [us: 482549]
[INFO] [Timer_callback1]: [PID: 2201026] [Bgn] [s: 11] [us: 993162]
[INFO] [Timer_callback1]: [PID: 2201026] [End] [s: 12] [us: 94333]
[INFO] [Regular_callback11]: [PID: 2201026] [kernelCPU] [s: 0] [us: 14899]
[Blocking] [PID: 2201026] [s: 0] [us: 482983]
[INFO] [Timer_callback1]: [PID: 2201015] [Bgn] [s: 12] [us: 593133]
[INFO] [Timer_callback1]: [PID: 2201015] [End] [s: 12] [us: 694085]
[INFO] [Regular_callback11]: [PID: 2201026] [kernelCPU] [s: 0] [us: 15344]
[Blocking] [PID: 2201026] [s: 0] [us: 482938]
[INFO] [Timer_callback1]: [PID: 2201015] [Bgn] [s: 13] [us: 193130]
[INFO] [Timer_callback1]: [PID: 2201015] [End] [s: 13] [us: 294134]
[INFO] [Regular_callback11]: [PID: 2201026] [kernelCPU] [s: 0] [us: 15327]
[Blocking] [PID: 2201026] [s: 0] [us: 482930]
[INFO] [Timer_callback1]: [PID: 2201015] [Bgn] [s: 13] [us: 793136]
[INFO] [Timer_callback1]: [PID: 2201015] [End] [s: 13] [us: 894075]
[INFO] [Regular_callback11]: [PID: 2201026] [kernelCPU] [s: 0] [us: 15244]
[Blocking] [PID: 2201026] [s: 0] [us: 482887]
[INFO] [Timer_callback1]: [PID: 2201015] [Bgn] [s: 14] [us: 393133]
[INFO] [Timer_callback1]: [PID: 2201015] [End] [s: 14] [us: 494163]
[INFO] [Regular_callback11]: [PID: 2201026] [kernelCPU] [s: 0] [us: 17081]
[Blocking] [PID: 2201026] [s: 0] [us: 480922]
[INFO] [Timer_callback1]: [PID: 2201015] [Bgn] [s: 14] [us: 993120]
[INFO] [Timer_callback1]: [PID: 2201015] [End] [s: 15] [us: 94236]
[INFO] [Regular_callback11]: [PID: 2201026] [kernelCPU] [s: 0] [us: 14844]
[Blocking] [PID: 2201026] [s: 0] [us: 483272]
[INFO] [Timer_callback1]: [PID: 2201015] [Bgn] [s: 15] [us: 593135]
[INFO] [Timer_callback1]: [PID: 2201015] [End] [s: 15] [us: 694254]
[INFO] [Regular_callback11]: [PID: 2201026] [kernelCPU] [s: 0] [us: 15050]
[Blocking] [PID: 2201026] [s: 0] [us: 482965]
[INFO] [Timer_callback1]: [PID: 2201015] [Bgn] [s: 16] [us: 193131]
[INFO] [Timer_callback1]: [PID: 2201015] [End] [s: 16] [us: 294154]
[INFO] [Regular_callback11]: [PID: 2201026] [kernelCPU] [s: 0] [us: 14677]
[Blocking] [PID: 2201026] [s: 0] [us: 483440]
[INFO] [Timer_callback1]: [PID: 2201015] [Bgn] [s: 16] [us: 793131]
[INFO] [Timer_callback1]: [PID: 2201015] [End] [s: 16] [us: 894154]
[INFO] [Regular_callback11]: [PID: 2201015] [kernelCPU] [s: 0] [us: 15543]
[Blocking] [PID: 2201015] [s: 0] [us: 482670]
[INFO] [Timer_callback1]: [PID: 2201026] [Bgn] [s: 17] [us: 393138]
[INFO] [Timer_callback1]: [PID: 2201026] [End] [s: 17] [us: 494276]
[INFO] [Regular_callback11]: [PID: 2201026] [kernelCPU] [s: 0] [us: 14738]
[Blocking] [PID: 2201026] [s: 0] [us: 483164]
[INFO] [Timer_callback1]: [PID: 2201015] [Bgn] [s: 17] [us: 993134]
[INFO] [Timer_callback1]: [PID: 2201015] [End] [s: 18] [us: 94085]
[INFO] [Regular_callback11]: [PID: 2201026] [kernelCPU] [s: 0] [us: 15035]
[Blocking] [PID: 2201026] [s: 0] [us: 483104]
[INFO] [Timer_callback1]: [PID: 2201015] [Bgn] [s: 18] [us: 593132]
[INFO] [Timer_callback1]: [PID: 2201015] [End] [s: 18] [us: 694132]
[INFO] [Regular_callback11]: [PID: 2201026] [kernelCPU] [s: 0] [us: 12543]
[Blocking] [PID: 2201026] [s: 0] [us: 485851]
[INFO] [Timer_callback1]: [PID: 2201015] [Bgn] [s: 19] [us: 193130]
[INFO] [Timer_callback1]: [PID: 2201015] [End] [s: 19] [us: 294134]
[INFO] [Regular_callback11]: [PID: 2201026] [kernelCPU] [s: 0] [us: 16281]
[Blocking] [PID: 2201026] [s: 0] [us: 481937]
[INFO] [Timer_callback1]: [PID: 2201015] [Bgn] [s: 19] [us: 793140]
[INFO] [Timer_callback1]: [PID: 2201015] [End] [s: 19] [us: 894219]
[INFO] [Regular_callback11]: [PID: 2201026] [kernelCPU] [s: 0] [us: 20925]
[Blocking] [PID: 2201026] [s: 0] [us: 477113]
[INFO] [Timer_callback1]: [PID: 2201015] [Bgn] [s: 20] [us: 393132]
[INFO] [Timer_callback1]: [PID: 2201015] [End] [s: 20] [us: 494120]
[INFO] [Regular_callback11]: [PID: 2201026] [kernelCPU] [s: 0] [us: 21727]
[Blocking] [PID: 2201026] [s: 0] [us: 476452]
[INFO] [Timer_callback1]: [PID: 2201015] [Bgn] [s: 20] [us: 993109]
[INFO] [Timer_callback1]: [PID: 2201015] [End] [s: 21] [us: 94230]
[INFO] [Regular_callback11]: [PID: 2201026] [kernelCPU] [s: 0] [us: 16132]
[Blocking] [PID: 2201026] [s: 0] [us: 481904]
[INFO] [Timer_callback1]: [PID: 2201015] [Bgn] [s: 21] [us: 593135]
[INFO] [Timer_callback1]: [PID: 2201015] [End] [s: 21] [us: 694269]
[INFO] [Regular_callback11]: [PID: 2201026] [kernelCPU] [s: 0] [us: 16115]
[Blocking] [PID: 2201026] [s: 0] [us: 481839]
[INFO] [Timer_callback1]: [PID: 2201015] [Bgn] [s: 22] [us: 193147]
[INFO] [Timer_callback1]: [PID: 2201015] [End] [s: 22] [us: 294265]
[INFO] [Regular_callback11]: [PID: 2201026] [kernelCPU] [s: 0] [us: 16071]
[Blocking] [PID: 2201026] [s: 0] [us: 481928]
[INFO] [Timer_callback1]: [PID: 2201015] [Bgn] [s: 22] [us: 793144]
[INFO] [Timer_callback1]: [PID: 2201015] [End] [s: 22] [us: 894309]
[INFO] [Regular_callback11]: [PID: 2201026] [kernelCPU] [s: 0] [us: 22193]
[Blocking] [PID: 2201026] [s: 0] [us: 475667]
[INFO] [Timer_callback1]: [PID: 2201015] [Bgn] [s: 23] [us: 393093]
[INFO] [Timer_callback1]: [PID: 2201015] [End] [s: 23] [us: 493968]
[INFO] [Regular_callback11]: [PID: 2201026] [kernelCPU] [s: 0] [us: 16380]
[Blocking] [PID: 2201026] [s: 0] [us: 482001]
[INFO] [Timer_callback1]: [PID: 2201015] [Bgn] [s: 23] [us: 993140]
[INFO] [Timer_callback1]: [PID: 2201015] [End] [s: 24] [us: 94069]
[INFO] [Regular_callback11]: [PID: 2201026] [kernelCPU] [s: 0] [us: 12032]
[Blocking] [PID: 2201026] [s: 0] [us: 486027]
[INFO] [Timer_callback1]: [PID: 2201015] [Bgn] [s: 24] [us: 593073]
[INFO] [Timer_callback1]: [PID: 2201015] [End] [s: 24] [us: 693501]
[INFO] [Regular_callback11]: [PID: 2201026] [kernelCPU] [s: 0] [us: 8996]
[Blocking] [PID: 2201026] [s: 0] [us: 489762]
[INFO] [Timer_callback1]: [PID: 2201015] [Bgn] [s: 25] [us: 193139]
[INFO] [Timer_callback1]: [PID: 2201015] [End] [s: 25] [us: 294267]
[INFO] [Regular_callback11]: [PID: 2201015] [kernelCPU] [s: 0] [us: 15471]
[Blocking] [PID: 2201015] [s: 0] [us: 482601]
[INFO] [Timer_callback1]: [PID: 2201026] [Bgn] [s: 25] [us: 793197]
[INFO] [Timer_callback1]: [PID: 2201026] [End] [s: 25] [us: 894336]
[INFO] [Regular_callback11]: [PID: 2201026] [kernelCPU] [s: 0] [us: 15954]
[Blocking] [PID: 2201026] [s: 0] [us: 481820]
[INFO] [Timer_callback1]: [PID: 2201015] [Bgn] [s: 26] [us: 393137]
[INFO] [Timer_callback1]: [PID: 2201015] [End] [s: 26] [us: 494103]
[INFO] [Regular_callback11]: [PID: 2201015] [kernelCPU] [s: 0] [us: 15681]
[Blocking] [PID: 2201015] [s: 0] [us: 482368]
[INFO] [Timer_callback1]: [PID: 2201026] [Bgn] [s: 26] [us: 993083]
[INFO] [Timer_callback1]: [PID: 2201026] [End] [s: 27] [us: 93529]
[INFO] [Regular_callback11]: [PID: 2201015] [kernelCPU] [s: 0] [us: 8987]
[Blocking] [PID: 2201015] [s: 0] [us: 490049]
[INFO] [Timer_callback1]: [PID: 2201026] [Bgn] [s: 27] [us: 593138]
[INFO] [Timer_callback1]: [PID: 2201026] [End] [s: 27] [us: 694274]
[INFO] [Regular_callback11]: [PID: 2201015] [kernelCPU] [s: 0] [us: 15916]
[Blocking] [PID: 2201015] [s: 0] [us: 482197]
[INFO] [Timer_callback1]: [PID: 2201026] [Bgn] [s: 28] [us: 193170]
[INFO] [Timer_callback1]: [PID: 2201026] [End] [s: 28] [us: 294310]
[INFO] [Regular_callback11]: [PID: 2201026] [kernelCPU] [s: 0] [us: 15834]
[Blocking] [PID: 2201026] [s: 0] [us: 482087]
[INFO] [Timer_callback1]: [PID: 2201015] [Bgn] [s: 28] [us: 793137]
[INFO] [Timer_callback1]: [PID: 2201015] [End] [s: 28] [us: 894158]
[INFO] [Regular_callback11]: [PID: 2201026] [kernelCPU] [s: 0] [us: 15805]
[Blocking] [PID: 2201026] [s: 0] [us: 482493]
[INFO] [Timer_callback1]: [PID: 2201015] [Bgn] [s: 29] [us: 393133]
[INFO] [Timer_callback1]: [PID: 2201015] [End] [s: 29] [us: 494138]
[INFO] [Regular_callback11]: [PID: 2201026] [kernelCPU] [s: 0] [us: 16018]
[Blocking] [PID: 2201026] [s: 0] [us: 482296]
[INFO] [Timer_callback1]: [PID: 2201015] [Bgn] [s: 29] [us: 993136]
[INFO] [Timer_callback1]: [PID: 2201015] [End] [s: 30] [us: 94135]
[INFO] [Regular_callback11]: [PID: 2201026] [kernelCPU] [s: 0] [us: 16255]
[Blocking] [PID: 2201026] [s: 0] [us: 482044]
[INFO] [Timer_callback1]: [PID: 2201015] [Bgn] [s: 30] [us: 593127]
[INFO] [Timer_callback1]: [PID: 2201015] [End] [s: 30] [us: 694053]
[INFO] [Regular_callback11]: [PID: 2201026] [kernelCPU] [s: 0] [us: 17216]
[Blocking] [PID: 2201026] [s: 0] [us: 481218]
[INFO] [Timer_callback1]: [PID: 2201015] [Bgn] [s: 31] [us: 193134]
[INFO] [Timer_callback1]: [PID: 2201015] [End] [s: 31] [us: 294240]
[INFO] [Regular_callback11]: [PID: 2201026] [kernelCPU] [s: 0] [us: 15564]
[Blocking] [PID: 2201026] [s: 0] [us: 482508]
[INFO] [Timer_callback1]: [PID: 2201015] [Bgn] [s: 31] [us: 793133]
[INFO] [Timer_callback1]: [PID: 2201015] [End] [s: 31] [us: 894073]
[INFO] [Regular_callback11]: [PID: 2201026] [kernelCPU] [s: 0] [us: 16232]
[Blocking] [PID: 2201026] [s: 0] [us: 481992]
[INFO] [Timer_callback1]: [PID: 2201015] [Bgn] [s: 32] [us: 393131]
[INFO] [Timer_callback1]: [PID: 2201015] [End] [s: 32] [us: 494172]
[INFO] [Regular_callback11]: [PID: 2201026] [kernelCPU] [s: 0] [us: 16282]
[Blocking] [PID: 2201026] [s: 0] [us: 481978]
[INFO] [Timer_callback1]: [PID: 2201015] [Bgn] [s: 32] [us: 993134]
[INFO] [Timer_callback1]: [PID: 2201015] [End] [s: 33] [us: 94154]
[INFO] [Regular_callback11]: [PID: 2201026] [kernelCPU] [s: 0] [us: 15658]
[Blocking] [PID: 2201026] [s: 0] [us: 482558]
[INFO] [Timer_callback1]: [PID: 2201015] [Bgn] [s: 33] [us: 593133]
[INFO] [Timer_callback1]: [PID: 2201015] [End] [s: 33] [us: 694240]
[INFO] [Regular_callback11]: [PID: 2201026] [kernelCPU] [s: 0] [us: 17568]
[Blocking] [PID: 2201026] [s: 0] [us: 480635]
[INFO] [Timer_callback1]: [PID: 2201015] [Bgn] [s: 34] [us: 193131]
[INFO] [Timer_callback1]: [PID: 2201015] [End] [s: 34] [us: 294152]
[INFO] [Regular_callback11]: [PID: 2201026] [kernelCPU] [s: 0] [us: 15477]
[Blocking] [PID: 2201026] [s: 0] [us: 482747]
[INFO] [Timer_callback1]: [PID: 2201015] [Bgn] [s: 34] [us: 793132]
[INFO] [Timer_callback1]: [PID: 2201015] [End] [s: 34] [us: 894148]
[INFO] [Regular_callback11]: [PID: 2201026] [kernelCPU] [s: 0] [us: 15635]
[Blocking] [PID: 2201026] [s: 0] [us: 482502]
[INFO] [Timer_callback1]: [PID: 2201015] [Bgn] [s: 35] [us: 393132]
[INFO] [Timer_callback1]: [PID: 2201015] [End] [s: 35] [us: 494119]
[INFO] [Regular_callback11]: [PID: 2201026] [kernelCPU] [s: 0] [us: 15580]
[Blocking] [PID: 2201026] [s: 0] [us: 482696]
[INFO] [Timer_callback1]: [PID: 2201015] [Bgn] [s: 35] [us: 993144]
[INFO] [Timer_callback1]: [PID: 2201015] [End] [s: 36] [us: 94162]
[INFO] [Regular_callback11]: [PID: 2201026] [kernelCPU] [s: 0] [us: 16190]
[Blocking] [PID: 2201026] [s: 0] [us: 482088]
[INFO] [Timer_callback1]: [PID: 2201015] [Bgn] [s: 36] [us: 593129]
[INFO] [Timer_callback1]: [PID: 2201015] [End] [s: 36] [us: 694155]
[INFO] [Regular_callback11]: [PID: 2201015] [kernelCPU] [s: 0] [us: 15538]
[Blocking] [PID: 2201015] [s: 0] [us: 482641]
[INFO] [Timer_callback1]: [PID: 2201026] [Bgn] [s: 37] [us: 193133]
[INFO] [Timer_callback1]: [PID: 2201026] [End] [s: 37] [us: 294074]
[INFO] [Regular_callback11]: [PID: 2201015] [kernelCPU] [s: 0] [us: 17369]
[Blocking] [PID: 2201015] [s: 0] [us: 480969]
[INFO] [Timer_callback1]: [PID: 2201026] [Bgn] [s: 37] [us: 793091]
[INFO] [Timer_callback1]: [PID: 2201026] [End] [s: 37] [us: 894018]
[INFO] [Regular_callback11]: [PID: 2201015] [kernelCPU] [s: 0] [us: 15551]
[Blocking] [PID: 2201015] [s: 0] [us: 482849]
[INFO] [Timer_callback1]: [PID: 2201026] [Bgn] [s: 38] [us: 393149]
[INFO] [Timer_callback1]: [PID: 2201026] [End] [s: 38] [us: 494215]
[INFO] [Regular_callback11]: [PID: 2201015] [kernelCPU] [s: 0] [us: 15706]
[Blocking] [PID: 2201015] [s: 0] [us: 482455]
[INFO] [Timer_callback1]: [PID: 2201026] [Bgn] [s: 38] [us: 993130]
[INFO] [Timer_callback1]: [PID: 2201026] [End] [s: 39] [us: 94154]
[INFO] [Regular_callback11]: [PID: 2201015] [kernelCPU] [s: 0] [us: 16119]
[Blocking] [PID: 2201015] [s: 0] [us: 482096]
[INFO] [Timer_callback1]: [PID: 2201026] [Bgn] [s: 39] [us: 593132]
[INFO] [Timer_callback1]: [PID: 2201026] [End] [s: 39] [us: 694137]
[INFO] [Regular_callback11]: [PID: 2201015] [kernelCPU] [s: 0] [us: 13786]
[Blocking] [PID: 2201015] [s: 0] [us: 484355]
[INFO] [Timer_callback1]: [PID: 2201026] [Bgn] [s: 40] [us: 193133]
[INFO] [Timer_callback1]: [PID: 2201026] [End] [s: 40] [us: 294155]
[INFO] [Regular_callback11]: [PID: 2201015] [kernelCPU] [s: 0] [us: 15965]
[Blocking] [PID: 2201015] [s: 0] [us: 482225]
[INFO] [Timer_callback1]: [PID: 2201026] [Bgn] [s: 40] [us: 793132]
[INFO] [Timer_callback1]: [PID: 2201026] [End] [s: 40] [us: 894129]
[INFO] [Regular_callback11]: [PID: 2201026] [kernelCPU] [s: 0] [us: 15533]
[Blocking] [PID: 2201026] [s: 0] [us: 482615]
[INFO] [Timer_callback1]: [PID: 2201015] [Bgn] [s: 41] [us: 393131]
[INFO] [Timer_callback1]: [PID: 2201015] [End] [s: 41] [us: 494082]
[INFO] [Regular_callback11]: [PID: 2201015] [kernelCPU] [s: 0] [us: 15200]
[Blocking] [PID: 2201026] [s: 0] [us: 482845]
[INFO] [Timer_callback1]: [PID: 2201015] [Bgn] [s: 41] [us: 993077]
[INFO] [Timer_callback1]: [PID: 2201015] [End] [s: 42] [us: 93712]
[INFO] [Regular_callback11]: [PID: 2201015] [kernelCPU] [s: 0] [us: 13504]
[Blocking] [PID: 2201015] [s: 0] [us: 485186]
[INFO] [Timer_callback1]: [PID: 2201026] [Bgn] [s: 42] [us: 593145]
[INFO] [Timer_callback1]: [PID: 2201026] [End] [s: 42] [us: 694274]
[INFO] [Regular_callback11]: [PID: 2201026] [kernelCPU] [s: 0] [us: 15442]
[Blocking] [PID: 2201026] [s: 0] [us: 482566]
[INFO] [Timer_callback1]: [PID: 2201015] [Bgn] [s: 43] [us: 193100]
[INFO] [Timer_callback1]: [PID: 2201015] [End] [s: 43] [us: 294095]
[INFO] [Regular_callback11]: [PID: 2201026] [kernelCPU] [s: 0] [us: 15761]
[Blocking] [PID: 2201015] [s: 0] [us: 482361]
[INFO] [Timer_callback1]: [PID: 2201026] [Bgn] [s: 43] [us: 793131]
[INFO] [Timer_callback1]: [PID: 2201026] [End] [s: 43] [us: 894228]
[INFO] [Regular_callback11]: [PID: 2201026] [kernelCPU] [s: 0] [us: 16459]
[Blocking] [PID: 2201026] [s: 0] [us: 481468]
[INFO] [Timer_callback1]: [PID: 2201015] [Bgn] [s: 44] [us: 393158]
[INFO] [Timer_callback1]: [PID: 2201015] [End] [s: 44] [us: 494255]
[INFO] [Regular_callback11]: [PID: 2201015] [kernelCPU] [s: 0] [us: 15641]
[Blocking] [PID: 2201015] [s: 0] [us: 482305]
[INFO] [Timer_callback1]: [PID: 2201026] [Bgn] [s: 44] [us: 993137]
[INFO] [Timer_callback1]: [PID: 2201026] [End] [s: 45] [us: 94156]
[INFO] [Regular_callback11]: [PID: 2201026] [kernelCPU] [s: 0] [us: 15560]
[Blocking] [PID: 2201026] [s: 0] [us: 482519]
[INFO] [Timer_callback1]: [PID: 2201015] [Bgn] [s: 45] [us: 593134]
[INFO] [Timer_callback1]: [PID: 2201015] [End] [s: 45] [us: 694231]
[INFO] [Regular_callback11]: [PID: 2201015] [kernelCPU] [s: 0] [us: 16064]
[Blocking] [PID: 2201015] [s: 0] [us: 481878]
[INFO] [Timer_callback1]: [PID: 2201026] [Bgn] [s: 46] [us: 193133]
[INFO] [Timer_callback1]: [PID: 2201026] [End] [s: 46] [us: 294137]
[INFO] [Regular_callback11]: [PID: 2201015] [kernelCPU] [s: 0] [us: 16234]
[Blocking] [PID: 2201015] [s: 0] [us: 481841]
[INFO] [Timer_callback1]: [PID: 2201026] [Bgn] [s: 46] [us: 793130]
[INFO] [Timer_callback1]: [PID: 2201026] [End] [s: 46] [us: 894147]
[INFO] [Regular_callback11]: [PID: 2201026] [kernelCPU] [s: 0] [us: 16081]
[Blocking] [PID: 2201026] [s: 0] [us: 481942]
[INFO] [Timer_callback1]: [PID: 2201015] [Bgn] [s: 47] [us: 393121]
[INFO] [Timer_callback1]: [PID: 2201015] [End] [s: 47] [us: 494252]
[INFO] [Regular_callback11]: [PID: 2201026] [kernelCPU] [s: 0] [us: 15997]
[Blocking] [PID: 2201026] [s: 0] [us: 481966]
[INFO] [Timer_callback1]: [PID: 2201015] [Bgn] [s: 47] [us: 993110]
[INFO] [Timer_callback1]: [PID: 2201015] [End] [s: 48] [us: 94258]
[INFO] [Regular_callback11]: [PID: 2201026] [kernelCPU] [s: 0] [us: 16060]
[Blocking] [PID: 2201026] [s: 0] [us: 481825]
[INFO] [Timer_callback1]: [PID: 2201015] [Bgn] [s: 48] [us: 593114]
[INFO] [Timer_callback1]: [PID: 2201015] [End] [s: 48] [us: 694247]
[INFO] [Regular_callback11]: [PID: 2201015] [kernelCPU] [s: 0] [us: 16055]
[Blocking] [PID: 2201015] [s: 0] [us: 481869]
[INFO] [Timer_callback1]: [PID: 2201026] [Bgn] [s: 49] [us: 193133]
[INFO] [Timer_callback1]: [PID: 2201026] [End] [s: 49] [us: 294259]
[INFO] [Regular_callback11]: [PID: 2201015] [kernelCPU] [s: 0] [us: 8958]
[Blocking] [PID: 2201026] [s: 0] [us: 489332]
[INFO] [Timer_callback1]: [PID: 2201015] [Bgn] [s: 49] [us: 793106]
[INFO] [Timer_callback1]: [PID: 2201015] [End] [s: 49] [us: 894248]
[INFO] [Regular_callback11]: [PID: 2201015] [kernelCPU] [s: 0] [us: 15391]
[Blocking] [PID: 2201015] [s: 0] [us: 482441]
[INFO] [Timer_callback1]: [PID: 2201026] [Bgn] [s: 50] [us: 393069]
[INFO] [Timer_callback1]: [PID: 2201026] [End] [s: 50] [us: 493545]
[INFO] [Regular_callback11]: [PID: 2201026] [kernelCPU] [s: 0] [us: 15247]
[Blocking] [PID: 2201026] [s: 0] [us: 483447]
[INFO] [Timer_callback1]: [PID: 2201015] [Bgn] [s: 50] [us: 993130]
[INFO] [Timer_callback1]: [PID: 2201015] [End] [s: 51] [us: 94145]
[INFO] [Regular_callback11]: [PID: 2201026] [kernelCPU] [s: 0] [us: 15695]
[Blocking] [PID: 2201026] [s: 0] [us: 482605]
[INFO] [Timer_callback1]: [PID: 2201015] [Bgn] [s: 51] [us: 593128]
[INFO] [Timer_callback1]: [PID: 2201015] [End] [s: 51] [us: 694126]
[INFO] [Regular_callback11]: [PID: 2201026] [kernelCPU] [s: 0] [us: 15859]
[Blocking] [PID: 2201026] [s: 0] [us: 482313]
[INFO] [Timer_callback1]: [PID: 2201015] [Bgn] [s: 52] [us: 193122]
[INFO] [Timer_callback1]: [PID: 2201015] [End] [s: 52] [us: 294052]
[INFO] [Regular_callback11]: [PID: 2201015] [kernelCPU] [s: 0] [us: 15962]
[Blocking] [PID: 2201015] [s: 0] [us: 482222]
[INFO] [Timer_callback1]: [PID: 2201026] [Bgn] [s: 52] [us: 793135]
[INFO] [Timer_callback1]: [PID: 2201026] [End] [s: 52] [us: 894176]
[INFO] [Regular_callback11]: [PID: 2201015] [kernelCPU] [s: 0] [us: 17794]
[Blocking] [PID: 2201015] [s: 0] [us: 480379]
[INFO] [Timer_callback1]: [PID: 2201026] [Bgn] [s: 53] [us: 393148]
[INFO] [Timer_callback1]: [PID: 2201026] [End] [s: 53] [us: 494280]
[INFO] [Regular_callback11]: [PID: 2201026] [kernelCPU] [s: 0] [us: 16091]
[Blocking] [PID: 2201026] [s: 0] [us: 481922]
[INFO] [Timer_callback1]: [PID: 2201015] [Bgn] [s: 53] [us: 993143]
[INFO] [Timer_callback1]: [PID: 2201015] [End] [s: 54] [us: 94269]
[INFO] [Regular_callback11]: [PID: 2201015] [kernelCPU] [s: 0] [us: 15778]
[Blocking] [PID: 2201015] [s: 0] [us: 482081]
[INFO] [Timer_callback1]: [PID: 2201026] [Bgn] [s: 54] [us: 593109]
[INFO] [Timer_callback1]: [PID: 2201026] [End] [s: 54] [us: 694284]
[INFO] [Regular_callback11]: [PID: 2201015] [kernelCPU] [s: 0] [us: 15531]
[Blocking] [PID: 2201015] [s: 0] [us: 482646]
[INFO] [Timer_callback1]: [PID: 2201026] [Bgn] [s: 55] [us: 193135]
[INFO] [Timer_callback1]: [PID: 2201026] [End] [s: 55] [us: 294231]
[INFO] [Regular_callback11]: [PID: 2201015] [kernelCPU] [s: 0] [us: 15579]
[Blocking] [PID: 2201015] [s: 0] [us: 482474]
[INFO] [Timer_callback1]: [PID: 2201026] [Bgn] [s: 55] [us: 793124]
[INFO] [Timer_callback1]: [PID: 2201026] [End] [s: 55] [us: 894164]
[INFO] [Regular_callback11]: [PID: 2201015] [kernelCPU] [s: 0] [us: 18216]
[Blocking] [PID: 2201015] [s: 0] [us: 479657]
[INFO] [Timer_callback1]: [PID: 2201026] [Bgn] [s: 56] [us: 393063]
[INFO] [Timer_callback1]: [PID: 2201026] [End] [s: 56] [us: 493636]
[INFO] [Regular_callback11]: [PID: 2201015] [kernelCPU] [s: 0] [us: 16733]
[Blocking] [PID: 2201015] [s: 0] [us: 481888]
[INFO] [Timer_callback1]: [PID: 2201026] [Bgn] [s: 56] [us: 993143]
[INFO] [Timer_callback1]: [PID: 2201026] [End] [s: 57] [us: 94269]
[INFO] [Regular_callback11]: [PID: 2201026] [kernelCPU] [s: 0] [us: 15991]
[Blocking] [PID: 2201026] [s: 0] [us: 481950]
[INFO] [Timer_callback1]: [PID: 2201015] [Bgn] [s: 57] [us: 593131]
[INFO] [Timer_callback1]: [PID: 2201015] [End] [s: 57] [us: 694147]
[INFO] [Regular_callback11]: [PID: 2201026] [kernelCPU] [s: 0] [us: 16172]
[Blocking] [PID: 2201026] [s: 0] [us: 481953]
[INFO] [Timer_callback1]: [PID: 2201015] [Bgn] [s: 58] [us: 193109]
[INFO] [Timer_callback1]: [PID: 2201015] [End] [s: 58] [us: 294230]
[INFO] [Regular_callback11]: [PID: 2201026] [kernelCPU] [s: 0] [us: 16117]
[Blocking] [PID: 2201026] [s: 0] [us: 482081]
[INFO] [Timer_callback1]: [PID: 2201015] [Bgn] [s: 58] [us: 793149]
[INFO] [Timer_callback1]: [PID: 2201015] [End] [s: 58] [us: 894190]
[INFO] [Regular_callback11]: [PID: 2201015] [kernelCPU] [s: 0] [us: 17472]
[Blocking] [PID: 2201015] [s: 0] [us: 480566]
[INFO] [Timer_callback1]: [PID: 2201026] [Bgn] [s: 59] [us: 393121]
[INFO] [Timer_callback1]: [PID: 2201026] [End] [s: 59] [us: 494137]
[INFO] [Regular_callback11]: [PID: 2201026] [kernelCPU] [s: 0] [us: 15159]
[Blocking] [PID: 2201026] [s: 0] [us: 483074]
[INFO] [Timer_callback1]: [PID: 2201015] [Bgn] [s: 59] [us: 993133]
[INFO] [Timer_callback1]: [PID: 2201015] [End] [s: 60] [us: 94156]
[INFO] [Regular_callback11]: [PID: 2201026] [kernelCPU] [s: 0] [us: 16598]
[Blocking] [PID: 2201026] [s: 0] [us: 481638]
[INFO] [Timer_callback1]: [PID: 2201015] [Bgn] [s: 60] [us: 593146]
[INFO] [Timer_callback1]: [PID: 2201015] [End] [s: 60] [us: 694250]
[INFO] [Regular_callback11]: [PID: 2201015] [kernelCPU] [s: 0] [us: 14559]
[Blocking] [PID: 2201015] [s: 0] [us: 483338]
[INFO] [Timer_callback1]: [PID: 2201026] [Bgn] [s: 61] [us: 193049]
[INFO] [Timer_callback1]: [PID: 2201026] [End] [s: 61] [us: 293508]
[INFO] [Regular_callback11]: [PID: 2201015] [kernelCPU] [s: 0] [us: 13944]
[Blocking] [PID: 2201015] [s: 0] [us: 484828]
[INFO] [Timer_callback1]: [PID: 2201026] [Bgn] [s: 61] [us: 793144]
[INFO] [Timer_callback1]: [PID: 2201026] [End] [s: 61] [us: 894305]
[INFO] [Regular_callback11]: [PID: 2201015] [kernelCPU] [s: 0] [us: 18510]
[Blocking] [PID: 2201015] [s: 0] [us: 479320]
[INFO] [Timer_callback1]: [PID: 2201026] [Bgn] [s: 62] [us: 393120]
[INFO] [Timer_callback1]: [PID: 2201026] [End] [s: 62] [us: 494202]
[INFO] [Regular_callback11]: [PID: 2201026] [kernelCPU] [s: 0] [us: 13389]
[Blocking] [PID: 2201026] [s: 0] [us: 484608]
[INFO] [Timer_callback1]: [PID: 2201015] [Bgn] [s: 62] [us: 993136]
[INFO] [Timer_callback1]: [PID: 2201015] [End] [s: 63] [us: 94210]
[INFO] [Regular_callback11]: [PID: 2201026] [kernelCPU] [s: 0] [us: 12639]
[Blocking] [PID: 2201026] [s: 0] [us: 485465]
[INFO] [Timer_callback1]: [PID: 2201015] [Bgn] [s: 63] [us: 593133]
[INFO] [Timer_callback1]: [PID: 2201015] [End] [s: 63] [us: 694056]
[INFO] [Regular_callback11]: [PID: 2201026] [kernelCPU] [s: 0] [us: 21521]
[Blocking] [PID: 2201026] [s: 0] [us: 476506]
[INFO] [Timer_callback1]: [PID: 2201015] [Bgn] [s: 64] [us: 193133]
[INFO] [Timer_callback1]: [PID: 2201015] [End] [s: 64] [us: 294160]
[INFO] [Regular_callback11]: [PID: 2201026] [kernelCPU] [s: 0] [us: 13412]
[Blocking] [PID: 2201026] [s: 0] [us: 484631]
[INFO] [Timer_callback1]: [PID: 2201015] [Bgn] [s: 64] [us: 793134]
[INFO] [Timer_callback1]: [PID: 2201015] [End] [s: 64] [us: 894115]
[INFO] [Regular_callback11]: [PID: 2201015] [kernelCPU] [s: 0] [us: 13021]
[Blocking] [PID: 2201015] [s: 0] [us: 485149]
[INFO] [Timer_callback1]: [PID: 2201026] [Bgn] [s: 65] [us: 393106]
[INFO] [Timer_callback1]: [PID: 2201026] [End] [s: 65] [us: 493546]
[INFO] [Regular_callback11]: [PID: 2201015] [kernelCPU] [s: 0] [us: 12149]
[Blocking] [PID: 2201026] [s: 0] [us: 486546]
[INFO] [Timer_callback1]: [PID: 2201015] [Bgn] [s: 65] [us: 993076]
[INFO] [Timer_callback1]: [PID: 2201015] [End] [s: 66] [us: 93500]
[INFO] [Regular_callback11]: [PID: 2201026] [kernelCPU] [s: 0] [us: 9463]
[Blocking] [PID: 2201026] [s: 0] [us: 489379]
[INFO] [Timer_callback1]: [PID: 2201015] [Bgn] [s: 66] [us: 593074]
[INFO] [Timer_callback1]: [PID: 2201015] [End] [s: 66] [us: 693515]
[INFO] [Regular_callback11]: [PID: 2201026] [kernelCPU] [s: 0] [us: 16400]
[Blocking] [PID: 2201026] [s: 0] [us: 482185]
[INFO] [Timer_callback1]: [PID: 2201015] [Bgn] [s: 67] [us: 193078]
[INFO] [Timer_callback1]: [PID: 2201015] [End] [s: 67] [us: 293504]
[INFO] [Regular_callback11]: [PID: 2201026] [kernelCPU] [s: 0] [us: 13867]
[Blocking] [PID: 2201026] [s: 0] [us: 484611]
[INFO] [Timer_callback1]: [PID: 2201015] [Bgn] [s: 67] [us: 793075]
[INFO] [Timer_callback1]: [PID: 2201015] [End] [s: 67] [us: 893512]
[INFO] [Regular_callback11]: [PID: 2201026] [kernelCPU] [s: 0] [us: 14296]
[Blocking] [PID: 2201026] [s: 0] [us: 484291]
[INFO] [Timer_callback1]: [PID: 2201015] [Bgn] [s: 68] [us: 393080]
[INFO] [Timer_callback1]: [PID: 2201015] [End] [s: 68] [us: 493494]
[INFO] [Regular_callback11]: [PID: 2201015] [kernelCPU] [s: 0] [us: 8980]
[Blocking] [PID: 2201026] [s: 0] [us: 489945]
[INFO] [Timer_callback1]: [PID: 2201015] [Bgn] [s: 68] [us: 993132]
[INFO] [Timer_callback1]: [PID: 2201015] [End] [s: 69] [us: 94124]
[INFO] [Regular_callback11]: [PID: 2201026] [kernelCPU] [s: 0] [us: 12224]
[Blocking] [PID: 2201026] [s: 0] [us: 485775]
[INFO] [Timer_callback1]: [PID: 2201015] [Bgn] [s: 69] [us: 593099]
[INFO] [Timer_callback1]: [PID: 2201015] [End] [s: 69] [us: 693993]
[INFO] [Regular_callback11]: [PID: 2201015] [kernelCPU] [s: 0] [us: 12715]
[Blocking] [PID: 2201015] [s: 0] [us: 485828]
[INFO] [Timer_callback1]: [PID: 2201026] [Bgn] [s: 70] [us: 193085]
[INFO] [Timer_callback1]: [PID: 2201026] [End] [s: 70] [us: 294197]
[INFO] [Regular_callback11]: [PID: 2201015] [kernelCPU] [s: 0] [us: 15993]
[Blocking] [PID: 2201015] [s: 0] [us: 482117]
[INFO] [Timer_callback1]: [PID: 2201026] [Bgn] [s: 70] [us: 793111]
[INFO] [Timer_callback1]: [PID: 2201026] [End] [s: 70] [us: 894100]
[INFO] [Regular_callback11]: [PID: 2201015] [kernelCPU] [s: 0] [us: 13555]
[Blocking] [PID: 2201015] [s: 0] [us: 484631]
[INFO] [Timer_callback1]: [PID: 2201026] [Bgn] [s: 71] [us: 393108]
[INFO] [Timer_callback1]: [PID: 2201026] [End] [s: 71] [us: 494183]
[INFO] [Regular_callback11]: [PID: 2201015] [kernelCPU] [s: 0] [us: 15534]
[Blocking] [PID: 2201015] [s: 0] [us: 482610]
[INFO] [Timer_callback1]: [PID: 2201026] [Bgn] [s: 71] [us: 993117]
[INFO] [Timer_callback1]: [PID: 2201026] [End] [s: 72] [us: 94221]
[INFO] [Regular_callback11]: [PID: 2201026] [kernelCPU] [s: 0] [us: 12081]
[Blocking] [PID: 2201026] [s: 0] [us: 485911]
[INFO] [Timer_callback1]: [PID: 2201015] [Bgn] [s: 72] [us: 593148]
[INFO] [Timer_callback1]: [PID: 2201015] [End] [s: 72] [us: 694129]
[INFO] [Regular_callback11]: [PID: 2201026] [kernelCPU] [s: 0] [us: 13472]
[Blocking] [PID: 2201026] [s: 0] [us: 484653]
[INFO] [Timer_callback1]: [PID: 2201015] [Bgn] [s: 73] [us: 193123]
[INFO] [Timer_callback1]: [PID: 2201015] [End] [s: 73] [us: 293983]
[INFO] [Regular_callback11]: [PID: 2201026] [kernelCPU] [s: 0] [us: 16397]
[Blocking] [PID: 2201026] [s: 0] [us: 481826]
[INFO] [Timer_callback1]: [PID: 2201015] [Bgn] [s: 73] [us: 793132]
[INFO] [Timer_callback1]: [PID: 2201015] [End] [s: 73] [us: 894216]
[INFO] [Regular_callback11]: [PID: 2201026] [kernelCPU] [s: 0] [us: 15933]
[Blocking] [PID: 2201026] [s: 0] [us: 481992]
[INFO] [Timer_callback1]: [PID: 2201015] [Bgn] [s: 74] [us: 393144]
[INFO] [Timer_callback1]: [PID: 2201015] [End] [s: 74] [us: 494283]
[INFO] [Regular_callback11]: [PID: 2201015] [kernelCPU] [s: 0] [us: 15889]
[Blocking] [PID: 2201015] [s: 0] [us: 482058]
[INFO] [Timer_callback1]: [PID: 2201026] [Bgn] [s: 74] [us: 993112]
[INFO] [Timer_callback1]: [PID: 2201026] [End] [s: 75] [us: 94204]
[INFO] [Regular_callback11]: [PID: 2201015] [kernelCPU] [s: 0] [us: 16312]
[Blocking] [PID: 2201015] [s: 0] [us: 481124]
[INFO] [Timer_callback1]: [PID: 2201026] [Bgn] [s: 75] [us: 593101]
[INFO] [Timer_callback1]: [PID: 2201026] [End] [s: 75] [us: 694090]
[INFO] [Regular_callback11]: [PID: 2201015] [kernelCPU] [s: 0] [us: 13130]
[Blocking] [PID: 2201015] [s: 0] [us: 484969]
[INFO] [Timer_callback1]: [PID: 2201026] [Bgn] [s: 76] [us: 193087]
[INFO] [Timer_callback1]: [PID: 2201026] [End] [s: 76] [us: 294168]
[INFO] [Regular_callback11]: [PID: 2201015] [kernelCPU] [s: 0] [us: 14531]
[Blocking] [PID: 2201015] [s: 0] [us: 483693]
[INFO] [Timer_callback1]: [PID: 2201026] [Bgn] [s: 76] [us: 793080]
[INFO] [Timer_callback1]: [PID: 2201026] [End] [s: 76] [us: 894161]
[INFO] [Regular_callback11]: [PID: 2201015] [kernelCPU] [s: 0] [us: 16018]
[Blocking] [PID: 2201015] [s: 0] [us: 481983]
[INFO] [Timer_callback1]: [PID: 2201026] [Bgn] [s: 77] [us: 393088]
[INFO] [Timer_callback1]: [PID: 2201026] [End] [s: 77] [us: 494170]
[INFO] [Regular_callback11]: [PID: 2201015] [kernelCPU] [s: 0] [us: 15079]
[Blocking] [PID: 2201015] [s: 0] [us: 482918]
[INFO] [Timer_callback1]: [PID: 2201026] [Bgn] [s: 77] [us: 993091]
[INFO] [Timer_callback1]: [PID: 2201026] [End] [s: 78] [us: 94183]
[INFO] [Regular_callback11]: [PID: 2201015] [kernelCPU] [s: 0] [us: 15235]
[Blocking] [PID: 2201015] [s: 0] [us: 482732]
[INFO] [Timer_callback1]: [PID: 2201026] [Bgn] [s: 78] [us: 593101]
[INFO] [Timer_callback1]: [PID: 2201026] [End] [s: 78] [us: 694242]
[INFO] [Regular_callback11]: [PID: 2201015] [kernelCPU] [s: 0] [us: 14470]
[Blocking] [PID: 2201015] [s: 0] [us: 483536]
[INFO] [Timer_callback1]: [PID: 2201026] [Bgn] [s: 79] [us: 193104]
[INFO] [Timer_callback1]: [PID: 2201026] [End] [s: 79] [us: 294185]
[INFO] [Regular_callback11]: [PID: 2201015] [kernelCPU] [s: 0] [us: 14739]
[Blocking] [PID: 2201015] [s: 0] [us: 483489]
[INFO] [Timer_callback1]: [PID: 2201026] [Bgn] [s: 79] [us: 793093]
[INFO] [Timer_callback1]: [PID: 2201026] [End] [s: 79] [us: 894096]
[INFO] [Regular_callback11]: [PID: 2201015] [kernelCPU] [s: 0] [us: 14566]
[Blocking] [PID: 2201015] [s: 0] [us: 483609]
[INFO] [Timer_callback1]: [PID: 2201026] [Bgn] [s: 80] [us: 393115]
[INFO] [Timer_callback1]: [PID: 2201026] [End] [s: 80] [us: 494246]
[INFO] [Regular_callback11]: [PID: 2201015] [kernelCPU] [s: 0] [us: 13218]
[Blocking] [PID: 2201015] [s: 0] [us: 484796]
[INFO] [Timer_callback1]: [PID: 2201026] [Bgn] [s: 80] [us: 993091]
[INFO] [Timer_callback1]: [PID: 2201026] [End] [s: 81] [us: 94114]
[INFO] [Regular_callback11]: [PID: 2201015] [kernelCPU] [s: 0] [us: 14715]
[Blocking] [PID: 2201015] [s: 0] [us: 483434]
[INFO] [Timer_callback1]: [PID: 2201026] [Bgn] [s: 81] [us: 593088]
[INFO] [Timer_callback1]: [PID: 2201026] [End] [s: 81] [us: 694114]
[INFO] [Regular_callback11]: [PID: 2201015] [kernelCPU] [s: 0] [us: 14585]
[Blocking] [PID: 2201015] [s: 0] [us: 483398]
[INFO] [Timer_callback1]: [PID: 2201026] [Bgn] [s: 82] [us: 193088]
[INFO] [Timer_callback1]: [PID: 2201026] [End] [s: 82] [us: 294096]
[INFO] [Regular_callback11]: [PID: 2201015] [kernelCPU] [s: 0] [us: 14642]
[Blocking] [PID: 2201015] [s: 0] [us: 483674]
[INFO] [Timer_callback1]: [PID: 2201026] [Bgn] [s: 82] [us: 793127]
[INFO] [Timer_callback1]: [PID: 2201026] [End] [s: 82] [us: 894119]
[INFO] [Regular_callback11]: [PID: 2201015] [kernelCPU] [s: 0] [us: 14678]
[Blocking] [PID: 2201015] [s: 0] [us: 483477]
[INFO] [Timer_callback1]: [PID: 2201026] [Bgn] [s: 83] [us: 393077]
[INFO] [Timer_callback1]: [PID: 2201026] [End] [s: 83] [us: 494049]
[INFO] [Regular_callback11]: [PID: 2201015] [kernelCPU] [s: 0] [us: 15812]
[Blocking] [PID: 2201015] [s: 0] [us: 482364]
[INFO] [Timer_callback1]: [PID: 2201026] [Bgn] [s: 83] [us: 993088]
[INFO] [Timer_callback1]: [PID: 2201026] [End] [s: 84] [us: 94172]
[INFO] [Regular_callback11]: [PID: 2201015] [kernelCPU] [s: 0] [us: 16955]
[Blocking] [PID: 2201015] [s: 0] [us: 481217]
[INFO] [Timer_callback1]: [PID: 2201026] [Bgn] [s: 84] [us: 593118]
[INFO] [Timer_callback1]: [PID: 2201026] [End] [s: 84] [us: 694105]
[INFO] [Regular_callback11]: [PID: 2201026] [kernelCPU] [s: 0] [us: 15171]
[Blocking] [PID: 2201026] [s: 0] [us: 482756]
[INFO] [Timer_callback1]: [PID: 2201015] [Bgn] [s: 85] [us: 193115]
[INFO] [Timer_callback1]: [PID: 2201015] [End] [s: 85] [us: 293879]
[INFO] [Regular_callback11]: [PID: 2201015] [kernelCPU] [s: 0] [us: 10699]
[Blocking] [PID: 2201015] [s: 0] [us: 487681]
[INFO] [Timer_callback1]: [PID: 2201026] [Bgn] [s: 85] [us: 793113]
[INFO] [Timer_callback1]: [PID: 2201026] [End] [s: 85] [us: 894025]
[INFO] [Regular_callback11]: [PID: 2201015] [kernelCPU] [s: 0] [us: 14641]
[Blocking] [PID: 2201015] [s: 0] [us: 483406]
[INFO] [Timer_callback1]: [PID: 2201026] [Bgn] [s: 86] [us: 393109]
[INFO] [Timer_callback1]: [PID: 2201026] [End] [s: 86] [us: 494253]
[INFO] [Regular_callback11]: [PID: 2201015] [kernelCPU] [s: 0] [us: 16746]
[Blocking] [PID: 2201015] [s: 0] [us: 481224]
[INFO] [Timer_callback1]: [PID: 2201026] [Bgn] [s: 86] [us: 993117]
[INFO] [Timer_callback1]: [PID: 2201026] [End] [s: 87] [us: 94248]
[INFO] [Regular_callback11]: [PID: 2201015] [kernelCPU] [s: 0] [us: 14826]
[Blocking] [PID: 2201015] [s: 0] [us: 483013]
[INFO] [Timer_callback1]: [PID: 2201026] [Bgn] [s: 87] [us: 593103]
[INFO] [Timer_callback1]: [PID: 2201026] [End] [s: 87] [us: 694199]
[INFO] [Regular_callback11]: [PID: 2201015] [kernelCPU] [s: 0] [us: 15633]
[Blocking] [PID: 2201015] [s: 0] [us: 482374]
[INFO] [Timer_callback1]: [PID: 2201026] [Bgn] [s: 88] [us: 193132]
[INFO] [Timer_callback1]: [PID: 2201026] [End] [s: 88] [us: 294231]
[INFO] [Regular_callback11]: [PID: 2201015] [kernelCPU] [s: 0] [us: 16209]
[Blocking] [PID: 2201015] [s: 0] [us: 481909]
[INFO] [Timer_callback1]: [PID: 2201026] [Bgn] [s: 88] [us: 793102]
[INFO] [Timer_callback1]: [PID: 2201026] [End] [s: 88] [us: 894085]
[INFO] [Regular_callback11]: [PID: 2201015] [kernelCPU] [s: 0] [us: 14545]
[Blocking] [PID: 2201015] [s: 0] [us: 483571]
[INFO] [Timer_callback1]: [PID: 2201026] [Bgn] [s: 89] [us: 393072]
[INFO] [Timer_callback1]: [PID: 2201026] [End] [s: 89] [us: 494169]
[INFO] [Regular_callback11]: [PID: 2201015] [kernelCPU] [s: 0] [us: 16882]
[Blocking] [PID: 2201015] [s: 0] [us: 481086]
[INFO] [Timer_callback1]: [PID: 2201026] [Bgn] [s: 89] [us: 993093]
[INFO] [Timer_callback1]: [PID: 2201026] [End] [s: 90] [us: 94016]
[INFO] [Regular_callback11]: [PID: 2201026] [kernelCPU] [s: 0] [us: 11681]
[Blocking] [PID: 2201026] [s: 0] [us: 486345]
[INFO] [Timer_callback1]: [PID: 2201015] [Bgn] [s: 90] [us: 593079]
[INFO] [Timer_callback1]: [PID: 2201015] [End] [s: 90] [us: 693745]
[INFO] [Regular_callback11]: [PID: 2201026] [kernelCPU] [s: 0] [us: 13601]
[Blocking] [PID: 2201026] [s: 0] [us: 484875]
[INFO] [Timer_callback1]: [PID: 2201015] [Bgn] [s: 91] [us: 193169]
[INFO] [Timer_callback1]: [PID: 2201015] [End] [s: 91] [us: 294199]
[INFO] [Regular_callback11]: [PID: 2201026] [kernelCPU] [s: 0] [us: 15600]
[Blocking] [PID: 2201026] [s: 0] [us: 482485]