[Hello RoboSpike] [Thread 4106975] Use ExecutorNodelet
[Hello RoboSpike] [Thread 4106976] Use ExecutorNodelet
[Hello RoboSpike] [Thread 4106978] Use ExecutorNodelet
[Hello RoboSpike] [Thread 4106977] Use ExecutorNodelet
[Hello RoboSpike] [Thread 4106919] Use ExecutorNodelet
[Hello RoboSpike] [Thread 4106980] Use ExecutorNodelet
[Hello RoboSpike] [Thread 4106979] Use ExecutorNodelet
[Blocking] [PID: 4106919] [s: 3] [us: 953489]
[INFO] [Timer_callback2]: [PID: 4106978] [Bgn] [s: 3] [us: 953835]
[INFO] [Timer_callback2]: [PID: 4106978] [End] [s: 4] [us: 54948]
[Blocking] [PID: 4106977] [s: 4] [us: 55575]
[INFO] [Regular_callback21]: [*] [PID: 4106975] [Bgn] [s: 4] [us: 56157]
[INFO] [Regular_callback21]: [*] [PID: 4106975] [End] [s: 4] [us: 713920]
[get_next_ready_executable(inter)] Push <0x562f63f8da70>
[get_next_ready_executable(inter)] Push <0x562f64a95610>
[INFO] [Timer_callback3]: [PID: 4106975] [Bgn] [s: 4] [us: 987539]
[INFO] [Timer_callback3]: [PID: 4106975] [End] [s: 5] [us: 88670]
[get_rest_coroutine] Length [1]
[Blocking] [PID: 4106977] [s: 0] [us: 17508]
[INFO] [Regular_callback22]: [PID: 4106975] [Bgn] [s: 4] [us: 714772]
[INFO] [Regular_callback22]: [PID: 4106975] [End] [s: 5] [us: 165094]
[INFO] [Regular_callback22]: [*] [PID: 4106975] [Bgn] [s: 5] [us: 165158]
[INFO] [Regular_callback22]: [*] [PID: 4106975] [End] [s: 5] [us: 165163]
[get_next_ready_executable(inter)] Push <0x562f63f8da70>
[Blocking] [PID: 4106977] [s: 1] [us: 982133]
[Blocking] [PID: 4106977] [s: 0] [us: 375876]
[Blocking] [PID: 4106979] [s: 7] [us: 893409]
[Blocking] [PID: 4106976] [s: 7] [us: 953258]
[Blocking] [PID: 4106980] [s: 7] [us: 956128]
[INFO] [Timer_callback1]: [PID: 4106919] [Bgn] [s: 7] [us: 893902]
[INFO] [Timer_callback1]: [PID: 4106919] [End] [s: 7] [us: 994963]
[Blocking] [PID: 4106977] [s: 0] [us: 467913]
[get_next_ready_executable(inter)] Push <0x562f611f6840>
[Blocking] [PID: 4106978] [s: 0] [us: 31687]
[Blocking] [PID: 4106976] [s: 0] [us: 37145]
[INFO] [Timer_callback2]: [PID: 4106979] [Bgn] [s: 7] [us: 964805]
[INFO] [Timer_callback2]: [PID: 4106979] [End] [s: 8] [us: 65354]
[INFO] [Regular_callback16]: [*] [PID: 4106975] [Bgn] [s: 7] [us: 996392]
[INFO] [Regular_callback16]: [*] [PID: 4106975] [End] [s: 8] [us: 500928]
[INFO] [Regular_callback13]: [*] [PID: 4106976] [Bgn] [s: 7] [us: 996824]
[INFO] [Regular_callback13]: [*] [PID: 4106976] [End] [s: 8] [us: 648380]
[INFO] [Regular_callback14]: [*] [PID: 4106919] [Bgn] [s: 7] [us: 996834]
[INFO] [Regular_callback14]: [*] [PID: 4106919] [End] [s: 8] [us: 664102]
[INFO] [Regular_callback17]: [*] [PID: 4106977] [Bgn] [s: 7] [us: 996440]
[INFO] [Regular_callback17]: [*] [PID: 4106977] [End] [s: 8] [us: 665029]
[INFO] [Regular_callback12]: [*] [PID: 4106978] [Bgn] [s: 7] [us: 996635]
[INFO] [Regular_callback12]: [*] [PID: 4106978] [End] [s: 8] [us: 679790]
[INFO] [Regular_callback15]: [*] [PID: 4106975] [Bgn] [s: 8] [us: 501293]
[INFO] [Regular_callback15]: [*] [PID: 4106975] [End] [s: 9] [us: 2784]
[INFO] [Regular_callback21]: [*] [PID: 4106977] [Bgn] [s: 8] [us: 665267]
[INFO] [Regular_callback21]: [*] [PID: 4106977] [End] [s: 9] [us: 333410]
[Blocking] [PID: 4106977] [s: 0] [us: 57396]
[Blocking] [PID: 4106975] [s: 0] [us: 29567]
[INFO] [Regular_callback11]: [Round: 0] [PID: 4106980] Before First Show Time
[INFO] [Regular_callback11]: [PID: 4106980] [Bgn] [s: 7] [us: 996512]
[INFO] [Regular_callback11]: [PID: 4106980] [End] [s: 9] [us: 892790]
[Blocking] [PID: 4106975] [s: 0] [us: 557084]
[INFO] [Timer_callback3]: [PID: 4106977] [Bgn] [s: 9] [us: 987318]
[INFO] [Timer_callback3]: [PID: 4106977] [End] [s: 10] [us: 87726]
[INFO] [Regular_callback11]: [Round: 0] All [us: 903479] Await [us: 903132] Sync [us: 903132]
[Blocking] [PID: 4106977] [s: 0] [us: 649934]
[Blocking] [PID: 4106975] [s: 0] [us: 318039]
[Blocking] [PID: 4106975] [s: 0] [us: 43649]
[Blocking] [PID: 4106977] [s: 0] [us: 219996]
[INFO] [Regular_callback11]: [*] [PID: 4106980] [Bgn] [s: 10] [us: 795922]
[INFO] [Regular_callback11]: [*] [PID: 4106980] [End] [s: 11] [us: 524239]
[get_next_ready_executable] Erase <0x562f611f6840>
[Blocking] [PID: 4106978] [s: 3] [us: 273871]
[Blocking] [PID: 4106975] [s: 0] [us: 544001]
[INFO] [Timer_callback2]: [PID: 4106979] [Bgn] [s: 11] [us: 953668]
[INFO] [Timer_callback2]: [PID: 4106979] [End] [s: 12] [us: 54726]
[Blocking] [PID: 4106977] [s: 0] [us: 31096]
[INFO] [Regular_callback21]: [*] [PID: 4106975] [Bgn] [s: 12] [us: 55361]
[INFO] [Regular_callback21]: [*] [PID: 4106975] [End] [s: 12] [us: 550532]
[Blocking] [PID: 4106975] [s: 0] [us: 565565]
[Blocking] [PID: 4106977] [s: 0] [us: 655997]
[Blocking] [PID: 4106975] [s: 0] [us: 288005]
[Blocking] [PID: 4106975] [s: 0] [us: 19676]
[Blocking] [PID: 4106977] [s: 0] [us: 210641]
[Blocking] [PID: 4106975] [s: 0] [us: 165361]
[Blocking] [PID: 4106977] [s: 0] [us: 531016]
[INFO] [Timer_callback3]: [PID: 4106975] [Bgn] [s: 14] [us: 987239]
[INFO] [Timer_callback3]: [PID: 4106975] [End] [s: 15] [us: 87745]
[Blocking] [PID: 4106975] [s: 0] [us: 60826]
[Blocking] [PID: 4106977] [s: 0] [us: 30059]
[Blocking] [PID: 4106975] [s: 0] [us: 465087]
[Blocking] [PID: 4106980] [s: 4] [us: 368385]
[Blocking] [PID: 4106919] [s: 7] [us: 289694]
[Blocking] [PID: 4106976] [s: 7] [us: 305554]
[INFO] [Timer_callback1]: [PID: 4106978] [Bgn] [s: 15] [us: 892790]
[INFO] [Timer_callback1]: [PID: 4106978] [End] [s: 15] [us: 993443]
[Blocking] [PID: 4106975] [s: 0] [us: 177478]
[Blocking] [PID: 4106979] [s: 0] [us: 40101]
[get_next_ready_executable(inter)] Push <0x562f611f6840>
[Blocking] [PID: 4106980] [s: 0] [us: 40532]
[INFO] [Timer_callback2]: [PID: 4106919] [Bgn] [s: 15] [us: 954085]
[INFO] [Timer_callback2]: [PID: 4106919] [End] [s: 16] [us: 54999]
[INFO] [Regular_callback13]: [*] [PID: 4106976] [Bgn] [s: 15] [us: 994068]
[INFO] [Regular_callback13]: [*] [PID: 4106976] [End] [s: 16] [us: 639761]
[INFO] [Regular_callback17]: [*] [PID: 4106975] [Bgn] [s: 15] [us: 994162]
[INFO] [Regular_callback17]: [*] [PID: 4106975] [End] [s: 16] [us: 640574]
[INFO] [Regular_callback12]: [*] [PID: 4106980] [Bgn] [s: 15] [us: 994531]
[INFO] [Regular_callback12]: [*] [PID: 4106980] [End] [s: 16] [us: 655462]
[INFO] [Regular_callback16]: [*] [PID: 4106977] [Bgn] [s: 15] [us: 994087]
[INFO] [Regular_callback16]: [*] [PID: 4106977] [End] [s: 16] [us: 656221]
[INFO] [Regular_callback14]: [*] [PID: 4106978] [Bgn] [s: 15] [us: 994565]
[INFO] [Regular_callback14]: [*] [PID: 4106978] [End] [s: 16] [us: 675045]
[INFO] [Regular_callback15]: [*] [PID: 4106975] [Bgn] [s: 16] [us: 640958]
[INFO] [Regular_callback15]: [*] [PID: 4106975] [End] [s: 17] [us: 281968]
[INFO] [Regular_callback21]: [*] [PID: 4106977] [Bgn] [s: 16] [us: 656436]
[INFO] [Regular_callback21]: [*] [PID: 4106977] [End] [s: 17] [us: 318893]
[Blocking] [PID: 4106977] [s: 0] [us: 32592]
[INFO] [Regular_callback11]: [Round: 1] [PID: 4106979] Before First Show Time
[INFO] [Regular_callback11]: [PID: 4106979] [Bgn] [s: 15] [us: 994457]
[INFO] [Regular_callback11]: [PID: 4106979] [End] [s: 17] [us: 491128]
[INFO] [Regular_callback11]: [Round: 1] All [us: 905768] Await [us: 1808581] Sync [us: 905449]
[Blocking] [PID: 4106975] [s: 1] [us: 172829]
[INFO] [Regular_callback11]: [*] [PID: 4106979] [Bgn] [s: 18] [us: 396576]
[INFO] [Regular_callback11]: [*] [PID: 4106979] [End] [s: 18] [us: 631083]
[get_next_ready_executable] Erase <0x562f611f6840>
[Blocking] [PID: 4106977] [s: 0] [us: 191728]
[Blocking] [PID: 4106975] [s: 0] [us: 181057]
[Blocking] [PID: 4106977] [s: 0] [us: 738562]
[Blocking] [PID: 4106977] [s: 0] [us: 172146]
[Blocking] [PID: 4106977] [s: 0] [us: 47782]
[Blocking] [PID: 4106978] [s: 3] [us: 278643]
[Blocking] [PID: 4106975] [s: 0] [us: 131083]
[INFO] [Timer_callback2]: [PID: 4106919] [Bgn] [s: 19] [us: 953706]
[INFO] [Timer_callback2]: [PID: 4106919] [End] [s: 20] [us: 54212]
[INFO] [Timer_callback3]: [PID: 4106977] [Bgn] [s: 19] [us: 987304]
[INFO] [Timer_callback3]: [PID: 4106977] [End] [s: 20] [us: 87675]
[INFO] [Regular_callback21]: [*] [PID: 4106975] [Bgn] [s: 20] [us: 55035]
[INFO] [Regular_callback21]: [*] [PID: 4106975] [End] [s: 20] [us: 692222]
[Blocking] [PID: 4106977] [s: 0] [us: 115996]
[Blocking] [PID: 4106975] [s: 0] [us: 124003]
[Blocking] [PID: 4106977] [s: 0] [us: 59999]
[Blocking] [PID: 4106975] [s: 0] [us: 668569]
[Blocking] [PID: 4106977] [s: 0] [us: 503429]
[Blocking] [PID: 4106975] [s: 0] [us: 236427]
[Blocking] [PID: 4106977] [s: 0] [us: 559573]
[Blocking] [PID: 4106975] [s: 0] [us: 300011]
[Blocking] [PID: 4106975] [s: 0] [us: 435642]
[Blocking] [PID: 4106979] [s: 5] [us: 261574]
[Blocking] [PID: 4106976] [s: 7] [us: 313682]
[Blocking] [PID: 4106980] [s: 7] [us: 304748]
[INFO] [Timer_callback1]: [PID: 4106978] [Bgn] [s: 23] [us: 892812]
[INFO] [Timer_callback1]: [PID: 4106978] [End] [s: 23] [us: 993751]
[get_next_ready_executable(inter)] Push <0x562f611f6840>
[Blocking] [PID: 4106976] [s: 0] [us: 34244]
[Blocking] [PID: 4106977] [s: 0] [us: 290318]
[Blocking] [PID: 4106919] [s: 0] [us: 34603]
[INFO] [Timer_callback2]: [PID: 4106980] [Bgn] [s: 23] [us: 960485]
[INFO] [Timer_callback2]: [PID: 4106980] [End] [s: 24] [us: 61813]
[INFO] [Regular_callback16]: [*] [PID: 4106975] [Bgn] [s: 23] [us: 994558]
[INFO] [Regular_callback16]: [*] [PID: 4106975] [End] [s: 24] [us: 636697]
[INFO] [Regular_callback13]: [*] [PID: 4106919] [Bgn] [s: 23] [us: 995052]
[INFO] [Regular_callback13]: [*] [PID: 4106919] [End] [s: 24] [us: 639219]
[INFO] [Regular_callback12]: [*] [PID: 4106976] [Bgn] [s: 23] [us: 994930]
[INFO] [Regular_callback12]: [*] [PID: 4106976] [End] [s: 24] [us: 644478]
[INFO] [Regular_callback17]: [*] [PID: 4106977] [Bgn] [s: 23] [us: 994657]
[INFO] [Regular_callback17]: [*] [PID: 4106977] [End] [s: 24] [us: 645079]
[INFO] [Regular_callback14]: [*] [PID: 4106978] [Bgn] [s: 23] [us: 995121]
[INFO] [Regular_callback14]: [*] [PID: 4106978] [End] [s: 24] [us: 646311]
[INFO] [Regular_callback15]: [*] [PID: 4106975] [Bgn] [s: 24] [us: 637099]
[INFO] [Regular_callback15]: [*] [PID: 4106975] [End] [s: 25] [us: 275946]
[INFO] [Regular_callback21]: [*] [PID: 4106977] [Bgn] [s: 24] [us: 645262]
[INFO] [Regular_callback21]: [*] [PID: 4106977] [End] [s: 25] [us: 291237]
[INFO] [Timer_callback3]: [PID: 4106975] [Bgn] [s: 25] [us: 276129]
[INFO] [Timer_callback3]: [PID: 4106975] [End] [s: 25] [us: 376612]
[INFO] [Regular_callback11]: [Round: 2] [PID: 4106979] Before First Show Time
[INFO] [Regular_callback11]: [PID: 4106979] [Bgn] [s: 23] [us: 994545]
[INFO] [Regular_callback11]: [PID: 4106979] [End] [s: 25] [us: 696983]
[INFO] [Regular_callback11]: [Round: 2] All [us: 902176] Await [us: 2710367] Sync [us: 901786]
[INFO] [Regular_callback11]: [*] [PID: 4106979] [Bgn] [s: 26] [us: 598767]
[INFO] [Regular_callback11]: [*] [PID: 4106979] [End] [s: 26] [us: 958868]
[get_next_ready_executable] Erase <0x562f611f6840>
[Blocking] [PID: 4106977] [s: 0] [us: 260002]
[Blocking] [PID: 4106977] [s: 0] [us: 519665]
[Blocking] [PID: 4106977] [s: 0] [us: 295722]
[Blocking] [PID: 4106978] [s: 3] [us: 307409]
[INFO] [Timer_callback2]: [PID: 4106980] [Bgn] [s: 27] [us: 953681]
[INFO] [Timer_callback2]: [PID: 4106980] [End] [s: 28] [us: 54718]
[Blocking] [PID: 4106975] [s: 0] [us: 135049]
[INFO] [Regular_callback21]: [*] [PID: 4106977] [Bgn] [s: 28] [us: 55304]
[INFO] [Regular_callback21]: [*] [PID: 4106977] [End] [s: 28] [us: 693819]
[Blocking] [PID: 4106977] [s: 0] [us: 190269]
[Blocking] [PID: 4106977] [s: 1] [us: 102719]
[INFO] [Timer_callback3]: [PID: 4106975] [Bgn] [s: 29] [us: 987256]
[INFO] [Timer_callback3]: [PID: 4106975] [End] [s: 30] [us: 87736]
[Blocking] [PID: 4106979] [s: 4] [us: 934121]
[Blocking] [PID: 4106919] [s: 7] [us: 314305]
[Blocking] [PID: 4106976] [s: 7] [us: 311683]
[INFO] [Timer_callback1]: [PID: 4106978] [Bgn] [s: 31] [us: 893094]
[INFO] [Timer_callback1]: [PID: 4106978] [End] [s: 31] [us: 994123]
[Blocking] [PID: 4106975] [s: 0] [us: 838349]
[get_next_ready_executable(inter)] Push <0x562f611f6840>
[Blocking] [PID: 4106980] [s: 0] [us: 38603]
[Blocking] [PID: 4106976] [s: 0] [us: 38834]
[INFO] [Timer_callback2]: [PID: 4106979] [Bgn] [s: 31] [us: 956422]
[INFO] [Timer_callback2]: [PID: 4106979] [End] [s: 32] [us: 56784]
[INFO] [Regular_callback16]: [*] [PID: 4106977] [Bgn] [s: 31] [us: 994650]
[INFO] [Regular_callback16]: [*] [PID: 4106977] [End] [s: 32] [us: 636283]
[INFO] [Regular_callback12]: [*] [PID: 4106980] [Bgn] [s: 31] [us: 995140]
[INFO] [Regular_callback12]: [*] [PID: 4106980] [End] [s: 32] [us: 638734]
[INFO] [Regular_callback17]: [*] [PID: 4106975] [Bgn] [s: 31] [us: 994745]
[INFO] [Regular_callback17]: [*] [PID: 4106975] [End] [s: 32] [us: 642081]
[INFO] [Regular_callback14]: [*] [PID: 4106976] [Bgn] [s: 31] [us: 995261]
[INFO] [Regular_callback14]: [*] [PID: 4106976] [End] [s: 32] [us: 647310]
[INFO] [Regular_callback13]: [*] [PID: 4106978] [Bgn] [s: 31] [us: 995189]
[INFO] [Regular_callback13]: [*] [PID: 4106978] [End] [s: 32] [us: 654339]
[INFO] [Regular_callback21]: [*] [PID: 4106975] [Bgn] [s: 32] [us: 642266]
[INFO] [Regular_callback21]: [*] [PID: 4106975] [End] [s: 33] [us: 181500]
[INFO] [Regular_callback15]: [*] [PID: 4106977] [Bgn] [s: 32] [us: 636730]
[INFO] [Regular_callback15]: [*] [PID: 4106977] [End] [s: 33] [us: 282470]
[Blocking] [PID: 4106977] [s: 0] [us: 125644]
[INFO] [Regular_callback11]: [Round: 3] [PID: 4106919] Before First Show Time
[INFO] [Regular_callback11]: [PID: 4106919] [Bgn] [s: 31] [us: 995051]
[INFO] [Regular_callback11]: [PID: 4106919] [End] [s: 33] [us: 443544]
[Blocking] [PID: 4106975] [s: 0] [us: 880000]
[INFO] [Regular_callback11]: [Round: 3] All [us: 902564] Await [us: 451576] Sync [us: 902241]
[Blocking] [PID: 4106977] [s: 0] [us: 92006]
[Blocking] [PID: 4106975] [s: 0] [us: 77113]
[INFO] [Regular_callback11]: [*] [PID: 4106919] [Bgn] [s: 34] [us: 345785]
[INFO] [Regular_callback11]: [*] [PID: 4106919] [End] [s: 34] [us: 487090]
[get_next_ready_executable] Erase <0x562f611f6840>
[Blocking] [PID: 4106977] [s: 0] [us: 190512]
[Blocking] [PID: 4106975] [s: 0] [us: 335048]
[INFO] [Timer_callback3]: [PID: 4106977] [Bgn] [s: 34] [us: 987266]
[INFO] [Timer_callback3]: [PID: 4106977] [End] [s: 35] [us: 87655]
[Blocking] [PID: 4106978] [s: 3] [us: 299098]
[INFO] [Timer_callback2]: [PID: 4106979] [Bgn] [s: 35] [us: 953556]
[INFO] [Timer_callback2]: [PID: 4106979] [End] [s: 36] [us: 53917]
[Blocking] [PID: 4106977] [s: 0] [us: 158010]
[INFO] [Regular_callback21]: [*] [PID: 4106975] [Bgn] [s: 36] [us: 54352]
[INFO] [Regular_callback21]: [*] [PID: 4106975] [End] [s: 36] [us: 694832]
[Blocking] [PID: 4106919] [s: 5] [us: 405574]
[Blocking] [PID: 4106980] [s: 7] [us: 314826]
[Blocking] [PID: 4106975] [s: 3] [us: 292328]
[INFO] [Timer_callback1]: [PID: 4106978] [Bgn] [s: 39] [us: 892729]
[INFO] [Timer_callback1]: [PID: 4106978] [End] [s: 39] [us: 993119]
[get_next_ready_executable(inter)] Push <0x562f611f6840>
[Blocking] [PID: 4106979] [s: 0] [us: 40713]
[Blocking] [PID: 4106976] [s: 7] [us: 347162]
[INFO] [Timer_callback2]: [PID: 4106980] [Bgn] [s: 39] [us: 953795]
[INFO] [Timer_callback2]: [PID: 4106980] [End] [s: 40] [us: 55007]
[INFO] [Timer_callback3]: [PID: 4106977] [Bgn] [s: 39] [us: 987269]
[INFO] [Timer_callback3]: [PID: 4106977] [End] [s: 40] [us: 87673]
[INFO] [Regular_callback17]: [*] [PID: 4106977] [Bgn] [s: 40] [us: 88156]
[INFO] [Regular_callback17]: [*] [PID: 4106977] [End] [s: 40] [us: 601111]
[INFO] [Regular_callback16]: [*] [PID: 4106975] [Bgn] [s: 39] [us: 993919]
[INFO] [Regular_callback16]: [*] [PID: 4106975] [End] [s: 40] [us: 642803]
[INFO] [Regular_callback13]: [*] [PID: 4106976] [Bgn] [s: 39] [us: 994771]
[INFO] [Regular_callback13]: [*] [PID: 4106976] [End] [s: 40] [us: 649156]
[INFO] [Regular_callback14]: [*] [PID: 4106978] [Bgn] [s: 39] [us: 994786]
[INFO] [Regular_callback14]: [*] [PID: 4106978] [End] [s: 40] [us: 653052]
[INFO] [Regular_callback12]: [*] [PID: 4106979] [Bgn] [s: 39] [us: 994530]
[INFO] [Regular_callback12]: [*] [PID: 4106979] [End] [s: 40] [us: 655837]
[INFO] [Regular_callback15]: [*] [PID: 4106977] [Bgn] [s: 40] [us: 601461]
[INFO] [Regular_callback15]: [*] [PID: 4106977] [End] [s: 41] [us: 110583]
[INFO] [Regular_callback11]: [Round: 4] [PID: 4106919] Before First Show Time
[INFO] [Regular_callback11]: [PID: 4106919] [Bgn] [s: 39] [us: 994448]
[INFO] [Regular_callback11]: [PID: 4106919] [End] [s: 41] [us: 174936]
[INFO] [Regular_callback21]: [*] [PID: 4106975] [Bgn] [s: 40] [us: 643024]
[INFO] [Regular_callback21]: [*] [PID: 4106975] [End] [s: 41] [us: 283291]
[Blocking] [PID: 4106975] [s: 0] [us: 760768]
[INFO] [Regular_callback11]: [Round: 4] [Base: 903496] [Score: -444491] All [us: 899810] Await [us: 451576] Sync [us: 448177]
[INFO] [Regular_callback11]: [*] [PID: 4107058] [Bgn] [s: 41] [us: 626226]
[INFO] [Regular_callback11]: [*] [PID: 4107058] [End] [s: 42] [us: 323975]
[Blocking] [PID: 4106977] [s: 1] [us: 496002]
[Blocking] [PID: 4106975] [s: 0] [us: 36002]
[Blocking] [PID: 4106980] [s: 3] [us: 300445]
[INFO] [Timer_callback2]: [PID: 4106976] [Bgn] [s: 43] [us: 953658]
[INFO] [Timer_callback2]: [PID: 4106976] [End] [s: 44] [us: 54537]
[Blocking] [PID: 4106975] [s: 0] [us: 478435]
[INFO] [Regular_callback21]: [*] [PID: 4106977] [Bgn] [s: 44] [us: 55012]
[INFO] [Regular_callback21]: [*] [PID: 4106977] [End] [s: 44] [us: 555478]
[Blocking] [PID: 4106977] [s: 0] [us: 24626]
[Blocking] [PID: 4106975] [s: 0] [us: 407042]
[INFO] [Timer_callback3]: [PID: 4106977] [Bgn] [s: 44] [us: 987267]
[INFO] [Timer_callback3]: [PID: 4106977] [End] [s: 45] [us: 87671]
[Blocking] [PID: 4106977] [s: 0] [us: 68826]
[Blocking] [PID: 4106975] [s: 0] [us: 599130]
[Blocking] [PID: 4106975] [s: 0] [us: 75776]
[Blocking] [PID: 4106975] [s: 0] [us: 323790]
[Blocking] [PID: 4106975] [s: 0] [us: 19790]
[Blocking] [PID: 4106977] [s: 0] [us: 427619]
[Blocking] [PID: 4106977] [s: 0] [us: 51649]
[Blocking] [PID: 4106977] [s: 0] [us: 971674]
[Blocking] [PID: 4106978] [s: 7] [us: 239558]
[get_next_ready_executable] Erase <0x562f611f6840>
[Blocking] [PID: 4106919] [s: 0] [us: 60813]
[Blocking] [PID: 4106979] [s: 7] [us: 297691]
[INFO] [Timer_callback1]: [PID: 4106980] [Bgn] [s: 47] [us: 892688]
[INFO] [Timer_callback1]: [PID: 4106980] [End] [s: 47] [us: 993157]
[get_next_ready_executable(inter)] Push <0x562f611f6840>
[Blocking] [PID: 4106975] [s: 0] [us: 125445]
[Blocking] [PID: 4106919] [s: 0] [us: 31902]
[Blocking] [PID: 4106976] [s: 0] [us: 31964]
[INFO] [Timer_callback2]: [PID: 4106979] [Bgn] [s: 47] [us: 961836]
[INFO] [Timer_callback2]: [PID: 4106979] [End] [s: 48] [us: 62204]
[INFO] [Regular_callback15]: [*] [PID: 4106977] [Bgn] [s: 47] [us: 993690]
[INFO] [Regular_callback15]: [*] [PID: 4106977] [End] [s: 48] [us: 495953]
[INFO] [Regular_callback12]: [*] [PID: 4106919] [Bgn] [s: 47] [us: 993797]
[INFO] [Regular_callback12]: [*] [PID: 4106919] [End] [s: 48] [us: 637147]
[INFO] [Regular_callback14]: [*] [PID: 4106980] [Bgn] [s: 47] [us: 994133]
[INFO] [Regular_callback14]: [*] [PID: 4106980] [End] [s: 48] [us: 637989]
[INFO] [Regular_callback13]: [*] [PID: 4106976] [Bgn] [s: 47] [us: 994044]
[INFO] [Regular_callback13]: [*] [PID: 4106976] [End] [s: 48] [us: 640385]
[INFO] [Regular_callback16]: [*] [PID: 4106975] [Bgn] [s: 47] [us: 993740]
[INFO] [Regular_callback16]: [*] [PID: 4106975] [End] [s: 48] [us: 661278]
[INFO] [Regular_callback17]: [*] [PID: 4106977] [Bgn] [s: 48] [us: 496151]
[INFO] [Regular_callback17]: [*] [PID: 4106977] [End] [s: 49] [us: 1990]
[INFO] [Regular_callback21]: [*] [PID: 4106975] [Bgn] [s: 48] [us: 661663]
[INFO] [Regular_callback21]: [*] [PID: 4106975] [End] [s: 49] [us: 330106]
[Blocking] [PID: 4106975] [s: 0] [us: 53973]
[INFO] [Regular_callback11]: [Round: 5] [PID: 4106978] Before First Show Time
[INFO] [Regular_callback11]: [PID: 4106978] [Bgn] [s: 47] [us: 993700]
[INFO] [Regular_callback11]: [PID: 4106978] [End] [s: 49] [us: 673435]
[Blocking] [PID: 4106977] [s: 0] [us: 348003]
[Blocking] [PID: 4106977] [s: 0] [us: 254735]
[INFO] [Timer_callback3]: [PID: 4106975] [Bgn] [s: 49] [us: 987307]
[INFO] [Timer_callback3]: [PID: 4106975] [End] [s: 50] [us: 87681]
[INFO] [Regular_callback11]: [Round: 5] [Base: 903496] [Score: -339736] All [us: 903469] Await [us: 563620] Sync [us: 339763]
[INFO] [Regular_callback11]: [*] [PID: 4107058] [Bgn] [s: 50] [us: 236681]
[INFO] [Regular_callback11]: [*] [PID: 4107058] [End] [s: 50] [us: 819227]
[Blocking] [PID: 4106975] [s: 0] [us: 848398]
[Blocking] [PID: 4106977] [s: 0] [us: 203581]
[Blocking] [PID: 4106975] [s: 0] [us: 43993]
[get_next_ready_executable] Erase <0x562f611f6840>
[Blocking] [PID: 4106919] [s: 3] [us: 316291]
[Blocking] [PID: 4106977] [s: 0] [us: 540003]
[INFO] [Timer_callback2]: [PID: 4106979] [Bgn] [s: 51] [us: 953551]
[INFO] [Timer_callback2]: [PID: 4106979] [End] [s: 52] [us: 53919]
[Blocking] [PID: 4106977] [s: 0] [us: 77862]
[INFO] [Regular_callback21]: [*] [PID: 4106975] [Bgn] [s: 52] [us: 54430]
[INFO] [Regular_callback21]: [*] [PID: 4106975] [End] [s: 52] [us: 720972]
[Blocking] [PID: 4106975] [s: 0] [us: 350979]
[Blocking] [PID: 4106977] [s: 0] [us: 96003]
[Blocking] [PID: 4106975] [s: 1] [us: 644281]
[Blocking] [PID: 4106975] [s: 0] [us: 166826]
[INFO] [Timer_callback3]: [PID: 4106977] [Bgn] [s: 54] [us: 987250]
[INFO] [Timer_callback3]: [PID: 4106977] [End] [s: 55] [us: 87729]
[Blocking] [PID: 4106977] [s: 0] [us: 140050]
[Blocking] [PID: 4106975] [s: 0] [us: 19948]
[Blocking] [PID: 4106976] [s: 7] [us: 252485]
[Blocking] [PID: 4106980] [s: 7] [us: 315546]
[Blocking] [PID: 4106978] [s: 4] [us: 361]
[INFO] [Timer_callback1]: [PID: 4106919] [Bgn] [s: 55] [us: 892829]
[INFO] [Timer_callback1]: [PID: 4106919] [End] [s: 55] [us: 993909]
[get_next_ready_executable(inter)] Push <0x562f611f6840>
[Blocking] [PID: 4106980] [s: 0] [us: 40447]
[Blocking] [PID: 4106975] [s: 0] [us: 177901]
[Blocking] [PID: 4106978] [s: 0] [us: 40502]
[INFO] [Timer_callback2]: [PID: 4106979] [Bgn] [s: 55] [us: 954092]
[INFO] [Timer_callback2]: [PID: 4106979] [End] [s: 56] [us: 54459]
[INFO] [Regular_callback17]: [*] [PID: 4106977] [Bgn] [s: 55] [us: 994475]
[INFO] [Regular_callback17]: [*] [PID: 4106977] [End] [s: 56] [us: 633043]
[INFO] [Regular_callback15]: [*] [PID: 4106975] [Bgn] [s: 55] [us: 994749]
[INFO] [Regular_callback15]: [*] [PID: 4106975] [End] [s: 56] [us: 633880]
[INFO] [Regular_callback12]: [*] [PID: 4106980] [Bgn] [s: 55] [us: 994535]
[INFO] [Regular_callback12]: [*] [PID: 4106980] [End] [s: 56] [us: 634992]
[INFO] [Regular_callback14]: [*] [PID: 4106978] [Bgn] [s: 55] [us: 994889]
[INFO] [Regular_callback14]: [*] [PID: 4106978] [End] [s: 56] [us: 639963]
[INFO] [Regular_callback13]: [*] [PID: 4106919] [Bgn] [s: 55] [us: 994854]
[INFO] [Regular_callback13]: [*] [PID: 4106919] [End] [s: 56] [us: 641614]
[INFO] [Regular_callback21]: [*] [PID: 4106975] [Bgn] [s: 56] [us: 634160]
[INFO] [Regular_callback21]: [*] [PID: 4106975] [End] [s: 57] [us: 272045]
[INFO] [Regular_callback16]: [*] [PID: 4106977] [Bgn] [s: 56] [us: 633252]
[INFO] [Regular_callback16]: [*] [PID: 4106977] [End] [s: 57] [us: 273344]
[INFO] [Regular_callback11]: [Round: 6] [PID: 4106976] Before First Show Time
[INFO] [Regular_callback11]: [PID: 4106976] [Bgn] [s: 55] [us: 994439]
[INFO] [Regular_callback11]: [PID: 4106976] [End] [s: 57] [us: 443322]
[Blocking] [PID: 4106977] [s: 0] [us: 590788]
[Blocking] [PID: 4106975] [s: 0] [us: 248003]
[INFO] [Regular_callback11]: [Round: 6] [Base: 903496] [Score: -262832] All [us: 907457] Await [us: 648560] Sync [us: 258871]
[INFO] [Regular_callback11]: [*] [PID: 4107058] [Bgn] [s: 58] [us: 91553]
[INFO] [Regular_callback11]: [*] [PID: 4107058] [End] [s: 58] [us: 525688]
[Blocking] [PID: 4106975] [s: 1] [us: 651663]
[get_next_ready_executable] Erase <0x562f611f6840>
[Blocking] [PID: 4106980] [s: 3] [us: 318585]
[Blocking] [PID: 4106977] [s: 0] [us: 223037]
[INFO] [Timer_callback2]: [PID: 4106979] [Bgn] [s: 59] [us: 953560]
[INFO] [Timer_callback2]: [PID: 4106979] [End] [s: 60] [us: 53919]
[Blocking] [PID: 4106978] [s: 3] [us: 414270]
[INFO] [Timer_callback3]: [PID: 4106975] [Bgn] [s: 59] [us: 987253]
[INFO] [Timer_callback3]: [PID: 4106975] [End] [s: 60] [us: 87758]
[INFO] [rclcpp]: signal_handler(signal_value=2)
[Blocking] [PID: 4106976] [s: 0] [us: 337040]
[Blocking] [PID: 4106980] [s: 0] [us: 236493]
[Blocking] [PID: 4106919] [s: 3] [us: 649168]
[INFO] [Regular_callback21]: [*] [PID: 4106977] [Bgn] [s: 60] [us: 54479]
[INFO] [Regular_callback21]: [*] [PID: 4106977] [End] [s: 60] [us: 691546]
[~ExecutorNodelet]
[~ExecutorNodelet]
